CNNIQA
Training and testing on QADS dataset for 10 rounds...
Round 1
Epoch	Train_Loss	Train_SRCC	Test_SRCC	Test_PLCC	Test_KROCC
  0 	0.214		0.6267		0.7522		0.7898		0.5524
  1 	0.145		0.7511		0.7577		0.7366		0.5484
  2 	0.119		0.8291		0.7727		0.7314		0.5806
  3 	0.116		0.8364		0.7746		0.7206		0.5847
  4 	0.105		0.8632		0.7867		0.7763		0.5887
  5 	0.091		0.8832		0.7969		0.7927		0.6008
  6 	0.090		0.8860		0.8013		0.8103		0.6129
  7 	0.091		0.8868		0.8251		0.8362		0.6250
  8 	0.099		0.8782		0.8123		0.8366		0.6210
  9 	0.087		0.8959		0.8354		0.8529		0.6331
 10 	0.088		0.8967		0.8314		0.8501		0.6290
 11 	0.082		0.9053		0.8376		0.8601		0.6452
 12 	0.085		0.9015		0.8559		0.8760		0.6653
 13 	0.082		0.9068		0.8534		0.8652		0.6694
 14 	0.079		0.9126		0.8633		0.8668		0.6815
 15 	0.082		0.9129		0.8644		0.8803		0.6774
 16 	0.082		0.9128		0.8691		0.8793		0.6895
 17 	0.081		0.9149		0.8680		0.8811		0.6895
 18 	0.072		0.9277		0.8691		0.8758		0.6815
 19 	0.073		0.9282		0.8750		0.8730		0.6976
 20 	0.075		0.9286		0.8640		0.8859		0.6855
 21 	0.076		0.9278		0.8633		0.8745		0.6855
 22 	0.070		0.9342		0.8636		0.8753		0.6734
 23 	0.072		0.9346		0.8647		0.8819		0.6855
 24 	0.076		0.9266		0.8695		0.8863		0.7016
 25 	0.066		0.9425		0.8732		0.8747		0.6976
 26 	0.076		0.9278		0.8607		0.8805		0.6734
 27 	0.068		0.9400		0.8699		0.8766		0.6976
 28 	0.065		0.9439		0.8640		0.8743		0.6815
 29 	0.068		0.9404		0.8545		0.8654		0.6815
 30 	0.065		0.9450		0.8750		0.8815		0.6935
 31 	0.061		0.9489		0.8688		0.8791		0.6855
 32 	0.065		0.9452		0.8746		0.8837		0.6855
 33 	0.064		0.9472		0.8882		0.8887		0.7097
 34 	0.068		0.9433		0.8655		0.8812		0.7016
 35 	0.062		0.9507		0.8864		0.8861		0.7218
 36 	0.060		0.9535		0.8710		0.8782		0.6935
 37 	0.058		0.9555		0.8666		0.8667		0.6895
 38 	0.058		0.9554		0.8614		0.8739		0.6855
 39 	0.062		0.9506		0.8853		0.8800		0.7056
 40 	0.059		0.9552		0.8699		0.8772		0.6976
 41 	0.056		0.9587		0.8482		0.8558		0.6653
 42 	0.058		0.9550		0.8603		0.8624		0.6774
 43 	0.060		0.9528		0.8317		0.8385		0.6492
 44 	0.059		0.9546		0.8530		0.8747		0.6653
 45 	0.060		0.9539		0.8270		0.8488		0.6371
 46 	0.060		0.9545		0.8273		0.8398		0.6452
 47 	0.055		0.9597		0.8350		0.8512		0.6452
 48 	0.055		0.9602		0.8446		0.8635		0.6613
 49 	0.057		0.9579		0.8798		0.8840		0.6976
Best test SRCC 0.888196, PLCC 0.888749, KRCC 0.709677
Round 2
Epoch	Train_Loss	Train_SRCC	Test_SRCC	Test_PLCC	Test_KROCC
  0 	0.192		0.6112		0.7610		0.7718		0.5462
  1 	0.125		0.8041		0.7615		0.7706		0.5385
  2 	0.104		0.8642		0.7734		0.7752		0.5436
  3 	0.089		0.8945		0.7705		0.7904		0.5282
  4 	0.088		0.8977		0.7882		0.7884		0.5615
  5 	0.086		0.9015		0.7942		0.8001		0.5718
  6 	0.082		0.9085		0.7991		0.8134		0.5692
  7 	0.083		0.9070		0.8073		0.8124		0.5795
  8 	0.081		0.9111		0.8152		0.8159		0.6000
  9 	0.079		0.9145		0.8158		0.8293		0.5974
 10 	0.069		0.9283		0.8201		0.8302		0.6154
 11 	0.074		0.9214		0.8276		0.8367		0.6308
 12 	0.075		0.9234		0.8311		0.8480		0.6359
 13 	0.071		0.9274		0.8265		0.8442		0.6231
 14 	0.067		0.9338		0.8441		0.8560		0.6564
 15 	0.069		0.9329		0.8471		0.8569		0.6615
 16 	0.068		0.9318		0.8445		0.8553		0.6538
 17 	0.066		0.9361		0.8448		0.8629		0.6590
 18 	0.063		0.9394		0.8432		0.8624		0.6513
 19 	0.063		0.9415		0.8505		0.8665		0.6615
 20 	0.063		0.9421		0.8510		0.8646		0.6615
 21 	0.065		0.9384		0.8368		0.8646		0.6385
 22 	0.069		0.9360		0.8627		0.8634		0.6795
 23 	0.063		0.9422		0.8612		0.8699		0.6795
 24 	0.061		0.9436		0.8606		0.8604		0.6795
 25 	0.068		0.9375		0.8645		0.8638		0.6821
 26 	0.063		0.9432		0.8672		0.8656		0.6923
 27 	0.058		0.9490		0.8690		0.8686		0.6949
 28 	0.059		0.9491		0.8582		0.8555		0.6744
 29 	0.066		0.9403		0.8651		0.8649		0.6872
 30 	0.058		0.9499		0.8687		0.8680		0.6872
 31 	0.058		0.9507		0.8685		0.8596		0.6923
 32 	0.060		0.9479		0.8745		0.8651		0.7000
 33 	0.063		0.9469		0.8640		0.8555		0.6846
 34 	0.055		0.9536		0.8696		0.8572		0.6872
 35 	0.056		0.9531		0.8692		0.8603		0.6897
 36 	0.055		0.9547		0.8767		0.8665		0.7077
 37 	0.059		0.9497		0.8685		0.8612		0.6949
 38 	0.060		0.9500		0.8702		0.8660		0.6923
 39 	0.058		0.9509		0.8728		0.8639		0.7000
 40 	0.052		0.9589		0.8694		0.8622		0.6897
 41 	0.054		0.9569		0.8741		0.8641		0.6974
 42 	0.055		0.9553		0.8681		0.8555		0.6846
 43 	0.056		0.9549		0.8689		0.8600		0.6821
 44 	0.059		0.9519		0.8696		0.8671		0.6872
 45 	0.052		0.9592		0.8645		0.8514		0.6872
 46 	0.052		0.9601		0.8747		0.8617		0.7103
 47 	0.054		0.9587		0.8668		0.8513		0.6897
 48 	0.052		0.9605		0.8675		0.8588		0.6846
 49 	0.051		0.9628		0.8568		0.8484		0.6692
Best test SRCC 0.876735, PLCC 0.866545, KRCC 0.707692
Round 3
Epoch	Train_Loss	Train_SRCC	Test_SRCC	Test_PLCC	Test_KROCC
  0 	0.207		0.5727		0.7285		0.6059		0.5238
  1 	0.152		0.7398		0.7909		0.7324		0.6085
  2 	0.118		0.8436		0.7718		0.7633		0.5926
  3 	0.103		0.8817		0.8002		0.7942		0.6243
  4 	0.089		0.9085		0.7838		0.7961		0.6138
  5 	0.086		0.9116		0.7887		0.8201		0.6085
  6 	0.086		0.9147		0.8068		0.8126		0.6402
  7 	0.077		0.9257		0.7947		0.8175		0.6190
  8 	0.082		0.9204		0.7980		0.8169		0.6243
  9 	0.074		0.9306		0.7750		0.8014		0.5979
 10 	0.073		0.9324		0.7997		0.8236		0.6243
 11 	0.079		0.9262		0.7986		0.8122		0.6296
 12 	0.075		0.9291		0.7833		0.7982		0.6190
 13 	0.073		0.9337		0.8057		0.8190		0.6402
 14 	0.076		0.9287		0.7915		0.8089		0.6296
 15 	0.073		0.9336		0.8084		0.8337		0.6561
 16 	0.070		0.9383		0.8150		0.8301		0.6614
 17 	0.070		0.9379		0.8106		0.8244		0.6667
 18 	0.068		0.9393		0.8155		0.8077		0.6720
 19 	0.070		0.9375		0.8002		0.8055		0.6455
 20 	0.069		0.9390		0.8134		0.7999		0.6508
 21 	0.065		0.9437		0.8177		0.8290		0.6667
 22 	0.066		0.9447		0.7909		0.7966		0.6296
 23 	0.065		0.9452		0.8057		0.8120		0.6508
 24 	0.063		0.9475		0.8068		0.8080		0.6508
 25 	0.065		0.9447		0.8057		0.8254		0.6508
 26 	0.068		0.9429		0.8057		0.8101		0.6561
 27 	0.064		0.9470		0.8013		0.7996		0.6508
 28 	0.061		0.9509		0.8134		0.8034		0.6508
 29 	0.064		0.9473		0.8079		0.7968		0.6614
 30 	0.060		0.9520		0.8030		0.8214		0.6455
 31 	0.060		0.9521		0.7964		0.8022		0.6296
 32 	0.060		0.9516		0.8079		0.8115		0.6508
 33 	0.061		0.9518		0.8013		0.7810		0.6402
 34 	0.063		0.9498		0.7997		0.7875		0.6402
 35 	0.061		0.9517		0.7964		0.7896		0.6402
 36 	0.059		0.9529		0.7805		0.7984		0.6190
 37 	0.062		0.9508		0.7991		0.8005		0.6402
 38 	0.064		0.9486		0.7904		0.7847		0.6190
 39 	0.057		0.9552		0.7991		0.8086		0.6561
 40 	0.057		0.9565		0.8227		0.8048		0.6772
 41 	0.055		0.9587		0.7975		0.7925		0.6402
 42 	0.057		0.9577		0.7947		0.7719		0.6296
 43 	0.057		0.9564		0.7630		0.7901		0.5979
 44 	0.064		0.9505		0.7876		0.7856		0.6296
 45 	0.059		0.9547		0.8232		0.8179		0.6878
 46 	0.055		0.9595		0.7811		0.7768		0.6190
 47 	0.056		0.9591		0.7696		0.7745		0.6032
 48 	0.062		0.9519		0.7969		0.8009		0.6349
 49 	0.058		0.9570		0.7761		0.7852		0.6138
Best test SRCC 0.823207, PLCC 0.817896, KRCC 0.687831
Round 4
Epoch	Train_Loss	Train_SRCC	Test_SRCC	Test_PLCC	Test_KROCC
  0 	0.283		0.4690		0.7608		0.7219		0.5687
  1 	0.151		0.7131		0.7822		0.7214		0.5983
  2 	0.149		0.7143		0.7928		0.7286		0.6047
  3 	0.127		0.7980		0.8386		0.7938		0.6660
  4 	0.108		0.8588		0.8693		0.8283		0.6934
  5 	0.089		0.8980		0.8898		0.8405		0.7146
  6 	0.086		0.9038		0.8826		0.8379		0.7019
  7 	0.084		0.9090		0.8833		0.8473		0.7125
  8 	0.082		0.9122		0.8871		0.8499		0.7061
  9 	0.078		0.9174		0.8930		0.8418		0.7167
 10 	0.076		0.9210		0.8932		0.8434		0.7146
 11 	0.076		0.9222		0.8987		0.8469		0.7209
 12 	0.070		0.9302		0.9019		0.8487		0.7294
 13 	0.070		0.9305		0.9039		0.8514		0.7336
 14 	0.070		0.9319		0.8942		0.8500		0.7252
 15 	0.070		0.9320		0.9035		0.8576		0.7357
 16 	0.072		0.9290		0.8985		0.8479		0.7315
 17 	0.068		0.9343		0.8953		0.8447		0.7252
 18 	0.066		0.9372		0.9001		0.8522		0.7294
 19 	0.064		0.9402		0.8953		0.8539		0.7273
 20 	0.064		0.9421		0.8913		0.8466		0.7252
 21 	0.065		0.9397		0.8974		0.8563		0.7273
 22 	0.062		0.9439		0.8996		0.8560		0.7294
 23 	0.061		0.9448		0.8960		0.8531		0.7294
 24 	0.067		0.9394		0.8860		0.8363		0.7125
 25 	0.065		0.9405		0.8994		0.8587		0.7294
 26 	0.064		0.9435		0.8985		0.8583		0.7294
 27 	0.062		0.9458		0.8847		0.8454		0.7146
 28 	0.063		0.9456		0.8968		0.8551		0.7252
 29 	0.066		0.9424		0.8950		0.8486		0.7230
 30 	0.059		0.9497		0.8940		0.8529		0.7273
 31 	0.061		0.9486		0.8926		0.8566		0.7230
 32 	0.060		0.9510		0.8940		0.8546		0.7252
 33 	0.057		0.9551		0.8895		0.8547		0.7230
 34 	0.055		0.9563		0.9008		0.8615		0.7315
 35 	0.058		0.9545		0.8923		0.8462		0.7188
 36 	0.057		0.9550		0.8827		0.8523		0.7146
 37 	0.058		0.9543		0.9004		0.8639		0.7378
 38 	0.060		0.9528		0.8851		0.8498		0.7167
 39 	0.058		0.9534		0.8892		0.8518		0.7188
 40 	0.053		0.9597		0.8929		0.8579		0.7252
 41 	0.052		0.9613		0.8950		0.8490		0.7273
 42 	0.057		0.9561		0.8992		0.8563		0.7336
 43 	0.056		0.9565		0.8994		0.8545		0.7273
 44 	0.051		0.9626		0.9023		0.8629		0.7421
 45 	0.054		0.9596		0.8722		0.8448		0.7104
 46 	0.053		0.9610		0.9040		0.8568		0.7442
 47 	0.053		0.9620		0.8982		0.8517		0.7336
 48 	0.055		0.9593		0.8885		0.8573		0.7252
 49 	0.052		0.9619		0.9040		0.8603		0.7357
Best test SRCC 0.904017, PLCC 0.856768, KRCC 0.744186
Round 5
Epoch	Train_Loss	Train_SRCC	Test_SRCC	Test_PLCC	Test_KROCC
  0 	0.263		0.5527		0.6798		0.6704		0.5206
  1 	0.154		0.7006		0.6942		0.6761		0.5397
  2 	0.135		0.7758		0.7246		0.6970		0.5556
  3 	0.105		0.8649		0.7539		0.7419		0.5905
  4 	0.091		0.8956		0.7552		0.7432		0.5937
  5 	0.081		0.9114		0.7704		0.7620		0.6095
  6 	0.081		0.9131		0.7624		0.7560		0.6095
  7 	0.073		0.9238		0.7676		0.7616		0.5968
  8 	0.072		0.9270		0.7707		0.7641		0.6032
  9 	0.074		0.9231		0.7668		0.7588		0.6095
 10 	0.072		0.9266		0.7768		0.7678		0.6159
 11 	0.070		0.9306		0.7727		0.7639		0.5937
 12 	0.067		0.9333		0.7727		0.7698		0.6127
 13 	0.071		0.9299		0.7637		0.7638		0.6222
 14 	0.062		0.9395		0.7725		0.7697		0.6159
 15 	0.066		0.9360		0.7784		0.7657		0.6254
 16 	0.069		0.9328		0.7784		0.7699		0.6190
 17 	0.066		0.9374		0.7797		0.7713		0.6063
 18 	0.061		0.9437		0.7781		0.7720		0.6159
 19 	0.063		0.9417		0.7830		0.7746		0.6032
 20 	0.062		0.9431		0.7699		0.7662		0.6127
 21 	0.062		0.9440		0.7748		0.7590		0.6000
 22 	0.063		0.9436		0.7784		0.7675		0.5937
 23 	0.062		0.9457		0.7768		0.7575		0.6063
 24 	0.060		0.9493		0.7892		0.7665		0.6159
 25 	0.061		0.9498		0.7650		0.7641		0.6000
 26 	0.063		0.9459		0.7707		0.7602		0.5968
 27 	0.062		0.9481		0.7526		0.7334		0.5683
 28 	0.058		0.9538		0.7840		0.7502		0.6127
 29 	0.061		0.9505		0.7866		0.7725		0.6095
 30 	0.058		0.9555		0.7853		0.7593		0.6032
 31 	0.063		0.9480		0.7614		0.7645		0.5937
 32 	0.058		0.9518		0.7763		0.7642		0.5873
 33 	0.050		0.9618		0.7840		0.7662		0.6127
 34 	0.052		0.9609		0.7740		0.7675		0.5968
 35 	0.051		0.9616		0.7987		0.7838		0.6349
 36 	0.051		0.9616		0.7784		0.7575		0.6095
 37 	0.053		0.9607		0.7889		0.7756		0.6222
 38 	0.052		0.9611		0.7792		0.7763		0.6190
 39 	0.053		0.9612		0.7743		0.7789		0.6222
 40 	0.052		0.9603		0.7748		0.7756		0.6127
 41 	0.052		0.9612		0.7786		0.7601		0.6127
 42 	0.051		0.9624		0.7807		0.7686		0.6127
 43 	0.048		0.9655		0.7838		0.7645		0.6222
 44 	0.053		0.9609		0.7753		0.7813		0.6222
 45 	0.064		0.9489		0.7853		0.7589		0.6190
 46 	0.047		0.9660		0.7789		0.7685		0.6063
 47 	0.052		0.9619		0.7779		0.7736		0.6254
 48 	0.054		0.9596		0.7766		0.7741		0.6127
 49 	0.049		0.9644		0.7737		0.7724		0.6095
Best test SRCC 0.798713, PLCC 0.783800, KRCC 0.634921
Round 6
Epoch	Train_Loss	Train_SRCC	Test_SRCC	Test_PLCC	Test_KROCC
  0 	0.266		0.4786		0.7925		0.7172		0.5538
  1 	0.143		0.7271		0.8000		0.7885		0.5564
  2 	0.132		0.7901		0.8752		0.8973		0.6641
  3 	0.118		0.8282		0.8996		0.9165		0.7103
  4 	0.104		0.8615		0.9176		0.9389		0.7359
  5 	0.110		0.8505		0.9193		0.9465		0.7359
  6 	0.094		0.8789		0.9272		0.9456		0.7462
  7 	0.094		0.8801		0.9278		0.9474		0.7538
  8 	0.085		0.8943		0.9261		0.9563		0.7487
  9 	0.085		0.8964		0.9311		0.9534		0.7718
 10 	0.082		0.9013		0.9280		0.9516		0.7538
 11 	0.085		0.8979		0.9341		0.9483		0.7795
 12 	0.084		0.8993		0.9319		0.9525		0.7744
 13 	0.079		0.9073		0.9330		0.9526		0.7744
 14 	0.081		0.9078		0.9340		0.9549		0.7795
 15 	0.079		0.9097		0.9298		0.9500		0.7692
 16 	0.076		0.9149		0.9394		0.9500		0.7949
 17 	0.078		0.9125		0.9358		0.9510		0.7872
 18 	0.078		0.9133		0.9323		0.9449		0.7718
 19 	0.074		0.9189		0.9360		0.9484		0.7872
 20 	0.075		0.9182		0.9385		0.9533		0.7872
 21 	0.077		0.9149		0.9377		0.9568		0.7949
 22 	0.073		0.9220		0.9356		0.9523		0.7897
 23 	0.075		0.9191		0.9441		0.9539		0.8103
 24 	0.073		0.9234		0.9417		0.9505		0.8000
 25 	0.069		0.9297		0.9398		0.9506		0.7923
 26 	0.068		0.9311		0.9398		0.9524		0.7897
 27 	0.071		0.9283		0.9409		0.9658		0.7923
 28 	0.072		0.9254		0.9381		0.9573		0.7821
 29 	0.068		0.9334		0.9417		0.9517		0.7974
 30 	0.066		0.9369		0.9439		0.9506		0.8051
 31 	0.070		0.9328		0.9383		0.9579		0.7821
 32 	0.065		0.9399		0.9428		0.9521		0.8000
 33 	0.066		0.9387		0.9420		0.9473		0.7949
 34 	0.069		0.9344		0.9381		0.9382		0.7923
 35 	0.066		0.9380		0.9347		0.9522		0.7692
 36 	0.062		0.9446		0.9448		0.9602		0.7974
 37 	0.062		0.9454		0.9400		0.9509		0.7846
 38 	0.063		0.9434		0.9355		0.9527		0.7795
 39 	0.061		0.9457		0.9484		0.9581		0.8077
 40 	0.063		0.9449		0.9415		0.9662		0.7923
 41 	0.062		0.9457		0.9409		0.9515		0.7897
 42 	0.064		0.9448		0.9441		0.9594		0.7949
 43 	0.060		0.9483		0.9371		0.9519		0.7846
 44 	0.068		0.9390		0.9432		0.9611		0.7974
 45 	0.061		0.9467		0.9447		0.9618		0.7949
 46 	0.060		0.9500		0.9424		0.9489		0.7949
 47 	0.058		0.9512		0.9428		0.9575		0.7923
 48 	0.058		0.9521		0.9452		0.9575		0.7974
 49 	0.060		0.9506		0.9360		0.9536		0.7769
Best test SRCC 0.948405, PLCC 0.958103, KRCC 0.807692
Round 7
Epoch	Train_Loss	Train_SRCC	Test_SRCC	Test_PLCC	Test_KROCC
  0 	0.198		0.6071		0.8598		0.8496		0.7000
  1 	0.133		0.7803		0.8683		0.8700		0.7256
  2 	0.123		0.8124		0.8852		0.8845		0.7359
  3 	0.107		0.8531		0.8886		0.8955		0.7359
  4 	0.099		0.8675		0.8985		0.9024		0.7385
  5 	0.101		0.8654		0.9111		0.9096		0.7538
  6 	0.097		0.8742		0.9047		0.9011		0.7385
  7 	0.086		0.8938		0.9188		0.9118		0.7513
  8 	0.084		0.9000		0.9276		0.9238		0.7692
  9 	0.084		0.9014		0.9109		0.9103		0.7359
 10 	0.088		0.8952		0.9244		0.9144		0.7692
 11 	0.080		0.9099		0.9253		0.9237		0.7718
 12 	0.082		0.9077		0.9278		0.9248		0.7795
 13 	0.076		0.9165		0.9281		0.9265		0.7795
 14 	0.080		0.9116		0.9261		0.9240		0.7795
 15 	0.075		0.9205		0.9310		0.9326		0.7821
 16 	0.082		0.9123		0.9298		0.9302		0.7769
 17 	0.075		0.9225		0.9340		0.9381		0.7897
 18 	0.075		0.9225		0.9343		0.9325		0.7923
 19 	0.074		0.9249		0.9366		0.9353		0.7923
 20 	0.072		0.9273		0.9278		0.9290		0.7897
 21 	0.074		0.9265		0.9370		0.9338		0.7923
 22 	0.069		0.9328		0.9236		0.9194		0.7641
 23 	0.068		0.9342		0.9368		0.9350		0.7923
 24 	0.072		0.9276		0.9311		0.9247		0.7744
 25 	0.067		0.9366		0.9326		0.9331		0.7795
 26 	0.068		0.9366		0.9261		0.9243		0.7692
 27 	0.066		0.9397		0.9193		0.9140		0.7564
 28 	0.063		0.9422		0.9270		0.9245		0.7718
 29 	0.061		0.9458		0.9195		0.9263		0.7590
 30 	0.063		0.9450		0.9332		0.9366		0.7897
 31 	0.065		0.9422		0.9248		0.9294		0.7846
 32 	0.065		0.9404		0.9270		0.9259		0.7795
 33 	0.063		0.9446		0.9263		0.9290		0.7744
 34 	0.061		0.9490		0.9218		0.9273		0.7718
 35 	0.061		0.9476		0.9321		0.9313		0.7795
 36 	0.060		0.9471		0.9255		0.9267		0.7667
 37 	0.061		0.9464		0.9345		0.9377		0.7872
 38 	0.062		0.9467		0.9296		0.9332		0.7872
 39 	0.057		0.9532		0.9388		0.9414		0.7949
 40 	0.059		0.9501		0.9332		0.9322		0.7846
 41 	0.062		0.9486		0.9355		0.9395		0.7897
 42 	0.058		0.9527		0.9285		0.9324		0.7872
 43 	0.057		0.9542		0.9368		0.9397		0.7974
 44 	0.066		0.9433		0.9311		0.9370		0.7821
 45 	0.057		0.9546		0.9345		0.9350		0.7897
 46 	0.062		0.9488		0.9287		0.9343		0.7692
 47 	0.057		0.9549		0.9248		0.9330		0.7744
 48 	0.055		0.9567		0.9390		0.9453		0.8077
 49 	0.056		0.9559		0.9326		0.9347		0.7974
Best test SRCC 0.939024, PLCC 0.945278, KRCC 0.807692
Round 8
Epoch	Train_Loss	Train_SRCC	Test_SRCC	Test_PLCC	Test_KROCC
  0 	0.428		0.3395		0.7886		0.8182		0.5744
  1 	0.159		0.6920		0.8206		0.8099		0.6103
  2 	0.158		0.6903		0.8101		0.8026		0.6103
  3 	0.159		0.6893		0.8347		0.8067		0.6333
  4 	0.161		0.6931		0.8280		0.8113		0.6308
  5 	0.161		0.6910		0.8191		0.8081		0.6154
  6 	0.160		0.6912		0.8064		0.8051		0.6000
  7 	0.161		0.6955		0.8152		0.8117		0.6051
  8 	0.142		0.7646		0.9088		0.9451		0.7077
  9 	0.107		0.8531		0.8917		0.9456		0.7000
 10 	0.093		0.8791		0.8884		0.9416		0.6872
 11 	0.095		0.8788		0.9023		0.9443		0.7179
 12 	0.084		0.8984		0.8901		0.9349		0.7000
 13 	0.087		0.8951		0.8625		0.9116		0.6641
 14 	0.082		0.9030		0.8908		0.9329		0.7077
 15 	0.081		0.9078		0.8910		0.9329		0.7051
 16 	0.077		0.9144		0.8889		0.9302		0.7000
 17 	0.076		0.9167		0.8938		0.9316		0.7051
 18 	0.078		0.9179		0.8972		0.9398		0.7077
 19 	0.078		0.9175		0.8820		0.9172		0.6949
 20 	0.076		0.9199		0.8923		0.9272		0.6974
 21 	0.071		0.9300		0.8908		0.9285		0.6974
 22 	0.069		0.9333		0.9017		0.9408		0.7231
 23 	0.069		0.9321		0.8929		0.9304		0.7026
 24 	0.067		0.9383		0.8953		0.9289		0.7077
 25 	0.066		0.9395		0.8961		0.9380		0.7000
 26 	0.065		0.9395		0.8876		0.9185		0.6974
 27 	0.066		0.9383		0.8914		0.9298		0.7026
 28 	0.063		0.9454		0.8970		0.9344		0.7077
 29 	0.061		0.9469		0.8953		0.9298		0.7128
 30 	0.062		0.9465		0.8955		0.9321		0.7179
 31 	0.060		0.9497		0.8886		0.9238		0.7000
 32 	0.062		0.9488		0.8908		0.9285		0.6974
 33 	0.060		0.9495		0.9006		0.9371		0.7128
 34 	0.060		0.9506		0.9084		0.9431		0.7308
 35 	0.056		0.9548		0.8968		0.9305		0.7205
 36 	0.060		0.9499		0.9129		0.9422		0.7410
 37 	0.058		0.9532		0.9036		0.9355		0.7256
 38 	0.060		0.9510		0.9002		0.9400		0.7179
 39 	0.056		0.9563		0.8949		0.9349		0.7154
 40 	0.054		0.9592		0.9075		0.9396		0.7282
 41 	0.056		0.9568		0.8899		0.9331		0.7103
 42 	0.053		0.9603		0.9120		0.9407		0.7385
 43 	0.054		0.9586		0.9039		0.9436		0.7333
 44 	0.052		0.9605		0.8925		0.9283		0.7128
 45 	0.053		0.9599		0.8934		0.9343		0.7205
 46 	0.053		0.9603		0.8835		0.9323		0.6974
 47 	0.052		0.9605		0.8889		0.9288		0.7077
 48 	0.054		0.9599		0.8989		0.9344		0.7256
 49 	0.053		0.9611		0.8976		0.9355		0.7205
Best test SRCC 0.912946, PLCC 0.942229, KRCC 0.741026
Round 9
Epoch	Train_Loss	Train_SRCC	Test_SRCC	Test_PLCC	Test_KROCC
  0 	0.270		0.4368		0.9058		0.9025		0.7258
  1 	0.169		0.6844		0.9241		0.8932		0.7702
  2 	0.143		0.7650		0.9362		0.9310		0.7944
  3 	0.117		0.8309		0.9461		0.9503		0.7984
  4 	0.105		0.8625		0.9586		0.9525		0.8306
  5 	0.102		0.8714		0.9593		0.9627		0.8347
  6 	0.095		0.8815		0.9589		0.9624		0.8266
  7 	0.091		0.8903		0.9575		0.9666		0.8347
  8 	0.088		0.8986		0.9560		0.9678		0.8226
  9 	0.087		0.8998		0.9600		0.9670		0.8306
 10 	0.088		0.8985		0.9384		0.9520		0.7782
 11 	0.085		0.9060		0.9461		0.9632		0.8024
 12 	0.086		0.9053		0.9501		0.9654		0.8065
 13 	0.086		0.9064		0.9556		0.9687		0.8185
 14 	0.080		0.9148		0.9457		0.9594		0.7984
 15 	0.077		0.9199		0.9600		0.9698		0.8306
 16 	0.080		0.9153		0.9446		0.9601		0.7903
 17 	0.077		0.9212		0.9494		0.9614		0.8105
 18 	0.078		0.9202		0.9476		0.9588		0.8065
 19 	0.075		0.9270		0.9487		0.9637		0.8105
 20 	0.075		0.9261		0.9578		0.9692		0.8306
 21 	0.075		0.9269		0.9446		0.9631		0.7944
 22 	0.073		0.9320		0.9498		0.9672		0.8145
 23 	0.075		0.9277		0.9534		0.9647		0.8226
 24 	0.073		0.9314		0.9564		0.9700		0.8266
 25 	0.075		0.9281		0.9450		0.9626		0.7984
 26 	0.072		0.9331		0.9534		0.9613		0.8226
 27 	0.074		0.9310		0.9483		0.9652		0.8065
 28 	0.067		0.9403		0.9490		0.9680		0.8145
 29 	0.071		0.9362		0.9450		0.9611		0.7903
 30 	0.070		0.9370		0.9476		0.9623		0.8065
 31 	0.071		0.9378		0.9461		0.9604		0.7984
 32 	0.067		0.9417		0.9487		0.9676		0.7984
 33 	0.069		0.9387		0.9487		0.9674		0.8065
 34 	0.076		0.9315		0.9457		0.9648		0.7903
 35 	0.069		0.9405		0.9461		0.9625		0.7984
 36 	0.067		0.9422		0.9509		0.9695		0.8226
 37 	0.065		0.9460		0.9527		0.9715		0.8226
 38 	0.072		0.9365		0.9509		0.9710		0.8145
 39 	0.067		0.9436		0.9545		0.9732		0.8306
 40 	0.066		0.9446		0.9531		0.9693		0.8266
 41 	0.062		0.9493		0.9494		0.9705		0.8065
 42 	0.063		0.9481		0.9450		0.9664		0.7984
 43 	0.062		0.9505		0.9454		0.9635		0.7984
 44 	0.061		0.9499		0.9476		0.9700		0.7944
 45 	0.060		0.9518		0.9542		0.9725		0.8306
 46 	0.064		0.9481		0.9505		0.9696		0.8145
 47 	0.066		0.9460		0.9487		0.9714		0.8024
 48 	0.064		0.9477		0.9479		0.9649		0.8065
 49 	0.061		0.9514		0.9461		0.9621		0.7944
Best test SRCC 0.960044, PLCC 0.966993, KRCC 0.830645
Round 10
Epoch	Train_Loss	Train_SRCC	Test_SRCC	Test_PLCC	Test_KROCC
  0 	0.179		0.6167		0.7773		0.8006		0.5524
  1 	0.126		0.8095		0.8039		0.8243		0.5651
  2 	0.108		0.8594		0.8188		0.8432		0.5841
  3 	0.100		0.8782		0.8394		0.8529		0.5937
  4 	0.085		0.9060		0.8466		0.8521		0.6095
  5 	0.080		0.9140		0.8512		0.8522		0.6317
  6 	0.083		0.9097		0.8546		0.8539		0.6286
  7 	0.078		0.9193		0.8476		0.8518		0.6127
  8 	0.075		0.9218		0.8432		0.8482		0.6190
  9 	0.074		0.9249		0.8492		0.8472		0.6349
 10 	0.076		0.9225		0.8515		0.8504		0.6381
 11 	0.075		0.9241		0.8520		0.8510		0.6222
 12 	0.073		0.9263		0.8517		0.8535		0.6190
 13 	0.070		0.9314		0.8394		0.8492		0.6063
 14 	0.073		0.9274		0.8422		0.8495		0.6190
 15 	0.069		0.9320		0.8497		0.8502		0.6254
 16 	0.067		0.9351		0.8172		0.8433		0.6032
 17 	0.069		0.9347		0.8468		0.8506		0.6349
 18 	0.076		0.9268		0.8486		0.8527		0.6286
 19 	0.073		0.9302		0.8466		0.8506		0.6254
 20 	0.071		0.9307		0.8512		0.8553		0.6349
 21 	0.066		0.9379		0.8530		0.8523		0.6317
 22 	0.066		0.9380		0.8407		0.8518		0.6095
 23 	0.063		0.9422		0.8402		0.8478		0.6127
 24 	0.063		0.9428		0.8440		0.8502		0.6127
 25 	0.063		0.9430		0.8314		0.8446		0.6063
 26 	0.061		0.9447		0.8427		0.8537		0.6222
 27 	0.065		0.9396		0.8360		0.8527		0.6254
 28 	0.060		0.9475		0.8409		0.8447		0.6063
 29 	0.062		0.9450		0.8427		0.8503		0.6159
 30 	0.062		0.9433		0.8438		0.8512		0.6317
 31 	0.063		0.9421		0.8350		0.8444		0.6095
 32 	0.059		0.9490		0.8499		0.8507		0.6349
 33 	0.060		0.9476		0.8427		0.8477		0.6159
 34 	0.061		0.9472		0.8414		0.8455		0.6159
 35 	0.061		0.9477		0.8283		0.8457		0.6000
 36 	0.056		0.9528		0.8389		0.8446		0.6254
 37 	0.056		0.9525		0.8435		0.8540		0.6317
 38 	0.058		0.9520		0.8394		0.8531		0.6254
 39 	0.056		0.9536		0.8412		0.8557		0.6095
 40 	0.055		0.9546		0.8438		0.8508		0.6254
 41 	0.062		0.9495		0.8368		0.8569		0.6190
 42 	0.055		0.9567		0.8422		0.8490		0.6222
 43 	0.055		0.9560		0.8324		0.8393		0.6190
 44 	0.054		0.9573		0.8358		0.8546		0.6063
 45 	0.055		0.9563		0.8371		0.8502		0.6127
 46 	0.055		0.9573		0.8386		0.8535		0.6095
 47 	0.054		0.9584		0.8497		0.8562		0.6444
 48 	0.053		0.9596		0.8399		0.8577		0.6349
 49 	0.053		0.9594		0.8394		0.8596		0.6317
Best test SRCC 0.854569, PLCC 0.853884, KRCC 0.628571
[0.88819648 0.87673546 0.82320744 0.90401691 0.798713   0.94840525
 0.93902439 0.91294559 0.96004399 0.85456885]
[0.88874868 0.86654504 0.81789579 0.85676784 0.78380027 0.95810252
 0.94527786 0.94222876 0.96699296 0.85388401]
[0.70967742 0.70769231 0.68783069 0.74418605 0.63492063 0.80769231
 0.80769231 0.74102564 0.83064516 0.62857143]
Testing mean SRCC 0.8906,	mean PLCC 0.8880,mean KRCC 0.7300
