CNNIQA
Training and testing on CVIU dataset for 10 rounds...
Round 1
Epoch	Train_Loss	Train_SRCC	Test_SRCC	Test_PLCC	Test_KROCC
  0 	0.936		0.8341		0.8439		0.9105		0.6553
  1 	0.574		0.9320		0.8160		0.8843		0.6320
  2 	0.517		0.9457		0.7904		0.8711		0.6040
  3 	0.509		0.9485		0.7954		0.8745		0.6068
  4 	0.459		0.9564		0.8239		0.8909		0.6450
  5 	0.447		0.9588		0.7943		0.8700		0.6133
  6 	0.424		0.9627		0.8223		0.8891		0.6376
  7 	0.398		0.9657		0.8387		0.8911		0.6562
  8 	0.401		0.9669		0.8183		0.8869		0.6310
  9 	0.362		0.9713		0.8279		0.8871		0.6460
 10 	0.360		0.9721		0.8303		0.8882		0.6469
 11 	0.351		0.9736		0.8423		0.8957		0.6609
 12 	0.339		0.9750		0.8447		0.8998		0.6609
 13 	0.327		0.9769		0.8408		0.8934		0.6562
 14 	0.327		0.9770		0.8344		0.8935		0.6497
 15 	0.316		0.9781		0.8310		0.8939		0.6497
 16 	0.315		0.9788		0.8143		0.8837		0.6292
 17 	0.298		0.9804		0.8326		0.8895		0.6516
 18 	0.312		0.9796		0.7998		0.8688		0.6133
 19 	0.288		0.9818		0.8130		0.8790		0.6320
 20 	0.286		0.9822		0.8208		0.8856		0.6357
 21 	0.278		0.9829		0.8353		0.8918		0.6478
 22 	0.280		0.9829		0.8318		0.8906		0.6506
 23 	0.260		0.9849		0.8194		0.8820		0.6348
 24 	0.276		0.9836		0.8303		0.8888		0.6516
 25 	0.263		0.9850		0.8169		0.8837		0.6338
 26 	0.260		0.9852		0.8215		0.8879		0.6348
 27 	0.260		0.9851		0.8318		0.8949		0.6506
 28 	0.255		0.9859		0.8092		0.8762		0.6254
 29 	0.244		0.9868		0.8052		0.8769		0.6189
 30 	0.246		0.9862		0.8168		0.8870		0.6264
 31 	0.249		0.9862		0.8223		0.8856		0.6376
 32 	0.249		0.9865		0.8114		0.8812		0.6217
 33 	0.239		0.9872		0.8393		0.8921		0.6525
 34 	0.226		0.9885		0.8224		0.8875		0.6366
 35 	0.230		0.9882		0.8172		0.8794		0.6273
 36 	0.223		0.9889		0.8051		0.8784		0.6161
 37 	0.225		0.9884		0.8063		0.8762		0.6152
 38 	0.226		0.9884		0.8129		0.8802		0.6254
 39 	0.220		0.9891		0.8132		0.8803		0.6264
 40 	0.217		0.9895		0.8123		0.8786		0.6226
 41 	0.216		0.9894		0.8113		0.8830		0.6226
 42 	0.211		0.9899		0.8166		0.8784		0.6282
 43 	0.213		0.9897		0.8292		0.8907		0.6385
 44 	0.208		0.9901		0.8103		0.8788		0.6236
 45 	0.207		0.9899		0.8313		0.8845		0.6450
 46 	0.201		0.9907		0.8133		0.8832		0.6245
 47 	0.215		0.9894		0.8375		0.8922		0.6506
 48 	0.210		0.9899		0.8065		0.8740		0.6152
 49 	0.196		0.9911		0.8129		0.8757		0.6245
Best test SRCC 0.844695, PLCC 0.899759, KRCC 0.660911
Round 2
Epoch	Train_Loss	Train_SRCC	Test_SRCC	Test_PLCC	Test_KROCC
  0 	0.899		0.8153		0.8889		0.9109		0.7014
  1 	0.672		0.9121		0.8476		0.8712		0.6520
  2 	0.627		0.9259		0.8802		0.9111		0.6959
  3 	0.571		0.9407		0.8270		0.8604		0.6426
  4 	0.530		0.9490		0.8344		0.8677		0.6458
  5 	0.498		0.9559		0.8163		0.8486		0.6364
  6 	0.499		0.9556		0.8034		0.8359		0.6160
  7 	0.457		0.9623		0.8078		0.8406		0.6262
  8 	0.447		0.9643		0.8179		0.8476		0.6293
  9 	0.443		0.9642		0.8391		0.8683		0.6552
 10 	0.419		0.9677		0.8675		0.8903		0.6920
 11 	0.409		0.9694		0.8486		0.8775		0.6622
 12 	0.405		0.9698		0.8264		0.8462		0.6434
 13 	0.367		0.9746		0.8447		0.8742		0.6591
 14 	0.359		0.9752		0.8489		0.8725		0.6654
 15 	0.363		0.9756		0.8422		0.8656		0.6544
 16 	0.360		0.9757		0.8541		0.8776		0.6677
 17 	0.347		0.9767		0.8206		0.8563		0.6356
 18 	0.344		0.9777		0.8197		0.8511		0.6309
 19 	0.344		0.9771		0.8404		0.8699		0.6528
 20 	0.333		0.9787		0.8369		0.8697		0.6544
 21 	0.320		0.9796		0.8454		0.8755		0.6591
 22 	0.310		0.9807		0.8320		0.8615		0.6497
 23 	0.310		0.9809		0.8470		0.8790		0.6630
 24 	0.321		0.9795		0.8370		0.8657		0.6520
 25 	0.310		0.9809		0.8463		0.8749		0.6622
 26 	0.312		0.9808		0.8360		0.8676		0.6528
 27 	0.306		0.9814		0.8413		0.8720		0.6567
 28 	0.288		0.9831		0.8580		0.8838		0.6779
 29 	0.280		0.9841		0.8305		0.8635		0.6403
 30 	0.282		0.9838		0.8451		0.8766		0.6591
 31 	0.279		0.9843		0.8165		0.8544		0.6270
 32 	0.269		0.9856		0.8452		0.8820		0.6646
 33 	0.280		0.9844		0.8317		0.8674		0.6497
 34 	0.281		0.9843		0.8390		0.8689		0.6575
 35 	0.269		0.9851		0.8387		0.8756		0.6552
 36 	0.267		0.9857		0.8322		0.8663		0.6489
 37 	0.271		0.9853		0.8465		0.8807		0.6614
 38 	0.259		0.9864		0.8492		0.8838		0.6685
 39 	0.261		0.9864		0.8471		0.8788		0.6654
 40 	0.249		0.9872		0.8321		0.8674		0.6395
 41 	0.255		0.9870		0.8496		0.8840		0.6716
 42 	0.243		0.9882		0.8234		0.8605		0.6403
 43 	0.247		0.9876		0.8588		0.8926		0.6810
 44 	0.243		0.9879		0.8457		0.8823		0.6583
 45 	0.240		0.9884		0.8325		0.8757		0.6520
 46 	0.238		0.9880		0.8393		0.8755		0.6575
 47 	0.234		0.9890		0.8551		0.8872		0.6677
 48 	0.228		0.9896		0.8632		0.8923		0.6865
 49 	0.227		0.9892		0.8502		0.8859		0.6677
Best test SRCC 0.888909, PLCC 0.910863, KRCC 0.701412
Round 3
Epoch	Train_Loss	Train_SRCC	Test_SRCC	Test_PLCC	Test_KROCC
  0 	0.939		0.7908		0.9234		0.9352		0.7482
  1 	0.760		0.8791		0.9539		0.9450		0.8235
  2 	0.716		0.8940		0.9661		0.9606		0.8526
  3 	0.698		0.8999		0.9673		0.9580		0.8549
  4 	0.672		0.9075		0.9502		0.9446		0.8180
  5 	0.575		0.9360		0.9486		0.9490		0.8094
  6 	0.500		0.9541		0.9321		0.9361		0.7780
  7 	0.475		0.9584		0.9451		0.9492		0.8016
  8 	0.446		0.9646		0.9402		0.9417		0.8024
  9 	0.418		0.9679		0.9206		0.9311		0.7639
 10 	0.409		0.9694		0.9347		0.9386		0.7875
 11 	0.402		0.9699		0.9244		0.9316		0.7710
 12 	0.380		0.9728		0.9312		0.9353		0.7804
 13 	0.374		0.9731		0.9199		0.9294		0.7639
 14 	0.374		0.9740		0.9399		0.9366		0.7992
 15 	0.381		0.9729		0.9313		0.9288		0.7898
 16 	0.363		0.9755		0.9304		0.9359		0.7812
 17 	0.345		0.9770		0.9317		0.9383		0.7812
 18 	0.335		0.9785		0.9421		0.9445		0.7984
 19 	0.338		0.9786		0.9375		0.9462		0.7843
 20 	0.332		0.9792		0.9390		0.9389		0.7922
 21 	0.332		0.9795		0.9547		0.9514		0.8251
 22 	0.319		0.9805		0.9356		0.9413		0.7914
 23 	0.315		0.9806		0.9351		0.9402		0.7914
 24 	0.335		0.9782		0.9382		0.9427		0.7945
 25 	0.314		0.9809		0.9461		0.9456		0.8047
 26 	0.316		0.9805		0.9431		0.9464		0.8016
 27 	0.313		0.9816		0.9356		0.9430		0.7906
 28 	0.307		0.9818		0.9348		0.9455		0.7875
 29 	0.304		0.9822		0.9394		0.9440		0.7984
 30 	0.309		0.9815		0.9453		0.9497		0.8086
 31 	0.290		0.9834		0.9372		0.9403		0.7851
 32 	0.293		0.9829		0.9468		0.9494		0.8102
 33 	0.285		0.9843		0.9357		0.9397		0.7898
 34 	0.294		0.9832		0.9470		0.9527		0.8110
 35 	0.288		0.9837		0.9363		0.9363		0.7898
 36 	0.288		0.9839		0.9429		0.9443		0.8000
 37 	0.282		0.9844		0.9422		0.9467		0.8000
 38 	0.277		0.9847		0.9405		0.9459		0.7992
 39 	0.276		0.9847		0.9502		0.9509		0.8165
 40 	0.281		0.9842		0.9445		0.9467		0.8094
 41 	0.279		0.9848		0.9443		0.9480		0.8071
 42 	0.272		0.9849		0.9328		0.9403		0.7867
 43 	0.268		0.9859		0.9422		0.9467		0.8071
 44 	0.268		0.9857		0.9294		0.9374		0.7780
 45 	0.269		0.9860		0.9434		0.9446		0.8039
 46 	0.264		0.9859		0.9413		0.9402		0.8016
 47 	0.259		0.9863		0.9505		0.9480		0.8204
 48 	0.268		0.9858		0.9495		0.9508		0.8165
 49 	0.282		0.9848		0.9288		0.9349		0.7835
Best test SRCC 0.967293, PLCC 0.958043, KRCC 0.854904
Round 4
Epoch	Train_Loss	Train_SRCC	Test_SRCC	Test_PLCC	Test_KROCC
  0 	1.193		0.6832		0.8653		0.9142		0.6908
  1 	0.675		0.9130		0.8621		0.9035		0.6852
  2 	0.638		0.9241		0.8416		0.8989		0.6581
  3 	0.607		0.9303		0.8290		0.8930		0.6460
  4 	0.584		0.9367		0.8378		0.8922		0.6600
  5 	0.548		0.9446		0.8280		0.8844		0.6404
  6 	0.539		0.9472		0.8360		0.8906		0.6572
  7 	0.509		0.9523		0.8361		0.8941		0.6488
  8 	0.484		0.9576		0.8409		0.9023		0.6562
  9 	0.468		0.9591		0.8398		0.8982		0.6590
 10 	0.441		0.9639		0.8264		0.8970		0.6376
 11 	0.423		0.9666		0.8503		0.9032		0.6740
 12 	0.407		0.9692		0.8400		0.8975		0.6581
 13 	0.379		0.9727		0.8398		0.8993		0.6534
 14 	0.365		0.9749		0.8273		0.8884		0.6404
 15 	0.350		0.9767		0.8166		0.8832		0.6301
 16 	0.347		0.9777		0.8435		0.8986		0.6572
 17 	0.337		0.9784		0.8276		0.8935		0.6450
 18 	0.327		0.9801		0.8312		0.8953		0.6488
 19 	0.328		0.9794		0.8139		0.8828		0.6301
 20 	0.332		0.9793		0.8263		0.8937		0.6404
 21 	0.317		0.9813		0.8024		0.8738		0.6133
 22 	0.316		0.9809		0.8017		0.8705		0.6142
 23 	0.307		0.9825		0.8193		0.8832		0.6329
 24 	0.303		0.9826		0.8232		0.8853		0.6394
 25 	0.293		0.9837		0.8200		0.8851		0.6310
 26 	0.309		0.9818		0.7985		0.8693		0.6124
 27 	0.298		0.9834		0.8231		0.8860		0.6357
 28 	0.293		0.9837		0.8288		0.8893		0.6394
 29 	0.285		0.9843		0.8388		0.8969		0.6544
 30 	0.283		0.9848		0.8131		0.8787		0.6254
 31 	0.285		0.9847		0.8081		0.8712		0.6189
 32 	0.270		0.9860		0.8218		0.8861		0.6357
 33 	0.271		0.9858		0.8128		0.8832		0.6254
 34 	0.269		0.9864		0.8296		0.8911		0.6432
 35 	0.258		0.9873		0.8321		0.8952		0.6497
 36 	0.271		0.9857		0.8113		0.8811		0.6245
 37 	0.271		0.9861		0.8429		0.8983		0.6534
 38 	0.256		0.9876		0.8208		0.8882		0.6338
 39 	0.245		0.9884		0.8148		0.8856		0.6310
 40 	0.240		0.9885		0.8337		0.8963		0.6516
 41 	0.250		0.9881		0.8245		0.8888		0.6385
 42 	0.238		0.9891		0.8210		0.8788		0.6329
 43 	0.242		0.9885		0.8234		0.8844		0.6366
 44 	0.235		0.9891		0.8365		0.8966		0.6562
 45 	0.223		0.9902		0.8333		0.8904		0.6450
 46 	0.227		0.9898		0.8314		0.8901		0.6432
 47 	0.229		0.9894		0.8135		0.8758		0.6273
 48 	0.230		0.9895		0.8240		0.8875		0.6394
 49 	0.221		0.9903		0.8120		0.8843		0.6282
Best test SRCC 0.865299, PLCC 0.914194, KRCC 0.690782
Round 5
Epoch	Train_Loss	Train_SRCC	Test_SRCC	Test_PLCC	Test_KROCC
  0 	1.053		0.7728		0.8598		0.9206		0.6808
  1 	0.664		0.9169		0.8588		0.9248		0.6790
  2 	0.652		0.9208		0.8724		0.9237		0.6976
  3 	0.602		0.9322		0.8476		0.9187		0.6650
  4 	0.565		0.9418		0.8499		0.9203		0.6706
  5 	0.544		0.9469		0.8287		0.9073		0.6435
  6 	0.517		0.9512		0.8389		0.9132		0.6538
  7 	0.493		0.9556		0.8113		0.8947		0.6211
  8 	0.477		0.9589		0.8303		0.8959		0.6454
  9 	0.437		0.9654		0.8304		0.9026		0.6500
 10 	0.451		0.9636		0.8249		0.9036		0.6388
 11 	0.406		0.9697		0.8215		0.8982		0.6351
 12 	0.401		0.9700		0.8128		0.8870		0.6304
 13 	0.388		0.9721		0.8221		0.9006		0.6407
 14 	0.370		0.9745		0.8338		0.9023		0.6547
 15 	0.365		0.9754		0.8380		0.9110		0.6584
 16 	0.352		0.9768		0.8168		0.8971		0.6332
 17 	0.349		0.9778		0.8166		0.8985		0.6351
 18 	0.345		0.9778		0.8373		0.9020		0.6612
 19 	0.337		0.9788		0.8063		0.8886		0.6211
 20 	0.316		0.9811		0.8146		0.8919		0.6267
 21 	0.331		0.9791		0.8440		0.9144		0.6678
 22 	0.333		0.9789		0.8201		0.8962		0.6360
 23 	0.295		0.9830		0.7979		0.8809		0.6136
 24 	0.304		0.9819		0.8204		0.8899		0.6398
 25 	0.307		0.9820		0.8162		0.8914		0.6323
 26 	0.305		0.9819		0.8114		0.8869		0.6295
 27 	0.288		0.9837		0.8007		0.8811		0.6146
 28 	0.283		0.9844		0.7822		0.8652		0.5950
 29 	0.286		0.9839		0.8300		0.9006		0.6454
 30 	0.274		0.9853		0.8149		0.8947		0.6304
 31 	0.279		0.9846		0.8112		0.8877		0.6267
 32 	0.277		0.9850		0.8269		0.9021		0.6472
 33 	0.271		0.9856		0.8107		0.8854		0.6258
 34 	0.269		0.9857		0.8029		0.8829		0.6164
 35 	0.264		0.9862		0.8236		0.8999		0.6463
 36 	0.256		0.9870		0.7949		0.8779		0.6155
 37 	0.265		0.9860		0.8154		0.8921		0.6332
 38 	0.250		0.9874		0.8013		0.8790		0.6192
 39 	0.255		0.9871		0.8076		0.8821		0.6258
 40 	0.252		0.9871		0.8260		0.8952		0.6435
 41 	0.248		0.9877		0.8040		0.8792		0.6202
 42 	0.255		0.9874		0.7903		0.8763		0.6043
 43 	0.239		0.9885		0.8090		0.8830		0.6314
 44 	0.247		0.9880		0.8038		0.8790		0.6211
 45 	0.244		0.9880		0.8126		0.8852		0.6304
 46 	0.234		0.9889		0.8094		0.8894		0.6295
 47 	0.233		0.9891		0.8060		0.8843		0.6192
 48 	0.244		0.9879		0.7948		0.8815		0.6108
 49 	0.222		0.9897		0.8130		0.8859		0.6314
Best test SRCC 0.872409, PLCC 0.923692, KRCC 0.697620
Round 6
Epoch	Train_Loss	Train_SRCC	Test_SRCC	Test_PLCC	Test_KROCC
  0 	0.858		0.8066		0.9089		0.9255		0.7414
  1 	0.643		0.9073		0.8914		0.9136		0.7163
  2 	0.597		0.9212		0.8885		0.9135		0.7116
  3 	0.544		0.9381		0.8976		0.9264		0.7281
  4 	0.492		0.9521		0.8962		0.9217		0.7241
  5 	0.454		0.9609		0.8592		0.8774		0.6732
  6 	0.423		0.9649		0.8731		0.8953		0.6920
  7 	0.405		0.9682		0.8770		0.8996		0.6920
  8 	0.389		0.9704		0.8715		0.8949		0.6834
  9 	0.359		0.9748		0.8678		0.8836		0.6818
 10 	0.350		0.9757		0.8633		0.8826		0.6732
 11 	0.346		0.9762		0.8727		0.8907		0.6881
 12 	0.348		0.9753		0.8473		0.8684		0.6560
 13 	0.337		0.9776		0.8581		0.8721		0.6693
 14 	0.333		0.9771		0.8609		0.8754		0.6685
 15 	0.314		0.9797		0.8510		0.8674		0.6552
 16 	0.309		0.9802		0.8639		0.8805		0.6740
 17 	0.306		0.9805		0.8583		0.8668		0.6661
 18 	0.297		0.9811		0.8697		0.8846		0.6779
 19 	0.290		0.9820		0.8731		0.8866		0.6818
 20 	0.298		0.9814		0.8595		0.8731		0.6677
 21 	0.289		0.9826		0.8767		0.8861		0.6897
 22 	0.269		0.9837		0.8634		0.8774		0.6716
 23 	0.282		0.9833		0.8724		0.8910		0.6873
 24 	0.272		0.9844		0.8688		0.8882		0.6779
 25 	0.268		0.9844		0.8612		0.8812		0.6732
 26 	0.269		0.9846		0.8770		0.8963		0.6912
 27 	0.263		0.9850		0.8574		0.8830		0.6646
 28 	0.259		0.9854		0.8645		0.8832		0.6716
 29 	0.259		0.9854		0.8635		0.8821		0.6763
 30 	0.248		0.9862		0.8607		0.8783		0.6654
 31 	0.248		0.9864		0.8683		0.8865		0.6763
 32 	0.247		0.9862		0.8618		0.8796		0.6724
 33 	0.241		0.9869		0.8643		0.8814		0.6740
 34 	0.246		0.9864		0.8541		0.8759		0.6622
 35 	0.253		0.9855		0.8654		0.8881		0.6795
 36 	0.237		0.9872		0.8553		0.8764		0.6638
 37 	0.231		0.9876		0.8602		0.8866		0.6724
 38 	0.236		0.9871		0.8498		0.8681		0.6560
 39 	0.237		0.9878		0.8644		0.8887		0.6763
 40 	0.224		0.9885		0.8651		0.8897		0.6779
 41 	0.223		0.9886		0.8765		0.8964		0.6912
 42 	0.227		0.9880		0.8702		0.8856		0.6857
 43 	0.222		0.9887		0.8662		0.8890		0.6795
 44 	0.217		0.9891		0.8520		0.8743		0.6654
 45 	0.226		0.9880		0.8726		0.8936		0.6865
 46 	0.216		0.9888		0.8658		0.8812		0.6771
 47 	0.215		0.9893		0.8443		0.8680		0.6552
 48 	0.231		0.9881		0.8577		0.8844		0.6701
 49 	0.209		0.9899		0.8666		0.8904		0.6810
Best test SRCC 0.908911, PLCC 0.925490, KRCC 0.741380
Round 7
Epoch	Train_Loss	Train_SRCC	Test_SRCC	Test_PLCC	Test_KROCC
  0 	0.807		0.8249		0.9484		0.9624		0.8217
  1 	0.534		0.9395		0.9425		0.9554		0.8002
  2 	0.486		0.9495		0.9380		0.9513		0.7936
  3 	0.447		0.9563		0.9202		0.9347		0.7619
  4 	0.421		0.9622		0.9114		0.9284		0.7450
  5 	0.396		0.9673		0.9268		0.9365		0.7703
  6 	0.368		0.9712		0.9229		0.9368		0.7563
  7 	0.361		0.9723		0.9318		0.9398		0.7740
  8 	0.353		0.9734		0.9291		0.9390		0.7740
  9 	0.341		0.9750		0.9366		0.9427		0.7862
 10 	0.342		0.9748		0.9304		0.9313		0.7749
 11 	0.347		0.9740		0.9377		0.9434		0.7880
 12 	0.316		0.9781		0.9359		0.9399		0.7834
 13 	0.308		0.9790		0.9203		0.9288		0.7553
 14 	0.298		0.9803		0.9364		0.9422		0.7871
 15 	0.298		0.9805		0.9274		0.9294		0.7693
 16 	0.306		0.9799		0.9356		0.9392		0.7806
 17 	0.297		0.9807		0.9230		0.9324		0.7591
 18 	0.285		0.9823		0.9397		0.9419		0.7908
 19 	0.284		0.9824		0.9326		0.9353		0.7759
 20 	0.275		0.9837		0.9337		0.9369		0.7749
 21 	0.275		0.9839		0.9356		0.9424		0.7824
 22 	0.267		0.9844		0.9375		0.9404		0.7834
 23 	0.267		0.9847		0.9411		0.9435		0.7955
 24 	0.258		0.9854		0.9390		0.9413		0.7862
 25 	0.255		0.9861		0.9278		0.9328		0.7693
 26 	0.252		0.9863		0.9312		0.9335		0.7731
 27 	0.245		0.9869		0.9260		0.9348		0.7675
 28 	0.252		0.9862		0.9329		0.9373		0.7787
 29 	0.241		0.9873		0.9363		0.9390		0.7806
 30 	0.239		0.9877		0.9301		0.9350		0.7712
 31 	0.241		0.9874		0.9439		0.9441		0.7983
 32 	0.226		0.9888		0.9352		0.9366		0.7787
 33 	0.238		0.9879		0.9322		0.9392		0.7768
 34 	0.227		0.9889		0.9373		0.9378		0.7815
 35 	0.228		0.9888		0.9336		0.9372		0.7787
 36 	0.225		0.9889		0.9268		0.9356		0.7675
 37 	0.224		0.9889		0.9414		0.9415		0.7946
 38 	0.227		0.9888		0.9333		0.9319		0.7778
 39 	0.218		0.9896		0.9365		0.9414		0.7899
 40 	0.209		0.9901		0.9337		0.9363		0.7815
 41 	0.216		0.9896		0.9365		0.9423		0.7862
 42 	0.207		0.9904		0.9380		0.9399		0.7955
 43 	0.218		0.9894		0.9318		0.9389		0.7796
 44 	0.218		0.9893		0.9119		0.9312		0.7506
 45 	0.206		0.9901		0.9216		0.9353		0.7647
 46 	0.201		0.9908		0.9316		0.9391		0.7815
 47 	0.207		0.9903		0.9304		0.9361		0.7759
 48 	0.195		0.9912		0.9232		0.9263		0.7656
 49 	0.201		0.9909		0.9236		0.9386		0.7628
Best test SRCC 0.948401, PLCC 0.962438, KRCC 0.821690
Round 8
Epoch	Train_Loss	Train_SRCC	Test_SRCC	Test_PLCC	Test_KROCC
  0 	1.527		0.5603		0.9206		0.9120		0.7704
  1 	0.751		0.8757		0.9167		0.9134		0.7628
  2 	0.747		0.8771		0.9188		0.9162		0.7596
  3 	0.713		0.8928		0.9004		0.9110		0.7440
  4 	0.647		0.9127		0.8605		0.8958		0.6711
  5 	0.587		0.9302		0.8372		0.8565		0.6515
  6 	0.538		0.9424		0.8306		0.8477		0.6421
  7 	0.519		0.9468		0.8384		0.8516		0.6515
  8 	0.485		0.9539		0.8140		0.8300		0.6272
  9 	0.465		0.9580		0.8374		0.8514		0.6594
 10 	0.435		0.9635		0.8125		0.8202		0.6288
 11 	0.426		0.9661		0.8283		0.8425		0.6437
 12 	0.404		0.9689		0.8142		0.8297		0.6288
 13 	0.378		0.9728		0.8283		0.8372		0.6476
 14 	0.363		0.9742		0.8329		0.8476		0.6507
 15 	0.362		0.9750		0.8110		0.8253		0.6288
 16 	0.343		0.9772		0.8411		0.8489		0.6609
 17 	0.334		0.9779		0.7947		0.8104		0.6100
 18 	0.365		0.9739		0.8452		0.8535		0.6656
 19 	0.344		0.9769		0.8386		0.8509		0.6633
 20 	0.334		0.9780		0.8128		0.8285		0.6304
 21 	0.325		0.9793		0.8189		0.8316		0.6351
 22 	0.313		0.9802		0.8349		0.8450		0.6484
 23 	0.317		0.9802		0.8368		0.8509		0.6539
 24 	0.309		0.9812		0.8259		0.8378		0.6374
 25 	0.315		0.9805		0.8076		0.8262		0.6249
 26 	0.305		0.9815		0.8442		0.8575		0.6609
 27 	0.307		0.9814		0.8426		0.8577		0.6633
 28 	0.296		0.9824		0.8196		0.8334		0.6343
 29 	0.283		0.9838		0.8131		0.8234		0.6194
 30 	0.287		0.9834		0.8297		0.8458		0.6429
 31 	0.295		0.9826		0.8210		0.8279		0.6304
 32 	0.279		0.9843		0.8083		0.8224		0.6163
 33 	0.281		0.9842		0.8190		0.8321		0.6304
 34 	0.262		0.9861		0.8285		0.8392		0.6358
 35 	0.272		0.9850		0.8191		0.8311		0.6264
 36 	0.264		0.9857		0.8314		0.8421		0.6429
 37 	0.262		0.9858		0.8074		0.8246		0.6163
 38 	0.265		0.9860		0.8208		0.8321		0.6304
 39 	0.258		0.9861		0.8376		0.8490		0.6523
 40 	0.255		0.9867		0.8281		0.8397		0.6390
 41 	0.252		0.9872		0.8153		0.8274		0.6241
 42 	0.253		0.9871		0.8225		0.8342		0.6319
 43 	0.245		0.9876		0.8004		0.8182		0.6037
 44 	0.245		0.9880		0.8317		0.8467		0.6382
 45 	0.241		0.9883		0.8291		0.8486		0.6374
 46 	0.239		0.9884		0.8291		0.8461		0.6366
 47 	0.239		0.9887		0.8318		0.8487		0.6413
 48 	0.231		0.9888		0.8177		0.8335		0.6241
 49 	0.253		0.9871		0.8327		0.8474		0.6445
Best test SRCC 0.920641, PLCC 0.912000, KRCC 0.770377
Round 9
Epoch	Train_Loss	Train_SRCC	Test_SRCC	Test_PLCC	Test_KROCC
  0 	1.262		0.6357		0.9265		0.9178		0.7607
  1 	0.735		0.8896		0.9396		0.9243		0.7826
  2 	0.697		0.9033		0.9311		0.9215		0.7709
  3 	0.645		0.9170		0.9207		0.9158		0.7505
  4 	0.622		0.9249		0.8942		0.8990		0.7090
  5 	0.532		0.9462		0.8658		0.8765		0.6667
  6 	0.488		0.9556		0.8700		0.8794		0.6729
  7 	0.427		0.9672		0.8511		0.8657		0.6573
  8 	0.434		0.9661		0.8800		0.8863		0.6902
  9 	0.392		0.9724		0.8901		0.8934		0.7027
 10 	0.381		0.9746		0.8743		0.8789		0.6769
 11 	0.380		0.9748		0.8603		0.8701		0.6651
 12 	0.367		0.9760		0.8621		0.8694		0.6682
 13 	0.350		0.9777		0.8624		0.8703		0.6667
 14 	0.350		0.9777		0.8613		0.8660		0.6628
 15 	0.339		0.9791		0.8749		0.8804		0.6769
 16 	0.351		0.9784		0.8657		0.8704		0.6706
 17 	0.337		0.9795		0.8675		0.8721		0.6729
 18 	0.321		0.9814		0.8848		0.8852		0.6925
 19 	0.314		0.9823		0.8807		0.8820		0.6910
 20 	0.318		0.9818		0.8598		0.8680		0.6588
 21 	0.313		0.9827		0.8764		0.8754		0.6792
 22 	0.299		0.9838		0.8620		0.8641		0.6620
 23 	0.307		0.9828		0.8847		0.8828		0.6910
 24 	0.285		0.9853		0.8513		0.8583		0.6541
 25 	0.280		0.9861		0.8557		0.8695		0.6565
 26 	0.280		0.9855		0.8371		0.8544		0.6345
 27 	0.282		0.9853		0.8728		0.8745		0.6792
 28 	0.277		0.9855		0.8534		0.8599		0.6549
 29 	0.290		0.9845		0.8696		0.8717		0.6706
 30 	0.261		0.9872		0.8710		0.8744		0.6816
 31 	0.262		0.9872		0.8558		0.8653		0.6612
 32 	0.260		0.9872		0.8826		0.8823		0.6933
 33 	0.255		0.9876		0.8684		0.8758		0.6682
 34 	0.260		0.9873		0.8511		0.8618		0.6502
 35 	0.250		0.9880		0.8614		0.8678		0.6690
 36 	0.255		0.9877		0.8476		0.8630		0.6486
 37 	0.249		0.9880		0.8680		0.8736		0.6800
 38 	0.234		0.9895		0.8851		0.8822		0.6988
 39 	0.253		0.9876		0.8824		0.8802		0.6925
 40 	0.228		0.9898		0.8763		0.8811		0.6808
 41 	0.231		0.9893		0.8818		0.8835		0.6957
 42 	0.220		0.9901		0.8676		0.8728		0.6745
 43 	0.221		0.9901		0.8797		0.8828		0.6886
 44 	0.223		0.9900		0.8695		0.8750		0.6784
 45 	0.225		0.9898		0.8513		0.8669		0.6580
 46 	0.222		0.9900		0.8687		0.8700		0.6737
 47 	0.216		0.9907		0.8870		0.8910		0.6980
 48 	0.217		0.9906		0.8864		0.8915		0.6972
 49 	0.229		0.9898		0.8609		0.8690		0.6628
Best test SRCC 0.939640, PLCC 0.924264, KRCC 0.782609
Round 10
Epoch	Train_Loss	Train_SRCC	Test_SRCC	Test_PLCC	Test_KROCC
  0 	0.956		0.7658		0.9477		0.9500		0.8031
  1 	0.674		0.9038		0.9408		0.9513		0.7897
  2 	0.660		0.9072		0.9283		0.9494		0.7725
  3 	0.639		0.9134		0.9255		0.9504		0.7686
  4 	0.621		0.9197		0.9202		0.9468		0.7662
  5 	0.601		0.9278		0.8953		0.9359		0.7121
  6 	0.519		0.9481		0.9134		0.9442		0.7505
  7 	0.482		0.9561		0.9265		0.9499		0.7662
  8 	0.439		0.9645		0.9144		0.9462		0.7490
  9 	0.422		0.9677		0.8978		0.9342		0.7239
 10 	0.395		0.9713		0.9156		0.9378		0.7529
 11 	0.373		0.9738		0.9012		0.9342		0.7325
 12 	0.375		0.9737		0.9097		0.9354		0.7435
 13 	0.343		0.9773		0.9051		0.9387		0.7341
 14 	0.345		0.9768		0.8997		0.9355		0.7286
 15 	0.334		0.9782		0.9008		0.9371		0.7333
 16 	0.327		0.9795		0.8924		0.9304		0.7168
 17 	0.313		0.9805		0.8920		0.9272		0.7145
 18 	0.296		0.9824		0.8818		0.9253		0.7027
 19 	0.307		0.9816		0.9076		0.9366		0.7356
 20 	0.288		0.9835		0.8967		0.9307		0.7239
 21 	0.290		0.9833		0.8839		0.9281		0.7035
 22 	0.293		0.9831		0.8811		0.9238		0.7027
 23 	0.281		0.9841		0.8836		0.9282		0.7059
 24 	0.278		0.9844		0.8881		0.9325		0.7090
 25 	0.264		0.9862		0.8954		0.9307		0.7215
 26 	0.264		0.9859		0.8828		0.9216		0.7004
 27 	0.275		0.9850		0.8823		0.9230		0.7059
 28 	0.260		0.9870		0.8671		0.9167		0.6792
 29 	0.274		0.9853		0.8729		0.9168		0.6902
 30 	0.254		0.9873		0.8712		0.9141		0.6855
 31 	0.242		0.9882		0.8797		0.9232		0.7004
 32 	0.249		0.9875		0.8771		0.9180		0.6918
 33 	0.239		0.9886		0.8644		0.9080		0.6808
 34 	0.239		0.9886		0.8682		0.9119		0.6816
 35 	0.231		0.9892		0.8697		0.9127		0.6855
 36 	0.239		0.9884		0.8685		0.9157		0.6863
 37 	0.225		0.9897		0.8850		0.9240		0.7043
 38 	0.226		0.9898		0.8634		0.9094		0.6784
 39 	0.225		0.9901		0.8702		0.9157		0.6823
 40 	0.217		0.9907		0.8830		0.9200		0.7035
 41 	0.210		0.9910		0.8667		0.9079		0.6784
 42 	0.222		0.9901		0.8751		0.9193		0.6965
 43 	0.207		0.9914		0.8716		0.9149		0.6839
 44 	0.206		0.9912		0.8770		0.9138		0.6988
 45 	0.207		0.9913		0.8725		0.9126		0.6925
 46 	0.209		0.9910		0.8785		0.9123		0.6988
 47 	0.208		0.9914		0.8583		0.9068		0.6659
 48 	0.209		0.9910		0.8697		0.9139		0.6894
 49 	0.215		0.9909		0.8730		0.9156		0.6918
Best test SRCC 0.947734, PLCC 0.949998, KRCC 0.803058
[0.84469495 0.88890854 0.96729326 0.86529931 0.87240883 0.90891112
 0.94840132 0.92064092 0.93963951 0.94773402]
[0.89975868 0.91086312 0.95804336 0.91419376 0.9236923  0.92549019
 0.96243819 0.91199981 0.92426357 0.94999848]
[0.6609106  0.70141152 0.85490433 0.69078227 0.69762046 0.74138022
 0.82169003 0.77037671 0.78260924 0.80305827]
Testing mean SRCC 0.9104,	mean PLCC 0.9281,mean KRCC 0.7525
