CNNIQA
Training and testing on Waterloo dataset for 10 rounds...
Round 1
Epoch	Train_Loss	Train_SRCC	Test_SRCC	Test_PLCC	Test_KROCC
  0 	1.487		0.6677		0.8947		0.9587		0.7124
  1 	0.599		0.8847		0.8844		0.9591		0.6863
  2 	0.577		0.8916		0.8803		0.9609		0.6863
  3 	0.587		0.8922		0.8906		0.9571		0.6993
  4 	0.585		0.8973		0.8762		0.9589		0.6601
  5 	0.570		0.9071		0.8762		0.9574		0.6601
  6 	0.491		0.9327		0.8431		0.9499		0.5948
  7 	0.498		0.9296		0.8473		0.9406		0.5948
  8 	0.421		0.9525		0.8493		0.9465		0.6078
  9 	0.468		0.9405		0.8452		0.9491		0.5817
 10 	0.431		0.9517		0.8535		0.9433		0.6209
 11 	0.433		0.9490		0.8596		0.9453		0.6209
 12 	0.437		0.9498		0.8535		0.9415		0.6209
 13 	0.396		0.9581		0.8700		0.9443		0.6340
 14 	0.394		0.9592		0.8596		0.9434		0.6209
 15 	0.389		0.9604		0.8555		0.9459		0.6209
 16 	0.423		0.9551		0.8617		0.9445		0.6340
 17 	0.408		0.9562		0.8617		0.9426		0.6340
 18 	0.382		0.9620		0.8617		0.9420		0.6340
 19 	0.394		0.9592		0.8493		0.9422		0.6209
 20 	0.390		0.9611		0.8596		0.9394		0.6471
 21 	0.384		0.9608		0.8576		0.9433		0.6340
 22 	0.401		0.9587		0.8679		0.9455		0.6471
 23 	0.367		0.9614		0.8555		0.9430		0.6340
 24 	0.445		0.9492		0.8576		0.9467		0.6340
 25 	0.367		0.9633		0.8514		0.9391		0.6340
 26 	0.366		0.9645		0.8514		0.9403		0.6209
 27 	0.371		0.9652		0.8514		0.9391		0.6209
 28 	0.396		0.9585		0.8514		0.9396		0.6209
 29 	0.374		0.9623		0.8658		0.9381		0.6340
 30 	0.370		0.9639		0.8493		0.9443		0.6078
 31 	0.355		0.9670		0.8493		0.9446		0.6078
 32 	0.354		0.9660		0.8555		0.9416		0.6209
 33 	0.389		0.9615		0.8555		0.9445		0.6209
 34 	0.360		0.9652		0.8493		0.9409		0.6078
 35 	0.354		0.9654		0.8431		0.9430		0.6078
 36 	0.355		0.9663		0.8514		0.9404		0.6340
 37 	0.425		0.9565		0.8473		0.9427		0.6209
 38 	0.357		0.9641		0.8514		0.9424		0.6340
 39 	0.351		0.9649		0.8390		0.9369		0.5948
 40 	0.355		0.9667		0.8411		0.9424		0.5948
 41 	0.351		0.9663		0.8452		0.9455		0.6078
 42 	0.354		0.9663		0.8431		0.9373		0.5948
 43 	0.376		0.9605		0.8555		0.9428		0.6209
 44 	0.336		0.9699		0.8535		0.9387		0.6471
 45 	0.357		0.9652		0.8473		0.9412		0.6078
 46 	0.348		0.9660		0.8514		0.9398		0.6209
 47 	0.339		0.9683		0.8514		0.9396		0.6209
 48 	0.353		0.9668		0.8514		0.9422		0.6340
 49 	0.349		0.9679		0.8411		0.9423		0.5948
Best test SRCC 0.894737, PLCC 0.958666, KRCC 0.712418
Round 2
Epoch	Train_Loss	Train_SRCC	Test_SRCC	Test_PLCC	Test_KROCC
  0 	0.753		0.8885		0.8781		0.9828		0.6776
  1 	0.624		0.8976		0.8750		0.9828		0.6645
  2 	0.613		0.8976		0.8750		0.9785		0.6645
  3 	0.534		0.9227		0.8709		0.9780		0.6645
  4 	0.493		0.9326		0.8709		0.9793		0.6645
  5 	0.482		0.9374		0.8729		0.9810		0.6645
  6 	0.470		0.9413		0.8936		0.9810		0.7303
  7 	0.471		0.9409		0.8822		0.9769		0.7040
  8 	0.467		0.9419		0.8853		0.9794		0.7040
  9 	0.454		0.9451		0.8791		0.9807		0.6908
 10 	0.452		0.9439		0.8771		0.9802		0.6776
 11 	0.492		0.9372		0.8771		0.9785		0.6776
 12 	0.459		0.9451		0.8791		0.9785		0.6776
 13 	0.459		0.9453		0.8771		0.9798		0.6908
 14 	0.452		0.9480		0.8709		0.9811		0.6645
 15 	0.445		0.9452		0.8791		0.9828		0.6776
 16 	0.428		0.9545		0.8709		0.9777		0.6645
 17 	0.413		0.9561		0.8771		0.9772		0.6908
 18 	0.488		0.9385		0.8771		0.9752		0.6908
 19 	0.418		0.9559		0.8833		0.9793		0.6908
 20 	0.411		0.9569		0.8895		0.9832		0.6908
 21 	0.413		0.9569		0.8812		0.9797		0.6908
 22 	0.409		0.9574		0.8936		0.9821		0.7040
 23 	0.389		0.9615		0.8750		0.9801		0.6776
 24 	0.417		0.9546		0.8936		0.9803		0.7040
 25 	0.436		0.9505		0.8791		0.9770		0.7040
 26 	0.394		0.9604		0.8957		0.9799		0.7171
 27 	0.391		0.9619		0.8915		0.9805		0.6908
 28 	0.380		0.9626		0.8957		0.9796		0.7171
 29 	0.384		0.9616		0.8977		0.9791		0.7171
 30 	0.366		0.9644		0.9060		0.9785		0.7434
 31 	0.363		0.9664		0.8998		0.9825		0.7171
 32 	0.367		0.9663		0.9081		0.9823		0.7303
 33 	0.405		0.9593		0.8977		0.9818		0.7171
 34 	0.385		0.9628		0.8915		0.9804		0.7040
 35 	0.356		0.9662		0.8977		0.9768		0.7171
 36 	0.366		0.9676		0.8874		0.9791		0.7040
 37 	0.380		0.9625		0.9039		0.9790		0.7303
 38 	0.370		0.9651		0.8853		0.9739		0.6908
 39 	0.352		0.9662		0.9029		0.9819		0.7303
 40 	0.355		0.9666		0.8936		0.9805		0.7171
 41 	0.359		0.9670		0.8729		0.9761		0.6645
 42 	0.360		0.9674		0.9081		0.9799		0.7566
 43 	0.344		0.9702		0.9132		0.9830		0.7566
 44 	0.352		0.9672		0.8791		0.9799		0.6776
 45 	0.334		0.9716		0.8833		0.9779		0.6908
 46 	0.333		0.9713		0.8688		0.9775		0.6645
 47 	0.354		0.9670		0.8791		0.9785		0.6776
 48 	0.350		0.9672		0.8688		0.9780		0.6645
 49 	0.347		0.9693		0.8915		0.9778		0.7040
Best test SRCC 0.913224, PLCC 0.983042, KRCC 0.756595
Round 3
Epoch	Train_Loss	Train_SRCC	Test_SRCC	Test_PLCC	Test_KROCC
  0 	0.866		0.8598		0.8885		0.9736		0.7124
  1 	0.609		0.8833		0.8906		0.9741		0.6993
  2 	0.574		0.8896		0.8865		0.9741		0.6863
  3 	0.556		0.8978		0.8638		0.9747		0.6471
  4 	0.554		0.8975		0.8762		0.9742		0.6732
  5 	0.576		0.8937		0.8473		0.9686		0.6340
  6 	0.617		0.8939		0.8658		0.9732		0.6601
  7 	0.546		0.8992		0.8452		0.9709		0.6209
  8 	0.523		0.9092		0.8473		0.9695		0.6471
  9 	0.539		0.9099		0.8204		0.9710		0.5817
 10 	0.536		0.9072		0.8885		0.9689		0.6993
 11 	0.552		0.9057		0.8514		0.9664		0.6340
 12 	0.540		0.9005		0.8720		0.9692		0.6863
 13 	0.550		0.9075		0.8246		0.9678		0.5686
 14 	0.543		0.9073		0.8163		0.9643		0.5425
 15 	0.517		0.9156		0.8349		0.9596		0.6078
 16 	0.504		0.9193		0.8184		0.9655		0.5556
 17 	0.512		0.9138		0.8204		0.9611		0.5425
 18 	0.513		0.9178		0.8225		0.9648		0.5686
 19 	0.517		0.9115		0.8266		0.9671		0.5686
 20 	0.495		0.9227		0.8266		0.9683		0.5686
 21 	0.530		0.9125		0.8411		0.9682		0.6078
 22 	0.493		0.9225		0.8287		0.9637		0.5817
 23 	0.499		0.9207		0.8576		0.9681		0.6471
 24 	0.519		0.9249		0.8968		0.9716		0.7255
 25 	0.533		0.9156		0.8266		0.9657		0.5686
 26 	0.488		0.9235		0.8369		0.9660		0.5817
 27 	0.472		0.9283		0.9071		0.9729		0.7516
 28 	0.523		0.9152		0.8762		0.9735		0.6601
 29 	0.525		0.9162		0.8349		0.9693		0.6078
 30 	0.481		0.9264		0.8824		0.9735		0.6863
 31 	0.482		0.9300		0.8679		0.9715		0.6601
 32 	0.474		0.9321		0.8741		0.9708		0.6732
 33 	0.492		0.9300		0.8596		0.9710		0.6209
 34 	0.507		0.9260		0.9298		0.9768		0.7778
 35 	0.495		0.9276		0.9236		0.9749		0.7778
 36 	0.478		0.9331		0.8762		0.9701		0.6732
 37 	0.489		0.9302		0.8700		0.9699		0.6601
 38 	0.464		0.9371		0.9009		0.9729		0.7255
 39 	0.476		0.9305		0.9051		0.9718		0.7255
 40 	0.497		0.9224		0.9298		0.9756		0.7778
 41 	0.474		0.9361		0.9463		0.9766		0.8170
 42 	0.477		0.9359		0.8989		0.9721		0.7124
 43 	0.470		0.9316		0.9484		0.9786		0.8039
 44 	0.485		0.9277		0.8906		0.9717		0.7124
 45 	0.466		0.9365		0.9030		0.9715		0.7255
 46 	0.457		0.9411		0.9278		0.9727		0.7778
 47 	0.463		0.9400		0.9112		0.9721		0.7516
 48 	0.474		0.9357		0.9174		0.9724		0.7516
 49 	0.441		0.9431		0.9030		0.9710		0.7255
Best test SRCC 0.948400, PLCC 0.978578, KRCC 0.803922
Round 4
Epoch	Train_Loss	Train_SRCC	Test_SRCC	Test_PLCC	Test_KROCC
  0 	1.334		0.7284		0.8921		0.9711		0.7082
  1 	0.627		0.8816		0.8952		0.9757		0.7213
  2 	0.597		0.8831		0.8880		0.9753		0.6951
  3 	0.573		0.8821		0.8921		0.9748		0.7082
  4 	0.587		0.8788		0.9003		0.9752		0.7303
  5 	0.584		0.8802		0.8894		0.9752		0.7129
  6 	0.577		0.8833		0.8756		0.9751		0.6820
  7 	0.591		0.8768		0.8765		0.9752		0.6865
  8 	0.587		0.8811		0.9035		0.9754		0.7475
  9 	0.591		0.8799		0.8981		0.9756		0.7319
 10 	0.589		0.8821		0.8883		0.9754		0.7020
 11 	0.585		0.8796		0.8811		0.9752		0.6865
 12 	0.584		0.8803		0.8698		0.9750		0.6645
 13 	0.591		0.8806		0.8960		0.9752		0.7181
 14 	0.592		0.8795		0.8884		0.9756		0.7048
 15 	0.582		0.8787		0.8843		0.9754		0.6908
 16 	0.598		0.8846		0.9536		0.9754		0.8411
 17 	0.588		0.8776		0.9184		0.9754		0.7697
 18 	0.587		0.8793		0.9360		0.9753		0.7829
 19 	0.597		0.8784		0.8931		0.9753		0.7171
 20 	0.621		0.8762		0.9313		0.9751		0.7869
 21 	0.627		0.8809		0.9244		0.9754		0.7732
 22 	0.589		0.8856		0.9465		0.9752		0.8286
 23 	0.589		0.8765		0.9411		0.9752		0.8275
 24 	0.590		0.8799		0.9381		0.9755		0.8009
 25 	0.603		0.8799		0.9231		0.9753		0.7869
 26 	0.588		0.8807		0.9306		0.9754		0.8040
 27 	0.583		0.8777		0.8957		0.9753		0.7303
 28 	0.600		0.8727		0.9248		0.9754		0.7894
 29 	0.590		0.8817		0.8843		0.9753		0.6974
 30 	0.582		0.8854		0.9409		0.9752		0.8162
 31 	0.585		0.8795		0.9059		0.9752		0.7393
 32 	0.587		0.8814		0.9230		0.9753		0.7697
 33 	0.581		0.8836		0.8962		0.9751		0.7213
 34 	0.592		0.8885		0.8781		0.9755		0.6776
 35 	0.613		0.8807		0.8942		0.9755		0.7082
 36 	0.620		0.8827		0.9004		0.9753		0.7213
 37 	0.588		0.8856		0.8735		0.9754		0.6689
 38 	0.601		0.8796		0.9272		0.9755		0.7869
 39 	0.597		0.8804		0.8905		0.9755		0.7105
 40 	0.600		0.8841		0.8715		0.9750		0.6557
 41 	0.587		0.8796		0.9070		0.9755		0.7434
 42 	0.589		0.8859		0.9004		0.9750		0.7213
 43 	0.584		0.8797		0.9107		0.9749		0.7607
 44 	0.594		0.8831		0.9003		0.9749		0.7303
 45 	0.594		0.8866		0.8931		0.9752		0.7082
 46 	0.584		0.8803		0.8797		0.9751		0.6820
 47 	0.594		0.8785		0.9055		0.9755		0.7434
 48 	0.592		0.8842		0.8973		0.9755		0.7213
 49 	0.584		0.8777		0.8900		0.9752		0.6951
Best test SRCC 0.953620, PLCC 0.975358, KRCC 0.841069
Round 5
Epoch	Train_Loss	Train_SRCC	Test_SRCC	Test_PLCC	Test_KROCC
  0 	1.447		0.6964		0.9546		0.9805		0.8562
  1 	0.652		0.8805		0.9525		0.9848		0.8301
  2 	0.663		0.8813		0.9216		0.9848		0.7778
  3 	0.666		0.8817		0.9030		0.9848		0.7255
  4 	0.645		0.8899		0.9443		0.9849		0.8170
  5 	0.656		0.8824		0.8906		0.9849		0.7124
  6 	0.646		0.8893		0.8762		0.9846		0.6732
  7 	0.633		0.8924		0.9112		0.9855		0.7516
  8 	0.572		0.9196		0.8596		0.9845		0.6209
  9 	0.539		0.9162		0.8762		0.9803		0.6732
 10 	0.542		0.9242		0.8596		0.9813		0.6209
 11 	0.490		0.9372		0.8885		0.9832		0.7124
 12 	0.501		0.9349		0.8865		0.9808		0.6993
 13 	0.517		0.9315		0.9051		0.9823		0.7386
 14 	0.479		0.9415		0.8782		0.9792		0.6601
 15 	0.485		0.9447		0.8885		0.9805		0.6993
 16 	0.460		0.9482		0.8989		0.9838		0.7255
 17 	0.446		0.9537		0.8700		0.9793		0.6601
 18 	0.456		0.9500		0.8865		0.9809		0.6993
 19 	0.447		0.9531		0.8885		0.9814		0.6993
 20 	0.439		0.9538		0.8741		0.9803		0.6732
 21 	0.435		0.9545		0.8824		0.9814		0.6863
 22 	0.445		0.9528		0.8720		0.9783		0.6601
 23 	0.444		0.9541		0.8741		0.9757		0.6732
 24 	0.419		0.9591		0.8824		0.9794		0.6863
 25 	0.415		0.9594		0.8741		0.9775		0.6732
 26 	0.409		0.9605		0.8824		0.9802		0.6863
 27 	0.421		0.9588		0.8700		0.9794		0.6601
 28 	0.468		0.9477		0.8700		0.9780		0.6601
 29 	0.414		0.9577		0.8741		0.9777		0.6601
 30 	0.401		0.9613		0.8741		0.9804		0.6601
 31 	0.423		0.9545		0.8782		0.9814		0.6732
 32 	0.394		0.9622		0.8741		0.9794		0.6601
 33 	0.391		0.9643		0.8803		0.9818		0.6863
 34 	0.423		0.9568		0.8885		0.9805		0.6863
 35 	0.417		0.9590		0.8803		0.9808		0.6863
 36 	0.398		0.9645		0.8741		0.9801		0.6601
 37 	0.402		0.9617		0.8720		0.9795		0.6601
 38 	0.374		0.9664		0.9009		0.9806		0.7124
 39 	0.397		0.9634		0.8865		0.9796		0.6601
 40 	0.390		0.9618		0.8782		0.9811		0.6601
 41 	0.404		0.9605		0.8782		0.9799		0.6601
 42 	0.351		0.9702		0.8782		0.9794		0.6601
 43 	0.382		0.9660		0.8762		0.9780		0.6471
 44 	0.374		0.9667		0.8782		0.9801		0.6601
 45 	0.374		0.9691		0.8782		0.9801		0.6601
 46 	0.379		0.9677		0.8927		0.9823		0.6863
 47 	0.370		0.9694		0.8927		0.9820		0.6863
 48 	0.367		0.9670		0.8762		0.9797		0.6471
 49 	0.361		0.9681		0.8885		0.9807		0.6601
Best test SRCC 0.954592, PLCC 0.980545, KRCC 0.856209
Round 6
Epoch	Train_Loss	Train_SRCC	Test_SRCC	Test_PLCC	Test_KROCC
  0 	0.605		0.8877		0.8300		0.9438		0.5941
  1 	0.532		0.8999		0.8362		0.9401		0.6073
  2 	0.483		0.9201		0.8506		0.9295		0.6469
  3 	0.459		0.9305		0.8506		0.9323		0.6469
  4 	0.420		0.9388		0.8827		0.9380		0.6865
  5 	0.401		0.9465		0.8693		0.9432		0.6601
  6 	0.426		0.9390		0.8434		0.9394		0.5941
  7 	0.417		0.9429		0.8331		0.9357		0.5809
  8 	0.383		0.9496		0.8227		0.9377		0.5545
  9 	0.369		0.9537		0.8227		0.9355		0.5545
 10 	0.375		0.9545		0.8248		0.9361		0.5677
 11 	0.362		0.9546		0.8672		0.9369		0.6733
 12 	0.364		0.9580		0.8434		0.9382		0.6073
 13 	0.376		0.9544		0.8693		0.9361		0.6865
 14 	0.350		0.9604		0.8786		0.9364		0.6997
 15 	0.334		0.9641		0.8941		0.9410		0.7261
 16 	0.361		0.9586		0.8662		0.9372		0.6733
 17 	0.349		0.9637		0.8744		0.9355		0.6997
 18 	0.333		0.9654		0.8693		0.9371		0.6865
 19 	0.351		0.9605		0.8879		0.9389		0.7261
 20 	0.351		0.9614		0.8858		0.9405		0.6997
 21 	0.334		0.9664		0.8910		0.9401		0.7129
 22 	0.337		0.9653		0.9168		0.9434		0.7657
 23 	0.368		0.9563		0.8806		0.9340		0.6997
 24 	0.340		0.9625		0.8930		0.9372		0.7393
 25 	0.326		0.9665		0.8755		0.9375		0.6865
 26 	0.306		0.9708		0.8848		0.9397		0.6997
 27 	0.300		0.9738		0.8961		0.9434		0.7393
 28 	0.298		0.9713		0.8713		0.9332		0.6865
 29 	0.307		0.9720		0.8713		0.9337		0.6865
 30 	0.299		0.9710		0.8724		0.9420		0.6865
 31 	0.301		0.9720		0.8631		0.9358		0.6601
 32 	0.307		0.9713		0.8848		0.9379		0.6997
 33 	0.305		0.9723		0.8755		0.9384		0.6865
 34 	0.288		0.9750		0.8920		0.9413		0.7129
 35 	0.305		0.9728		0.8920		0.9452		0.7129
 36 	0.296		0.9718		0.8786		0.9417		0.6997
 37 	0.310		0.9696		0.8817		0.9401		0.6997
 38 	0.297		0.9722		0.8724		0.9381		0.6733
 39 	0.301		0.9715		0.8848		0.9390		0.6997
 40 	0.298		0.9724		0.8651		0.9362		0.6733
 41 	0.303		0.9738		0.9003		0.9419		0.7261
 42 	0.307		0.9706		0.8713		0.9404		0.6865
 43 	0.287		0.9738		0.8941		0.9442		0.7261
 44 	0.291		0.9726		0.8755		0.9394		0.6865
 45 	0.281		0.9744		0.8755		0.9403		0.6865
 46 	0.293		0.9729		0.8506		0.9388		0.6337
 47 	0.299		0.9725		0.8599		0.9382		0.6601
 48 	0.291		0.9729		0.8631		0.9379		0.6601
 49 	0.303		0.9704		0.8620		0.9380		0.6601
Best test SRCC 0.916797, PLCC 0.943380, KRCC 0.765714
Round 7
Epoch	Train_Loss	Train_SRCC	Test_SRCC	Test_PLCC	Test_KROCC
  0 	0.882		0.8640		0.8431		0.9731		0.5948
  1 	0.608		0.8826		0.8431		0.9729		0.5948
  2 	0.577		0.8863		0.8535		0.9713		0.6078
  3 	0.562		0.9045		0.8555		0.9695		0.6078
  4 	0.531		0.9089		0.8596		0.9718		0.6340
  5 	0.505		0.9205		0.8658		0.9679		0.6471
  6 	0.510		0.9213		0.8679		0.9721		0.6601
  7 	0.485		0.9243		0.8679		0.9712		0.6601
  8 	0.448		0.9289		0.8741		0.9728		0.6601
  9 	0.444		0.9329		0.8803		0.9710		0.6732
 10 	0.434		0.9384		0.8762		0.9746		0.6601
 11 	0.422		0.9431		0.9133		0.9737		0.7516
 12 	0.434		0.9409		0.8947		0.9747		0.6993
 13 	0.415		0.9469		0.9340		0.9762		0.7908
 14 	0.422		0.9479		0.8885		0.9644		0.6993
 15 	0.417		0.9467		0.8927		0.9694		0.6993
 16 	0.408		0.9496		0.9092		0.9713		0.7386
 17 	0.412		0.9475		0.8906		0.9686		0.6993
 18 	0.383		0.9544		0.8989		0.9661		0.7255
 19 	0.398		0.9519		0.8927		0.9702		0.7124
 20 	0.396		0.9559		0.9009		0.9717		0.7255
 21 	0.399		0.9527		0.8906		0.9686		0.7124
 22 	0.368		0.9600		0.8927		0.9634		0.7124
 23 	0.388		0.9559		0.8927		0.9684		0.7124
 24 	0.382		0.9590		0.8968		0.9666		0.7255
 25 	0.373		0.9590		0.8968		0.9699		0.7255
 26 	0.374		0.9591		0.8927		0.9706		0.7124
 27 	0.359		0.9604		0.9174		0.9713		0.7647
 28 	0.344		0.9645		0.9133		0.9722		0.7647
 29 	0.381		0.9602		0.9051		0.9727		0.7386
 30 	0.377		0.9595		0.9257		0.9720		0.7908
 31 	0.354		0.9630		0.9071		0.9721		0.7386
 32 	0.357		0.9628		0.9071		0.9707		0.7516
 33 	0.354		0.9621		0.9051		0.9667		0.7516
 34 	0.352		0.9631		0.8968		0.9662		0.7255
 35 	0.337		0.9657		0.9051		0.9679		0.7516
 36 	0.347		0.9630		0.8947		0.9657		0.7124
 37 	0.338		0.9656		0.8968		0.9659		0.7255
 38 	0.338		0.9658		0.9051		0.9636		0.7516
 39 	0.353		0.9614		0.9051		0.9683		0.7516
 40 	0.348		0.9628		0.8927		0.9710		0.7124
 41 	0.357		0.9624		0.8968		0.9696		0.7255
 42 	0.341		0.9644		0.8844		0.9589		0.6732
 43 	0.337		0.9660		0.9154		0.9751		0.7647
 44 	0.331		0.9671		0.9298		0.9742		0.7908
 45 	0.318		0.9701		0.9133		0.9718		0.7516
 46 	0.354		0.9600		0.8968		0.9671		0.7255
 47 	0.327		0.9695		0.9298		0.9741		0.7908
 48 	0.328		0.9676		0.8989		0.9681		0.7255
 49 	0.331		0.9672		0.9009		0.9724		0.7386
Best test SRCC 0.933953, PLCC 0.976243, KRCC 0.790850
Round 8
Epoch	Train_Loss	Train_SRCC	Test_SRCC	Test_PLCC	Test_KROCC
  0 	2.323		0.5451		0.9251		0.9710		0.7869
  1 	0.754		0.8839		0.9585		0.9838		0.8659
  2 	0.699		0.8842		0.8967		0.9927		0.7171
  3 	0.689		0.8843		0.9141		0.9936		0.7575
  4 	0.691		0.8824		0.9381		0.9933		0.8078
  5 	0.683		0.8776		0.9034		0.9936		0.7393
  6 	0.680		0.8858		0.9008		0.9933		0.7303
  7 	0.676		0.8782		0.9034		0.9934		0.7393
  8 	0.696		0.8830		0.9024		0.9934		0.7344
  9 	0.686		0.8827		0.8983		0.9937		0.7213
 10 	0.682		0.8844		0.8900		0.9936		0.7082
 11 	0.677		0.8812		0.8952		0.9937		0.7082
 12 	0.676		0.8808		0.8900		0.9937		0.7082
 13 	0.682		0.8843		0.8952		0.9939		0.7082
 14 	0.683		0.8877		0.9303		0.9931		0.7738
 15 	0.673		0.8943		0.9293		0.9935		0.7738
 16 	0.684		0.8907		0.9324		0.9940		0.7869
 17 	0.662		0.9030		0.9272		0.9943		0.7869
 18 	0.632		0.9150		0.9324		0.9934		0.7869
 19 	0.612		0.9240		0.9324		0.9934		0.7869
 20 	0.589		0.9215		0.9158		0.9942		0.7475
 21 	0.552		0.9357		0.8818		0.9921		0.6820
 22 	0.540		0.9405		0.8725		0.9918		0.6426
 23 	0.536		0.9393		0.8756		0.9918		0.6557
 24 	0.534		0.9388		0.8725		0.9910		0.6426
 25 	0.496		0.9520		0.8756		0.9882		0.6557
 26 	0.494		0.9510		0.8931		0.9901		0.6951
 27 	0.498		0.9517		0.8931		0.9850		0.6951
 28 	0.475		0.9549		0.8931		0.9842		0.6951
 29 	0.479		0.9529		0.8838		0.9870		0.6951
 30 	0.481		0.9530		0.8983		0.9810		0.7082
 31 	0.503		0.9513		0.8983		0.9868		0.7082
 32 	0.464		0.9582		0.8849		0.9872		0.6820
 33 	0.451		0.9600		0.8983		0.9861		0.7082
 34 	0.434		0.9637		0.8931		0.9865		0.6951
 35 	0.462		0.9584		0.8983		0.9842		0.7082
 36 	0.441		0.9598		0.8900		0.9854		0.6951
 37 	0.487		0.9537		0.8931		0.9832		0.6951
 38 	0.452		0.9615		0.8931		0.9867		0.7082
 39 	0.426		0.9642		0.8849		0.9888		0.6820
 40 	0.434		0.9602		0.8931		0.9880		0.7082
 41 	0.420		0.9641		0.8725		0.9820		0.6689
 42 	0.508		0.9502		0.8745		0.9820		0.6689
 43 	0.469		0.9589		0.8931		0.9856		0.6951
 44 	0.420		0.9661		0.8725		0.9826		0.6689
 45 	0.421		0.9642		0.8973		0.9866		0.7082
 46 	0.451		0.9576		0.8890		0.9880		0.6951
 47 	0.435		0.9625		0.8745		0.9831		0.6689
 48 	0.428		0.9627		0.8818		0.9855		0.6689
 49 	0.435		0.9634		0.8704		0.9812		0.6557
Best test SRCC 0.958476, PLCC 0.983838, KRCC 0.865947
Round 9
Epoch	Train_Loss	Train_SRCC	Test_SRCC	Test_PLCC	Test_KROCC
  0 	0.744		0.8884		0.8679		0.9614		0.6340
  1 	0.571		0.8954		0.8390		0.9550		0.5817
  2 	0.563		0.8977		0.8514		0.9542		0.6078
  3 	0.536		0.9077		0.8308		0.9549		0.5686
  4 	0.535		0.9105		0.8844		0.9611		0.6993
  5 	0.524		0.9156		0.8411		0.9570		0.6078
  6 	0.482		0.9252		0.8885		0.9606		0.6993
  7 	0.488		0.9211		0.9030		0.9601		0.7386
  8 	0.468		0.9293		0.8885		0.9595		0.7255
  9 	0.477		0.9265		0.9360		0.9620		0.8170
 10 	0.453		0.9374		0.9422		0.9602		0.8170
 11 	0.444		0.9402		0.9505		0.9620		0.8431
 12 	0.435		0.9402		0.9505		0.9631		0.8431
 13 	0.436		0.9425		0.9546		0.9641		0.8562
 14 	0.429		0.9466		0.9319		0.9608		0.8039
 15 	0.423		0.9483		0.9154		0.9616		0.7647
 16 	0.455		0.9410		0.8989		0.9618		0.7255
 17 	0.413		0.9516		0.9133		0.9623		0.7516
 18 	0.399		0.9559		0.9071		0.9634		0.7516
 19 	0.404		0.9536		0.9030		0.9607		0.7516
 20 	0.382		0.9605		0.8947		0.9607		0.7255
 21 	0.394		0.9546		0.8947		0.9600		0.7255
 22 	0.360		0.9622		0.8927		0.9589		0.7124
 23 	0.369		0.9605		0.8906		0.9605		0.7124
 24 	0.384		0.9599		0.9071		0.9616		0.7516
 25 	0.397		0.9550		0.8906		0.9602		0.6993
 26 	0.354		0.9648		0.8906		0.9576		0.7124
 27 	0.356		0.9651		0.8885		0.9607		0.7124
 28 	0.365		0.9606		0.9051		0.9606		0.7386
 29 	0.371		0.9603		0.8989		0.9605		0.7386
 30 	0.351		0.9638		0.8906		0.9596		0.7124
 31 	0.355		0.9628		0.8803		0.9586		0.6993
 32 	0.341		0.9666		0.8906		0.9616		0.7255
 33 	0.353		0.9643		0.8762		0.9610		0.6993
 34 	0.364		0.9619		0.9051		0.9610		0.7386
 35 	0.377		0.9610		0.8968		0.9617		0.7386
 36 	0.349		0.9647		0.8968		0.9576		0.7255
 37 	0.315		0.9705		0.8947		0.9573		0.7124
 38 	0.320		0.9697		0.9009		0.9561		0.7516
 39 	0.330		0.9678		0.8968		0.9596		0.7255
 40 	0.328		0.9691		0.9051		0.9629		0.7647
 41 	0.326		0.9688		0.9009		0.9609		0.7516
 42 	0.333		0.9671		0.9009		0.9576		0.7516
 43 	0.360		0.9625		0.8906		0.9554		0.7124
 44 	0.332		0.9681		0.9030		0.9610		0.7516
 45 	0.312		0.9719		0.9030		0.9548		0.7516
 46 	0.335		0.9676		0.9071		0.9629		0.7647
 47 	0.325		0.9685		0.9051		0.9633		0.7386
 48 	0.317		0.9707		0.9195		0.9631		0.7778
 49 	0.338		0.9657		0.8989		0.9621		0.7386
Best test SRCC 0.954592, PLCC 0.964134, KRCC 0.856209
Round 10
Epoch	Train_Loss	Train_SRCC	Test_SRCC	Test_PLCC	Test_KROCC
  0 	0.905		0.8735		0.8885		0.9764		0.7124
  1 	0.690		0.8800		0.9216		0.9865		0.7647
  2 	0.661		0.8790		0.9319		0.9869		0.7908
  3 	0.662		0.8897		0.9154		0.9847		0.7386
  4 	0.642		0.8984		0.8968		0.9878		0.7124
  5 	0.611		0.9110		0.8947		0.9869		0.7124
  6 	0.561		0.9221		0.8989		0.9872		0.7255
  7 	0.571		0.9276		0.9030		0.9869		0.7255
  8 	0.549		0.9316		0.9112		0.9876		0.7386
  9 	0.529		0.9346		0.8989		0.9871		0.7124
 10 	0.522		0.9352		0.9071		0.9836		0.7255
 11 	0.509		0.9426		0.9030		0.9847		0.7255
 12 	0.511		0.9429		0.9154		0.9859		0.7516
 13 	0.496		0.9450		0.8906		0.9854		0.6863
 14 	0.497		0.9482		0.9030		0.9853		0.7255
 15 	0.475		0.9503		0.9030		0.9815		0.7124
 16 	0.476		0.9493		0.9071		0.9834		0.7255
 17 	0.435		0.9566		0.9030		0.9793		0.7124
 18 	0.440		0.9577		0.8989		0.9819		0.7124
 19 	0.409		0.9627		0.9071		0.9827		0.7255
 20 	0.416		0.9604		0.8947		0.9802		0.6993
 21 	0.409		0.9634		0.8947		0.9798		0.6993
 22 	0.412		0.9617		0.8947		0.9805		0.6993
 23 	0.400		0.9644		0.9030		0.9776		0.7124
 24 	0.395		0.9666		0.8947		0.9800		0.6993
 25 	0.401		0.9635		0.8947		0.9787		0.6993
 26 	0.400		0.9649		0.9030		0.9792		0.7124
 27 	0.394		0.9677		0.8844		0.9779		0.6863
 28 	0.398		0.9652		0.8885		0.9810		0.6993
 29 	0.387		0.9656		0.8844		0.9802		0.6863
 30 	0.394		0.9661		0.8844		0.9803		0.6863
 31 	0.386		0.9678		0.8947		0.9807		0.6993
 32 	0.369		0.9693		0.8906		0.9789		0.6863
 33 	0.361		0.9710		0.8844		0.9811		0.6863
 34 	0.360		0.9713		0.9009		0.9812		0.6993
 35 	0.360		0.9692		0.8844		0.9813		0.6863
 36 	0.364		0.9700		0.8947		0.9800		0.6993
 37 	0.356		0.9716		0.8844		0.9800		0.6863
 38 	0.353		0.9718		0.8906		0.9813		0.7124
 39 	0.360		0.9704		0.8885		0.9803		0.6993
 40 	0.355		0.9720		0.8947		0.9803		0.6993
 41 	0.356		0.9716		0.9009		0.9791		0.6993
 42 	0.392		0.9664		0.8947		0.9804		0.6993
 43 	0.363		0.9712		0.8906		0.9807		0.6863
 44 	0.347		0.9714		0.8968		0.9803		0.7124
 45 	0.347		0.9723		0.8989		0.9823		0.7255
 46 	0.350		0.9727		0.8947		0.9823		0.7124
 47 	0.379		0.9679		0.8865		0.9818		0.6993
 48 	0.361		0.9711		0.8947		0.9784		0.6993
 49 	0.360		0.9710		0.8906		0.9822		0.7124
Best test SRCC 0.931889, PLCC 0.986891, KRCC 0.790850
[0.89473684 0.91322363 0.94840041 0.95362013 0.95459236 0.91679697
 0.93395253 0.95847606 0.95459236 0.93188854]
[0.9586665  0.98304162 0.97857752 0.97535779 0.98054464 0.94337984
 0.97624283 0.98383824 0.96413438 0.98689094]
[0.7124183  0.75659532 0.80392157 0.84106948 0.85620915 0.7657141
 0.79084967 0.86594735 0.85620915 0.79084967]
Testing mean SRCC 0.9360,	mean PLCC 0.9731,mean KRCC 0.8040
