DeepSRQ
Training and testing on Waterloo dataset for 10 rounds...
Round 1
Epoch	Train_Loss	Train_SRCC	Test_SRCC	Test_PLCC	Test_KROCC
  0 	1.393		0.7793		0.8914		0.9600		0.7020
  1 	0.591		0.8902		0.9292		0.9603		0.7708
  2 	0.592		0.8871		0.9439		0.9599		0.8258
  3 	0.593		0.8854		0.9376		0.9602		0.7983
  4 	0.591		0.8861		0.9292		0.9591		0.7983
  5 	0.609		0.8919		0.9118		0.9594		0.7667
  6 	0.608		0.8878		0.8910		0.9592		0.7129
  7 	0.609		0.8887		0.9103		0.9588		0.7570
  8 	0.602		0.8891		0.9124		0.9608		0.7708
  9 	0.595		0.8887		0.8961		0.9574		0.7114
 10 	0.591		0.8849		0.9040		0.9607		0.7433
 11 	0.607		0.8864		0.8745		0.9587		0.6820
 12 	0.600		0.8900		0.8753		0.9587		0.6822
 13 	0.667		0.8868		0.9019		0.9604		0.7433
 14 	0.605		0.8859		0.8626		0.9595		0.6382
 15 	0.581		0.8821		0.8887		0.9584		0.6976
 16 	0.606		0.8847		0.8920		0.9594		0.7129
 17 	0.600		0.8849		0.8585		0.9593		0.6250
 18 	0.590		0.8867		0.8994		0.9605		0.7268
 19 	0.596		0.8875		0.8786		0.9588		0.6601
 20 	0.598		0.8832		0.8641		0.9589		0.6601
 21 	0.606		0.8884		0.8508		0.9598		0.6295
 22 	0.641		0.8868		0.8874		0.9595		0.7040
 23 	0.587		0.8900		0.9060		0.9575		0.7348
 24 	0.592		0.8860		0.8605		0.9606		0.6513
 25 	0.591		0.8905		0.9079		0.9600		0.7443
 26 	0.593		0.8896		0.8809		0.9588		0.6744
 27 	0.595		0.8873		0.9023		0.9600		0.7445
 28 	0.636		0.8896		0.9159		0.9593		0.7682
 29 	0.601		0.8831		0.8801		0.9596		0.6844
 30 	0.598		0.8920		0.9243		0.9586		0.7822
 31 	0.586		0.8852		0.9268		0.9592		0.7800
 32 	0.607		0.8839		0.9241		0.9600		0.7759
 33 	0.623		0.8862		0.9203		0.9586		0.7654
 34 	0.588		0.8885		0.9219		0.9599		0.7759
 35 	0.633		0.8875		0.9264		0.9601		0.7986
 36 	0.627		0.8879		0.9459		0.9600		0.8442
 37 	0.602		0.8853		0.9059		0.9582		0.7319
 38 	0.607		0.8878		0.9284		0.9591		0.8051
 39 	0.600		0.8932		0.9443		0.9594		0.8402
 40 	0.595		0.8885		0.9443		0.9605		0.8402
 41 	0.606		0.8860		0.9235		0.9605		0.7864
 42 	0.624		0.8818		0.9443		0.9585		0.8402
 43 	0.594		0.8850		0.9443		0.9586		0.8402
 44 	0.607		0.8826		0.9443		0.9598		0.8402
 45 	0.592		0.8856		0.9443		0.9600		0.8402
 46 	0.596		0.8870		0.9443		0.9593		0.8402
 47 	0.602		0.8895		0.9443		0.9600		0.8402
 48 	0.604		0.8861		0.9443		0.9601		0.8402
 49 	0.610		0.8853		0.9443		0.9605		0.8402
Best test SRCC 0.945928, PLCC 0.959996, KRCC 0.844186
Round 2
Epoch	Train_Loss	Train_SRCC	Test_SRCC	Test_PLCC	Test_KROCC
  0 	0.885		0.8338		0.8688		0.9838		0.6645
  1 	0.617		0.8840		0.8957		0.9828		0.7171
  2 	0.626		0.8822		0.8920		0.9833		0.7129
  3 	0.626		0.8850		0.8812		0.9847		0.6776
  4 	0.649		0.8821		0.8827		0.9842		0.6865
  5 	0.634		0.8853		0.9039		0.9836		0.7171
  6 	0.614		0.8799		0.9271		0.9829		0.7921
  7 	0.604		0.8826		0.9085		0.9824		0.7393
  8 	0.650		0.8879		0.9391		0.9853		0.8092
  9 	0.680		0.8810		0.9039		0.9836		0.7171
 10 	0.613		0.8818		0.9147		0.9816		0.7393
 11 	0.630		0.8815		0.8905		0.9837		0.7040
 12 	0.620		0.8816		0.8810		0.9830		0.6777
 13 	0.644		0.8856		0.9271		0.9835		0.7789
 14 	0.633		0.8852		0.9028		0.9834		0.7343
 15 	0.641		0.8843		0.8923		0.9834		0.7066
 16 	0.633		0.8840		0.9167		0.9835		0.7785
 17 	0.617		0.8844		0.9090		0.9793		0.7494
 18 	0.653		0.8835		0.9312		0.9832		0.8174
 19 	0.635		0.8827		0.9114		0.9843		0.7643
 20 	0.646		0.8814		0.9241		0.9830		0.7962
 21 	0.625		0.8857		0.9288		0.9842		0.7916
 22 	0.651		0.8844		0.9234		0.9826		0.7851
 23 	0.622		0.8808		0.9452		0.9837		0.8457
 24 	0.620		0.8832		0.9452		0.9830		0.8457
 25 	0.628		0.8838		0.9452		0.9830		0.8457
 26 	0.654		0.8820		0.9452		0.9831		0.8457
 27 	0.631		0.8842		0.9452		0.9840		0.8457
 28 	0.647		0.8837		0.9452		0.9827		0.8457
 29 	0.612		0.8821		0.9452		0.9811		0.8457
 30 	0.606		0.8880		0.9452		0.9830		0.8457
 31 	0.608		0.8846		0.9452		0.9832		0.8457
 32 	0.605		0.8832		0.9452		0.9839		0.8457
 33 	0.621		0.8835		0.9452		0.9836		0.8457
 34 	0.605		0.8820		0.9452		0.9813		0.8457
 35 	0.598		0.8846		0.9452		0.9832		0.8457
 36 	0.626		0.8804		0.9452		0.9812		0.8457
 37 	0.608		0.8800		0.9452		0.9835		0.8457
 38 	0.607		0.8843		0.9452		0.9811		0.8457
 39 	0.615		0.8826		0.9452		0.9821		0.8457
 40 	0.628		0.8823		0.9452		0.9828		0.8457
 41 	0.605		0.8826		0.9452		0.9800		0.8457
 42 	0.607		0.8814		0.9452		0.9830		0.8457
 43 	0.611		0.8847		0.9452		0.9819		0.8457
 44 	0.617		0.8816		0.9452		0.9809		0.8457
 45 	0.621		0.8836		0.9452		0.9836		0.8457
 46 	0.596		0.8793		0.9452		0.9808		0.8457
 47 	0.615		0.8843		0.9452		0.9806		0.8457
 48 	0.676		0.8796		0.9452		0.9819		0.8457
 49 	0.615		0.8853		0.9452		0.9801		0.8457
Best test SRCC 0.945243, PLCC 0.983665, KRCC 0.845714
Round 3
Epoch	Train_Loss	Train_SRCC	Test_SRCC	Test_PLCC	Test_KROCC
  0 	1.525		0.7129		0.9550		0.9580		0.8496
  1 	0.620		0.8926		0.9011		0.9680		0.7217
  2 	0.571		0.8845		0.9034		0.9737		0.7391
  3 	0.573		0.8832		0.9019		0.9740		0.7295
  4 	0.558		0.8868		0.8645		0.9729		0.6474
  5 	0.601		0.8905		0.8493		0.9738		0.5919
  6 	0.566		0.8872		0.8430		0.9739		0.5781
  7 	0.549		0.8851		0.8487		0.9740		0.5871
  8 	0.559		0.8815		0.8493		0.9737		0.5919
  9 	0.563		0.8866		0.8493		0.9737		0.5919
 10 	0.558		0.8832		0.8535		0.9736		0.6056
 11 	0.545		0.8901		0.8870		0.9734		0.7028
 12 	0.581		0.8784		0.8508		0.9740		0.6009
 13 	0.544		0.8885		0.8493		0.9739		0.5919
 14 	0.549		0.8858		0.8554		0.9742		0.6193
 15 	0.568		0.8840		0.9011		0.9736		0.7217
 16 	0.564		0.8851		0.9011		0.9739		0.7217
 17 	0.561		0.8856		0.9096		0.9737		0.7432
 18 	0.549		0.8828		0.8973		0.9737		0.7173
 19 	0.567		0.8853		0.9390		0.9739		0.8264
 20 	0.557		0.8856		0.9011		0.9740		0.7217
 21 	0.557		0.8925		0.9644		0.9740		0.8866
 22 	0.564		0.8860		0.9142		0.9738		0.7600
 23 	0.545		0.8869		0.9417		0.9737		0.8296
 24 	0.555		0.8860		0.9199		0.9734		0.7833
 25 	0.568		0.8854		0.9093		0.9741		0.7549
 26 	0.556		0.8885		0.8973		0.9734		0.7173
 27 	0.559		0.8896		0.9443		0.9739		0.8402
 28 	0.568		0.8919		0.9443		0.9740		0.8402
 29 	0.560		0.8888		0.9443		0.9736		0.8402
 30 	0.561		0.8872		0.9443		0.9738		0.8402
 31 	0.560		0.8872		0.9443		0.9736		0.8402
 32 	0.558		0.8820		0.9443		0.9740		0.8402
 33 	0.555		0.8814		0.9443		0.9739		0.8402
 34 	0.554		0.8887		0.9443		0.9736		0.8402
 35 	0.559		0.8854		0.9443		0.9738		0.8402
 36 	0.557		0.8884		0.9443		0.9732		0.8402
 37 	0.574		0.8901		0.9443		0.9738		0.8402
 38 	0.569		0.8890		0.9443		0.9739		0.8402
 39 	0.562		0.8873		0.9443		0.9734		0.8402
 40 	0.555		0.8846		0.9443		0.9740		0.8402
 41 	0.569		0.8863		0.9443		0.9739		0.8402
 42 	0.574		0.8845		0.9443		0.9739		0.8402
 43 	0.569		0.8884		0.9443		0.9733		0.8402
 44 	0.580		0.8903		0.9443		0.9733		0.8402
 45 	0.577		0.8853		0.9443		0.9735		0.8402
 46 	0.562		0.8896		0.9443		0.9735		0.8402
 47 	0.576		0.8856		0.9443		0.9738		0.8402
 48 	0.579		0.8865		0.9443		0.9741		0.8402
 49 	0.561		0.8831		0.9443		0.9736		0.8402
Best test SRCC 0.964372, PLCC 0.973984, KRCC 0.886621
Round 4
Epoch	Train_Loss	Train_SRCC	Test_SRCC	Test_PLCC	Test_KROCC
  0 	1.119		0.7810		0.8766		0.9755		0.6689
  1 	0.611		0.8874		0.8853		0.9753		0.6908
  2 	0.602		0.8851		0.9024		0.9756		0.7303
  3 	0.635		0.8831		0.8760		0.9750		0.6733
  4 	0.594		0.8839		0.8818		0.9743		0.6820
  5 	0.621		0.8875		0.8776		0.9757		0.6689
  6 	0.610		0.8799		0.8849		0.9752		0.6951
  7 	0.605		0.8835		0.8818		0.9755		0.6820
  8 	0.596		0.8813		0.8838		0.9745		0.6908
  9 	0.601		0.8864		0.8818		0.9757		0.6820
 10 	0.660		0.8764		0.8715		0.9757		0.6689
 11 	0.606		0.8841		0.8818		0.9740		0.6820
 12 	0.592		0.8838		0.8962		0.9754		0.7213
 13 	0.589		0.8832		0.8936		0.9756		0.7171
 14 	0.582		0.8847		0.8962		0.9747		0.7213
 15 	0.607		0.8834		0.9380		0.9757		0.8092
 16 	0.649		0.8831		0.8560		0.9755		0.6295
 17 	0.601		0.8852		0.8548		0.9753		0.6469
 18 	0.601		0.8850		0.8586		0.9754		0.6467
 19 	0.594		0.8792		0.8939		0.9749		0.7181
 20 	0.612		0.8816		0.8800		0.9741		0.6821
 21 	0.633		0.8824		0.9007		0.9755		0.7415
 22 	0.597		0.8793		0.8960		0.9749		0.7233
 23 	0.629		0.8825		0.9551		0.9757		0.8557
 24 	0.582		0.8793		0.9010		0.9751		0.7343
 25 	0.603		0.8852		0.9448		0.9757		0.8429
 26 	0.604		0.8831		0.9448		0.9749		0.8429
 27 	0.613		0.8829		0.9203		0.9747		0.7784
 28 	0.581		0.8767		0.9448		0.9752		0.8429
 29 	0.605		0.8832		0.9448		0.9745		0.8429
 30 	0.601		0.8841		0.9448		0.9750		0.8429
 31 	0.590		0.8822		0.9448		0.9752		0.8429
 32 	0.597		0.8820		0.9448		0.9755		0.8429
 33 	0.595		0.8822		0.9448		0.9754		0.8429
 34 	0.603		0.8852		0.9448		0.9754		0.8429
 35 	0.591		0.8870		0.9448		0.9753		0.8429
 36 	0.592		0.8852		0.9448		0.9752		0.8429
 37 	0.594		0.8828		0.9448		0.9753		0.8429
 38 	0.591		0.8813		0.9448		0.9752		0.8429
 39 	0.597		0.8814		0.9448		0.9749		0.8429
 40 	0.586		0.8820		0.9448		0.9758		0.8429
 41 	0.593		0.8852		0.9448		0.9744		0.8429
 42 	0.602		0.8839		0.9448		0.9755		0.8429
 43 	0.603		0.8833		0.9448		0.9745		0.8429
 44 	0.604		0.8832		0.9448		0.9753		0.8429
 45 	0.588		0.8818		0.9448		0.9749		0.8429
 46 	0.605		0.8774		0.9448		0.9755		0.8429
 47 	0.600		0.8798		0.9448		0.9751		0.8429
 48 	0.608		0.8790		0.9448		0.9755		0.8429
 49 	0.607		0.8772		0.9448		0.9745		0.8429
Best test SRCC 0.955125, PLCC 0.975672, KRCC 0.855680
Round 5
Epoch	Train_Loss	Train_SRCC	Test_SRCC	Test_PLCC	Test_KROCC
  0 	1.055		0.8481		0.9216		0.9848		0.7778
  1 	0.674		0.8789		0.9092		0.9845		0.7386
  2 	0.663		0.8837		0.8906		0.9847		0.6993
  3 	0.658		0.8825		0.9158		0.9848		0.7738
  4 	0.702		0.8781		0.9257		0.9847		0.7778
  5 	0.679		0.8769		0.9319		0.9848		0.7778
  6 	0.652		0.8794		0.9340		0.9848		0.7908
  7 	0.660		0.8804		0.9138		0.9848		0.7607
  8 	0.669		0.8780		0.9340		0.9846		0.7908
  9 	0.648		0.8849		0.9370		0.9848		0.8092
 10 	0.666		0.8807		0.9198		0.9848		0.7617
 11 	0.662		0.8799		0.9278		0.9847		0.7778
 12 	0.666		0.8847		0.9349		0.9847		0.8092
 13 	0.687		0.8778		0.9262		0.9848		0.7869
 14 	0.672		0.8825		0.8957		0.9848		0.7171
 15 	0.658		0.8798		0.9085		0.9848		0.7525
 16 	0.667		0.8772		0.8951		0.9848		0.7173
 17 	0.648		0.8852		0.8870		0.9848		0.6844
 18 	0.669		0.8815		0.9690		0.9848		0.8713
 19 	0.705		0.8803		0.9096		0.9848		0.7543
 20 	0.692		0.8784		0.9339		0.9848		0.8002
 21 	0.652		0.8776		0.9287		0.9848		0.7922
 22 	0.648		0.8784		0.9239		0.9848		0.7764
 23 	0.653		0.8794		0.9443		0.9848		0.8402
 24 	0.657		0.8798		0.9144		0.9848		0.7675
 25 	0.663		0.8797		0.9443		0.9848		0.8402
 26 	0.644		0.8807		0.9209		0.9848		0.7759
 27 	0.675		0.8818		0.9443		0.9847		0.8402
 28 	0.671		0.8815		0.9443		0.9847		0.8402
 29 	0.667		0.8791		0.9443		0.9846		0.8402
 30 	0.657		0.8806		0.9443		0.9847		0.8402
 31 	0.692		0.8842		0.9443		0.9845		0.8402
 32 	0.667		0.8784		0.9443		0.9848		0.8402
 33 	0.643		0.8848		0.9443		0.9848		0.8402
 34 	0.664		0.8828		0.9443		0.9847		0.8402
 35 	0.648		0.8820		0.9443		0.9848		0.8402
 36 	0.655		0.8787		0.9443		0.9848		0.8402
 37 	0.674		0.8778		0.9443		0.9848		0.8402
 38 	0.668		0.8779		0.9443		0.9847		0.8402
 39 	0.653		0.8837		0.9443		0.9848		0.8402
 40 	0.652		0.8766		0.9443		0.9848		0.8402
 41 	0.655		0.8799		0.9443		0.9848		0.8402
 42 	0.664		0.8807		0.9443		0.9848		0.8402
 43 	0.654		0.8807		0.9443		0.9848		0.8402
 44 	0.670		0.8823		0.9443		0.9848		0.8402
 45 	0.661		0.8839		0.9443		0.9847		0.8402
 46 	0.672		0.8791		0.9443		0.9848		0.8402
 47 	0.663		0.8815		0.9443		0.9847		0.8402
 48 	0.666		0.8728		0.9443		0.9848		0.8402
 49 	0.669		0.8805		0.9443		0.9848		0.8402
Best test SRCC 0.968978, PLCC 0.984808, KRCC 0.871330
Round 6
Epoch	Train_Loss	Train_SRCC	Test_SRCC	Test_PLCC	Test_KROCC
  0 	1.333		0.7300		0.8707		0.9485		0.6689
  1 	0.572		0.8889		0.8475		0.9409		0.6205
  2 	0.550		0.8899		0.9034		0.9394		0.7261
  3 	0.606		0.8877		0.9027		0.9430		0.7309
  4 	0.540		0.8872		0.9044		0.9431		0.7129
  5 	0.541		0.8851		0.8568		0.9409		0.6159
  6 	0.548		0.8839		0.8641		0.9411		0.6337
  7 	0.559		0.8858		0.8552		0.9435		0.6093
  8 	0.553		0.8890		0.8548		0.9420		0.6073
  9 	0.546		0.8837		0.8579		0.9419		0.5941
 10 	0.570		0.8880		0.9147		0.9434		0.7616
 11 	0.581		0.8880		0.8486		0.9409		0.5809
 12 	0.560		0.8913		0.8703		0.9430		0.6601
 13 	0.530		0.8886		0.8424		0.9416		0.5809
 14 	0.568		0.8865		0.8547		0.9424		0.6292
 15 	0.538		0.8943		0.8351		0.9432		0.5677
 16 	0.581		0.8863		0.8444		0.9394		0.5809
 17 	0.597		0.8897		0.8307		0.9388		0.5667
 18 	0.555		0.8869		0.8526		0.9425		0.6292
 19 	0.560		0.8899		0.8610		0.9410		0.6469
 20 	0.545		0.8853		0.8949		0.9430		0.7020
 21 	0.559		0.8860		0.9058		0.9414		0.7309
 22 	0.549		0.8882		0.8791		0.9391		0.6881
 23 	0.559		0.8809		0.8588		0.9436		0.6512
 24 	0.538		0.8904		0.9196		0.9403		0.7762
 25 	0.554		0.8896		0.9078		0.9411		0.7535
 26 	0.554		0.8863		0.8644		0.9406		0.6733
 27 	0.566		0.8847		0.9089		0.9439		0.7759
 28 	0.562		0.8863		0.9325		0.9440		0.7951
 29 	0.587		0.8820		0.9242		0.9423		0.7871
 30 	0.585		0.8848		0.9250		0.9448		0.7910
 31 	0.549		0.8869		0.9110		0.9411		0.7535
 32 	0.532		0.8882		0.9304		0.9432		0.8102
 33 	0.561		0.8863		0.9168		0.9424		0.7759
 34 	0.570		0.8883		0.9525		0.9401		0.8444
 35 	0.567		0.8846		0.8956		0.9438		0.7320
 36 	0.539		0.8842		0.9269		0.9430		0.7800
 37 	0.533		0.8902		0.9457		0.9430		0.8485
 38 	0.547		0.8913		0.9457		0.9423		0.8485
 39 	0.558		0.8911		0.9217		0.9430		0.7901
 40 	0.533		0.8928		0.9457		0.9412		0.8485
 41 	0.569		0.8889		0.9457		0.9376		0.8485
 42 	0.603		0.8887		0.9457		0.9419		0.8485
 43 	0.555		0.8885		0.9271		0.9414		0.8058
 44 	0.551		0.8921		0.9539		0.9396		0.8679
 45 	0.560		0.8850		0.9457		0.9405		0.8485
 46 	0.530		0.8924		0.9457		0.9422		0.8485
 47 	0.542		0.8882		0.9457		0.9414		0.8485
 48 	0.549		0.8854		0.9457		0.9431		0.8485
 49 	0.554		0.8828		0.9457		0.9417		0.8485
Best test SRCC 0.953907, PLCC 0.939581, KRCC 0.867948
Round 7
Epoch	Train_Loss	Train_SRCC	Test_SRCC	Test_PLCC	Test_KROCC
  0 	2.130		0.5961		0.9493		0.9785		0.8373
  1 	0.624		0.8828		0.9292		0.9734		0.7845
  2 	0.590		0.8868		0.9255		0.9722		0.7805
  3 	0.596		0.8858		0.9235		0.9720		0.7525
  4 	0.602		0.8856		0.9460		0.9731		0.8258
  5 	0.582		0.8851		0.9397		0.9709		0.7983
  6 	0.592		0.8817		0.9397		0.9728		0.7983
  7 	0.591		0.8846		0.9460		0.9743		0.8258
  8 	0.611		0.8845		0.9291		0.9732		0.7775
  9 	0.617		0.8789		0.9397		0.9722		0.7983
 10 	0.613		0.8840		0.9397		0.9736		0.7983
 11 	0.591		0.8797		0.9138		0.9694		0.7475
 12 	0.598		0.8859		0.9274		0.9723		0.7802
 13 	0.596		0.8894		0.9179		0.9721		0.7607
 14 	0.594		0.8870		0.9460		0.9726		0.8258
 15 	0.604		0.8842		0.9195		0.9724		0.7647
 16 	0.587		0.8825		0.9423		0.9729		0.8081
 17 	0.585		0.8847		0.9439		0.9732		0.8121
 18 	0.597		0.8810		0.9439		0.9717		0.8121
 19 	0.606		0.8838		0.9439		0.9711		0.8121
 20 	0.594		0.8818		0.9439		0.9708		0.8121
 21 	0.640		0.8782		0.9423		0.9717		0.8081
 22 	0.592		0.8866		0.9276		0.9710		0.7667
 23 	0.592		0.8817		0.9318		0.9741		0.7863
 24 	0.610		0.8850		0.9376		0.9716		0.7983
 25 	0.593		0.8833		0.9318		0.9731		0.7863
 26 	0.605		0.8833		0.9478		0.9693		0.8289
 27 	0.597		0.8836		0.9525		0.9716		0.8383
 28 	0.598		0.8859		0.9396		0.9720		0.8158
 29 	0.585		0.8862		0.9423		0.9712		0.8198
 30 	0.621		0.8793		0.9203		0.9698		0.7823
 31 	0.598		0.8791		0.9481		0.9735		0.8446
 32 	0.595		0.8870		0.9443		0.9724		0.8402
 33 	0.606		0.8861		0.9443		0.9718		0.8402
 34 	0.610		0.8852		0.9524		0.9732		0.8595
 35 	0.605		0.8831		0.9443		0.9711		0.8402
 36 	0.622		0.8831		0.9443		0.9715		0.8402
 37 	0.625		0.8851		0.9443		0.9720		0.8402
 38 	0.609		0.8807		0.9443		0.9719		0.8402
 39 	0.593		0.8856		0.9443		0.9720		0.8402
 40 	0.603		0.8871		0.9443		0.9726		0.8402
 41 	0.632		0.8808		0.9443		0.9720		0.8402
 42 	0.594		0.8871		0.9443		0.9711		0.8402
 43 	0.602		0.8857		0.9443		0.9724		0.8402
 44 	0.630		0.8876		0.9443		0.9704		0.8402
 45 	0.591		0.8786		0.9443		0.9717		0.8402
 46 	0.603		0.8858		0.9443		0.9725		0.8402
 47 	0.600		0.8827		0.9443		0.9721		0.8402
 48 	0.585		0.8863		0.9443		0.9722		0.8402
 49 	0.598		0.8817		0.9443		0.9728		0.8402
Best test SRCC 0.952489, PLCC 0.971564, KRCC 0.838300
Round 8
Epoch	Train_Loss	Train_SRCC	Test_SRCC	Test_PLCC	Test_KROCC
  0 	1.211		0.7827		0.8502		0.9852		0.6250
  1 	0.722		0.8821		0.8444		0.9937		0.5941
  2 	0.691		0.8865		0.9231		0.9933		0.7738
  3 	0.702		0.8790		0.8841		0.9934		0.7044
  4 	0.689		0.8803		0.8792		0.9930		0.6836
  5 	0.701		0.8831		0.9287		0.9935		0.7961
  6 	0.717		0.8865		0.8942		0.9936		0.7213
  7 	0.728		0.8836		0.9375		0.9937		0.8131
  8 	0.708		0.8821		0.8998		0.9934		0.7434
  9 	0.704		0.8832		0.8942		0.9934		0.7213
 10 	0.693		0.8791		0.9122		0.9937		0.7697
 11 	0.686		0.8804		0.8946		0.9937		0.7283
 12 	0.691		0.8794		0.8753		0.9937		0.6689
 13 	0.701		0.8825		0.8388		0.9935		0.5987
 14 	0.702		0.8822		0.9418		0.9935		0.8177
 15 	0.716		0.8851		0.9112		0.9935		0.7679
 16 	0.693		0.8832		0.9328		0.9936		0.7958
 17 	0.696		0.8836		0.9448		0.9935		0.8429
 18 	0.683		0.8793		0.9578		0.9937		0.8699
 19 	0.696		0.8825		0.9019		0.9934		0.7472
 20 	0.690		0.8824		0.9448		0.9935		0.8429
 21 	0.718		0.8846		0.9217		0.9935		0.7874
 22 	0.716		0.8805		0.9448		0.9933		0.8429
 23 	0.706		0.8804		0.9448		0.9937		0.8429
 24 	0.702		0.8852		0.9448		0.9935		0.8429
 25 	0.703		0.8804		0.9448		0.9931		0.8429
 26 	0.684		0.8811		0.9448		0.9934		0.8429
 27 	0.678		0.8799		0.9448		0.9934		0.8429
 28 	0.701		0.8808		0.9448		0.9935		0.8429
 29 	0.683		0.8804		0.9448		0.9935		0.8429
 30 	0.698		0.8822		0.9448		0.9937		0.8429
 31 	0.708		0.8737		0.9448		0.9935		0.8429
 32 	0.695		0.8773		0.9448		0.9928		0.8429
 33 	0.716		0.8814		0.9448		0.9936		0.8429
 34 	0.687		0.8825		0.9448		0.9936		0.8429
 35 	0.695		0.8816		0.9448		0.9933		0.8429
 36 	0.691		0.8855		0.9448		0.9937		0.8429
 37 	0.705		0.8813		0.9448		0.9937		0.8429
 38 	0.697		0.8816		0.9448		0.9935		0.8429
 39 	0.708		0.8795		0.9448		0.9936		0.8429
 40 	0.698		0.8742		0.9448		0.9935		0.8429
 41 	0.700		0.8791		0.9448		0.9930		0.8429
 42 	0.700		0.8856		0.9448		0.9936		0.8429
 43 	0.738		0.8836		0.9448		0.9936		0.8429
 44 	0.708		0.8829		0.9448		0.9937		0.8429
 45 	0.691		0.8840		0.9448		0.9935		0.8429
 46 	0.698		0.8827		0.9448		0.9936		0.8429
 47 	0.726		0.8789		0.9448		0.9933		0.8429
 48 	0.710		0.8809		0.9448		0.9935		0.8429
 49 	0.687		0.8798		0.9448		0.9934		0.8429
Best test SRCC 0.957792, PLCC 0.993692, KRCC 0.869943
Round 9
Epoch	Train_Loss	Train_SRCC	Test_SRCC	Test_PLCC	Test_KROCC
  0 	1.465		0.7450		0.9061		0.9602		0.7433
  1 	0.613		0.8879		0.9711		0.9593		0.8954
  2 	0.576		0.8908		0.9128		0.9596		0.7738
  3 	0.595		0.8875		0.9133		0.9603		0.7516
  4 	0.591		0.8934		0.8853		0.9595		0.7040
  5 	0.602		0.8854		0.9349		0.9593		0.7961
  6 	0.598		0.8920		0.9019		0.9601		0.7295
  7 	0.592		0.8952		0.9418		0.9605		0.7983
  8 	0.593		0.8857		0.9292		0.9581		0.7789
  9 	0.617		0.8874		0.8998		0.9588		0.7434
 10 	0.583		0.8911		0.9106		0.9596		0.7261
 11 	0.591		0.8887		0.8698		0.9591		0.6513
 12 	0.623		0.8888		0.9313		0.9598		0.7845
 13 	0.578		0.8861		0.9355		0.9596		0.7983
 14 	0.591		0.8887		0.8908		0.9594		0.7114
 15 	0.592		0.8891		0.8872		0.9589		0.7020
 16 	0.608		0.8901		0.8872		0.9603		0.7020
 17 	0.601		0.8861		0.8914		0.9590		0.7157
 18 	0.580		0.8863		0.8971		0.9593		0.7391
 19 	0.586		0.8850		0.8914		0.9587		0.7157
 20 	0.598		0.8844		0.9024		0.9604		0.7344
 21 	0.598		0.8833		0.8865		0.9596		0.7124
 22 	0.583		0.8904		0.8849		0.9607		0.7082
 23 	0.614		0.8926		0.8812		0.9581		0.7040
 24 	0.612		0.8883		0.8866		0.9604		0.6976
 25 	0.589		0.8874		0.8940		0.9599		0.7252
 26 	0.606		0.8881		0.9271		0.9578		0.7708
 27 	0.597		0.8848		0.8872		0.9588		0.6882
 28 	0.601		0.8897		0.9350		0.9594		0.8081
 29 	0.606		0.8848		0.8908		0.9597		0.7252
 30 	0.628		0.8872		0.9318		0.9604		0.7943
 31 	0.603		0.8896		0.8908		0.9600		0.6976
 32 	0.588		0.8869		0.9560		0.9600		0.8520
 33 	0.583		0.8841		0.9160		0.9595		0.7667
 34 	0.588		0.8857		0.9565		0.9594		0.8258
 35 	0.586		0.8939		0.8858		0.9601		0.6940
 36 	0.586		0.8857		0.9249		0.9594		0.7682
 37 	0.602		0.8888		0.9286		0.9601		0.7962
 38 	0.612		0.8892		0.9518		0.9606		0.8280
 39 	0.596		0.8934		0.9559		0.9560		0.8688
 40 	0.595		0.8944		0.9120		0.9598		0.7658
 41 	0.590		0.8885		0.9230		0.9599		0.7823
 42 	0.580		0.8910		0.9443		0.9598		0.8402
 43 	0.588		0.8899		0.9443		0.9594		0.8402
 44 	0.598		0.8861		0.9443		0.9579		0.8402
 45 	0.609		0.8893		0.9460		0.9585		0.8305
 46 	0.595		0.8894		0.9443		0.9601		0.8402
 47 	0.582		0.8838		0.9443		0.9596		0.8402
 48 	0.590		0.8870		0.9203		0.9598		0.7823
 49 	0.577		0.8857		0.9443		0.9589		0.8402
Best test SRCC 0.971104, PLCC 0.959277, KRCC 0.895425
Round 10
Epoch	Train_Loss	Train_SRCC	Test_SRCC	Test_PLCC	Test_KROCC
  0 	1.022		0.7932		0.9030		0.9854		0.7516
  1 	0.683		0.8844		0.8947		0.9870		0.7255
  2 	0.708		0.8780		0.8906		0.9873		0.7124
  3 	0.697		0.8802		0.8947		0.9873		0.7386
  4 	0.720		0.8814		0.9045		0.9873		0.7475
  5 	0.689		0.8834		0.9030		0.9831		0.7255
  6 	0.665		0.8819		0.9030		0.9860		0.7255
  7 	0.693		0.8801		0.9030		0.9873		0.7255
  8 	0.677		0.8803		0.9030		0.9862		0.7255
  9 	0.661		0.8852		0.9051		0.9869		0.7255
 10 	0.691		0.8803		0.9092		0.9864		0.7386
 11 	0.689		0.8791		0.9298		0.9866		0.7778
 12 	0.671		0.8861		0.9195		0.9870		0.7647
 13 	0.689		0.8789		0.8885		0.9867		0.6993
 14 	0.663		0.8878		0.8968		0.9869		0.7124
 15 	0.653		0.9020		0.8308		0.9858		0.5817
 16 	0.606		0.9113		0.8493		0.9842		0.6209
 17 	0.590		0.9164		0.8369		0.9851		0.5948
 18 	0.608		0.9140		0.8617		0.9870		0.6471
 19 	0.682		0.8870		0.9447		0.9871		0.8053
 20 	0.744		0.8790		0.8502		0.9870		0.6250
 21 	0.669		0.8776		0.8493		0.9866		0.6209
 22 	0.662		0.8806		0.8493		0.9870		0.6209
 23 	0.682		0.8823		0.8493		0.9869		0.6209
 24 	0.676		0.8837		0.8493		0.9870		0.6209
 25 	0.738		0.8805		0.8473		0.9862		0.6078
 26 	0.691		0.8819		0.8493		0.9870		0.6209
 27 	0.673		0.8907		0.8529		0.9862		0.6295
 28 	0.685		0.8850		0.8493		0.9869		0.6209
 29 	0.681		0.8816		0.8660		0.9872		0.6696
 30 	0.699		0.8799		0.8744		0.9861		0.6647
 31 	0.647		0.8793		0.9403		0.9870		0.8163
 32 	0.728		0.8807		0.8935		0.9874		0.7157
 33 	0.681		0.8827		0.8529		0.9864		0.6295
 34 	0.676		0.8811		0.8493		0.9869		0.6209
 35 	0.704		0.8828		0.8493		0.9865		0.6209
 36 	0.684		0.8801		0.8493		0.9868		0.6209
 37 	0.681		0.8846		0.8390		0.9867		0.6078
 38 	0.656		0.8832		0.8467		0.9868		0.6164
 39 	0.704		0.8811		0.8493		0.9868		0.6209
 40 	0.712		0.8830		0.8467		0.9873		0.6164
 41 	0.759		0.8820		0.8493		0.9862		0.6209
 42 	0.687		0.8807		0.8617		0.9870		0.6471
 43 	0.709		0.8821		0.8502		0.9865		0.6250
 44 	0.672		0.8805		0.8617		0.9874		0.6471
 45 	0.697		0.8763		0.8484		0.9864		0.6292
 46 	0.687		0.8791		0.8502		0.9868		0.6250
 47 	0.692		0.8822		0.8502		0.9869		0.6250
 48 	0.664		0.8870		0.8502		0.9872		0.6250
 49 	0.676		0.8806		0.8598		0.9867		0.6469
Best test SRCC 0.944704, PLCC 0.987069, KRCC 0.805320
[0.94592764 0.94524336 0.96437166 0.95512493 0.96897829 0.95390665
 0.95248913 0.95779213 0.97110423 0.94470398]
[0.95999576 0.98366465 0.97398442 0.97567244 0.98480817 0.93958145
 0.97156412 0.99369247 0.9592772  0.98706948]
[0.8441858  0.84571377 0.88662069 0.85568026 0.87132984 0.86794777
 0.8383002  0.86994258 0.89542484 0.80532   ]
Testing mean SRCC 0.9560,	mean PLCC 0.9729,mean KRCC 0.8580
