DeepSRQ
Training and testing on QADS dataset for 10 rounds...
Round 1
Epoch	Train_Loss	Train_SRCC	Test_SRCC	Test_PLCC	Test_KROCC
  0 	0.307		0.5444		0.7793		0.7874		0.5726
  1 	0.176		0.6548		0.7779		0.7881		0.5726
  2 	0.162		0.6903		0.7808		0.7872		0.5726
  3 	0.165		0.6890		0.6386		0.7884		0.4556
  4 	0.164		0.6875		0.6444		0.7883		0.4677
  5 	0.171		0.6740		0.6463		0.7890		0.4718
  6 	0.165		0.6852		0.6327		0.7893		0.4435
  7 	0.165		0.6836		0.8721		0.7886		0.6774
  8 	0.157		0.6973		0.8769		0.7892		0.6842
  9 	0.163		0.6923		0.8196		0.7883		0.6329
 10 	0.174		0.6639		0.8779		0.7892		0.6855
 11 	0.157		0.6988		0.8739		0.7892		0.6815
 12 	0.162		0.6929		0.8500		0.7892		0.6303
 13 	0.159		0.6970		0.7853		0.7891		0.5590
 14 	0.160		0.6959		0.7438		0.7893		0.5259
 15 	0.161		0.6916		0.6991		0.7890		0.5466
 16 	0.165		0.6867		0.6605		0.7890		0.4619
 17 	0.171		0.6694		0.7885		0.7892		0.6522
 18 	0.159		0.6955		0.7982		0.7893		0.6764
 19 	0.159		0.6991		0.7813		0.7891		0.6354
 20 	0.160		0.6934		0.7949		0.7888		0.6663
 21 	0.159		0.6922		0.7949		0.7894		0.6663
 22 	0.156		0.6968		0.7949		0.7892		0.6663
 23 	0.165		0.6835		0.7949		0.7894		0.6663
 24 	0.156		0.6977		0.7949		0.7894		0.6663
 25 	0.155		0.6985		0.7949		0.7895		0.6663
 26 	0.164		0.6838		0.7949		0.7890		0.6663
 27 	0.165		0.6862		0.7949		0.7895		0.6663
 28 	0.158		0.6940		0.7949		0.7897		0.6663
 29 	0.160		0.6944		0.7949		0.7898		0.6663
 30 	0.161		0.6902		0.7949		0.7898		0.6663
 31 	0.156		0.7006		0.7949		0.7893		0.6663
 32 	0.161		0.6949		0.7949		0.7894		0.6663
 33 	0.161		0.6961		0.7949		0.7891		0.6663
 34 	0.158		0.6968		0.7949		0.7893		0.6663
 35 	0.160		0.6933		0.7949		0.7896		0.6663
 36 	0.160		0.6947		0.7949		0.7892		0.6663
 37 	0.160		0.6922		0.7949		0.7891		0.6663
 38 	0.156		0.6971		0.7949		0.7887		0.6663
 39 	0.157		0.6982		0.7949		0.7886		0.6663
 40 	0.157		0.6950		0.7949		0.7892		0.6663
 41 	0.155		0.6987		0.7949		0.7888		0.6663
 42 	0.161		0.6900		0.7949		0.7889		0.6663
 43 	0.158		0.6969		0.7949		0.7896		0.6663
 44 	0.155		0.6985		0.7949		0.7893		0.6663
 45 	0.157		0.6972		0.7949		0.7896		0.6663
 46 	0.163		0.6890		0.7949		0.7891		0.6663
 47 	0.157		0.6925		0.7949		0.7894		0.6663
 48 	0.156		0.6936		0.7949		0.7893		0.6663
 49 	0.154		0.6982		0.7949		0.7895		0.6663
Best test SRCC 0.877933, PLCC 0.789173, KRCC 0.685484
Round 2
Epoch	Train_Loss	Train_SRCC	Test_SRCC	Test_PLCC	Test_KROCC
  0 	0.258		0.5160		0.6611		0.7779		0.4315
  1 	0.162		0.6847		0.6913		0.7780		0.4891
  2 	0.153		0.6930		0.7248		0.7782		0.5103
  3 	0.150		0.6962		0.7235		0.7780		0.5077
  4 	0.153		0.6890		0.7234		0.7781		0.5109
  5 	0.151		0.6922		0.8116		0.7781		0.6264
  6 	0.150		0.6977		0.8200		0.7782		0.6236
  7 	0.150		0.7025		0.7244		0.7781		0.5017
  8 	0.157		0.6914		0.7800		0.7782		0.6117
  9 	0.152		0.6975		0.7153		0.7782		0.5504
 10 	0.148		0.6977		0.7196		0.7780		0.5591
 11 	0.153		0.6922		0.7589		0.7781		0.6171
 12 	0.153		0.6936		0.7589		0.7780		0.6171
 13 	0.153		0.6904		0.7589		0.7780		0.6171
 14 	0.155		0.6930		0.7589		0.7781		0.6171
 15 	0.158		0.6914		0.7589		0.7781		0.6171
 16 	0.148		0.6960		0.7589		0.7780		0.6171
 17 	0.149		0.6879		0.7589		0.7780		0.6171
 18 	0.151		0.6916		0.7589		0.7781		0.6171
 19 	0.155		0.6961		0.7589		0.7781		0.6171
 20 	0.148		0.6916		0.7589		0.7780		0.6171
 21 	0.151		0.6999		0.7589		0.7781		0.6171
 22 	0.150		0.6940		0.7589		0.7780		0.6171
 23 	0.147		0.6972		0.7589		0.7780		0.6171
 24 	0.152		0.6940		0.7589		0.7780		0.6171
 25 	0.151		0.6975		0.7589		0.7781		0.6171
 26 	0.157		0.6912		0.7589		0.7782		0.6171
 27 	0.150		0.6988		0.7589		0.7782		0.6171
 28 	0.149		0.6935		0.7589		0.7781		0.6171
 29 	0.147		0.6981		0.7589		0.7779		0.6171
 30 	0.151		0.6969		0.7589		0.7780		0.6171
 31 	0.146		0.6987		0.7589		0.7778		0.6171
 32 	0.148		0.6929		0.7589		0.7778		0.6171
 33 	0.153		0.6928		0.7589		0.7778		0.6171
 34 	0.147		0.6914		0.7589		0.7778		0.6171
 35 	0.147		0.6954		0.7589		0.7778		0.6171
 36 	0.146		0.6936		0.7589		0.7778		0.6171
 37 	0.151		0.6983		0.7589		0.7778		0.6171
 38 	0.147		0.6946		0.7589		0.7778		0.6171
 39 	0.147		0.6956		0.7589		0.7778		0.6171
 40 	0.150		0.6978		0.7589		0.7778		0.6171
 41 	0.150		0.6967		0.7589		0.7779		0.6171
 42 	0.148		0.6934		0.7589		0.7778		0.6171
 43 	0.149		0.6986		0.7589		0.7778		0.6171
 44 	0.151		0.6925		0.7589		0.7779		0.6171
 45 	0.151		0.6955		0.7589		0.7779		0.6171
 46 	0.148		0.6927		0.7589		0.7778		0.6171
 47 	0.146		0.7022		0.7589		0.7779		0.6171
 48 	0.148		0.6961		0.7589		0.7778		0.6171
 49 	0.152		0.6934		0.7589		0.7777		0.6171
Best test SRCC 0.820034, PLCC 0.778173, KRCC 0.623570
Round 3
Epoch	Train_Loss	Train_SRCC	Test_SRCC	Test_PLCC	Test_KROCC
  0 	0.324		0.4581		0.6161		0.6550		0.4225
  1 	0.162		0.7076		0.6122		0.6384		0.4281
  2 	0.158		0.7131		0.6563		0.6356		0.4959
  3 	0.156		0.7173		0.6344		0.6388		0.4817
  4 	0.161		0.7029		0.6710		0.6473		0.5312
  5 	0.160		0.7095		0.6710		0.6299		0.5312
  6 	0.160		0.7107		0.6615		0.6358		0.5181
  7 	0.157		0.7090		0.6710		0.6424		0.5312
  8 	0.159		0.7128		0.6710		0.6391		0.5312
  9 	0.164		0.7049		0.6710		0.6495		0.5312
 10 	0.164		0.7048		0.6710		0.6438		0.5312
 11 	0.157		0.7139		0.6710		0.6417		0.5312
 12 	0.162		0.7042		0.6710		0.6371		0.5312
 13 	0.165		0.7018		0.6710		0.6418		0.5312
 14 	0.160		0.7119		0.6710		0.6453		0.5312
 15 	0.154		0.7118		0.6710		0.6437		0.5312
 16 	0.164		0.7035		0.6710		0.6467		0.5312
 17 	0.159		0.7083		0.6710		0.6421		0.5312
 18 	0.156		0.7156		0.6710		0.6486		0.5312
 19 	0.166		0.7036		0.6710		0.6499		0.5312
 20 	0.156		0.7129		0.6710		0.6495		0.5312
 21 	0.155		0.7117		0.6710		0.6502		0.5312
 22 	0.154		0.7190		0.6710		0.6484		0.5312
 23 	0.157		0.7119		0.6710		0.6528		0.5312
 24 	0.163		0.7094		0.6710		0.6488		0.5312
 25 	0.158		0.7109		0.6710		0.6522		0.5312
 26 	0.162		0.7091		0.6710		0.6498		0.5312
 27 	0.157		0.7089		0.6710		0.6458		0.5312
 28 	0.159		0.7120		0.6710		0.6499		0.5312
 29 	0.157		0.7119		0.6710		0.6506		0.5312
 30 	0.154		0.7142		0.6710		0.6523		0.5312
 31 	0.155		0.7103		0.6710		0.6487		0.5312
 32 	0.154		0.7175		0.6710		0.6506		0.5312
 33 	0.155		0.7116		0.6710		0.6562		0.5312
 34 	0.155		0.7171		0.6710		0.6603		0.5312
 35 	0.162		0.7074		0.6710		0.6564		0.5312
 36 	0.161		0.7065		0.6710		0.6537		0.5312
 37 	0.155		0.7122		0.6710		0.6422		0.5312
 38 	0.162		0.7060		0.6710		0.6523		0.5312
 39 	0.158		0.7104		0.6710		0.6514		0.5312
 40 	0.156		0.7137		0.6710		0.6477		0.5312
 41 	0.155		0.7116		0.6710		0.6487		0.5312
 42 	0.165		0.7020		0.6710		0.6509		0.5312
 43 	0.155		0.7107		0.6710		0.6522		0.5312
 44 	0.154		0.7094		0.6710		0.6396		0.5312
 45 	0.156		0.7109		0.6710		0.6571		0.5312
 46 	0.163		0.7083		0.6710		0.6492		0.5312
 47 	0.155		0.7169		0.6710		0.6541		0.5312
 48 	0.157		0.7093		0.6710		0.6534		0.5312
 49 	0.159		0.7098		0.6710		0.6594		0.5312
Best test SRCC 0.670967, PLCC 0.647293, KRCC 0.531213
Round 4
Epoch	Train_Loss	Train_SRCC	Test_SRCC	Test_PLCC	Test_KROCC
  0 	0.256		0.5655		0.7607		0.7217		0.5503
  1 	0.149		0.7122		0.7546		0.7202		0.5391
  2 	0.163		0.6925		0.7123		0.7215		0.5151
  3 	0.161		0.6958		0.7563		0.7212		0.5455
  4 	0.157		0.7064		0.7123		0.7211		0.5071
  5 	0.154		0.7083		0.7454		0.7203		0.5199
  6 	0.150		0.7035		0.7202		0.7203		0.4966
  7 	0.153		0.7065		0.7554		0.7184		0.5530
  8 	0.153		0.7098		0.7298		0.7198		0.5319
  9 	0.150		0.7070		0.7650		0.7201		0.5755
 10 	0.151		0.7127		0.7680		0.7203		0.5605
 11 	0.153		0.7111		0.7267		0.7196		0.5272
 12 	0.157		0.7079		0.7933		0.7106		0.6161
 13 	0.153		0.7127		0.7834		0.7195		0.6477
 14 	0.157		0.7039		0.7775		0.7165		0.6390
 15 	0.152		0.7123		0.7828		0.7200		0.6300
 16 	0.154		0.7144		0.7834		0.7131		0.6477
 17 	0.152		0.7076		0.7834		0.7209		0.6477
 18 	0.159		0.6986		0.7834		0.7202		0.6477
 19 	0.160		0.6922		0.7834		0.7130		0.6477
 20 	0.149		0.7173		0.7834		0.7207		0.6477
 21 	0.149		0.7142		0.7834		0.7210		0.6477
 22 	0.156		0.7054		0.7834		0.7205		0.6477
 23 	0.153		0.7085		0.7834		0.7203		0.6477
 24 	0.148		0.7200		0.7834		0.7211		0.6477
 25 	0.151		0.7104		0.7834		0.7204		0.6477
 26 	0.159		0.6964		0.7834		0.7187		0.6477
 27 	0.150		0.7121		0.7834		0.7125		0.6477
 28 	0.153		0.7092		0.7834		0.7150		0.6477
 29 	0.153		0.7096		0.7834		0.7192		0.6477
 30 	0.149		0.7143		0.7834		0.7135		0.6477
 31 	0.148		0.7188		0.7834		0.7213		0.6477
 32 	0.152		0.7117		0.7834		0.7211		0.6477
 33 	0.155		0.7073		0.7834		0.7201		0.6477
 34 	0.153		0.7122		0.7834		0.7094		0.6477
 35 	0.162		0.6897		0.7834		0.7089		0.6477
 36 	0.156		0.7068		0.7834		0.7162		0.6477
 37 	0.154		0.7101		0.7834		0.7201		0.6477
 38 	0.149		0.7109		0.7834		0.7214		0.6477
 39 	0.148		0.7152		0.7834		0.7167		0.6477
 40 	0.149		0.7163		0.7834		0.7145		0.6477
 41 	0.151		0.7199		0.7834		0.7208		0.6477
 42 	0.155		0.7052		0.7834		0.7174		0.6477
 43 	0.152		0.7122		0.7834		0.7110		0.6477
 44 	0.153		0.7133		0.7834		0.7215		0.6477
 45 	0.150		0.7122		0.7834		0.7209		0.6477
 46 	0.153		0.7078		0.7834		0.7218		0.6477
 47 	0.148		0.7135		0.7834		0.7200		0.6477
 48 	0.151		0.7157		0.7834		0.7196		0.6477
 49 	0.149		0.7089		0.7834		0.7200		0.6477
Best test SRCC 0.793274, PLCC 0.710607, KRCC 0.616125
Round 5
Epoch	Train_Loss	Train_SRCC	Test_SRCC	Test_PLCC	Test_KROCC
  0 	0.279		0.5058		0.7333		0.6757		0.5498
  1 	0.156		0.6939		0.6906		0.6753		0.5243
  2 	0.158		0.6944		0.6718		0.6754		0.4794
  3 	0.158		0.6982		0.6685		0.6758		0.4718
  4 	0.156		0.6950		0.6620		0.6760		0.4667
  5 	0.154		0.7009		0.6580		0.6764		0.4623
  6 	0.153		0.7017		0.6558		0.6764		0.4566
  7 	0.156		0.6969		0.6578		0.6764		0.4561
  8 	0.159		0.6936		0.6627		0.6761		0.4692
  9 	0.157		0.7038		0.6998		0.6762		0.5420
 10 	0.152		0.7026		0.6931		0.6759		0.5598
 11 	0.158		0.6987		0.7270		0.6757		0.6057
 12 	0.152		0.7031		0.7270		0.6759		0.6057
 13 	0.153		0.7023		0.7270		0.6761		0.6057
 14 	0.154		0.6962		0.7270		0.6763		0.6057
 15 	0.155		0.6945		0.7270		0.6759		0.6057
 16 	0.163		0.6878		0.7270		0.6759		0.6057
 17 	0.156		0.6994		0.7270		0.6764		0.6057
 18 	0.155		0.7020		0.7270		0.6763		0.6057
 19 	0.153		0.6988		0.7270		0.6760		0.6057
 20 	0.152		0.7010		0.7270		0.6754		0.6057
 21 	0.155		0.6988		0.7270		0.6755		0.6057
 22 	0.157		0.6952		0.7270		0.6758		0.6057
 23 	0.154		0.6958		0.7270		0.6753		0.6057
 24 	0.156		0.7006		0.7270		0.6758		0.6057
 25 	0.153		0.6999		0.7270		0.6755		0.6057
 26 	0.153		0.7012		0.7270		0.6757		0.6057
 27 	0.154		0.7013		0.7270		0.6758		0.6057
 28 	0.158		0.6978		0.7270		0.6755		0.6057
 29 	0.157		0.6964		0.7270		0.6758		0.6057
 30 	0.152		0.6983		0.7270		0.6757		0.6057
 31 	0.160		0.6902		0.7270		0.6745		0.6057
 32 	0.154		0.6996		0.7270		0.6745		0.6057
 33 	0.154		0.6906		0.7270		0.6751		0.6057
 34 	0.158		0.6960		0.7270		0.6746		0.6057
 35 	0.157		0.6950		0.7270		0.6762		0.6057
 36 	0.156		0.7006		0.7270		0.6753		0.6057
 37 	0.151		0.7063		0.7270		0.6748		0.6057
 38 	0.161		0.6905		0.7270		0.6771		0.6057
 39 	0.156		0.6986		0.7270		0.6764		0.6057
 40 	0.157		0.6965		0.7270		0.6773		0.6057
 41 	0.157		0.6955		0.7270		0.6763		0.6057
 42 	0.152		0.7009		0.7270		0.6767		0.6057
 43 	0.154		0.7009		0.7270		0.6769		0.6057
 44 	0.157		0.7027		0.7270		0.6667		0.6057
 45 	0.154		0.6960		0.7270		0.6764		0.6057
 46 	0.155		0.7010		0.7270		0.6774		0.6057
 47 	0.157		0.6961		0.7270		0.6705		0.6057
 48 	0.151		0.7004		0.7270		0.6769		0.6057
 49 	0.157		0.6999		0.7270		0.6770		0.6057
Best test SRCC 0.733312, PLCC 0.675674, KRCC 0.549805
Round 6
Epoch	Train_Loss	Train_SRCC	Test_SRCC	Test_PLCC	Test_KROCC
  0 	0.306		0.5412		0.6505		0.7191		0.4775
  1 	0.150		0.7102		0.6551		0.7184		0.4785
  2 	0.145		0.7124		0.6245		0.7176		0.4390
  3 	0.146		0.7141		0.6436		0.7175		0.4437
  4 	0.158		0.6987		0.6329		0.7176		0.4402
  5 	0.155		0.7098		0.6286		0.7177		0.4340
  6 	0.148		0.7068		0.6443		0.7179		0.4470
  7 	0.149		0.7109		0.6263		0.7180		0.4372
  8 	0.153		0.7076		0.6283		0.7179		0.4296
  9 	0.150		0.7139		0.6579		0.7179		0.5006
 10 	0.153		0.7101		0.6933		0.7178		0.5633
 11 	0.153		0.7112		0.6999		0.7179		0.5660
 12 	0.152		0.7089		0.6933		0.7179		0.5633
 13 	0.152		0.7085		0.6933		0.7178		0.5633
 14 	0.153		0.7113		0.6933		0.7179		0.5633
 15 	0.150		0.7123		0.6933		0.7178		0.5633
 16 	0.155		0.7036		0.6933		0.7179		0.5633
 17 	0.151		0.7119		0.6933		0.7178		0.5633
 18 	0.146		0.7109		0.6933		0.7176		0.5633
 19 	0.166		0.6842		0.6933		0.7180		0.5633
 20 	0.152		0.7067		0.6933		0.7176		0.5633
 21 	0.147		0.7111		0.6933		0.7176		0.5633
 22 	0.157		0.7057		0.6933		0.7178		0.5633
 23 	0.150		0.7088		0.6933		0.7177		0.5633
 24 	0.148		0.7147		0.6933		0.7177		0.5633
 25 	0.147		0.7094		0.6933		0.7176		0.5633
 26 	0.156		0.7110		0.6933		0.7178		0.5633
 27 	0.153		0.7073		0.6933		0.7179		0.5633
 28 	0.146		0.7089		0.6933		0.7176		0.5633
 29 	0.151		0.7084		0.6933		0.7176		0.5633
 30 	0.151		0.7091		0.6933		0.7177		0.5633
 31 	0.147		0.7150		0.6933		0.7177		0.5633
 32 	0.156		0.7069		0.6933		0.7181		0.5633
 33 	0.152		0.7082		0.6933		0.7176		0.5633
 34 	0.150		0.7132		0.6933		0.7176		0.5633
 35 	0.152		0.7123		0.6933		0.7176		0.5633
 36 	0.148		0.7176		0.6933		0.7176		0.5633
 37 	0.148		0.7119		0.6933		0.7176		0.5633
 38 	0.151		0.7103		0.6933		0.7176		0.5633
 39 	0.147		0.7162		0.6933		0.7177		0.5633
 40 	0.148		0.7116		0.6933		0.7178		0.5633
 41 	0.149		0.7056		0.6933		0.7175		0.5633
 42 	0.146		0.7110		0.6933		0.7175		0.5633
 43 	0.149		0.7078		0.6933		0.7174		0.5633
 44 	0.150		0.7099		0.6933		0.7174		0.5633
 45 	0.157		0.7004		0.6933		0.7183		0.5633
 46 	0.149		0.7060		0.6933		0.7184		0.5633
 47 	0.149		0.7096		0.6933		0.7174		0.5633
 48 	0.149		0.7115		0.6933		0.7175		0.5633
 49 	0.146		0.7083		0.6933		0.7176		0.5633
Best test SRCC 0.699911, PLCC 0.717912, KRCC 0.566046
Round 7
Epoch	Train_Loss	Train_SRCC	Test_SRCC	Test_PLCC	Test_KROCC
  0 	0.375		0.5060		0.7636		0.8107		0.5694
  1 	0.156		0.6921		0.7605		0.8113		0.5375
  2 	0.157		0.6917		0.7512		0.8137		0.5392
  3 	0.163		0.6838		0.7595		0.8142		0.5521
  4 	0.169		0.6655		0.7831		0.8142		0.6162
  5 	0.165		0.6849		0.8080		0.8156		0.6763
  6 	0.160		0.6891		0.8080		0.8160		0.6763
  7 	0.156		0.6936		0.8080		0.8154		0.6763
  8 	0.163		0.6849		0.8080		0.8155		0.6763
  9 	0.164		0.6818		0.8080		0.8160		0.6763
 10 	0.166		0.6827		0.8080		0.8159		0.6763
 11 	0.171		0.6685		0.8080		0.8164		0.6763
 12 	0.165		0.6794		0.8080		0.8164		0.6763
 13 	0.160		0.6929		0.8080		0.8163		0.6763
 14 	0.160		0.6938		0.8080		0.8163		0.6763
 15 	0.163		0.6837		0.8080		0.8163		0.6763
 16 	0.162		0.6876		0.8080		0.8164		0.6763
 17 	0.160		0.6892		0.8080		0.8165		0.6763
 18 	0.159		0.6902		0.8080		0.8164		0.6763
 19 	0.159		0.6917		0.8080		0.8165		0.6763
 20 	0.165		0.6752		0.8080		0.8165		0.6763
 21 	0.166		0.6775		0.8080		0.8166		0.6763
 22 	0.161		0.6908		0.8080		0.8167		0.6763
 23 	0.166		0.6807		0.8080		0.8168		0.6763
 24 	0.157		0.6882		0.8080		0.8169		0.6763
 25 	0.157		0.6886		0.8080		0.8167		0.6763
 26 	0.163		0.6856		0.8080		0.8167		0.6763
 27 	0.163		0.6857		0.8080		0.8167		0.6763
 28 	0.164		0.6879		0.8080		0.8168		0.6763
 29 	0.167		0.6732		0.8080		0.8167		0.6763
 30 	0.160		0.6844		0.8080		0.8167		0.6763
 31 	0.156		0.6911		0.8080		0.8167		0.6763
 32 	0.162		0.6873		0.8080		0.8168		0.6763
 33 	0.159		0.6865		0.8080		0.8169		0.6763
 34 	0.163		0.6817		0.8080		0.8169		0.6763
 35 	0.170		0.6668		0.8080		0.8169		0.6763
 36 	0.165		0.6776		0.8080		0.8169		0.6763
 37 	0.161		0.6888		0.8080		0.8170		0.6763
 38 	0.158		0.6873		0.8080		0.8169		0.6763
 39 	0.159		0.6890		0.8080		0.8169		0.6763
 40 	0.159		0.6943		0.8080		0.8169		0.6763
 41 	0.164		0.6848		0.8080		0.8171		0.6763
 42 	0.156		0.6910		0.8080		0.8171		0.6763
 43 	0.165		0.6811		0.8080		0.8173		0.6763
 44 	0.164		0.6811		0.8080		0.8176		0.6763
 45 	0.158		0.6937		0.8080		0.8179		0.6763
 46 	0.160		0.6901		0.8080		0.8196		0.6763
 47 	0.161		0.6853		0.8080		0.8202		0.6763
 48 	0.157		0.6920		0.8080		0.8210		0.6763
 49 	0.160		0.6926		0.8080		0.8207		0.6763
Best test SRCC 0.808032, PLCC 0.815650, KRCC 0.676278
Round 8
Epoch	Train_Loss	Train_SRCC	Test_SRCC	Test_PLCC	Test_KROCC
  0 	0.232		0.5814		0.7251		0.8125		0.5333
  1 	0.179		0.6489		0.7332		0.8220		0.5436
  2 	0.168		0.6769		0.7182		0.8167		0.5385
  3 	0.167		0.6799		0.7301		0.8127		0.5443
  4 	0.172		0.6707		0.7255		0.8159		0.5462
  5 	0.169		0.6782		0.7134		0.8186		0.5363
  6 	0.166		0.6883		0.7624		0.8176		0.5670
  7 	0.169		0.6869		0.7519		0.8179		0.5351
  8 	0.165		0.6901		0.7706		0.8169		0.5946
  9 	0.161		0.6928		0.7547		0.8138		0.5811
 10 	0.163		0.6888		0.7857		0.8150		0.6513
 11 	0.171		0.6717		0.7857		0.8157		0.6513
 12 	0.163		0.6933		0.7857		0.8134		0.6513
 13 	0.165		0.6857		0.7857		0.8141		0.6513
 14 	0.165		0.6923		0.7857		0.8142		0.6513
 15 	0.162		0.6946		0.7857		0.8130		0.6513
 16 	0.165		0.6853		0.7857		0.8140		0.6513
 17 	0.161		0.6955		0.7857		0.8138		0.6513
 18 	0.165		0.6928		0.7857		0.8138		0.6513
 19 	0.166		0.6890		0.7857		0.8152		0.6513
 20 	0.163		0.6902		0.7857		0.8146		0.6513
 21 	0.159		0.6965		0.7857		0.8130		0.6513
 22 	0.162		0.6969		0.7857		0.8138		0.6513
 23 	0.169		0.6827		0.7857		0.8127		0.6513
 24 	0.163		0.6906		0.7857		0.8121		0.6513
 25 	0.160		0.6934		0.7857		0.8123		0.6513
 26 	0.159		0.6888		0.7857		0.8120		0.6513
 27 	0.161		0.6974		0.7857		0.8142		0.6513
 28 	0.164		0.6876		0.7857		0.8140		0.6513
 29 	0.162		0.6891		0.7857		0.8139		0.6513
 30 	0.166		0.6899		0.7857		0.8153		0.6513
 31 	0.162		0.6971		0.7857		0.8159		0.6513
 32 	0.159		0.6974		0.7857		0.8154		0.6513
 33 	0.162		0.6928		0.7857		0.8151		0.6513
 34 	0.160		0.6946		0.7857		0.8151		0.6513
 35 	0.160		0.6937		0.7857		0.8151		0.6513
 36 	0.166		0.6872		0.7857		0.8156		0.6513
 37 	0.160		0.6910		0.7857		0.8159		0.6513
 38 	0.159		0.6934		0.7857		0.8157		0.6513
 39 	0.163		0.6963		0.7857		0.8159		0.6513
 40 	0.162		0.6952		0.7857		0.8158		0.6513
 41 	0.160		0.6944		0.7857		0.8156		0.6513
 42 	0.164		0.6868		0.7857		0.8159		0.6513
 43 	0.163		0.6891		0.7857		0.8159		0.6513
 44 	0.162		0.6913		0.7857		0.8141		0.6513
 45 	0.162		0.6977		0.7857		0.8143		0.6513
 46 	0.158		0.6932		0.7857		0.8149		0.6513
 47 	0.164		0.6851		0.7857		0.8150		0.6513
 48 	0.163		0.6831		0.7857		0.8154		0.6513
 49 	0.159		0.6907		0.7857		0.8156		0.6513
Best test SRCC 0.785664, PLCC 0.815018, KRCC 0.651346
Round 9
Epoch	Train_Loss	Train_SRCC	Test_SRCC	Test_PLCC	Test_KROCC
  0 	0.295		0.5232		0.8981		0.8986		0.7298
  1 	0.169		0.6824		0.8981		0.8915		0.7298
  2 	0.172		0.6732		0.8981		0.8930		0.7298
  3 	0.171		0.6724		0.9040		0.8926		0.7379
  4 	0.178		0.6550		0.8811		0.8849		0.6922
  5 	0.174		0.6641		0.8791		0.8904		0.7155
  6 	0.168		0.6796		0.8710		0.8899		0.6978
  7 	0.177		0.6574		0.8865		0.8958		0.7439
  8 	0.174		0.6699		0.8938		0.8911		0.7465
  9 	0.166		0.6788		0.8813		0.8899		0.7403
 10 	0.169		0.6743		0.9098		0.8913		0.7937
 11 	0.173		0.6706		0.9098		0.8898		0.7937
 12 	0.169		0.6712		0.9098		0.8908		0.7937
 13 	0.176		0.6633		0.9098		0.8940		0.7937
 14 	0.171		0.6702		0.9098		0.8898		0.7937
 15 	0.165		0.6837		0.9098		0.8923		0.7937
 16 	0.167		0.6831		0.9098		0.8916		0.7937
 17 	0.179		0.6523		0.9098		0.8933		0.7937
 18 	0.165		0.6836		0.9098		0.8942		0.7937
 19 	0.171		0.6707		0.9098		0.8940		0.7937
 20 	0.175		0.6634		0.9098		0.8924		0.7937
 21 	0.170		0.6717		0.9098		0.8924		0.7937
 22 	0.166		0.6841		0.9098		0.8933		0.7937
 23 	0.178		0.6529		0.9098		0.8929		0.7937
 24 	0.171		0.6688		0.9098		0.8890		0.7937
 25 	0.167		0.6796		0.9098		0.8944		0.7937
 26 	0.170		0.6751		0.9098		0.8950		0.7937
 27 	0.165		0.6837		0.9098		0.8942		0.7937
 28 	0.165		0.6790		0.9098		0.8924		0.7937
 29 	0.171		0.6757		0.9098		0.8950		0.7937
 30 	0.170		0.6732		0.9098		0.8953		0.7937
 31 	0.171		0.6747		0.9098		0.8952		0.7937
 32 	0.170		0.6766		0.9098		0.8937		0.7937
 33 	0.166		0.6833		0.9098		0.8924		0.7937
 34 	0.166		0.6824		0.9098		0.8939		0.7937
 35 	0.175		0.6609		0.9098		0.8931		0.7937
 36 	0.166		0.6813		0.9098		0.8944		0.7937
 37 	0.167		0.6837		0.9098		0.8950		0.7937
 38 	0.167		0.6781		0.9098		0.8954		0.7937
 39 	0.169		0.6784		0.9098		0.8947		0.7937
 40 	0.187		0.6306		0.9098		0.8912		0.7937
 41 	0.166		0.6857		0.9098		0.8948		0.7937
 42 	0.166		0.6867		0.9098		0.8959		0.7937
 43 	0.166		0.6833		0.9098		0.8955		0.7937
 44 	0.166		0.6827		0.9098		0.8964		0.7937
 45 	0.176		0.6629		0.9098		0.8972		0.7937
 46 	0.178		0.6554		0.9098		0.8963		0.7937
 47 	0.171		0.6722		0.9098		0.8963		0.7937
 48 	0.166		0.6832		0.9098		0.8936		0.7937
 49 	0.172		0.6730		0.9098		0.8961		0.7937
Best test SRCC 0.909819, PLCC 0.891320, KRCC 0.793660
Round 10
Epoch	Train_Loss	Train_SRCC	Test_SRCC	Test_PLCC	Test_KROCC
  0 	0.379		0.5688		0.7171		0.7870		0.5183
  1 	0.162		0.6997		0.6965		0.7872		0.5022
  2 	0.166		0.6911		0.7275		0.7871		0.5195
  3 	0.163		0.6929		0.7161		0.7871		0.5238
  4 	0.174		0.6632		0.6874		0.7872		0.4909
  5 	0.167		0.6831		0.7234		0.7872		0.5394
  6 	0.164		0.6986		0.6851		0.7870		0.4940
  7 	0.169		0.6867		0.7451		0.7870		0.5991
  8 	0.161		0.6998		0.7081		0.7870		0.5375
  9 	0.169		0.6853		0.7623		0.7871		0.6368
 10 	0.158		0.7013		0.7623		0.7871		0.6368
 11 	0.159		0.7026		0.7623		0.7872		0.6368
 12 	0.154		0.7041		0.7623		0.7873		0.6368
 13 	0.161		0.7040		0.7623		0.7872		0.6368
 14 	0.154		0.7049		0.7623		0.7872		0.6368
 15 	0.160		0.7024		0.7623		0.7872		0.6368
 16 	0.157		0.7019		0.7623		0.7871		0.6368
 17 	0.165		0.6929		0.7623		0.7872		0.6368
 18 	0.157		0.7004		0.7623		0.7872		0.6368
 19 	0.160		0.7099		0.7623		0.7872		0.6368
 20 	0.162		0.6989		0.7623		0.7872		0.6368
 21 	0.157		0.7008		0.7623		0.7872		0.6368
 22 	0.161		0.7006		0.7623		0.7872		0.6368
 23 	0.166		0.6926		0.7623		0.7872		0.6368
 24 	0.162		0.6963		0.7623		0.7872		0.6368
 25 	0.166		0.6850		0.7623		0.7872		0.6368
 26 	0.166		0.6947		0.7623		0.7872		0.6368
 27 	0.163		0.6922		0.7623		0.7872		0.6368
 28 	0.159		0.7006		0.7623		0.7872		0.6368
 29 	0.162		0.7007		0.7623		0.7872		0.6368
 30 	0.166		0.6787		0.7623		0.7872		0.6368
 31 	0.157		0.7021		0.7623		0.7872		0.6368
 32 	0.164		0.6964		0.7623		0.7872		0.6368
 33 	0.161		0.6956		0.7623		0.7872		0.6368
 34 	0.162		0.6990		0.7623		0.7872		0.6368
 35 	0.155		0.7060		0.7623		0.7872		0.6368
 36 	0.164		0.6952		0.7623		0.7872		0.6368
 37 	0.168		0.6819		0.7623		0.7872		0.6368
 38 	0.163		0.6982		0.7623		0.7872		0.6368
 39 	0.164		0.6998		0.7623		0.7872		0.6368
 40 	0.156		0.7005		0.7623		0.7872		0.6368
 41 	0.155		0.7040		0.7623		0.7872		0.6368
 42 	0.160		0.7000		0.7623		0.7872		0.6368
 43 	0.162		0.6997		0.7623		0.7872		0.6368
 44 	0.172		0.6776		0.7623		0.7872		0.6368
 45 	0.163		0.6976		0.7623		0.7872		0.6368
 46 	0.195		0.6130		0.7623		0.7873		0.6368
 47 	0.162		0.6965		0.7623		0.7872		0.6368
 48 	0.155		0.6991		0.7623		0.7872		0.6368
 49 	0.157		0.7052		0.7623		0.7872		0.6368
Best test SRCC 0.762252, PLCC 0.787139, KRCC 0.636796
[0.87793255 0.82003403 0.67096742 0.79327443 0.73331191 0.6999105
 0.80803211 0.78566444 0.90981936 0.76225237]
[0.78917311 0.77817295 0.64729347 0.71060654 0.67567383 0.71791173
 0.81564962 0.8150181  0.89131974 0.78713934]
[0.68548387 0.6235702  0.53121272 0.61612515 0.54980516 0.56604556
 0.67627832 0.6513464  0.79366007 0.63679649]
Testing mean SRCC 0.7861,	mean PLCC 0.7628,mean KRCC 0.6330
