HyperIQA
Training and testing on CVIU dataset for 10 rounds...
Round 1
pre True
Epoch	Train_Loss	Train_SRCC	Test_SRCC	Test_PLCC	Test_KROCC
  0 	1.022		0.7419		0.8530		0.9195		0.6693
  1 	0.659		0.9062		0.8564		0.9090		0.6693
  2 	0.571		0.9353		0.8359		0.8959		0.6488
  3 	0.503		0.9517		0.8049		0.8745		0.6142
  4 	0.483		0.9557		0.8204		0.8863		0.6226
  5 	0.440		0.9634		0.8035		0.8744		0.6096
  6 	0.425		0.9655		0.8102		0.8727		0.6124
  7 	0.396		0.9698		0.8090		0.8818		0.6124
  8 	0.447		0.9621		0.8080		0.8743		0.6170
  9 	0.401		0.9696		0.8206		0.8851		0.6385
 10 	0.372		0.9732		0.8028		0.8797		0.6161
 11 	0.360		0.9742		0.8373		0.8987		0.6534
 12 	0.350		0.9761		0.8304		0.8921		0.6460
 13 	0.364		0.9745		0.8135		0.8852		0.6264
 14 	0.327		0.9790		0.8400		0.9020		0.6600
 15 	0.387		0.9719		0.8315		0.8958		0.6441
 16 	0.327		0.9790		0.8328		0.8997		0.6469
 17 	0.304		0.9818		0.8203		0.8949		0.6385
 18 	0.323		0.9799		0.8303		0.8988		0.6488
 19 	0.326		0.9783		0.7893		0.8737		0.6030
 20 	0.334		0.9785		0.7925		0.8722		0.6096
 21 	0.300		0.9820		0.7899		0.8718		0.6012
 22 	0.304		0.9818		0.8145		0.8881		0.6301
 23 	0.303		0.9819		0.8157		0.8910		0.6254
 24 	0.297		0.9828		0.8055		0.8762		0.6152
 25 	0.280		0.9843		0.7976		0.8785		0.6096
 26 	0.263		0.9863		0.7960		0.8741		0.6124
 27 	0.289		0.9835		0.8194		0.8950		0.6385
 28 	0.277		0.9853		0.8010		0.8809		0.6096
 29 	0.271		0.9855		0.8035		0.8826		0.6096
 30 	0.283		0.9844		0.8060		0.8870		0.6180
 31 	0.286		0.9845		0.8026		0.8904		0.6208
 32 	0.262		0.9862		0.8093		0.8914		0.6245
 33 	0.288		0.9837		0.8252		0.8923		0.6432
 34 	0.249		0.9872		0.8102		0.8802		0.6320
 35 	0.247		0.9877		0.8365		0.9032		0.6525
 36 	0.243		0.9884		0.7943		0.8826		0.6096
 37 	0.249		0.9879		0.8268		0.8999		0.6422
 38 	0.244		0.9881		0.7880		0.8722		0.5956
 39 	0.246		0.9878		0.8027		0.8872		0.6152
 40 	0.240		0.9889		0.7997		0.8781		0.6096
 41 	0.261		0.9871		0.8124		0.8897		0.6338
 42 	0.241		0.9884		0.7732		0.8639		0.5853
 43 	0.253		0.9877		0.8002		0.8820		0.6124
 44 	0.236		0.9892		0.7801		0.8831		0.5928
 45 	0.217		0.9902		0.7907		0.8792		0.6030
 46 	0.214		0.9908		0.7775		0.8683		0.5862
 47 	0.224		0.9900		0.7806		0.8714		0.5881
 48 	0.225		0.9900		0.7739		0.8676		0.5890
 49 	0.214		0.9910		0.8052		0.8837		0.6170
Best test SRCC 0.856448, PLCC 0.908965, KRCC 0.669312
Round 2
pre True
Epoch	Train_Loss	Train_SRCC	Test_SRCC	Test_PLCC	Test_KROCC
  0 	1.087		0.7359		0.8663		0.8774		0.6685
  1 	0.609		0.9347		0.9270		0.9407		0.7657
  2 	0.515		0.9501		0.8671		0.8937		0.6716
  3 	0.485		0.9573		0.8672		0.8875		0.6708
  4 	0.435		0.9661		0.8479		0.8779		0.6473
  5 	0.447		0.9655		0.8166		0.8504		0.6168
  6 	0.399		0.9715		0.7419		0.7956		0.5494
  7 	0.399		0.9722		0.8179		0.8467		0.6191
  8 	0.398		0.9720		0.8095		0.8454		0.6136
  9 	0.372		0.9758		0.8078		0.8332		0.6097
 10 	0.369		0.9754		0.8392		0.8627		0.6458
 11 	0.370		0.9753		0.7601		0.8075		0.5499
 12 	0.360		0.9765		0.7855		0.8235		0.5901
 13 	0.343		0.9791		0.7732		0.8058		0.5674
 14 	0.367		0.9759		0.7821		0.8306		0.5752
 15 	0.358		0.9769		0.7730		0.8135		0.5588
 16 	0.340		0.9794		0.7682		0.8159		0.5666
 17 	0.327		0.9810		0.7982		0.8265		0.5972
 18 	0.316		0.9822		0.7646		0.7964		0.5611
 19 	0.333		0.9802		0.8074		0.8337		0.6011
 20 	0.306		0.9832		0.8716		0.8866		0.6740
 21 	0.305		0.9828		0.7757		0.8101		0.5713
 22 	0.298		0.9832		0.8157		0.8503		0.6207
 23 	0.305		0.9829		0.8467		0.8706		0.6450
 24 	0.300		0.9840		0.8027		0.8424		0.5995
 25 	0.282		0.9853		0.7920		0.8280		0.5901
 26 	0.300		0.9837		0.8047		0.8409		0.6042
 27 	0.274		0.9858		0.8471		0.8646		0.6552
 28 	0.293		0.9846		0.7416		0.7924		0.5408
 29 	0.278		0.9858		0.7951		0.8311		0.5940
 30 	0.288		0.9854		0.8061		0.8318		0.5995
 31 	0.269		0.9867		0.7982		0.8376		0.6042
 32 	0.286		0.9848		0.8530		0.8668		0.6560
 33 	0.261		0.9870		0.7810		0.8196		0.5862
 34 	0.264		0.9872		0.7821		0.8239		0.5823
 35 	0.263		0.9874		0.7924		0.8235		0.5940
 36 	0.250		0.9884		0.7865		0.8198		0.5839
 37 	0.253		0.9884		0.7480		0.8037		0.5455
 38 	0.254		0.9881		0.7825		0.8256		0.5799
 39 	0.252		0.9882		0.8079		0.8391		0.6089
 40 	0.252		0.9886		0.7828		0.8173		0.5886
 41 	0.233		0.9898		0.7948		0.8256		0.5987
 42 	0.232		0.9898		0.8095		0.8382		0.6074
 43 	0.229		0.9902		0.7874		0.8319		0.5886
 44 	0.231		0.9898		0.7476		0.8038		0.5431
 45 	0.251		0.9884		0.8240		0.8430		0.6262
 46 	0.220		0.9907		0.7758		0.8168		0.5745
 47 	0.211		0.9914		0.8080		0.8411		0.6050
 48 	0.222		0.9909		0.8008		0.8375		0.5995
 49 	0.232		0.9902		0.8275		0.8555		0.6371
Best test SRCC 0.926968, PLCC 0.940709, KRCC 0.765675
Round 3
pre True
Epoch	Train_Loss	Train_SRCC	Test_SRCC	Test_PLCC	Test_KROCC
  0 	1.071		0.7456		0.9032		0.9276		0.7263
  1 	0.608		0.9331		0.8964		0.9186		0.7169
  2 	0.547		0.9454		0.8664		0.8884		0.6753
  3 	0.513		0.9521		0.8668		0.8976		0.6926
  4 	0.483		0.9573		0.9056		0.9162		0.7420
  5 	0.450		0.9632		0.8804		0.9117		0.7004
  6 	0.421		0.9688		0.8768		0.9068		0.6973
  7 	0.409		0.9706		0.9181		0.9209		0.7592
  8 	0.405		0.9699		0.8915		0.9067		0.7247
  9 	0.387		0.9731		0.8575		0.8954		0.6863
 10 	0.394		0.9727		0.8761		0.9051		0.7035
 11 	0.383		0.9742		0.9053		0.9186		0.7475
 12 	0.375		0.9754		0.8991		0.9184		0.7333
 13 	0.366		0.9755		0.9013		0.9171		0.7302
 14 	0.349		0.9780		0.8839		0.9118		0.7200
 15 	0.327		0.9803		0.9136		0.9182		0.7584
 16 	0.345		0.9792		0.8952		0.9176		0.7200
 17 	0.331		0.9800		0.8992		0.9196		0.7318
 18 	0.328		0.9808		0.8983		0.9119		0.7412
 19 	0.316		0.9814		0.9148		0.9230		0.7694
 20 	0.313		0.9825		0.8765		0.9029		0.7051
 21 	0.298		0.9844		0.9095		0.9228		0.7522
 22 	0.300		0.9839		0.9083		0.9252		0.7553
 23 	0.302		0.9835		0.9048		0.9140		0.7443
 24 	0.310		0.9830		0.9070		0.9202		0.7576
 25 	0.319		0.9821		0.8890		0.8921		0.7373
 26 	0.282		0.9851		0.9229		0.9289		0.7812
 27 	0.277		0.9859		0.8965		0.9138		0.7388
 28 	0.271		0.9866		0.9213		0.9315		0.7827
 29 	0.264		0.9875		0.9408		0.9432		0.8031
 30 	0.245		0.9888		0.9001		0.9102		0.7490
 31 	0.260		0.9872		0.9191		0.9295		0.7749
 32 	0.246		0.9885		0.8999		0.9092		0.7427
 33 	0.245		0.9887		0.9232		0.9172		0.7835
 34 	0.247		0.9886		0.9489		0.9433		0.8173
 35 	0.248		0.9881		0.8894		0.9090		0.7326
 36 	0.253		0.9885		0.9189		0.9286		0.7741
 37 	0.236		0.9897		0.9325		0.9298		0.7969
 38 	0.221		0.9908		0.8863		0.9005		0.7373
 39 	0.216		0.9912		0.9379		0.9324		0.8031
 40 	0.227		0.9904		0.9253		0.9269		0.7890
 41 	0.213		0.9914		0.8846		0.9001		0.7263
 42 	0.208		0.9916		0.9047		0.9158		0.7482
 43 	0.214		0.9910		0.8872		0.9055		0.7318
 44 	0.196		0.9924		0.9025		0.9136		0.7443
 45 	0.205		0.9921		0.9394		0.9373		0.7984
 46 	0.198		0.9926		0.9178		0.9184		0.7773
 47 	0.200		0.9924		0.9293		0.9268		0.7906
 48 	0.194		0.9927		0.9428		0.9337		0.8102
 49 	0.205		0.9922		0.9156		0.9241		0.7631
Best test SRCC 0.948898, PLCC 0.943259, KRCC 0.817257
Round 4
pre True
Epoch	Train_Loss	Train_SRCC	Test_SRCC	Test_PLCC	Test_KROCC
  0 	1.047		0.7543		0.8732		0.9040		0.6973
  1 	0.665		0.9182		0.8389		0.9021		0.6488
  2 	0.536		0.9500		0.8941		0.9303		0.7151
  3 	0.484		0.9600		0.8876		0.9287		0.7067
  4 	0.455		0.9641		0.8972		0.9316		0.7207
  5 	0.444		0.9658		0.9126		0.9315		0.7384
  6 	0.419		0.9696		0.9002		0.9279		0.7235
  7 	0.402		0.9727		0.9204		0.9464		0.7477
  8 	0.430		0.9695		0.9140		0.9443		0.7403
  9 	0.368		0.9760		0.9009		0.9313		0.7169
 10 	0.374		0.9764		0.9122		0.9385		0.7272
 11 	0.358		0.9778		0.8803		0.9203		0.6898
 12 	0.346		0.9794		0.8785		0.9151		0.6908
 13 	0.333		0.9805		0.8948		0.9245		0.7076
 14 	0.330		0.9812		0.9031		0.9318		0.7197
 15 	0.351		0.9791		0.8861		0.9192		0.6983
 16 	0.331		0.9805		0.8890		0.9197		0.7020
 17 	0.321		0.9818		0.8821		0.9187		0.6936
 18 	0.316		0.9824		0.9100		0.9411		0.7309
 19 	0.317		0.9821		0.8960		0.9256		0.7123
 20 	0.320		0.9827		0.8935		0.9295		0.7020
 21 	0.304		0.9835		0.9094		0.9341		0.7291
 22 	0.309		0.9836		0.9092		0.9402		0.7328
 23 	0.280		0.9859		0.9047		0.9330		0.7179
 24 	0.300		0.9848		0.9087		0.9412		0.7263
 25 	0.295		0.9845		0.8733		0.9165		0.6824
 26 	0.283		0.9858		0.8955		0.9287		0.6992
 27 	0.269		0.9873		0.8888		0.9161		0.7029
 28 	0.291		0.9856		0.8987		0.9274		0.7048
 29 	0.268		0.9873		0.8962		0.9314		0.7057
 30 	0.261		0.9882		0.8892		0.9257		0.6964
 31 	0.249		0.9890		0.8976		0.9283		0.7123
 32 	0.272		0.9875		0.9033		0.9343		0.7132
 33 	0.264		0.9880		0.8837		0.9231		0.6936
 34 	0.263		0.9881		0.8994		0.9363		0.7039
 35 	0.252		0.9888		0.9068		0.9379		0.7207
 36 	0.263		0.9877		0.9025		0.9329		0.7197
 37 	0.233		0.9901		0.8977		0.9306		0.7123
 38 	0.232		0.9903		0.9052		0.9336		0.7188
 39 	0.233		0.9902		0.8804		0.9214		0.6936
 40 	0.232		0.9903		0.8921		0.9232		0.6992
 41 	0.252		0.9890		0.8957		0.9253		0.7141
 42 	0.236		0.9900		0.9004		0.9365		0.7179
 43 	0.235		0.9902		0.9086		0.9381		0.7225
 44 	0.229		0.9907		0.9006		0.9358		0.7132
 45 	0.237		0.9902		0.9101		0.9430		0.7272
 46 	0.217		0.9913		0.9094		0.9410		0.7300
 47 	0.219		0.9914		0.9153		0.9407		0.7347
 48 	0.216		0.9917		0.8855		0.9255		0.6964
 49 	0.213		0.9918		0.9089		0.9352		0.7319
Best test SRCC 0.920432, PLCC 0.946413, KRCC 0.747725
Round 5
pre True
Epoch	Train_Loss	Train_SRCC	Test_SRCC	Test_PLCC	Test_KROCC
  0 	1.063		0.7467		0.8689		0.9247		0.6920
  1 	0.671		0.9148		0.8097		0.9038		0.6276
  2 	0.539		0.9492		0.8587		0.9260		0.6827
  3 	0.490		0.9591		0.8265		0.9002		0.6500
  4 	0.465		0.9624		0.8609		0.9251		0.6855
  5 	0.447		0.9651		0.8459		0.9171		0.6762
  6 	0.393		0.9729		0.8582		0.9233		0.6911
  7 	0.400		0.9724		0.8584		0.9289		0.6846
  8 	0.403		0.9711		0.8749		0.9309		0.6995
  9 	0.363		0.9763		0.9186		0.9478		0.7536
 10 	0.365		0.9760		0.8679		0.9246		0.6874
 11 	0.365		0.9765		0.9229		0.9505		0.7657
 12 	0.345		0.9788		0.8777		0.9272		0.7079
 13 	0.344		0.9791		0.9185		0.9472		0.7620
 14 	0.331		0.9802		0.8621		0.9187		0.6818
 15 	0.325		0.9812		0.8737		0.9274		0.7042
 16 	0.337		0.9804		0.8700		0.9260		0.6967
 17 	0.327		0.9811		0.8658		0.9218		0.6995
 18 	0.330		0.9808		0.8699		0.9215		0.7004
 19 	0.314		0.9819		0.8756		0.9278		0.7126
 20 	0.318		0.9819		0.8678		0.9252		0.6939
 21 	0.289		0.9846		0.8976		0.9407		0.7387
 22 	0.278		0.9857		0.9074		0.9442		0.7452
 23 	0.286		0.9851		0.8991		0.9390		0.7303
 24 	0.297		0.9846		0.9224		0.9500		0.7639
 25 	0.303		0.9835		0.9031		0.9431		0.7396
 26 	0.286		0.9856		0.8722		0.9261		0.7014
 27 	0.279		0.9861		0.8725		0.9291		0.7079
 28 	0.286		0.9849		0.8766		0.9350		0.7154
 29 	0.257		0.9876		0.9155		0.9456		0.7536
 30 	0.259		0.9876		0.8905		0.9363		0.7238
 31 	0.266		0.9869		0.9009		0.9400		0.7424
 32 	0.247		0.9885		0.8871		0.9366		0.7135
 33 	0.255		0.9878		0.8621		0.9220		0.6864
 34 	0.277		0.9862		0.8622		0.9261		0.6911
 35 	0.261		0.9877		0.8555		0.9220		0.6827
 36 	0.249		0.9884		0.8682		0.9271		0.7023
 37 	0.232		0.9898		0.8842		0.9299		0.7238
 38 	0.236		0.9893		0.8704		0.9270		0.7004
 39 	0.241		0.9892		0.8360		0.9158		0.6612
 40 	0.241		0.9891		0.8666		0.9291		0.7014
 41 	0.238		0.9896		0.8910		0.9357		0.7284
 42 	0.239		0.9895		0.9102		0.9456		0.7480
 43 	0.225		0.9903		0.8879		0.9391		0.7210
 44 	0.233		0.9900		0.9064		0.9426		0.7424
 45 	0.232		0.9901		0.8971		0.9440		0.7331
 46 	0.229		0.9902		0.8821		0.9360		0.7126
 47 	0.226		0.9902		0.8635		0.9237		0.6920
 48 	0.227		0.9905		0.8727		0.9277		0.7014
 49 	0.219		0.9907		0.8791		0.9345		0.7107
Best test SRCC 0.922948, PLCC 0.950481, KRCC 0.765749
Round 6
pre True
Epoch	Train_Loss	Train_SRCC	Test_SRCC	Test_PLCC	Test_KROCC
  0 	1.017		0.7489		0.9172		0.9203		0.7458
  1 	0.728		0.8801		0.8933		0.9159		0.7202
  2 	0.637		0.9133		0.8870		0.9091		0.7108
  3 	0.542		0.9424		0.8904		0.9178		0.7234
  4 	0.460		0.9580		0.8939		0.9182		0.7234
  5 	0.430		0.9635		0.8764		0.9008		0.7061
  6 	0.404		0.9680		0.9030		0.9250		0.7382
  7 	0.399		0.9701		0.8855		0.9115		0.7116
  8 	0.393		0.9697		0.8781		0.9035		0.7116
  9 	0.364		0.9732		0.8950		0.9167		0.7226
 10 	0.361		0.9738		0.8491		0.8841		0.6583
 11 	0.359		0.9748		0.8692		0.8994		0.6850
 12 	0.339		0.9770		0.8640		0.8909		0.6787
 13 	0.329		0.9783		0.8599		0.8903		0.6724
 14 	0.340		0.9775		0.8817		0.9064		0.7108
 15 	0.325		0.9794		0.8758		0.9039		0.6904
 16 	0.319		0.9799		0.8961		0.9187		0.7288
 17 	0.301		0.9818		0.8659		0.8955		0.6834
 18 	0.307		0.9812		0.8524		0.8811		0.6614
 19 	0.292		0.9828		0.8817		0.9026		0.7038
 20 	0.289		0.9835		0.8693		0.9014		0.6850
 21 	0.309		0.9823		0.8659		0.8932		0.6779
 22 	0.279		0.9847		0.8730		0.9032		0.6873
 23 	0.286		0.9832		0.8619		0.8832		0.6818
 24 	0.293		0.9833		0.8562		0.8806		0.6607
 25 	0.298		0.9835		0.8464		0.8778		0.6481
 26 	0.272		0.9858		0.8760		0.9050		0.6944
 27 	0.264		0.9863		0.8604		0.8878		0.6701
 28 	0.257		0.9871		0.8587		0.8894		0.6677
 29 	0.257		0.9870		0.8850		0.9090		0.7069
 30 	0.239		0.9887		0.8708		0.9015		0.6834
 31 	0.245		0.9883		0.8485		0.8852		0.6520
 32 	0.237		0.9888		0.8465		0.8778		0.6536
 33 	0.265		0.9861		0.8789		0.9022		0.6936
 34 	0.244		0.9879		0.8517		0.8758		0.6614
 35 	0.237		0.9886		0.8557		0.8792		0.6654
 36 	0.244		0.9885		0.8536		0.8750		0.6661
 37 	0.251		0.9877		0.8575		0.8941		0.6661
 38 	0.240		0.9889		0.8635		0.8944		0.6748
 39 	0.251		0.9877		0.8594		0.8891		0.6661
 40 	0.236		0.9894		0.8598		0.8913		0.6701
 41 	0.236		0.9894		0.8534		0.8804		0.6599
 42 	0.222		0.9905		0.8759		0.9016		0.6967
 43 	0.212		0.9910		0.8664		0.8932		0.6826
 44 	0.229		0.9897		0.8675		0.9035		0.6834
 45 	0.207		0.9914		0.8682		0.8952		0.6803
 46 	0.215		0.9908		0.8472		0.8681		0.6685
 47 	0.228		0.9896		0.8856		0.9074		0.7061
 48 	0.238		0.9892		0.8381		0.8644		0.6466
 49 	0.213		0.9911		0.8734		0.8978		0.6920
Best test SRCC 0.917183, PLCC 0.920293, KRCC 0.745836
Round 7
pre True
Epoch	Train_Loss	Train_SRCC	Test_SRCC	Test_PLCC	Test_KROCC
  0 	1.070		0.7184		0.9385		0.9574		0.7824
  1 	0.629		0.9188		0.9374		0.9606		0.7974
  2 	0.494		0.9516		0.9507		0.9630		0.8133
  3 	0.469		0.9557		0.9522		0.9589		0.8133
  4 	0.429		0.9631		0.9499		0.9624		0.8142
  5 	0.447		0.9610		0.9521		0.9603		0.8310
  6 	0.392		0.9689		0.9464		0.9600		0.8151
  7 	0.403		0.9677		0.9568		0.9619		0.8292
  8 	0.386		0.9703		0.9508		0.9630		0.8226
  9 	0.372		0.9721		0.9488		0.9635		0.8151
 10 	0.363		0.9734		0.9480		0.9674		0.8105
 11 	0.368		0.9735		0.9470		0.9629		0.8161
 12 	0.351		0.9754		0.9522		0.9639		0.8189
 13 	0.345		0.9762		0.9510		0.9618		0.8245
 14 	0.336		0.9771		0.9518		0.9637		0.8226
 15 	0.318		0.9793		0.9485		0.9587		0.8133
 16 	0.322		0.9787		0.9525		0.9651		0.8170
 17 	0.312		0.9795		0.9503		0.9578		0.8151
 18 	0.308		0.9801		0.9449		0.9557		0.7993
 19 	0.302		0.9811		0.9535		0.9638		0.8245
 20 	0.291		0.9822		0.9381		0.9586		0.7908
 21 	0.285		0.9829		0.9510		0.9593		0.8161
 22 	0.288		0.9825		0.9492		0.9657		0.8189
 23 	0.293		0.9824		0.9510		0.9639		0.8170
 24 	0.296		0.9826		0.9478		0.9672		0.8170
 25 	0.277		0.9842		0.9496		0.9566		0.8067
 26 	0.278		0.9840		0.9456		0.9631		0.8105
 27 	0.268		0.9845		0.9555		0.9648		0.8198
 28 	0.259		0.9857		0.9267		0.9542		0.7656
 29 	0.273		0.9839		0.9507		0.9632		0.8151
 30 	0.239		0.9878		0.9507		0.9554		0.8067
 31 	0.251		0.9870		0.9487		0.9565		0.7983
 32 	0.236		0.9880		0.9454		0.9575		0.7965
 33 	0.237		0.9880		0.9379		0.9506		0.7936
 34 	0.259		0.9862		0.9474		0.9617		0.8114
 35 	0.241		0.9875		0.9457		0.9611		0.8123
 36 	0.231		0.9884		0.9409		0.9570		0.7965
 37 	0.240		0.9879		0.9404		0.9558		0.7946
 38 	0.257		0.9865		0.9505		0.9602		0.8123
 39 	0.243		0.9874		0.9538		0.9627		0.8208
 40 	0.222		0.9893		0.9484		0.9607		0.8105
 41 	0.219		0.9895		0.9540		0.9644		0.8245
 42 	0.235		0.9882		0.9553		0.9647		0.8236
 43 	0.238		0.9882		0.9533		0.9634		0.8142
 44 	0.235		0.9884		0.9486		0.9559		0.8086
 45 	0.213		0.9901		0.9470		0.9561		0.8049
 46 	0.231		0.9888		0.9542		0.9628		0.8189
 47 	0.214		0.9900		0.9533		0.9605		0.8189
 48 	0.199		0.9911		0.9508		0.9571		0.8067
 49 	0.212		0.9903		0.9527		0.9593		0.8067
Best test SRCC 0.956815, PLCC 0.961943, KRCC 0.829168
Round 8
pre True
Epoch	Train_Loss	Train_SRCC	Test_SRCC	Test_PLCC	Test_KROCC
  0 	1.098		0.7250		0.9028		0.9155		0.7369
  1 	0.641		0.9170		0.8775		0.9017		0.7024
  2 	0.536		0.9472		0.8787		0.8911		0.6977
  3 	0.478		0.9581		0.8454		0.8690		0.6633
  4 	0.418		0.9672		0.8383		0.8459		0.6500
  5 	0.420		0.9687		0.8299		0.8414		0.6453
  6 	0.384		0.9734		0.8432		0.8522		0.6601
  7 	0.382		0.9724		0.8465		0.8553		0.6672
  8 	0.384		0.9730		0.8082		0.8320		0.6178
  9 	0.363		0.9749		0.8305		0.8434		0.6507
 10 	0.372		0.9746		0.7793		0.8004		0.6029
 11 	0.356		0.9769		0.8312		0.8439		0.6484
 12 	0.331		0.9798		0.8162		0.8278		0.6311
 13 	0.332		0.9795		0.7964		0.8084		0.6170
 14 	0.319		0.9809		0.8108		0.8284		0.6358
 15 	0.330		0.9799		0.8132		0.8246		0.6194
 16 	0.318		0.9815		0.7953		0.8070		0.6084
 17 	0.296		0.9840		0.7558		0.7901		0.5786
 18 	0.305		0.9832		0.8020		0.8214		0.6139
 19 	0.294		0.9847		0.7827		0.8043		0.6045
 20 	0.314		0.9826		0.7697		0.7957		0.5802
 21 	0.292		0.9850		0.8053		0.8161		0.6217
 22 	0.295		0.9846		0.8193		0.8336		0.6296
 23 	0.275		0.9863		0.8295		0.8415		0.6445
 24 	0.268		0.9874		0.8021		0.8233		0.6210
 25 	0.275		0.9864		0.7789		0.8018		0.5912
 26 	0.268		0.9876		0.8404		0.8484		0.6578
 27 	0.262		0.9879		0.8097		0.8242		0.6257
 28 	0.246		0.9890		0.7997		0.8224		0.6163
 29 	0.246		0.9890		0.8007		0.8156		0.6084
 30 	0.240		0.9893		0.8056		0.8180		0.6194
 31 	0.244		0.9892		0.7999		0.8202		0.6108
 32 	0.261		0.9878		0.7946		0.8179		0.6084
 33 	0.247		0.9890		0.8171		0.8280		0.6421
 34 	0.220		0.9910		0.7932		0.8155		0.5967
 35 	0.238		0.9897		0.8141		0.8263		0.6257
 36 	0.222		0.9908		0.7966		0.8127		0.6037
 37 	0.222		0.9908		0.7823		0.8030		0.5841
 38 	0.229		0.9901		0.8008		0.8275		0.6116
 39 	0.229		0.9905		0.8055		0.8248		0.6186
 40 	0.207		0.9921		0.7761		0.7953		0.5881
 41 	0.229		0.9903		0.8188		0.8308		0.6413
 42 	0.212		0.9915		0.7844		0.8066		0.5998
 43 	0.213		0.9911		0.8247		0.8398		0.6492
 44 	0.219		0.9912		0.7886		0.8090		0.6022
 45 	0.213		0.9913		0.7829		0.8097		0.5904
 46 	0.204		0.9918		0.7765		0.7917		0.5826
 47 	0.197		0.9926		0.8105		0.8195		0.6233
 48 	0.198		0.9924		0.7958		0.8149		0.6045
 49 	0.196		0.9926		0.7773		0.7982		0.5849
Best test SRCC 0.902762, PLCC 0.915518, KRCC 0.736925
Round 9
pre True
Epoch	Train_Loss	Train_SRCC	Test_SRCC	Test_PLCC	Test_KROCC
  0 	1.207		0.7054		0.8974		0.9151		0.7019
  1 	0.621		0.9283		0.9072		0.8986		0.7301
  2 	0.518		0.9525		0.8896		0.8934		0.7019
  3 	0.494		0.9571		0.8980		0.9009		0.7192
  4 	0.503		0.9589		0.9480		0.9408		0.8038
  5 	0.440		0.9664		0.9316		0.9243		0.7709
  6 	0.437		0.9674		0.9375		0.9281		0.7850
  7 	0.406		0.9708		0.9264		0.9111		0.7654
  8 	0.430		0.9685		0.9295		0.9254		0.7716
  9 	0.376		0.9753		0.9190		0.9226		0.7536
 10 	0.383		0.9747		0.9390		0.9339		0.7857
 11 	0.350		0.9790		0.9226		0.9177		0.7599
 12 	0.371		0.9762		0.9067		0.9127		0.7356
 13 	0.365		0.9769		0.9240		0.9148		0.7622
 14 	0.352		0.9784		0.9106		0.9107		0.7458
 15 	0.326		0.9811		0.9312		0.9279		0.7701
 16 	0.334		0.9805		0.8983		0.8991		0.7286
 17 	0.318		0.9827		0.9317		0.9236		0.7787
 18 	0.316		0.9826		0.9373		0.9275		0.7818
 19 	0.311		0.9831		0.8938		0.8963		0.7129
 20 	0.297		0.9845		0.9244		0.9182		0.7591
 21 	0.301		0.9839		0.9375		0.9295		0.7842
 22 	0.299		0.9845		0.9256		0.9210		0.7701
 23 	0.288		0.9852		0.9324		0.9239		0.7842
 24 	0.289		0.9855		0.9240		0.9187		0.7607
 25 	0.280		0.9857		0.9332		0.9249		0.7779
 26 	0.266		0.9873		0.9430		0.9300		0.7959
 27 	0.260		0.9879		0.9286		0.9189		0.7740
 28 	0.277		0.9862		0.9306		0.9207		0.7763
 29 	0.255		0.9882		0.9182		0.9077		0.7528
 30 	0.268		0.9868		0.9125		0.9112		0.7356
 31 	0.252		0.9884		0.9223		0.9200		0.7568
 32 	0.291		0.9852		0.9330		0.9252		0.7771
 33 	0.240		0.9894		0.9358		0.9276		0.7826
 34 	0.236		0.9900		0.9330		0.9265		0.7779
 35 	0.236		0.9900		0.9344		0.9240		0.7771
 36 	0.234		0.9899		0.9330		0.9272		0.7810
 37 	0.245		0.9887		0.9386		0.9279		0.7826
 38 	0.236		0.9896		0.9340		0.9252		0.7740
 39 	0.222		0.9910		0.9217		0.9223		0.7575
 40 	0.220		0.9911		0.9332		0.9279		0.7787
 41 	0.229		0.9907		0.9270		0.9235		0.7724
 42 	0.227		0.9903		0.9265		0.9251		0.7677
 43 	0.222		0.9905		0.9312		0.9254		0.7748
 44 	0.203		0.9923		0.9256		0.9233		0.7615
 45 	0.204		0.9922		0.9326		0.9246		0.7756
 46 	0.228		0.9909		0.9387		0.9281		0.7897
 47 	0.210		0.9918		0.9302		0.9225		0.7669
 48 	0.210		0.9916		0.9270		0.9229		0.7646
 49 	0.217		0.9915		0.9434		0.9298		0.7936
Best test SRCC 0.948049, PLCC 0.940821, KRCC 0.803761
Round 10
pre True
Epoch	Train_Loss	Train_SRCC	Test_SRCC	Test_PLCC	Test_KROCC
  0 	1.024		0.7514		0.9067		0.9477		0.7309
  1 	0.514		0.9536		0.9176		0.9478		0.7498
  2 	0.477		0.9593		0.9400		0.9559		0.7937
  3 	0.457		0.9641		0.9376		0.9541		0.7913
  4 	0.454		0.9647		0.9373		0.9527		0.7897
  5 	0.424		0.9678		0.9283		0.9471		0.7835
  6 	0.419		0.9693		0.9435		0.9539		0.8007
  7 	0.405		0.9716		0.9187		0.9447		0.7639
  8 	0.396		0.9734		0.9330		0.9436		0.7905
  9 	0.399		0.9725		0.9200		0.9419		0.7615
 10 	0.395		0.9727		0.9337		0.9495		0.7811
 11 	0.384		0.9743		0.9112		0.9395		0.7513
 12 	0.370		0.9762		0.9295		0.9439		0.7780
 13 	0.367		0.9767		0.9360		0.9489		0.7913
 14 	0.358		0.9774		0.9367		0.9539		0.7905
 15 	0.349		0.9787		0.9453		0.9569		0.7999
 16 	0.351		0.9783		0.9191		0.9441		0.7654
 17 	0.363		0.9779		0.9195		0.9452		0.7607
 18 	0.343		0.9791		0.9227		0.9416		0.7646
 19 	0.348		0.9797		0.9418		0.9542		0.7921
 20 	0.352		0.9793		0.9374		0.9525		0.7997
 21 	0.337		0.9810		0.9309		0.9430		0.7795
 22 	0.322		0.9818		0.9199		0.9415		0.7654
 23 	0.327		0.9816		0.9148		0.9387		0.7490
 24 	0.300		0.9839		0.9238		0.9415		0.7639
 25 	0.302		0.9843		0.9236		0.9461		0.7686
 26 	0.303		0.9835		0.9101		0.9409		0.7451
 27 	0.328		0.9807		0.9113		0.9378		0.7545
 28 	0.286		0.9852		0.9090		0.9329		0.7490
 29 	0.284		0.9855		0.9144		0.9377		0.7607
 30 	0.332		0.9807		0.9211		0.9446		0.7621
 31 	0.322		0.9814		0.9179		0.9398		0.7537
 32 	0.289		0.9852		0.9204		0.9399		0.7623
 33 	0.288		0.9854		0.9239		0.9454		0.7662
 34 	0.300		0.9842		0.9132		0.9353		0.7505
 35 	0.308		0.9835		0.9195		0.9421		0.7683
 36 	0.284		0.9856		0.9298		0.9473		0.7842
 37 	0.278		0.9861		0.9265		0.9500		0.7733
 38 	0.273		0.9866		0.9118		0.9410		0.7529
 39 	0.277		0.9863		0.9007		0.9278		0.7372
 40 	0.275		0.9866		0.9195		0.9454		0.7632
 41 	0.271		0.9864		0.9118		0.9331		0.7505
 42 	0.296		0.9846		0.9118		0.9297		0.7607
 43 	0.264		0.9875		0.9114		0.9340		0.7498
 44 	0.255		0.9886		0.9263		0.9430		0.7733
 45 	0.256		0.9885		0.9282		0.9492		0.7772
 46 	0.259		0.9880		0.9397		0.9492		0.7882
 47 	0.251		0.9888		0.9258		0.9417		0.7733
 48 	0.255		0.9884		0.9312		0.9464		0.7785
 49 	0.243		0.9898		0.9362		0.9502		0.7937
Best test SRCC 0.945258, PLCC 0.956876, KRCC 0.799923
[0.85644799 0.9269681  0.94889772 0.92043213 0.92294846 0.91718322
 0.95681494 0.90276159 0.94804882 0.94525779]
[0.908965   0.94070886 0.94325923 0.94641326 0.9504811  0.92029334
 0.96194269 0.91551826 0.94082086 0.95687563]
[0.66931201 0.76567492 0.81725716 0.74772513 0.76574928 0.74583648
 0.82916843 0.73692528 0.80376084 0.79992286]
Testing mean SRCC 0.9246,	mean PLCC 0.9385,mean KRCC 0.7681
