HyperIQA
Training and testing on QADS dataset for 10 rounds...
Round 1
pre True
Epoch	Train_Loss	Train_SRCC	Test_SRCC	Test_PLCC	Test_KROCC
  0 	0.176		0.6194		0.8966		0.7900		0.7218
  1 	0.130		0.7954		0.9124		0.9193		0.7298
  2 	0.081		0.9222		0.9040		0.9157		0.7218
  3 	0.065		0.9520		0.9018		0.8987		0.7298
  4 	0.057		0.9626		0.9069		0.9086		0.7419
  5 	0.052		0.9680		0.8820		0.8820		0.7016
  6 	0.048		0.9724		0.8878		0.8836		0.7056
  7 	0.046		0.9747		0.8831		0.8875		0.6895
  8 	0.046		0.9745		0.8897		0.8948		0.7097
  9 	0.041		0.9790		0.8904		0.8981		0.7016
 10 	0.045		0.9756		0.8959		0.9063		0.7218
 11 	0.040		0.9799		0.8647		0.8956		0.6935
 12 	0.038		0.9823		0.8772		0.8979		0.6895
 13 	0.034		0.9854		0.8999		0.8936		0.7218
 14 	0.037		0.9829		0.8977		0.9087		0.7177
 15 	0.034		0.9851		0.9238		0.9351		0.7500
 16 	0.036		0.9842		0.8915		0.9184		0.7177
 17 	0.033		0.9860		0.8930		0.9141		0.7097
 18 	0.032		0.9870		0.9135		0.9351		0.7540
 19 	0.033		0.9866		0.8908		0.9315		0.7097
 20 	0.036		0.9840		0.9021		0.9214		0.7379
 21 	0.034		0.9850		0.8941		0.9189		0.7258
 22 	0.032		0.9871		0.8845		0.9205		0.7016
 23 	0.031		0.9872		0.8875		0.8988		0.7419
 24 	0.034		0.9852		0.8922		0.9124		0.7177
 25 	0.030		0.9882		0.9124		0.9293		0.7460
 26 	0.029		0.9893		0.9117		0.9365		0.7218
 27 	0.029		0.9888		0.9205		0.9335		0.7702
 28 	0.030		0.9885		0.9395		0.9496		0.7702
 29 	0.029		0.9894		0.9032		0.9392		0.7339
 30 	0.029		0.9896		0.8838		0.9157		0.6976
 31 	0.029		0.9896		0.9120		0.9329		0.7298
 32 	0.028		0.9903		0.9227		0.9377		0.7581
 33 	0.026		0.9909		0.9296		0.9461		0.7863
 34 	0.025		0.9918		0.8999		0.9139		0.7258
 35 	0.027		0.9906		0.8911		0.9236		0.7137
 36 	0.029		0.9885		0.9003		0.8976		0.7379
 37 	0.028		0.9900		0.8908		0.9177		0.7137
 38 	0.027		0.9908		0.9282		0.9451		0.7702
 39 	0.026		0.9912		0.9153		0.9364		0.7540
 40 	0.025		0.9918		0.9043		0.9176		0.7379
 41 	0.025		0.9919		0.9318		0.9502		0.7984
 42 	0.023		0.9930		0.9054		0.9128		0.7460
 43 	0.022		0.9936		0.9131		0.9400		0.7581
 44 	0.026		0.9916		0.8959		0.9078		0.7218
 45 	0.023		0.9931		0.8955		0.9078		0.7298
 46 	0.024		0.9927		0.8794		0.9007		0.7056
 47 	0.023		0.9932		0.8886		0.9239		0.7056
 48 	0.023		0.9931		0.8952		0.9059		0.7298
 49 	0.024		0.9922		0.8981		0.9239		0.7339
Best test SRCC 0.939516, PLCC 0.949637, KRCC 0.770161
Round 2
pre True
Epoch	Train_Loss	Train_SRCC	Test_SRCC	Test_PLCC	Test_KROCC
  0 	0.156		0.6848		0.8974		0.8716		0.7436
  1 	0.073		0.9340		0.8839		0.8438		0.6949
  2 	0.056		0.9612		0.8308		0.8318		0.6308
  3 	0.051		0.9676		0.8583		0.8331		0.6769
  4 	0.045		0.9736		0.8563		0.8472		0.6615
  5 	0.044		0.9754		0.8702		0.8410		0.6897
  6 	0.042		0.9764		0.8690		0.8422		0.6821
  7 	0.040		0.9797		0.8553		0.8569		0.6641
  8 	0.040		0.9794		0.8208		0.8180		0.6333
  9 	0.038		0.9806		0.8510		0.8446		0.6538
 10 	0.037		0.9819		0.8533		0.8482		0.6641
 11 	0.038		0.9812		0.8311		0.8373		0.6359
 12 	0.035		0.9839		0.8689		0.8600		0.6769
 13 	0.037		0.9822		0.8792		0.8684		0.6923
 14 	0.033		0.9849		0.8730		0.8515		0.6949
 15 	0.033		0.9849		0.8424		0.8382		0.6513
 16 	0.029		0.9878		0.8578		0.8527		0.6744
 17 	0.031		0.9864		0.8370		0.8410		0.6436
 18 	0.031		0.9866		0.8285		0.8025		0.6462
 19 	0.031		0.9863		0.8317		0.8253		0.6308
 20 	0.030		0.9873		0.8319		0.8428		0.6231
 21 	0.032		0.9853		0.8210		0.8467		0.6282
 22 	0.030		0.9873		0.8745		0.8448		0.6769
 23 	0.030		0.9869		0.9098		0.8869		0.7410
 24 	0.026		0.9901		0.7799		0.7631		0.5538
 25 	0.030		0.9875		0.8178		0.8319		0.6179
 26 	0.027		0.9895		0.8591		0.8464		0.6744
 27 	0.025		0.9906		0.8625		0.8463		0.6795
 28 	0.027		0.9897		0.8754		0.8742		0.6923
 29 	0.030		0.9868		0.8096		0.8103		0.6128
 30 	0.026		0.9903		0.8782		0.8579		0.7051
 31 	0.028		0.9882		0.7946		0.8029		0.5949
 32 	0.026		0.9896		0.8779		0.8648		0.7000
 33 	0.030		0.9870		0.8221		0.8113		0.6205
 34 	0.033		0.9813		0.8735		0.8703		0.6795
 35 	0.026		0.9902		0.8529		0.8548		0.6667
 36 	0.026		0.9901		0.8188		0.8362		0.6282
 37 	0.028		0.9892		0.8480		0.8272		0.6564
 38 	0.029		0.9883		0.8332		0.8340		0.6410
 39 	0.025		0.9908		0.8499		0.8393		0.6641
 40 	0.025		0.9906		0.8480		0.8287		0.6564
 41 	0.023		0.9919		0.9068		0.8749		0.7564
 42 	0.024		0.9914		0.8764		0.8664		0.7026
 43 	0.030		0.9872		0.8895		0.8642		0.7410
 44 	0.023		0.9919		0.8381		0.8320		0.6615
 45 	0.023		0.9922		0.8503		0.8390		0.6667
 46 	0.023		0.9919		0.8137		0.7915		0.6359
 47 	0.022		0.9927		0.8152		0.8354		0.6103
 48 	0.024		0.9915		0.8743		0.8630		0.6872
 49 	0.023		0.9913		0.8253		0.8165		0.6333
Best test SRCC 0.909756, PLCC 0.886860, KRCC 0.741026
Round 3
pre True
Epoch	Train_Loss	Train_SRCC	Test_SRCC	Test_PLCC	Test_KROCC
  0 	0.153		0.7356		0.6858		0.6575		0.4815
  1 	0.075		0.9372		0.8194		0.8311		0.6349
  2 	0.063		0.9544		0.8079		0.8095		0.6190
  3 	0.053		0.9659		0.8374		0.8300		0.6561
  4 	0.056		0.9639		0.8418		0.8362		0.6561
  5 	0.050		0.9693		0.8593		0.8755		0.6825
  6 	0.044		0.9759		0.8391		0.8425		0.6402
  7 	0.046		0.9738		0.8615		0.8598		0.6931
  8 	0.040		0.9789		0.8478		0.8597		0.6772
  9 	0.042		0.9776		0.8478		0.8638		0.6614
 10 	0.040		0.9796		0.8528		0.8449		0.6931
 11 	0.039		0.9802		0.8632		0.8666		0.6878
 12 	0.036		0.9833		0.8117		0.8285		0.6296
 13 	0.041		0.9795		0.8528		0.8601		0.7037
 14 	0.038		0.9812		0.8084		0.7979		0.6349
 15 	0.036		0.9825		0.8232		0.8372		0.6561
 16 	0.035		0.9843		0.8292		0.8220		0.6614
 17 	0.035		0.9843		0.8467		0.8484		0.6667
 18 	0.033		0.9852		0.8380		0.8475		0.6667
 19 	0.034		0.9853		0.8484		0.8474		0.6667
 20 	0.033		0.9854		0.8303		0.7916		0.6508
 21 	0.035		0.9846		0.8440		0.8437		0.6720
 22 	0.030		0.9875		0.8363		0.8445		0.6667
 23 	0.029		0.9881		0.8446		0.8575		0.6614
 24 	0.033		0.9858		0.8150		0.8217		0.6402
 25 	0.030		0.9880		0.8243		0.8272		0.6402
 26 	0.031		0.9873		0.8134		0.8194		0.6190
 27 	0.033		0.9851		0.8227		0.8243		0.6561
 28 	0.033		0.9862		0.8183		0.8226		0.6614
 29 	0.029		0.9887		0.8331		0.8195		0.6878
 30 	0.029		0.9883		0.8473		0.8449		0.6825
 31 	0.027		0.9897		0.8511		0.8484		0.6825
 32 	0.027		0.9896		0.8303		0.8125		0.6720
 33 	0.028		0.9888		0.8374		0.8505		0.6720
 34 	0.030		0.9879		0.8166		0.7985		0.6402
 35 	0.031		0.9877		0.8112		0.8220		0.6349
 36 	0.026		0.9908		0.8571		0.8545		0.6825
 37 	0.029		0.9887		0.8314		0.8279		0.6667
 38 	0.027		0.9898		0.8188		0.7920		0.6455
 39 	0.027		0.9896		0.8533		0.8387		0.6931
 40 	0.026		0.9906		0.8270		0.8183		0.6614
 41 	0.026		0.9904		0.8216		0.7980		0.6667
 42 	0.026		0.9909		0.8270		0.8055		0.6667
 43 	0.027		0.9901		0.8013		0.8073		0.6243
 44 	0.031		0.9870		0.8205		0.8291		0.6614
 45 	0.026		0.9908		0.8238		0.8117		0.6561
 46 	0.027		0.9903		0.8150		0.7939		0.6508
 47 	0.024		0.9920		0.8418		0.8440		0.6720
 48 	0.024		0.9919		0.7958		0.7869		0.6243
 49 	0.024		0.9919		0.7937		0.7996		0.6296
Best test SRCC 0.863164, PLCC 0.866585, KRCC 0.687831
Round 4
pre True
Epoch	Train_Loss	Train_SRCC	Test_SRCC	Test_PLCC	Test_KROCC
  0 	0.175		0.6053		0.8919		0.8079		0.7209
  1 	0.100		0.8826		0.9074		0.8942		0.7315
  2 	0.081		0.9212		0.8848		0.8645		0.6998
  3 	0.058		0.9560		0.8472		0.8354		0.6554
  4 	0.056		0.9617		0.8276		0.8179		0.6364
  5 	0.050		0.9682		0.9002		0.8661		0.7294
  6 	0.046		0.9724		0.8809		0.8648		0.7040
  7 	0.043		0.9752		0.8458		0.8133		0.6744
  8 	0.040		0.9776		0.8768		0.8386		0.6977
  9 	0.038		0.9802		0.8041		0.7871		0.6216
 10 	0.049		0.9694		0.8241		0.7977		0.6533
 11 	0.036		0.9810		0.8519		0.8123		0.6596
 12 	0.034		0.9826		0.7665		0.7415		0.5962
 13 	0.035		0.9818		0.8337		0.8088		0.6554
 14 	0.034		0.9824		0.8323		0.8114		0.6554
 15 	0.031		0.9851		0.8970		0.8720		0.7188
 16 	0.033		0.9840		0.9095		0.8828		0.7421
 17 	0.032		0.9845		0.8189		0.8021		0.6406
 18 	0.030		0.9860		0.8691		0.8420		0.7019
 19 	0.028		0.9878		0.8016		0.7825		0.6173
 20 	0.034		0.9844		0.9122		0.8998		0.7548
 21 	0.029		0.9867		0.8710		0.8335		0.6956
 22 	0.028		0.9877		0.8994		0.8706		0.7209
 23 	0.029		0.9872		0.8462		0.8247		0.6638
 24 	0.027		0.9878		0.8101		0.7991		0.6300
 25 	0.026		0.9888		0.8399		0.8106		0.6554
 26 	0.030		0.9863		0.8365		0.8005		0.6681
 27 	0.027		0.9888		0.9080		0.8805		0.7400
 28 	0.029		0.9871		0.7721		0.7666		0.5983
 29 	0.028		0.9874		0.8940		0.8695		0.7146
 30 	0.026		0.9892		0.8705		0.8410		0.6913
 31 	0.028		0.9880		0.9047		0.8821		0.7315
 32 	0.027		0.9886		0.8448		0.8276		0.6660
 33 	0.024		0.9907		0.8648		0.8509		0.6850
 34 	0.025		0.9898		0.8881		0.8613		0.7104
 35 	0.025		0.9898		0.8175		0.7856		0.6469
 36 	0.025		0.9900		0.8837		0.8647		0.7082
 37 	0.023		0.9906		0.8713		0.8276		0.6808
 38 	0.026		0.9893		0.9042		0.8789		0.7357
 39 	0.023		0.9909		0.9068		0.8760		0.7315
 40 	0.026		0.9892		0.8872		0.8653		0.7146
 41 	0.028		0.9881		0.8843		0.8548		0.7125
 42 	0.024		0.9906		0.8622		0.8469		0.6702
 43 	0.021		0.9919		0.8623		0.8272		0.6765
 44 	0.022		0.9914		0.8989		0.8788		0.7167
 45 	0.020		0.9929		0.9115		0.8841		0.7484
 46 	0.024		0.9906		0.8981		0.8699		0.7273
 47 	0.026		0.9895		0.9099		0.8902		0.7421
 48 	0.021		0.9924		0.8795		0.8625		0.7019
 49 	0.020		0.9929		0.8488		0.8305		0.6617
Best test SRCC 0.912192, PLCC 0.899794, KRCC 0.754757
Round 5
pre True
Epoch	Train_Loss	Train_SRCC	Test_SRCC	Test_PLCC	Test_KROCC
  0 	0.172		0.6309		0.8286		0.6765		0.6571
  1 	0.104		0.8632		0.8911		0.8434		0.7333
  2 	0.065		0.9475		0.8644		0.8353		0.7143
  3 	0.052		0.9644		0.9441		0.9052		0.8063
  4 	0.047		0.9699		0.7761		0.7463		0.6095
  5 	0.043		0.9745		0.8067		0.7636		0.6508
  6 	0.043		0.9749		0.8075		0.7913		0.6476
  7 	0.040		0.9776		0.8844		0.8677		0.7238
  8 	0.039		0.9791		0.8190		0.8220		0.6698
  9 	0.034		0.9830		0.8994		0.8790		0.7429
 10 	0.036		0.9814		0.9346		0.8908		0.8032
 11 	0.034		0.9834		0.8329		0.8359		0.7016
 12 	0.037		0.9815		0.8692		0.8408		0.7270
 13 	0.037		0.9810		0.8764		0.8486		0.7429
 14 	0.038		0.9813		0.8909		0.8557		0.7556
 15 	0.034		0.9844		0.9138		0.8898		0.7841
 16 	0.031		0.9861		0.8399		0.8216		0.6698
 17 	0.033		0.9850		0.8278		0.7969		0.6698
 18 	0.032		0.9852		0.8432		0.8294		0.7048
 19 	0.029		0.9881		0.9040		0.8733		0.7683
 20 	0.027		0.9895		0.8669		0.8459		0.6921
 21 	0.028		0.9892		0.8973		0.8610		0.7460
 22 	0.029		0.9874		0.9192		0.9003		0.7810
 23 	0.029		0.9878		0.9004		0.8680		0.7587
 24 	0.030		0.9876		0.8927		0.8640		0.7556
 25 	0.031		0.9870		0.8831		0.8630		0.7397
 26 	0.026		0.9899		0.9153		0.8817		0.7587
 27 	0.026		0.9898		0.9099		0.8952		0.7619
 28 	0.028		0.9889		0.8764		0.8512		0.7270
 29 	0.029		0.9882		0.9143		0.8828		0.7714
 30 	0.027		0.9890		0.8986		0.8703		0.7651
 31 	0.028		0.9883		0.9089		0.8699		0.7778
 32 	0.027		0.9892		0.8538		0.8547		0.6984
 33 	0.026		0.9905		0.9145		0.8798		0.7841
 34 	0.025		0.9906		0.9261		0.9032		0.7905
 35 	0.025		0.9911		0.8813		0.8688		0.7143
 36 	0.026		0.9898		0.8214		0.7961		0.6921
 37 	0.026		0.9901		0.9292		0.8815		0.7937
 38 	0.025		0.9911		0.9400		0.9030		0.8095
 39 	0.027		0.9895		0.8445		0.8351		0.7206
 40 	0.025		0.9901		0.8409		0.8176		0.7111
 41 	0.027		0.9900		0.8865		0.8495		0.7333
 42 	0.024		0.9914		0.8865		0.8652		0.7460
 43 	0.024		0.9917		0.9310		0.9031		0.8000
 44 	0.024		0.9916		0.8759		0.8628		0.7302
 45 	0.022		0.9926		0.8746		0.8514		0.7651
 46 	0.023		0.9926		0.9511		0.9173		0.8254
 47 	0.022		0.9928		0.9308		0.9027		0.7841
 48 	0.024		0.9919		0.9313		0.9052		0.7905
 49 	0.024		0.9922		0.9333		0.8990		0.7873
Best test SRCC 0.951094, PLCC 0.917252, KRCC 0.825397
Round 6
pre True
Epoch	Train_Loss	Train_SRCC	Test_SRCC	Test_PLCC	Test_KROCC
  0 	0.169		0.6438		0.8681		0.7437		0.6718
  1 	0.104		0.8647		0.9505		0.9657		0.8103
  2 	0.066		0.9414		0.8917		0.8950		0.6949
  3 	0.057		0.9573		0.9364		0.9339		0.7744
  4 	0.053		0.9638		0.9255		0.9200		0.7538
  5 	0.047		0.9699		0.9156		0.9153		0.7641
  6 	0.043		0.9736		0.8972		0.9060		0.7128
  7 	0.052		0.9658		0.9214		0.9225		0.7590
  8 	0.046		0.9719		0.9360		0.9422		0.7821
  9 	0.039		0.9778		0.9310		0.9348		0.7692
 10 	0.039		0.9778		0.9152		0.9214		0.7410
 11 	0.037		0.9789		0.8754		0.8869		0.6949
 12 	0.037		0.9796		0.9126		0.9232		0.7359
 13 	0.041		0.9774		0.8574		0.8760		0.6718
 14 	0.037		0.9799		0.9105		0.9247		0.7308
 15 	0.040		0.9765		0.8861		0.8953		0.7077
 16 	0.035		0.9819		0.8582		0.8844		0.6897
 17 	0.034		0.9821		0.9141		0.9225		0.7410
 18 	0.033		0.9829		0.8795		0.8966		0.7000
 19 	0.032		0.9830		0.9071		0.9068		0.7410
 20 	0.031		0.9840		0.8826		0.8908		0.7000
 21 	0.033		0.9834		0.8707		0.8851		0.6667
 22 	0.033		0.9823		0.9261		0.9332		0.7513
 23 	0.032		0.9839		0.9032		0.9061		0.7179
 24 	0.034		0.9828		0.9079		0.9069		0.7205
 25 	0.031		0.9841		0.9238		0.9238		0.7564
 26 	0.032		0.9838		0.9173		0.9244		0.7410
 27 	0.032		0.9845		0.8749		0.8792		0.6795
 28 	0.034		0.9819		0.9184		0.9290		0.7462
 29 	0.029		0.9864		0.9343		0.9506		0.7641
 30 	0.029		0.9857		0.9032		0.9183		0.7154
 31 	0.030		0.9861		0.9317		0.9314		0.7667
 32 	0.029		0.9865		0.9171		0.9334		0.7333
 33 	0.028		0.9868		0.9135		0.9100		0.7385
 34 	0.029		0.9867		0.9084		0.9212		0.7256
 35 	0.030		0.9843		0.9131		0.9229		0.7333
 36 	0.026		0.9879		0.9240		0.9367		0.7487
 37 	0.029		0.9862		0.9328		0.9539		0.7744
 38 	0.030		0.9852		0.9094		0.9354		0.7179
 39 	0.027		0.9879		0.9124		0.9410		0.7385
 40 	0.025		0.9888		0.9139		0.9265		0.7308
 41 	0.025		0.9892		0.9191		0.9421		0.7641
 42 	0.025		0.9892		0.9094		0.9234		0.7282
 43 	0.025		0.9894		0.9109		0.9300		0.7385
 44 	0.024		0.9894		0.9381		0.9533		0.7846
 45 	0.029		0.9867		0.9173		0.9323		0.7385
 46 	0.028		0.9875		0.9154		0.9438		0.7385
 47 	0.024		0.9899		0.9094		0.9184		0.7385
 48 	0.024		0.9905		0.9218		0.9322		0.7462
 49 	0.023		0.9910		0.9143		0.9361		0.7308
Best test SRCC 0.950469, PLCC 0.965730, KRCC 0.810256
Round 7
pre True
Epoch	Train_Loss	Train_SRCC	Test_SRCC	Test_PLCC	Test_KROCC
  0 	0.168		0.6581		0.8872		0.9484		0.7282
  1 	0.091		0.8978		0.9261		0.9483		0.7821
  2 	0.077		0.9307		0.9672		0.9807		0.8564
  3 	0.056		0.9584		0.9747		0.9826		0.8718
  4 	0.051		0.9664		0.9878		0.9918		0.9179
  5 	0.048		0.9697		0.9799		0.9884		0.8897
  6 	0.048		0.9696		0.9668		0.9718		0.8487
  7 	0.042		0.9750		0.9865		0.9852		0.9179
  8 	0.039		0.9780		0.9775		0.9872		0.8821
  9 	0.040		0.9773		0.9728		0.9824		0.8795
 10 	0.044		0.9738		0.9747		0.9848		0.8744
 11 	0.039		0.9785		0.9660		0.9810		0.8538
 12 	0.038		0.9799		0.9786		0.9844		0.8846
 13 	0.036		0.9812		0.9737		0.9783		0.8667
 14 	0.035		0.9821		0.9709		0.9849		0.8641
 15 	0.034		0.9825		0.9739		0.9777		0.8769
 16 	0.034		0.9831		0.9692		0.9679		0.8564
 17 	0.038		0.9795		0.9467		0.9653		0.7923
 18 	0.031		0.9845		0.9411		0.9633		0.7769
 19 	0.030		0.9858		0.9392		0.9589		0.7821
 20 	0.034		0.9829		0.9619		0.9732		0.8410
 21 	0.032		0.9842		0.9709		0.9756		0.8692
 22 	0.033		0.9838		0.9477		0.9639		0.8077
 23 	0.029		0.9865		0.9644		0.9753		0.8385
 24 	0.031		0.9853		0.9722		0.9837		0.8667
 25 	0.035		0.9825		0.9638		0.9694		0.8359
 26 	0.033		0.9841		0.9634		0.9673		0.8359
 27 	0.032		0.9845		0.9614		0.9770		0.8410
 28 	0.031		0.9853		0.9501		0.9590		0.8231
 29 	0.031		0.9859		0.9642		0.9789		0.8487
 30 	0.031		0.9862		0.9557		0.9672		0.8179
 31 	0.030		0.9868		0.9668		0.9746		0.8513
 32 	0.029		0.9874		0.9651		0.9743		0.8487
 33 	0.026		0.9887		0.9623		0.9646		0.8385
 34 	0.029		0.9865		0.9522		0.9620		0.8128
 35 	0.030		0.9862		0.9660		0.9704		0.8487
 36 	0.027		0.9880		0.9627		0.9682		0.8538
 37 	0.027		0.9885		0.9653		0.9708		0.8462
 38 	0.025		0.9896		0.9831		0.9861		0.9026
 39 	0.025		0.9897		0.9687		0.9773		0.8513
 40 	0.026		0.9896		0.9486		0.9584		0.8128
 41 	0.026		0.9891		0.9629		0.9706		0.8385
 42 	0.024		0.9907		0.9501		0.9528		0.8154
 43 	0.029		0.9869		0.9302		0.9499		0.7744
 44 	0.026		0.9888		0.9677		0.9796		0.8564
 45 	0.025		0.9903		0.9614		0.9674		0.8282
 46 	0.025		0.9898		0.9636		0.9644		0.8487
 47 	0.025		0.9901		0.9612		0.9687		0.8308
 48 	0.025		0.9898		0.9685		0.9773		0.8641
 49 	0.022		0.9921		0.9467		0.9591		0.8000
Best test SRCC 0.987805, PLCC 0.991832, KRCC 0.917949
Round 8
pre True
Epoch	Train_Loss	Train_SRCC	Test_SRCC	Test_PLCC	Test_KROCC
  0 	0.160		0.6643		0.8540		0.8816		0.6641
  1 	0.093		0.8985		0.9090		0.9348		0.7564
  2 	0.068		0.9442		0.9349		0.9560		0.7897
  3 	0.065		0.9475		0.9274		0.9395		0.7564
  4 	0.052		0.9644		0.9144		0.9435		0.7385
  5 	0.049		0.9681		0.9278		0.9403		0.7744
  6 	0.047		0.9708		0.8745		0.8823		0.7077
  7 	0.051		0.9666		0.8722		0.8885		0.6974
  8 	0.044		0.9746		0.9118		0.9197		0.7359
  9 	0.040		0.9789		0.8972		0.9317		0.7256
 10 	0.038		0.9804		0.9161		0.9251		0.7462
 11 	0.043		0.9752		0.9084		0.9217		0.7359
 12 	0.036		0.9814		0.9251		0.9418		0.7615
 13 	0.038		0.9796		0.9165		0.9294		0.7410
 14 	0.036		0.9820		0.9077		0.9152		0.7538
 15 	0.035		0.9828		0.8645		0.8906		0.7026
 16 	0.037		0.9809		0.9051		0.9097		0.7615
 17 	0.037		0.9811		0.9221		0.9428		0.7462
 18 	0.034		0.9846		0.9088		0.9171		0.7205
 19 	0.035		0.9836		0.8518		0.8700		0.6667
 20 	0.031		0.9855		0.8929		0.9204		0.7256
 21 	0.036		0.9835		0.8265		0.8755		0.6359
 22 	0.037		0.9826		0.9137		0.9281		0.7385
 23 	0.032		0.9851		0.9126		0.9288		0.7410
 24 	0.035		0.9813		0.9081		0.9329		0.7103
 25 	0.033		0.9849		0.9068		0.9242		0.7385
 26 	0.031		0.9867		0.8263		0.8664		0.6308
 27 	0.032		0.9857		0.8749		0.8893		0.6974
 28 	0.033		0.9837		0.8347		0.8573		0.6462
 29 	0.030		0.9871		0.8272		0.8723		0.6462
 30 	0.030		0.9871		0.8362		0.8702		0.6641
 31 	0.030		0.9876		0.7799		0.8171		0.5974
 32 	0.031		0.9864		0.8032		0.8431		0.6359
 33 	0.029		0.9869		0.8101		0.8491		0.6205
 34 	0.029		0.9883		0.7769		0.7991		0.5897
 35 	0.031		0.9867		0.8289		0.8501		0.6436
 36 	0.031		0.9863		0.8478		0.8711		0.6641
 37 	0.028		0.9883		0.8058		0.8406		0.6051
 38 	0.028		0.9882		0.8383		0.8670		0.6462
 39 	0.027		0.9886		0.8195		0.8330		0.6308
 40 	0.028		0.9885		0.8131		0.8354		0.6231
 41 	0.028		0.9890		0.8602		0.8663		0.6821
 42 	0.028		0.9892		0.8591		0.8690		0.6718
 43 	0.027		0.9898		0.8985		0.9197		0.7359
 44 	0.027		0.9902		0.8910		0.9127		0.6923
 45 	0.026		0.9907		0.8306		0.8557		0.6462
 46 	0.032		0.9861		0.8927		0.9145		0.7179
 47 	0.028		0.9880		0.9253		0.9471		0.7564
 48 	0.026		0.9906		0.9062		0.9262		0.7333
 49 	0.025		0.9910		0.8146		0.8506		0.6359
Best test SRCC 0.934897, PLCC 0.956040, KRCC 0.789744
Round 9
pre True
Epoch	Train_Loss	Train_SRCC	Test_SRCC	Test_PLCC	Test_KROCC
  0 	0.156		0.7272		0.9692		0.9783		0.8589
  1 	0.081		0.9271		0.9835		0.9846		0.8992
  2 	0.063		0.9546		0.9842		0.9884		0.9032
  3 	0.052		0.9677		0.9828		0.9868		0.8992
  4 	0.048		0.9716		0.9736		0.9788		0.8669
  5 	0.049		0.9699		0.9791		0.9827		0.8871
  6 	0.049		0.9709		0.9571		0.9657		0.8226
  7 	0.042		0.9764		0.9784		0.9775		0.8831
  8 	0.043		0.9769		0.9791		0.9869		0.8911
  9 	0.040		0.9794		0.9791		0.9788		0.8911
 10 	0.038		0.9817		0.9802		0.9857		0.8871
 11 	0.038		0.9814		0.9813		0.9893		0.8952
 12 	0.039		0.9809		0.9850		0.9838		0.9073
 13 	0.036		0.9826		0.9817		0.9874		0.8992
 14 	0.032		0.9858		0.9820		0.9894		0.8992
 15 	0.035		0.9840		0.9784		0.9774		0.8831
 16 	0.034		0.9844		0.9787		0.9821		0.8831
 17 	0.034		0.9854		0.9824		0.9846		0.8911
 18 	0.032		0.9859		0.9846		0.9882		0.9032
 19 	0.035		0.9840		0.9809		0.9885		0.8992
 20 	0.033		0.9850		0.9861		0.9935		0.9153
 21 	0.040		0.9793		0.9652		0.9732		0.8589
 22 	0.037		0.9818		0.9718		0.9817		0.8589
 23 	0.032		0.9857		0.9791		0.9851		0.8871
 24 	0.033		0.9853		0.9769		0.9821		0.8750
 25 	0.031		0.9873		0.9780		0.9867		0.8750
 26 	0.029		0.9877		0.9798		0.9854		0.8911
 27 	0.031		0.9867		0.9798		0.9838		0.8831
 28 	0.029		0.9880		0.9787		0.9785		0.8871
 29 	0.030		0.9886		0.9809		0.9870		0.8871
 30 	0.029		0.9880		0.9754		0.9781		0.8710
 31 	0.029		0.9886		0.9762		0.9782		0.8871
 32 	0.028		0.9892		0.9798		0.9815		0.8871
 33 	0.028		0.9891		0.9776		0.9801		0.8790
 34 	0.028		0.9893		0.9875		0.9906		0.9234
 35 	0.029		0.9885		0.9784		0.9830		0.8871
 36 	0.027		0.9895		0.9861		0.9927		0.9153
 37 	0.029		0.9888		0.9839		0.9859		0.9032
 38 	0.028		0.9888		0.9710		0.9732		0.8629
 39 	0.029		0.9880		0.9670		0.9762		0.8589
 40 	0.028		0.9890		0.9817		0.9864		0.8952
 41 	0.026		0.9904		0.9765		0.9824		0.8831
 42 	0.032		0.9856		0.9791		0.9836		0.8871
 43 	0.029		0.9884		0.9802		0.9777		0.8871
 44 	0.027		0.9897		0.9813		0.9897		0.8911
 45 	0.026		0.9911		0.9842		0.9918		0.8992
 46 	0.023		0.9926		0.9784		0.9797		0.8831
 47 	0.025		0.9903		0.9784		0.9846		0.8871
 48 	0.026		0.9908		0.9795		0.9869		0.8871
 49 	0.025		0.9910		0.9802		0.9824		0.8911
Best test SRCC 0.987537, PLCC 0.990600, KRCC 0.923387
Round 10
pre True
Epoch	Train_Loss	Train_SRCC	Test_SRCC	Test_PLCC	Test_KROCC
  0 	0.170		0.6654		0.8659		0.8295		0.6349
  1 	0.098		0.8875		0.8976		0.8979		0.7302
  2 	0.072		0.9415		0.8906		0.8957		0.6952
  3 	0.056		0.9609		0.8955		0.8985		0.6984
  4 	0.050		0.9682		0.8849		0.8993		0.6889
  5 	0.045		0.9750		0.8927		0.9020		0.6984
  6 	0.050		0.9698		0.8878		0.9191		0.6730
  7 	0.045		0.9748		0.8813		0.9016		0.6794
  8 	0.040		0.9791		0.9079		0.9029		0.7270
  9 	0.041		0.9791		0.8795		0.8924		0.6698
 10 	0.039		0.9801		0.8849		0.8979		0.6952
 11 	0.039		0.9805		0.9099		0.9131		0.7270
 12 	0.035		0.9837		0.8607		0.8855		0.6698
 13 	0.043		0.9769		0.8816		0.8953		0.6952
 14 	0.038		0.9820		0.8759		0.8923		0.6921
 15 	0.036		0.9834		0.8911		0.8838		0.6921
 16 	0.035		0.9838		0.9194		0.9139		0.7460
 17 	0.034		0.9850		0.8698		0.8867		0.6921
 18 	0.035		0.9841		0.8803		0.8880		0.7016
 19 	0.035		0.9843		0.8492		0.8724		0.6381
 20 	0.032		0.9862		0.8934		0.9068		0.7016
 21 	0.035		0.9838		0.8669		0.8741		0.6571
 22 	0.035		0.9845		0.8468		0.8476		0.6317
 23 	0.033		0.9858		0.9009		0.8926		0.6921
 24 	0.033		0.9860		0.9024		0.9002		0.7111
 25 	0.032		0.9864		0.8834		0.8861		0.6730
 26 	0.034		0.9852		0.8906		0.8961		0.6921
 27 	0.030		0.9879		0.8628		0.8736		0.6698
 28 	0.033		0.9854		0.8795		0.8790		0.6794
 29 	0.031		0.9878		0.8885		0.8736		0.6857
 30 	0.030		0.9875		0.8571		0.8688		0.6540
 31 	0.028		0.9894		0.8420		0.8585		0.6127
 32 	0.029		0.9889		0.8973		0.8829		0.6984
 33 	0.030		0.9878		0.8680		0.8711		0.6635
 34 	0.028		0.9887		0.8916		0.8932		0.6921
 35 	0.030		0.9878		0.8942		0.8914		0.6984
 36 	0.027		0.9904		0.9035		0.8976		0.7143
 37 	0.029		0.9888		0.8654		0.8815		0.6413
 38 	0.030		0.9877		0.8543		0.8575		0.6508
 39 	0.030		0.9872		0.8628		0.8790		0.6286
 40 	0.027		0.9900		0.9076		0.8957		0.7302
 41 	0.026		0.9910		0.8795		0.8804		0.6984
 42 	0.024		0.9915		0.8698		0.8700		0.6698
 43 	0.026		0.9902		0.8867		0.8888		0.6857
 44 	0.025		0.9913		0.8813		0.8846		0.6667
 45 	0.028		0.9896		0.8937		0.8886		0.6984
 46 	0.027		0.9895		0.8468		0.8432		0.6095
 47 	0.023		0.9923		0.9109		0.9027		0.7238
 48 	0.029		0.9881		0.8075		0.8187		0.5905
 49 	0.030		0.9882		0.8427		0.8467		0.6349
Best test SRCC 0.919434, PLCC 0.913889, KRCC 0.746032
[0.93951613 0.9097561  0.86316366 0.91219168 0.95109395 0.95046904
 0.98780488 0.93489681 0.98753666 0.91943372]
[0.94963714 0.88686019 0.86658481 0.89979442 0.91725185 0.96572965
 0.99183212 0.95603987 0.99059977 0.91388938]
[0.77016129 0.74102564 0.68783069 0.75475687 0.82539683 0.81025641
 0.91794872 0.78974359 0.9233871  0.74603175]
Testing mean SRCC 0.9356,	mean PLCC 0.9338,mean KRCC 0.7967
