JCSAN
Training and testing on QADS dataset for 10 rounds...
Round 1
Epoch	Train_Loss	Train_SRCC	Test_SRCC	Test_PLCC	Test_KROCC
  0 	0.220		0.5612		0.7709		0.7856		0.5685
  1 	0.118		0.8307		0.7790		0.7724		0.5766
  2 	0.108		0.8580		0.7870		0.7900		0.5847
  3 	0.095		0.8791		0.8149		0.8089		0.6290
  4 	0.092		0.8839		0.8145		0.8427		0.6210
  5 	0.092		0.8860		0.8240		0.8470		0.6331
  6 	0.084		0.8979		0.8182		0.8532		0.6290
  7 	0.084		0.8983		0.8354		0.8635		0.6492
  8 	0.086		0.8996		0.8669		0.8742		0.6815
  9 	0.082		0.9049		0.8739		0.8843		0.6895
 10 	0.078		0.9117		0.8776		0.8943		0.6855
 11 	0.083		0.9081		0.8702		0.8840		0.6815
 12 	0.087		0.9023		0.8787		0.8942		0.6895
 13 	0.079		0.9148		0.8831		0.9009		0.7016
 14 	0.074		0.9266		0.8959		0.9078		0.7177
 15 	0.076		0.9274		0.8911		0.9086		0.7218
 16 	0.073		0.9309		0.9029		0.9250		0.7258
 17 	0.074		0.9258		0.8889		0.9199		0.7056
 18 	0.073		0.9338		0.8963		0.9146		0.7218
 19 	0.063		0.9472		0.8966		0.9154		0.7177
 20 	0.069		0.9409		0.8952		0.9033		0.7258
 21 	0.062		0.9499		0.8922		0.9000		0.7137
 22 	0.062		0.9502		0.8933		0.9104		0.7097
 23 	0.062		0.9515		0.8816		0.9010		0.7016
 24 	0.058		0.9559		0.8842		0.9091		0.7056
 25 	0.057		0.9579		0.8724		0.9141		0.6774
 26 	0.064		0.9503		0.8831		0.9111		0.6976
 27 	0.065		0.9488		0.8867		0.9082		0.7016
 28 	0.058		0.9568		0.8897		0.8936		0.7177
 29 	0.064		0.9506		0.8798		0.8887		0.7016
 30 	0.056		0.9600		0.8827		0.9008		0.6976
 31 	0.059		0.9565		0.8893		0.9127		0.7056
 32 	0.059		0.9583		0.8845		0.8970		0.6976
 33 	0.054		0.9632		0.8853		0.8965		0.7016
 34 	0.059		0.9566		0.8900		0.8941		0.7016
 35 	0.050		0.9672		0.8838		0.8986		0.6935
 36 	0.055		0.9616		0.8882		0.8992		0.6935
 37 	0.061		0.9555		0.8889		0.8998		0.7097
 38 	0.052		0.9648		0.8867		0.8863		0.7016
 39 	0.050		0.9667		0.8834		0.8781		0.7056
 40 	0.056		0.9617		0.8955		0.9166		0.7137
 41 	0.051		0.9675		0.8875		0.8943		0.7016
 42 	0.049		0.9688		0.8959		0.9040		0.7137
 43 	0.053		0.9654		0.8530		0.8706		0.6573
 44 	0.054		0.9631		0.8955		0.8934		0.7137
 45 	0.051		0.9675		0.8658		0.8667		0.6774
 46 	0.048		0.9696		0.8820		0.8981		0.6895
 47 	0.052		0.9659		0.8442		0.8619		0.6492
 48 	0.049		0.9683		0.8534		0.8673		0.6653
 49 	0.049		0.9698		0.8578		0.8635		0.6694
Best test SRCC 0.902859, PLCC 0.925024, KRCC 0.725806
Round 2
Epoch	Train_Loss	Train_SRCC	Test_SRCC	Test_PLCC	Test_KROCC
  0 	0.233		0.5638		0.7769		0.7799		0.5590
  1 	0.141		0.7514		0.7614		0.7558		0.5385
  2 	0.116		0.8449		0.7797		0.7936		0.5718
  3 	0.109		0.8606		0.7938		0.7976		0.5769
  4 	0.089		0.8969		0.7880		0.7975		0.5744
  5 	0.092		0.8900		0.8043		0.8166		0.5872
  6 	0.086		0.9036		0.8006		0.7992		0.5872
  7 	0.077		0.9167		0.8083		0.8134		0.5949
  8 	0.083		0.9087		0.8075		0.8205		0.5974
  9 	0.081		0.9132		0.8109		0.8198		0.5923
 10 	0.076		0.9211		0.8126		0.8247		0.6026
 11 	0.072		0.9262		0.8210		0.8254		0.6179
 12 	0.085		0.9106		0.8191		0.8364		0.6051
 13 	0.080		0.9181		0.8186		0.8302		0.6077
 14 	0.071		0.9283		0.8150		0.8254		0.6051
 15 	0.068		0.9322		0.8208		0.8251		0.6077
 16 	0.076		0.9239		0.8325		0.8428		0.6333
 17 	0.078		0.9210		0.8306		0.8310		0.6231
 18 	0.066		0.9361		0.8323		0.8298		0.6333
 19 	0.071		0.9325		0.8351		0.8328		0.6359
 20 	0.072		0.9318		0.8306		0.8351		0.6256
 21 	0.063		0.9430		0.8583		0.8515		0.6718
 22 	0.074		0.9312		0.8478		0.8458		0.6590
 23 	0.061		0.9460		0.8417		0.8346		0.6436
 24 	0.065		0.9422		0.8471		0.8414		0.6538
 25 	0.062		0.9455		0.8653		0.8465		0.6846
 26 	0.064		0.9428		0.8559		0.8407		0.6641
 27 	0.067		0.9387		0.8587		0.8498		0.6718
 28 	0.061		0.9502		0.8681		0.8487		0.6872
 29 	0.074		0.9312		0.8674		0.8484		0.6897
 30 	0.060		0.9501		0.8679		0.8499		0.6923
 31 	0.059		0.9528		0.8645		0.8356		0.6872
 32 	0.061		0.9507		0.8715		0.8569		0.7000
 33 	0.066		0.9446		0.8598		0.8514		0.6821
 34 	0.060		0.9525		0.8655		0.8406		0.6949
 35 	0.066		0.9462		0.8629		0.8387		0.6872
 36 	0.057		0.9548		0.8623		0.8472		0.6821
 37 	0.062		0.9512		0.8629		0.8389		0.6821
 38 	0.057		0.9567		0.8597		0.8282		0.6744
 39 	0.059		0.9538		0.8760		0.8548		0.7128
 40 	0.054		0.9588		0.8760		0.8476		0.7128
 41 	0.063		0.9491		0.8698		0.8567		0.6949
 42 	0.056		0.9572		0.8591		0.8288		0.6795
 43 	0.052		0.9630		0.8743		0.8467		0.7026
 44 	0.050		0.9643		0.8784		0.8500		0.7154
 45 	0.054		0.9613		0.8735		0.8545		0.7077
 46 	0.054		0.9617		0.8600		0.8431		0.6846
 47 	0.057		0.9582		0.8608		0.8542		0.6846
 48 	0.055		0.9600		0.8685		0.8408		0.7051
 49 	0.054		0.9620		0.8670		0.8494		0.6949
Best test SRCC 0.878424, PLCC 0.849999, KRCC 0.715385
Round 3
Epoch	Train_Loss	Train_SRCC	Test_SRCC	Test_PLCC	Test_KROCC
  0 	0.234		0.5729		0.7378		0.6584		0.5344
  1 	0.155		0.7121		0.8090		0.6656		0.6138
  2 	0.138		0.7922		0.8134		0.7442		0.6296
  3 	0.105		0.8759		0.8270		0.7975		0.6561
  4 	0.088		0.9065		0.8467		0.8114		0.6720
  5 	0.088		0.9096		0.8259		0.8125		0.6402
  6 	0.081		0.9211		0.8462		0.8111		0.6667
  7 	0.078		0.9232		0.8084		0.8160		0.6296
  8 	0.079		0.9227		0.8090		0.7923		0.6296
  9 	0.090		0.9087		0.8309		0.8130		0.6561
 10 	0.080		0.9229		0.8128		0.7952		0.6455
 11 	0.077		0.9278		0.8041		0.8070		0.6243
 12 	0.070		0.9372		0.8314		0.8141		0.6614
 13 	0.069		0.9382		0.7980		0.8011		0.6243
 14 	0.069		0.9375		0.8183		0.7943		0.6402
 15 	0.072		0.9367		0.7991		0.7912		0.6138
 16 	0.066		0.9419		0.7811		0.7616		0.5979
 17 	0.063		0.9465		0.7893		0.7846		0.6032
 18 	0.072		0.9372		0.7854		0.7886		0.5926
 19 	0.065		0.9443		0.7893		0.7737		0.6032
 20 	0.066		0.9438		0.7761		0.7506		0.5926
 21 	0.065		0.9457		0.7641		0.7561		0.5661
 22 	0.064		0.9469		0.7827		0.7825		0.6032
 23 	0.058		0.9535		0.7597		0.7380		0.5820
 24 	0.063		0.9483		0.7854		0.7664		0.5979
 25 	0.058		0.9544		0.7712		0.7580		0.5767
 26 	0.061		0.9519		0.7739		0.7691		0.5820
 27 	0.063		0.9484		0.7696		0.7554		0.5820
 28 	0.057		0.9548		0.7466		0.7307		0.5608
 29 	0.057		0.9563		0.7707		0.7572		0.5820
 30 	0.058		0.9561		0.7805		0.7532		0.5926
 31 	0.057		0.9570		0.8051		0.7903		0.6190
 32 	0.058		0.9554		0.7756		0.7682		0.5979
 33 	0.054		0.9605		0.7712		0.7753		0.5820
 34 	0.056		0.9583		0.7707		0.7432		0.5820
 35 	0.055		0.9592		0.8172		0.7814		0.6349
 36 	0.055		0.9587		0.7893		0.7897		0.6032
 37 	0.056		0.9593		0.7789		0.7692		0.5926
 38 	0.054		0.9621		0.7811		0.7718		0.5926
 39 	0.054		0.9612		0.7783		0.7856		0.5873
 40 	0.052		0.9637		0.7854		0.7661		0.5979
 41 	0.057		0.9589		0.7701		0.7534		0.5767
 42 	0.059		0.9568		0.7969		0.7889		0.6190
 43 	0.054		0.9621		0.7909		0.7648		0.6085
 44 	0.058		0.9585		0.7915		0.7646		0.6032
 45 	0.058		0.9595		0.7898		0.7667		0.6032
 46 	0.055		0.9618		0.8134		0.8155		0.6296
 47 	0.049		0.9683		0.7937		0.7815		0.6085
 48 	0.052		0.9642		0.7860		0.7641		0.5979
 49 	0.052		0.9657		0.8024		0.7689		0.6190
Best test SRCC 0.846743, PLCC 0.811401, KRCC 0.671958
Round 4
Epoch	Train_Loss	Train_SRCC	Test_SRCC	Test_PLCC	Test_KROCC
  0 	0.256		0.5739		0.7704		0.7217		0.5624
  1 	0.155		0.7132		0.7979		0.7251		0.6195
  2 	0.129		0.8044		0.8467		0.8023		0.6702
  3 	0.104		0.8690		0.8813		0.8342		0.7104
  4 	0.097		0.8880		0.8753		0.8342		0.6998
  5 	0.097		0.8844		0.8717		0.8333		0.6892
  6 	0.085		0.9073		0.8881		0.8294		0.7146
  7 	0.091		0.8976		0.8801		0.8310		0.7040
  8 	0.083		0.9111		0.8858		0.8433		0.7146
  9 	0.088		0.9049		0.8905		0.8453		0.7167
 10 	0.087		0.9078		0.8861		0.8431		0.7104
 11 	0.085		0.9092		0.8856		0.8398		0.7082
 12 	0.077		0.9204		0.8879		0.8362		0.7125
 13 	0.082		0.9148		0.8843		0.8378		0.7104
 14 	0.089		0.9061		0.8912		0.8540		0.7209
 15 	0.080		0.9186		0.8823		0.8369		0.7082
 16 	0.087		0.9098		0.8830		0.8459		0.7082
 17 	0.073		0.9271		0.8899		0.8466		0.7188
 18 	0.075		0.9263		0.8936		0.8619		0.7252
 19 	0.078		0.9231		0.8909		0.8515		0.7167
 20 	0.069		0.9340		0.8885		0.8430		0.7188
 21 	0.074		0.9292		0.8919		0.8665		0.7252
 22 	0.073		0.9299		0.8870		0.8441		0.7146
 23 	0.074		0.9304		0.8770		0.8441		0.6998
 24 	0.067		0.9382		0.8881		0.8488		0.7188
 25 	0.069		0.9372		0.9015		0.8650		0.7378
 26 	0.075		0.9305		0.8844		0.8455		0.7146
 27 	0.074		0.9326		0.8805		0.8583		0.7019
 28 	0.062		0.9467		0.8851		0.8573		0.7252
 29 	0.074		0.9318		0.8871		0.8644		0.7167
 30 	0.063		0.9466		0.8913		0.8633		0.7230
 31 	0.066		0.9448		0.8916		0.8484		0.7230
 32 	0.068		0.9413		0.8860		0.8560		0.7167
 33 	0.061		0.9497		0.8943		0.8540		0.7252
 34 	0.062		0.9485		0.8746		0.8530		0.6934
 35 	0.060		0.9502		0.8844		0.8568		0.7125
 36 	0.065		0.9462		0.8747		0.8560		0.6998
 37 	0.060		0.9515		0.8798		0.8657		0.7082
 38 	0.059		0.9530		0.8865		0.8598		0.7146
 39 	0.062		0.9497		0.8932		0.8585		0.7209
 40 	0.066		0.9463		0.9053		0.8705		0.7378
 41 	0.061		0.9518		0.8817		0.8597		0.7125
 42 	0.060		0.9529		0.8777		0.8552		0.7040
 43 	0.063		0.9497		0.8825		0.8583		0.7040
 44 	0.062		0.9494		0.8837		0.8581		0.7082
 45 	0.059		0.9536		0.8874		0.8600		0.7167
 46 	0.061		0.9520		0.8730		0.8465		0.6934
 47 	0.058		0.9539		0.8740		0.8574		0.6977
 48 	0.059		0.9527		0.8860		0.8564		0.7104
 49 	0.054		0.9596		0.8929		0.8585		0.7294
Best test SRCC 0.905285, PLCC 0.870539, KRCC 0.737844
Round 5
Epoch	Train_Loss	Train_SRCC	Test_SRCC	Test_PLCC	Test_KROCC
  0 	0.422		0.3921		0.6505		0.6718		0.4698
  1 	0.156		0.6991		0.6515		0.6758		0.4730
  2 	0.159		0.6921		0.6474		0.6748		0.4718
  3 	0.160		0.6968		0.6519		0.6758		0.4750
  4 	0.160		0.6919		0.6496		0.6764		0.4718
  5 	0.158		0.6959		0.6456		0.6765		0.4698
  6 	0.154		0.6997		0.6746		0.6768		0.5175
  7 	0.156		0.7041		0.6746		0.6767		0.5175
  8 	0.155		0.6961		0.6762		0.6763		0.5206
  9 	0.156		0.7031		0.6782		0.6771		0.5206
 10 	0.149		0.7259		0.7369		0.7078		0.5778
 11 	0.110		0.8485		0.7467		0.7312		0.5873
 12 	0.099		0.8802		0.7326		0.7331		0.5810
 13 	0.083		0.9104		0.7516		0.7406		0.5905
 14 	0.077		0.9188		0.7261		0.7361		0.5619
 15 	0.079		0.9164		0.7359		0.7279		0.5778
 16 	0.074		0.9231		0.7465		0.7457		0.5937
 17 	0.067		0.9341		0.7501		0.7456		0.5873
 18 	0.070		0.9319		0.7287		0.7377		0.5746
 19 	0.071		0.9313		0.7537		0.7400		0.5905
 20 	0.067		0.9363		0.7122		0.7087		0.5397
 21 	0.072		0.9327		0.7194		0.7232		0.5619
 22 	0.063		0.9442		0.7058		0.6989		0.5524
 23 	0.057		0.9503		0.7251		0.7182		0.5651
 24 	0.061		0.9478		0.7302		0.7228		0.5556
 25 	0.063		0.9418		0.7313		0.7195		0.5556
 26 	0.068		0.9307		0.7694		0.7448		0.6159
 27 	0.066		0.9370		0.7097		0.7037		0.5333
 28 	0.062		0.9472		0.7333		0.7296		0.5619
 29 	0.059		0.9505		0.7199		0.7179		0.5524
 30 	0.058		0.9521		0.7243		0.7231		0.5460
 31 	0.055		0.9545		0.7035		0.7029		0.5270
 32 	0.060		0.9497		0.7140		0.7147		0.5524
 33 	0.058		0.9511		0.7290		0.7246		0.5556
 34 	0.058		0.9513		0.7050		0.7105		0.5333
 35 	0.055		0.9547		0.7207		0.7298		0.5460
 36 	0.058		0.9521		0.7326		0.7390		0.5619
 37 	0.058		0.9520		0.7477		0.7495		0.5683
 38 	0.055		0.9543		0.7483		0.7507		0.5651
 39 	0.056		0.9537		0.7318		0.7371		0.5683
 40 	0.059		0.9516		0.7457		0.7403		0.5714
 41 	0.051		0.9596		0.7506		0.7495		0.5841
 42 	0.052		0.9596		0.7462		0.7393		0.5778
 43 	0.060		0.9506		0.7501		0.7498		0.5746
 44 	0.056		0.9548		0.7380		0.7387		0.5651
 45 	0.054		0.9570		0.7475		0.7446		0.5683
 46 	0.057		0.9541		0.7480		0.7522		0.5746
 47 	0.054		0.9566		0.7423		0.7464		0.5683
 48 	0.057		0.9546		0.7547		0.7571		0.5905
 49 	0.052		0.9579		0.7508		0.7475		0.5810
Best test SRCC 0.769369, PLCC 0.744785, KRCC 0.615873
Round 6
Epoch	Train_Loss	Train_SRCC	Test_SRCC	Test_PLCC	Test_KROCC
  0 	0.219		0.5613		0.7752		0.7188		0.5462
  1 	0.168		0.6869		0.7964		0.7210		0.5641
  2 	0.147		0.7241		0.8250		0.8141		0.5923
  3 	0.127		0.8036		0.9392		0.9544		0.7769
  4 	0.104		0.8603		0.9400		0.9661		0.7872
  5 	0.118		0.8422		0.9295		0.9565		0.7718
  6 	0.107		0.8621		0.9328		0.9542		0.7667
  7 	0.097		0.8780		0.9343		0.9435		0.7744
  8 	0.085		0.8976		0.9345		0.9522		0.7769
  9 	0.097		0.8818		0.9285		0.9509		0.7564
 10 	0.095		0.8858		0.9445		0.9592		0.7949
 11 	0.085		0.9028		0.9300		0.9351		0.7692
 12 	0.084		0.9057		0.9276		0.9488		0.7641
 13 	0.090		0.8961		0.9246		0.9446		0.7564
 14 	0.087		0.9022		0.9216		0.9402		0.7564
 15 	0.083		0.9083		0.9356		0.9435		0.7846
 16 	0.081		0.9145		0.9398		0.9538		0.7872
 17 	0.072		0.9281		0.9306		0.9537		0.7641
 18 	0.075		0.9259		0.9396		0.9534		0.8000
 19 	0.075		0.9259		0.9351		0.9525		0.7744
 20 	0.072		0.9302		0.9302		0.9426		0.7769
 21 	0.075		0.9268		0.9319		0.9446		0.7795
 22 	0.085		0.9137		0.9392		0.9648		0.7821
 23 	0.070		0.9341		0.9349		0.9501		0.7795
 24 	0.073		0.9301		0.9345		0.9415		0.7897
 25 	0.071		0.9355		0.9403		0.9543		0.7923
 26 	0.074		0.9305		0.9323		0.9483		0.7744
 27 	0.064		0.9451		0.9383		0.9487		0.7897
 28 	0.066		0.9411		0.9336		0.9541		0.7641
 29 	0.077		0.9289		0.9366		0.9608		0.7692
 30 	0.070		0.9364		0.9244		0.9466		0.7538
 31 	0.064		0.9441		0.9298		0.9487		0.7615
 32 	0.065		0.9432		0.9311		0.9421		0.7769
 33 	0.065		0.9443		0.9315		0.9491		0.7692
 34 	0.072		0.9368		0.9201		0.9390		0.7462
 35 	0.077		0.9272		0.9171		0.9431		0.7410
 36 	0.064		0.9450		0.9411		0.9547		0.7872
 37 	0.073		0.9336		0.9356		0.9491		0.7744
 38 	0.072		0.9371		0.9310		0.9498		0.7692
 39 	0.069		0.9423		0.9433		0.9585		0.7872
 40 	0.068		0.9408		0.9265		0.9481		0.7538
 41 	0.068		0.9419		0.9364		0.9499		0.7821
 42 	0.063		0.9490		0.9373		0.9512		0.7846
 43 	0.064		0.9472		0.9422		0.9607		0.7846
 44 	0.075		0.9357		0.9439		0.9640		0.8000
 45 	0.059		0.9529		0.9268		0.9432		0.7487
 46 	0.062		0.9485		0.9278		0.9448		0.7641
 47 	0.063		0.9470		0.9336		0.9488		0.7718
 48 	0.059		0.9530		0.9366		0.9501		0.7718
 49 	0.063		0.9485		0.9385		0.9556		0.7769
Best test SRCC 0.944465, PLCC 0.959181, KRCC 0.794872
Round 7
Epoch	Train_Loss	Train_SRCC	Test_SRCC	Test_PLCC	Test_KROCC
  0 	0.433		0.4155		0.8059		0.8199		0.6358
  1 	0.163		0.6909		0.7769		0.8180		0.5905
  2 	0.159		0.6926		0.7816		0.8187		0.5905
  3 	0.155		0.6946		0.7989		0.8187		0.6299
  4 	0.162		0.6832		0.7909		0.8185		0.6136
  5 	0.169		0.6664		0.7552		0.8177		0.5674
  6 	0.164		0.6802		0.7416		0.8188		0.5581
  7 	0.158		0.6877		0.7468		0.8173		0.5392
  8 	0.161		0.6828		0.7491		0.8169		0.5382
  9 	0.168		0.6738		0.7476		0.8171		0.5448
 10 	0.158		0.6906		0.7047		0.8178		0.4734
 11 	0.160		0.6891		0.7055		0.8181		0.4811
 12 	0.159		0.6896		0.7046		0.8186		0.4785
 13 	0.171		0.6635		0.7087		0.8182		0.4852
 14 	0.163		0.6837		0.7086		0.8176		0.4872
 15 	0.157		0.6908		0.7118		0.8179		0.4939
 16 	0.164		0.6826		0.7116		0.8180		0.4929
 17 	0.154		0.6923		0.7101		0.8176		0.4897
 18 	0.158		0.6899		0.7129		0.8177		0.4965
 19 	0.166		0.6754		0.7151		0.8183		0.4990
 20 	0.167		0.6742		0.7133		0.8179		0.4955
 21 	0.156		0.6918		0.7142		0.8181		0.4981
 22 	0.157		0.6872		0.7170		0.8181		0.5067
 23 	0.158		0.6911		0.7328		0.8180		0.5186
 24 	0.172		0.6592		0.7284		0.8176		0.5081
 25 	0.163		0.6820		0.7599		0.8178		0.5502
 26 	0.155		0.6917		0.7196		0.8177		0.5143
 27 	0.157		0.6910		0.7612		0.8182		0.5612
 28 	0.157		0.6864		0.7426		0.8179		0.5337
 29 	0.156		0.6925		0.7255		0.8177		0.5193
 30 	0.161		0.6876		0.7635		0.8180		0.5886
 31 	0.172		0.6595		0.7472		0.8183		0.5565
 32 	0.158		0.6939		0.8000		0.8183		0.6479
 33 	0.159		0.6926		0.8065		0.8182		0.6733
 34 	0.160		0.6867		0.8014		0.8181		0.6529
 35 	0.164		0.6864		0.8080		0.8178		0.6763
 36 	0.174		0.6615		0.8080		0.8180		0.6763
 37 	0.159		0.6827		0.8080		0.8179		0.6763
 38 	0.156		0.6886		0.8065		0.8176		0.6733
 39 	0.158		0.6883		0.8080		0.8176		0.6763
 40 	0.158		0.6876		0.8080		0.8177		0.6763
 41 	0.159		0.6956		0.8080		0.8178		0.6763
 42 	0.162		0.6856		0.8080		0.8177		0.6763
 43 	0.157		0.6931		0.8080		0.8175		0.6763
 44 	0.161		0.6837		0.8080		0.8177		0.6763
 45 	0.154		0.6943		0.8080		0.8175		0.6763
 46 	0.162		0.6835		0.8080		0.8176		0.6763
 47 	0.162		0.6896		0.8080		0.8177		0.6763
 48 	0.155		0.6961		0.8080		0.8176		0.6763
 49 	0.163		0.6854		0.8080		0.8175		0.6763
Best test SRCC 0.808032, PLCC 0.817835, KRCC 0.676278
Round 8
Epoch	Train_Loss	Train_SRCC	Test_SRCC	Test_PLCC	Test_KROCC
  0 	0.262		0.5068		0.8420		0.8030		0.6282
  1 	0.159		0.6963		0.8278		0.8045		0.6128
  2 	0.159		0.6944		0.8255		0.8103		0.6154
  3 	0.145		0.7548		0.8949		0.9294		0.6949
  4 	0.123		0.8163		0.9265		0.9641		0.7513
  5 	0.106		0.8550		0.9120		0.9544		0.7359
  6 	0.092		0.8834		0.9144		0.9584		0.7256
  7 	0.089		0.8884		0.9099		0.9532		0.7256
  8 	0.089		0.8937		0.8985		0.9473		0.6923
  9 	0.080		0.9074		0.9043		0.9473		0.7051
 10 	0.082		0.9072		0.8976		0.9456		0.6949
 11 	0.090		0.8985		0.9009		0.9464		0.7026
 12 	0.078		0.9171		0.8987		0.9436		0.6949
 13 	0.077		0.9212		0.9118		0.9469		0.7154
 14 	0.072		0.9294		0.9159		0.9492		0.7282
 15 	0.072		0.9306		0.9000		0.9401		0.7077
 16 	0.069		0.9350		0.8979		0.9404		0.6897
 17 	0.075		0.9264		0.8994		0.9428		0.7128
 18 	0.065		0.9412		0.9135		0.9448		0.7256
 19 	0.063		0.9435		0.8968		0.9422		0.6897
 20 	0.062		0.9470		0.9124		0.9439		0.7205
 21 	0.065		0.9439		0.8998		0.9316		0.7077
 22 	0.067		0.9418		0.9062		0.9403		0.7179
 23 	0.064		0.9438		0.9077		0.9469		0.7154
 24 	0.062		0.9491		0.9133		0.9462		0.7282
 25 	0.058		0.9526		0.9079		0.9394		0.7282
 26 	0.063		0.9471		0.9336		0.9550		0.7744
 27 	0.058		0.9534		0.9159		0.9516		0.7282
 28 	0.066		0.9458		0.9270		0.9576		0.7538
 29 	0.058		0.9534		0.9144		0.9479		0.7333
 30 	0.055		0.9575		0.9161		0.9522		0.7359
 31 	0.058		0.9548		0.9094		0.9436		0.7282
 32 	0.053		0.9600		0.9248		0.9529		0.7615
 33 	0.058		0.9551		0.9113		0.9466		0.7333
 34 	0.054		0.9586		0.9250		0.9539		0.7513
 35 	0.054		0.9591		0.9105		0.9423		0.7308
 36 	0.053		0.9618		0.9291		0.9557		0.7590
 37 	0.050		0.9634		0.9165		0.9487		0.7410
 38 	0.053		0.9612		0.9285		0.9559		0.7487
 39 	0.057		0.9570		0.9197		0.9550		0.7410
 40 	0.055		0.9587		0.9276		0.9535		0.7487
 41 	0.052		0.9627		0.9133		0.9481		0.7256
 42 	0.052		0.9618		0.9189		0.9552		0.7333
 43 	0.052		0.9634		0.9265		0.9547		0.7564
 44 	0.050		0.9647		0.9257		0.9525		0.7564
 45 	0.056		0.9581		0.9220		0.9502		0.7487
 46 	0.051		0.9637		0.9099		0.9469		0.7282
 47 	0.049		0.9648		0.9146		0.9501		0.7385
 48 	0.049		0.9663		0.9180		0.9503		0.7436
 49 	0.048		0.9667		0.9246		0.9519		0.7487
Best test SRCC 0.933583, PLCC 0.955040, KRCC 0.774359
Round 9
Epoch	Train_Loss	Train_SRCC	Test_SRCC	Test_PLCC	Test_KROCC
  0 	0.232		0.5791		0.9208		0.8939		0.7621
  1 	0.162		0.7151		0.9157		0.9051		0.7581
  2 	0.120		0.8335		0.9516		0.9563		0.8105
  3 	0.098		0.8791		0.9644		0.9627		0.8347
  4 	0.113		0.8567		0.9619		0.9680		0.8266
  5 	0.091		0.8932		0.9659		0.9691		0.8427
  6 	0.087		0.9007		0.9644		0.9714		0.8347
  7 	0.089		0.8998		0.9666		0.9709		0.8468
  8 	0.091		0.8970		0.9593		0.9710		0.8226
  9 	0.085		0.9089		0.9692		0.9688		0.8629
 10 	0.082		0.9148		0.9659		0.9703		0.8508
 11 	0.086		0.9077		0.9615		0.9715		0.8468
 12 	0.081		0.9201		0.9564		0.9688		0.8306
 13 	0.075		0.9294		0.9465		0.9606		0.8185
 14 	0.078		0.9263		0.9509		0.9587		0.8266
 15 	0.075		0.9320		0.9399		0.9472		0.8024
 16 	0.070		0.9382		0.9509		0.9618		0.8226
 17 	0.077		0.9310		0.9461		0.9470		0.8065
 18 	0.075		0.9327		0.9399		0.9511		0.7903
 19 	0.066		0.9442		0.9534		0.9691		0.8226
 20 	0.068		0.9419		0.9468		0.9540		0.8065
 21 	0.066		0.9452		0.9523		0.9599		0.8185
 22 	0.068		0.9439		0.9479		0.9652		0.8145
 23 	0.065		0.9473		0.9505		0.9659		0.8145
 24 	0.061		0.9521		0.9527		0.9678		0.8266
 25 	0.061		0.9523		0.9439		0.9633		0.8105
 26 	0.058		0.9555		0.9589		0.9749		0.8306
 27 	0.061		0.9535		0.9549		0.9658		0.8306
 28 	0.066		0.9471		0.9655		0.9770		0.8508
 29 	0.059		0.9559		0.9498		0.9639		0.8145
 30 	0.059		0.9558		0.9501		0.9631		0.8266
 31 	0.056		0.9604		0.9531		0.9609		0.8226
 32 	0.061		0.9553		0.9589		0.9724		0.8347
 33 	0.061		0.9551		0.9567		0.9687		0.8226
 34 	0.060		0.9556		0.9571		0.9662		0.8266
 35 	0.056		0.9604		0.9626		0.9716		0.8427
 36 	0.052		0.9640		0.9483		0.9603		0.8105
 37 	0.055		0.9616		0.9421		0.9614		0.8024
 38 	0.055		0.9618		0.9615		0.9748		0.8468
 39 	0.055		0.9618		0.9549		0.9706		0.8266
 40 	0.055		0.9617		0.9575		0.9725		0.8266
 41 	0.054		0.9630		0.9652		0.9785		0.8468
 42 	0.056		0.9616		0.9655		0.9784		0.8468
 43 	0.061		0.9558		0.9641		0.9735		0.8468
 44 	0.052		0.9649		0.9637		0.9777		0.8508
 45 	0.054		0.9621		0.9556		0.9732		0.8306
 46 	0.056		0.9613		0.9707		0.9810		0.8669
 47 	0.057		0.9607		0.9586		0.9733		0.8347
 48 	0.050		0.9664		0.9652		0.9780		0.8468
 49 	0.051		0.9670		0.9538		0.9651		0.8226
Best test SRCC 0.970674, PLCC 0.980977, KRCC 0.866935
Round 10
Epoch	Train_Loss	Train_SRCC	Test_SRCC	Test_PLCC	Test_KROCC
  0 	0.275		0.4581		0.7354		0.7872		0.5302
  1 	0.153		0.7051		0.7465		0.7877		0.5429
  2 	0.151		0.7370		0.8208		0.8438		0.5810
  3 	0.121		0.8330		0.7997		0.8132		0.5873
  4 	0.098		0.8828		0.8394		0.8407		0.6127
  5 	0.090		0.8975		0.8468		0.8460		0.6127
  6 	0.084		0.9091		0.8435		0.8504		0.6222
  7 	0.092		0.8987		0.8445		0.8449		0.6095
  8 	0.078		0.9195		0.8432		0.8506		0.6063
  9 	0.078		0.9217		0.8528		0.8542		0.6254
 10 	0.091		0.9043		0.8363		0.8478		0.6127
 11 	0.073		0.9293		0.8481		0.8498		0.6222
 12 	0.074		0.9272		0.8528		0.8572		0.6381
 13 	0.071		0.9306		0.8402		0.8432		0.6222
 14 	0.080		0.9202		0.8515		0.8506		0.6349
 15 	0.067		0.9375		0.8525		0.8505		0.6349
 16 	0.069		0.9367		0.8566		0.8614		0.6381
 17 	0.069		0.9376		0.8561		0.8659		0.6444
 18 	0.070		0.9367		0.8523		0.8628		0.6317
 19 	0.066		0.9429		0.8458		0.8517		0.6317
 20 	0.071		0.9355		0.8291		0.8319		0.6222
 21 	0.062		0.9456		0.8306		0.8376		0.6127
 22 	0.065		0.9424		0.8340		0.8412		0.6159
 23 	0.060		0.9476		0.8335		0.8442		0.6254
 24 	0.067		0.9426		0.8273		0.8459		0.6159
 25 	0.059		0.9521		0.8190		0.8467		0.6222
 26 	0.058		0.9530		0.8234		0.8459		0.6000
 27 	0.061		0.9509		0.8450		0.8550		0.6381
 28 	0.060		0.9518		0.8450		0.8487		0.6127
 29 	0.057		0.9553		0.8492		0.8578		0.6286
 30 	0.056		0.9571		0.8494		0.8605		0.6286
 31 	0.057		0.9547		0.8360		0.8522		0.6349
 32 	0.064		0.9487		0.8283		0.8518		0.6222
 33 	0.057		0.9550		0.8448		0.8504		0.6349
 34 	0.060		0.9542		0.8404		0.8639		0.6349
 35 	0.054		0.9609		0.8322		0.8422		0.6190
 36 	0.058		0.9561		0.8438		0.8498		0.6317
 37 	0.057		0.9575		0.8311		0.8493		0.6190
 38 	0.051		0.9625		0.8391		0.8506		0.6190
 39 	0.062		0.9532		0.8448		0.8551		0.6286
 40 	0.059		0.9548		0.8358		0.8607		0.6127
 41 	0.051		0.9632		0.8376		0.8484		0.6317
 42 	0.051		0.9631		0.8502		0.8509		0.6349
 43 	0.055		0.9593		0.8363		0.8480		0.6000
 44 	0.056		0.9598		0.8067		0.8465		0.5873
 45 	0.052		0.9626		0.8466		0.8498		0.6190
 46 	0.052		0.9626		0.8530		0.8579		0.6254
 47 	0.053		0.9615		0.8384		0.8388		0.6159
 48 	0.052		0.9632		0.8520		0.8474		0.6508
 49 	0.055		0.9579		0.8260		0.8428		0.5937
Best test SRCC 0.856628, PLCC 0.861444, KRCC 0.638095
[0.90285924 0.87842402 0.8467433  0.90528541 0.76936937 0.94446529
 0.80803211 0.93358349 0.97067449 0.85662806]
[0.92502375 0.84999943 0.81140084 0.87053938 0.74478534 0.95918116
 0.81783472 0.95504029 0.98097705 0.86144428]
[0.72580645 0.71538462 0.67195767 0.73784355 0.61587302 0.79487179
 0.67627832 0.77435897 0.86693548 0.63809524]
Testing mean SRCC 0.8816,	mean PLCC 0.8776,mean KRCC 0.7217
