JCSAN
Training and testing on Waterloo dataset for 10 rounds...
Round 1
Epoch	Train_Loss	Train_SRCC	Test_SRCC	Test_PLCC	Test_KROCC
  0 	0.874		0.8224		0.8782		0.9592		0.6863
  1 	0.605		0.8856		0.8638		0.9579		0.6471
  2 	0.583		0.8962		0.8720		0.9605		0.6601
  3 	0.588		0.8909		0.8762		0.9585		0.6601
  4 	0.584		0.8906		0.8762		0.9597		0.6601
  5 	0.593		0.8931		0.8762		0.9597		0.6601
  6 	0.611		0.8904		0.9030		0.9602		0.7255
  7 	0.592		0.8916		0.8885		0.9599		0.6863
  8 	0.607		0.8845		0.8762		0.9597		0.6601
  9 	0.618		0.8876		0.8762		0.9598		0.6601
 10 	0.585		0.8910		0.8762		0.9600		0.6601
 11 	0.590		0.8870		0.8658		0.9598		0.6471
 12 	0.583		0.8941		0.8741		0.9598		0.6601
 13 	0.547		0.9120		0.8782		0.9562		0.6601
 14 	0.502		0.9299		0.8638		0.9493		0.6340
 15 	0.450		0.9414		0.8700		0.9468		0.6340
 16 	0.428		0.9523		0.8514		0.9462		0.6078
 17 	0.428		0.9495		0.8431		0.9510		0.5817
 18 	0.416		0.9552		0.8349		0.9452		0.5686
 19 	0.380		0.9616		0.8514		0.9463		0.6078
 20 	0.384		0.9603		0.8431		0.9466		0.5817
 21 	0.400		0.9588		0.8431		0.9513		0.5817
 22 	0.428		0.9526		0.8535		0.9471		0.6078
 23 	0.386		0.9604		0.8493		0.9490		0.6078
 24 	0.396		0.9589		0.8473		0.9465		0.6078
 25 	0.431		0.9533		0.8596		0.9464		0.6471
 26 	0.381		0.9622		0.8535		0.9501		0.6209
 27 	0.412		0.9542		0.8638		0.9499		0.6471
 28 	0.374		0.9635		0.8555		0.9445		0.6209
 29 	0.402		0.9568		0.8617		0.9492		0.6471
 30 	0.378		0.9618		0.8555		0.9440		0.6209
 31 	0.370		0.9624		0.8576		0.9482		0.6340
 32 	0.352		0.9666		0.8555		0.9446		0.6209
 33 	0.355		0.9658		0.8555		0.9430		0.6209
 34 	0.352		0.9658		0.8741		0.9438		0.6601
 35 	0.347		0.9662		0.8617		0.9466		0.6471
 36 	0.367		0.9641		0.8596		0.9455		0.6471
 37 	0.337		0.9687		0.8679		0.9494		0.6601
 38 	0.347		0.9680		0.8679		0.9477		0.6601
 39 	0.353		0.9664		0.8576		0.9503		0.6340
 40 	0.343		0.9694		0.8638		0.9482		0.6471
 41 	0.355		0.9653		0.8576		0.9460		0.6340
 42 	0.338		0.9689		0.8576		0.9502		0.6340
 43 	0.388		0.9624		0.8452		0.9468		0.5948
 44 	0.355		0.9651		0.8617		0.9463		0.6471
 45 	0.320		0.9716		0.8596		0.9455		0.6471
 46 	0.327		0.9703		0.8638		0.9462		0.6471
 47 	0.326		0.9697		0.8514		0.9437		0.6340
 48 	0.348		0.9682		0.8535		0.9470		0.6209
 49 	0.353		0.9671		0.8638		0.9451		0.6471
Best test SRCC 0.902993, PLCC 0.960207, KRCC 0.725490
Round 2
Epoch	Train_Loss	Train_SRCC	Test_SRCC	Test_PLCC	Test_KROCC
  0 	0.856		0.8593		0.8750		0.9816		0.6645
  1 	0.665		0.8909		0.8781		0.9834		0.6776
  2 	0.639		0.8861		0.8750		0.9842		0.6645
  3 	0.635		0.8883		0.8709		0.9822		0.6645
  4 	0.558		0.9118		0.8905		0.9799		0.7040
  5 	0.538		0.9219		0.8729		0.9784		0.6645
  6 	0.479		0.9358		0.8740		0.9729		0.6776
  7 	0.481		0.9407		0.8688		0.9784		0.6645
  8 	0.464		0.9413		0.8812		0.9816		0.6908
  9 	0.457		0.9435		0.8874		0.9783		0.7171
 10 	0.456		0.9462		0.9153		0.9803		0.7566
 11 	0.427		0.9525		0.9225		0.9840		0.7829
 12 	0.454		0.9490		0.9122		0.9835		0.7566
 13 	0.426		0.9552		0.8895		0.9810		0.7040
 14 	0.408		0.9587		0.8977		0.9831		0.7303
 15 	0.421		0.9546		0.9060		0.9822		0.7434
 16 	0.402		0.9594		0.8977		0.9823		0.7303
 17 	0.385		0.9597		0.9019		0.9812		0.7303
 18 	0.385		0.9623		0.9050		0.9850		0.7434
 19 	0.367		0.9647		0.9019		0.9861		0.7303
 20 	0.401		0.9572		0.9008		0.9838		0.7303
 21 	0.358		0.9660		0.9112		0.9836		0.7434
 22 	0.360		0.9669		0.8988		0.9813		0.7171
 23 	0.356		0.9655		0.8926		0.9843		0.7171
 24 	0.397		0.9608		0.9091		0.9818		0.7434
 25 	0.372		0.9630		0.8864		0.9821		0.7040
 26 	0.351		0.9665		0.9008		0.9861		0.7303
 27 	0.357		0.9668		0.8946		0.9820		0.7171
 28 	0.386		0.9601		0.8946		0.9806		0.7171
 29 	0.396		0.9620		0.9070		0.9820		0.7303
 30 	0.362		0.9655		0.8946		0.9833		0.7040
 31 	0.362		0.9653		0.8967		0.9762		0.7040
 32 	0.332		0.9682		0.8946		0.9842		0.7171
 33 	0.344		0.9693		0.9132		0.9845		0.7566
 34 	0.341		0.9694		0.9050		0.9808		0.7434
 35 	0.304		0.9732		0.9008		0.9788		0.7303
 36 	0.326		0.9717		0.9029		0.9827		0.7303
 37 	0.324		0.9703		0.8946		0.9842		0.7171
 38 	0.317		0.9716		0.8988		0.9789		0.7303
 39 	0.326		0.9697		0.9008		0.9811		0.7303
 40 	0.342		0.9687		0.8905		0.9816		0.7040
 41 	0.315		0.9726		0.8946		0.9846		0.7171
 42 	0.328		0.9711		0.9008		0.9837		0.7303
 43 	0.334		0.9691		0.8781		0.9841		0.6776
 44 	0.322		0.9706		0.9070		0.9805		0.7434
 45 	0.350		0.9677		0.9060		0.9863		0.7566
 46 	0.314		0.9728		0.8564		0.9790		0.6382
 47 	0.319		0.9700		0.8946		0.9817		0.7171
 48 	0.348		0.9673		0.9070		0.9811		0.7434
 49 	0.307		0.9730		0.9070		0.9806		0.7303
Best test SRCC 0.922521, PLCC 0.983978, KRCC 0.782912
Round 3
Epoch	Train_Loss	Train_SRCC	Test_SRCC	Test_PLCC	Test_KROCC
  0 	0.681		0.8900		0.8431		0.9740		0.6078
  1 	0.582		0.8866		0.9092		0.9737		0.7255
  2 	0.571		0.8842		0.9030		0.9741		0.7386
  3 	0.586		0.8896		0.9030		0.9741		0.7386
  4 	0.567		0.8895		0.9051		0.9741		0.7386
  5 	0.555		0.8890		0.9133		0.9742		0.7516
  6 	0.613		0.8889		0.8947		0.9732		0.7255
  7 	0.565		0.8889		0.9030		0.9738		0.7255
  8 	0.564		0.8901		0.8865		0.9736		0.6863
  9 	0.560		0.8921		0.8885		0.9738		0.6993
 10 	0.602		0.8946		0.8947		0.9726		0.7124
 11 	0.525		0.9118		0.8782		0.9727		0.6732
 12 	0.513		0.9178		0.8390		0.9655		0.5817
 13 	0.544		0.9130		0.9071		0.9717		0.7386
 14 	0.548		0.9068		0.9009		0.9730		0.7255
 15 	0.532		0.9167		0.8638		0.9705		0.6601
 16 	0.516		0.9187		0.8865		0.9719		0.7124
 17 	0.514		0.9170		0.8865		0.9689		0.6993
 18 	0.528		0.9171		0.8720		0.9696		0.6863
 19 	0.597		0.9084		0.8803		0.9686		0.6993
 20 	0.511		0.9234		0.8700		0.9691		0.6601
 21 	0.519		0.9172		0.8824		0.9665		0.7124
 22 	0.522		0.9194		0.8473		0.9641		0.6209
 23 	0.512		0.9238		0.8989		0.9697		0.7255
 24 	0.509		0.9247		0.8782		0.9703		0.6993
 25 	0.543		0.9145		0.8617		0.9662		0.6471
 26 	0.508		0.9244		0.8803		0.9693		0.6993
 27 	0.507		0.9284		0.8700		0.9668		0.6863
 28 	0.502		0.9274		0.8638		0.9677		0.6601
 29 	0.491		0.9303		0.8514		0.9685		0.6078
 30 	0.521		0.9264		0.8596		0.9675		0.6471
 31 	0.484		0.9324		0.8369		0.9632		0.5817
 32 	0.476		0.9333		0.8514		0.9685		0.6340
 33 	0.498		0.9303		0.8844		0.9708		0.6863
 34 	0.501		0.9321		0.8576		0.9678		0.6340
 35 	0.500		0.9311		0.8535		0.9664		0.6471
 36 	0.491		0.9318		0.8617		0.9690		0.6471
 37 	0.467		0.9425		0.8762		0.9688		0.6601
 38 	0.475		0.9343		0.8617		0.9724		0.6471
 39 	0.470		0.9376		0.8596		0.9688		0.6601
 40 	0.478		0.9365		0.8555		0.9677		0.6340
 41 	0.470		0.9370		0.8266		0.9629		0.5425
 42 	0.465		0.9384		0.8638		0.9684		0.6601
 43 	0.472		0.9349		0.8617		0.9685		0.6471
 44 	0.455		0.9430		0.8514		0.9668		0.6340
 45 	0.462		0.9411		0.8844		0.9687		0.6993
 46 	0.458		0.9407		0.8824		0.9678		0.6993
 47 	0.458		0.9420		0.8617		0.9646		0.6471
 48 	0.471		0.9417		0.8658		0.9690		0.6601
 49 	0.463		0.9373		0.8700		0.9647		0.6732
Best test SRCC 0.913313, PLCC 0.974243, KRCC 0.751634
Round 4
Epoch	Train_Loss	Train_SRCC	Test_SRCC	Test_PLCC	Test_KROCC
  0 	1.163		0.8017		0.8837		0.9757		0.6931
  1 	0.620		0.8815		0.9146		0.9752		0.7575
  2 	0.602		0.8832		0.9004		0.9753		0.7213
  3 	0.597		0.8827		0.9194		0.9754		0.7697
  4 	0.606		0.8829		0.9370		0.9753		0.8092
  5 	0.669		0.8842		0.9256		0.9757		0.7961
  6 	0.617		0.8838		0.9489		0.9757		0.8487
  7 	0.618		0.8811		0.9499		0.9750		0.8393
  8 	0.592		0.8874		0.9417		0.9752		0.8262
  9 	0.604		0.8809		0.9411		0.9752		0.8224
 10 	0.589		0.8848		0.9055		0.9753		0.7344
 11 	0.586		0.8837		0.9489		0.9748		0.8393
 12 	0.595		0.8803		0.9045		0.9754		0.7344
 13 	0.595		0.8846		0.9396		0.9759		0.8131
 14 	0.594		0.8929		0.9582		0.9759		0.8393
 15 	0.570		0.9001		0.9189		0.9762		0.7607
 16 	0.509		0.9172		0.9520		0.9764		0.8525
 17 	0.473		0.9301		0.9313		0.9768		0.8131
 18 	0.474		0.9286		0.9355		0.9760		0.8000
 19 	0.468		0.9312		0.9355		0.9790		0.8000
 20 	0.479		0.9351		0.9293		0.9792		0.7869
 21 	0.468		0.9321		0.9468		0.9798		0.8393
 22 	0.429		0.9410		0.9499		0.9807		0.8262
 23 	0.443		0.9457		0.9499		0.9817		0.8262
 24 	0.448		0.9425		0.9499		0.9799		0.8262
 25 	0.439		0.9416		0.9499		0.9797		0.8262
 26 	0.459		0.9399		0.9499		0.9815		0.8262
 27 	0.442		0.9455		0.9499		0.9807		0.8262
 28 	0.418		0.9542		0.9355		0.9783		0.8000
 29 	0.424		0.9520		0.9355		0.9786		0.8000
 30 	0.451		0.9457		0.9417		0.9779		0.8131
 31 	0.418		0.9527		0.9499		0.9791		0.8262
 32 	0.399		0.9549		0.9210		0.9789		0.7738
 33 	0.396		0.9535		0.9499		0.9787		0.8262
 34 	0.445		0.9481		0.9437		0.9803		0.8131
 35 	0.375		0.9602		0.9499		0.9789		0.8262
 36 	0.366		0.9592		0.9499		0.9808		0.8262
 37 	0.382		0.9580		0.9561		0.9787		0.8393
 38 	0.403		0.9557		0.9458		0.9794		0.8131
 39 	0.358		0.9620		0.9458		0.9791		0.8131
 40 	0.366		0.9615		0.9458		0.9793		0.8131
 41 	0.428		0.9528		0.9355		0.9794		0.8000
 42 	0.376		0.9570		0.9499		0.9803		0.8262
 43 	0.392		0.9570		0.9458		0.9787		0.8131
 44 	0.358		0.9626		0.9499		0.9793		0.8262
 45 	0.375		0.9589		0.9499		0.9787		0.8262
 46 	0.378		0.9580		0.9355		0.9801		0.8000
 47 	0.360		0.9608		0.9499		0.9796		0.8262
 48 	0.352		0.9620		0.9499		0.9801		0.8262
 49 	0.369		0.9607		0.9499		0.9802		0.8262
Best test SRCC 0.958183, PLCC 0.975895, KRCC 0.839349
Round 5
Epoch	Train_Loss	Train_SRCC	Test_SRCC	Test_PLCC	Test_KROCC
  0 	2.035		0.6811		0.9360		0.9615		0.8039
  1 	0.775		0.8793		0.9282		0.9700		0.7869
  2 	0.684		0.8859		0.9009		0.9832		0.7255
  3 	0.654		0.8805		0.9381		0.9848		0.8039
  4 	0.651		0.8796		0.9381		0.9846		0.8039
  5 	0.666		0.8812		0.9340		0.9848		0.7908
  6 	0.651		0.8792		0.9365		0.9848		0.8000
  7 	0.672		0.8768		0.9340		0.9848		0.7908
  8 	0.660		0.8816		0.9381		0.9848		0.8039
  9 	0.649		0.8809		0.9195		0.9847		0.7516
 10 	0.659		0.8832		0.9298		0.9848		0.7778
 11 	0.665		0.8856		0.9278		0.9848		0.7647
 12 	0.658		0.8824		0.9133		0.9847		0.7516
 13 	0.664		0.8802		0.9216		0.9848		0.7647
 14 	0.661		0.8823		0.9241		0.9848		0.7738
 15 	0.669		0.8754		0.9030		0.9846		0.7386
 16 	0.651		0.8841		0.8885		0.9848		0.6993
 17 	0.660		0.8829		0.9066		0.9848		0.7344
 18 	0.664		0.8830		0.8741		0.9848		0.6732
 19 	0.672		0.8793		0.9051		0.9848		0.7255
 20 	0.657		0.8853		0.8952		0.9845		0.7213
 21 	0.642		0.8821		0.8906		0.9848		0.6993
 22 	0.666		0.8847		0.9133		0.9848		0.7386
 23 	0.670		0.8794		0.8741		0.9848		0.6601
 24 	0.664		0.8804		0.8638		0.9848		0.6471
 25 	0.651		0.8800		0.9112		0.9848		0.7386
 26 	0.656		0.8818		0.8885		0.9847		0.6993
 27 	0.657		0.8801		0.8885		0.9847		0.6993
 28 	0.664		0.8843		0.8906		0.9845		0.7124
 29 	0.662		0.8795		0.8657		0.9848		0.6513
 30 	0.642		0.8839		0.9195		0.9847		0.7516
 31 	0.638		0.8861		0.8672		0.9848		0.6601
 32 	0.653		0.8862		0.9250		0.9848		0.7708
 33 	0.664		0.8836		0.9250		0.9848		0.7708
 34 	0.678		0.8785		0.9250		0.9848		0.7708
 35 	0.692		0.8826		0.8803		0.9848		0.6863
 36 	0.655		0.8817		0.9071		0.9848		0.7386
 37 	0.643		0.8826		0.8762		0.9847		0.6732
 38 	0.643		0.8937		0.9030		0.9845		0.7516
 39 	0.625		0.9030		0.8803		0.9847		0.6863
 40 	0.666		0.8946		0.9154		0.9848		0.7516
 41 	0.645		0.8943		0.9009		0.9846		0.7255
 42 	0.659		0.8926		0.9174		0.9851		0.7516
 43 	0.617		0.9086		0.8968		0.9854		0.7124
 44 	0.594		0.9154		0.8617		0.9814		0.6340
 45 	0.553		0.9231		0.8617		0.9782		0.6340
 46 	0.553		0.9216		0.8535		0.9761		0.5948
 47 	0.541		0.9194		0.8576		0.9804		0.6209
 48 	0.501		0.9238		0.8431		0.9839		0.5948
 49 	0.505		0.9256		0.8328		0.9822		0.5817
Best test SRCC 0.938080, PLCC 0.984808, KRCC 0.803922
Round 6
Epoch	Train_Loss	Train_SRCC	Test_SRCC	Test_PLCC	Test_KROCC
  0 	0.891		0.8838		0.8734		0.9465		0.6997
  1 	0.584		0.8893		0.8920		0.9419		0.7129
  2 	0.549		0.8941		0.8889		0.9429		0.7129
  3 	0.510		0.9074		0.8889		0.9346		0.7129
  4 	0.507		0.9128		0.8796		0.9369		0.6997
  5 	0.463		0.9280		0.8941		0.9373		0.7129
  6 	0.414		0.9402		0.8599		0.9408		0.6337
  7 	0.409		0.9429		0.8651		0.9406		0.6601
  8 	0.420		0.9446		0.9116		0.9434		0.7261
  9 	0.427		0.9461		0.8889		0.9461		0.6997
 10 	0.368		0.9546		0.9054		0.9430		0.7261
 11 	0.391		0.9538		0.9075		0.9384		0.7393
 12 	0.338		0.9623		0.9189		0.9398		0.7657
 13 	0.350		0.9617		0.9158		0.9375		0.7525
 14 	0.362		0.9579		0.9003		0.9398		0.7261
 15 	0.341		0.9621		0.9106		0.9421		0.7393
 16 	0.338		0.9602		0.9096		0.9416		0.7525
 17 	0.319		0.9679		0.9189		0.9457		0.7657
 18 	0.346		0.9632		0.9282		0.9502		0.7789
 19 	0.338		0.9640		0.8972		0.9436		0.7261
 20 	0.314		0.9688		0.9127		0.9406		0.7525
 21 	0.380		0.9596		0.9189		0.9441		0.7657
 22 	0.320		0.9694		0.9189		0.9394		0.7657
 23 	0.302		0.9715		0.9230		0.9442		0.7657
 24 	0.292		0.9730		0.9230		0.9464		0.7789
 25 	0.297		0.9725		0.9168		0.9408		0.7525
 26 	0.326		0.9694		0.9251		0.9427		0.7789
 27 	0.329		0.9663		0.8662		0.9425		0.6469
 28 	0.302		0.9726		0.9189		0.9450		0.7525
 29 	0.305		0.9699		0.9127		0.9394		0.7393
 30 	0.303		0.9716		0.9065		0.9475		0.7393
 31 	0.287		0.9727		0.8879		0.9415		0.6997
 32 	0.290		0.9717		0.9137		0.9416		0.7393
 33 	0.306		0.9710		0.8786		0.9424		0.6733
 34 	0.301		0.9715		0.9158		0.9442		0.7525
 35 	0.301		0.9726		0.9034		0.9432		0.7393
 36 	0.275		0.9760		0.9065		0.9429		0.7393
 37 	0.284		0.9737		0.8879		0.9456		0.6997
 38 	0.269		0.9752		0.9065		0.9418		0.7393
 39 	0.278		0.9740		0.9044		0.9402		0.7393
 40 	0.293		0.9726		0.9044		0.9394		0.7393
 41 	0.304		0.9710		0.9034		0.9424		0.7261
 42 	0.275		0.9748		0.8910		0.9422		0.6997
 43 	0.291		0.9742		0.8920		0.9410		0.6997
 44 	0.301		0.9722		0.8755		0.9418		0.6733
 45 	0.267		0.9773		0.8982		0.9397		0.7261
 46 	0.273		0.9757		0.8827		0.9390		0.6865
 47 	0.254		0.9792		0.9044		0.9450		0.7393
 48 	0.277		0.9763		0.8786		0.9406		0.6733
 49 	0.357		0.9656		0.9003		0.9423		0.7261
Best test SRCC 0.928166, PLCC 0.950240, KRCC 0.778916
Round 7
Epoch	Train_Loss	Train_SRCC	Test_SRCC	Test_PLCC	Test_KROCC
  0 	2.190		0.6258		0.8741		0.9773		0.6732
  1 	0.643		0.8859		0.8473		0.9726		0.6078
  2 	0.591		0.8880		0.8308		0.9717		0.5817
  3 	0.591		0.8794		0.8225		0.9743		0.5686
  4 	0.590		0.8813		0.8184		0.9725		0.5556
  5 	0.589		0.8835		0.8163		0.9716		0.5425
  6 	0.598		0.8833		0.8184		0.9715		0.5556
  7 	0.602		0.8858		0.8142		0.9721		0.5294
  8 	0.596		0.8859		0.8163		0.9713		0.5425
  9 	0.595		0.8789		0.8163		0.9713		0.5425
 10 	0.577		0.8807		0.8163		0.9718		0.5425
 11 	0.586		0.8838		0.8163		0.9718		0.5425
 12 	0.587		0.8823		0.8246		0.9725		0.5556
 13 	0.589		0.8856		0.8287		0.9718		0.5686
 14 	0.592		0.8851		0.8452		0.9725		0.6078
 15 	0.593		0.8842		0.8638		0.9718		0.6471
 16 	0.608		0.8888		0.8638		0.9710		0.6471
 17 	0.601		0.8891		0.8844		0.9716		0.6993
 18 	0.601		0.8926		0.8885		0.9699		0.7124
 19 	0.533		0.9173		0.9567		0.9761		0.8431
 20 	0.490		0.9260		0.9071		0.9743		0.7516
 21 	0.469		0.9305		0.8803		0.9745		0.6732
 22 	0.497		0.9234		0.8927		0.9741		0.7124
 23 	0.439		0.9307		0.8865		0.9699		0.6993
 24 	0.455		0.9344		0.8844		0.9709		0.6863
 25 	0.433		0.9367		0.9154		0.9719		0.7516
 26 	0.426		0.9388		0.9257		0.9700		0.7778
 27 	0.430		0.9393		0.9711		0.9769		0.8824
 28 	0.424		0.9396		0.9030		0.9756		0.7255
 29 	0.411		0.9418		0.9030		0.9755		0.7255
 30 	0.410		0.9459		0.8865		0.9611		0.6993
 31 	0.444		0.9412		0.8927		0.9694		0.7124
 32 	0.411		0.9460		0.9133		0.9684		0.7516
 33 	0.417		0.9447		0.9030		0.9756		0.7255
 34 	0.421		0.9456		0.9216		0.9712		0.7647
 35 	0.408		0.9497		0.9154		0.9725		0.7516
 36 	0.415		0.9456		0.9154		0.9816		0.7516
 37 	0.399		0.9519		0.8844		0.9684		0.6993
 38 	0.419		0.9503		0.9071		0.9708		0.7386
 39 	0.380		0.9523		0.9216		0.9660		0.7778
 40 	0.451		0.9438		0.9030		0.9651		0.7255
 41 	0.399		0.9544		0.9278		0.9728		0.7778
 42 	0.424		0.9481		0.9381		0.9714		0.8039
 43 	0.401		0.9536		0.9257		0.9719		0.7908
 44 	0.381		0.9555		0.9340		0.9700		0.7908
 45 	0.389		0.9544		0.9092		0.9735		0.7386
 46 	0.376		0.9558		0.9071		0.9708		0.7386
 47 	0.377		0.9568		0.9154		0.9748		0.7516
 48 	0.387		0.9553		0.9092		0.9715		0.7386
 49 	0.374		0.9564		0.9071		0.9703		0.7516
Best test SRCC 0.971104, PLCC 0.976860, KRCC 0.882353
Round 8
Epoch	Train_Loss	Train_SRCC	Test_SRCC	Test_PLCC	Test_KROCC
  0 	1.253		0.7819		0.8725		0.9918		0.6820
  1 	0.688		0.8830		0.8983		0.9934		0.7082
  2 	0.686		0.8805		0.8725		0.9932		0.6689
  3 	0.694		0.8828		0.9169		0.9932		0.7607
  4 	0.683		0.8800		0.9265		0.9937		0.7940
  5 	0.685		0.8848		0.9277		0.9937		0.7961
  6 	0.697		0.8819		0.9250		0.9932		0.7881
  7 	0.693		0.8793		0.9421		0.9935		0.8224
  8 	0.716		0.8809		0.9436		0.9936		0.8278
  9 	0.686		0.8855		0.8926		0.9937		0.7171
 10 	0.686		0.8794		0.8962		0.9932		0.7344
 11 	0.705		0.8836		0.8900		0.9935		0.7082
 12 	0.696		0.8820		0.8962		0.9937		0.7213
 13 	0.692		0.8829		0.8838		0.9937		0.6951
 14 	0.692		0.8834		0.8973		0.9936		0.7213
 15 	0.687		0.8868		0.8942		0.9941		0.7213
 16 	0.682		0.8893		0.8900		0.9939		0.7082
 17 	0.674		0.8960		0.9375		0.9939		0.8131
 18 	0.660		0.9057		0.9024		0.9924		0.7344
 19 	0.631		0.9188		0.9200		0.9941		0.7607
 20 	0.590		0.9240		0.9179		0.9937		0.7475
 21 	0.599		0.9237		0.9076		0.9908		0.7213
 22 	0.577		0.9319		0.9189		0.9922		0.7475
 23 	0.554		0.9417		0.8756		0.9939		0.6557
 24 	0.520		0.9487		0.8983		0.9914		0.7082
 25 	0.507		0.9472		0.8869		0.9903		0.6951
 26 	0.521		0.9463		0.8983		0.9885		0.7082
 27 	0.492		0.9506		0.8931		0.9870		0.6951
 28 	0.512		0.9443		0.9024		0.9885		0.7213
 29 	0.497		0.9513		0.8942		0.9883		0.6951
 30 	0.490		0.9523		0.9024		0.9891		0.7213
 31 	0.479		0.9502		0.8880		0.9887		0.6951
 32 	0.444		0.9606		0.8735		0.9891		0.6557
 33 	0.483		0.9558		0.8756		0.9864		0.6557
 34 	0.461		0.9587		0.8849		0.9864		0.6820
 35 	0.494		0.9525		0.8725		0.9863		0.6426
 36 	0.474		0.9564		0.8818		0.9882		0.6689
 37 	0.464		0.9575		0.8601		0.9865		0.6295
 38 	0.442		0.9626		0.8446		0.9827		0.5902
 39 	0.447		0.9617		0.8353		0.9848		0.5771
 40 	0.488		0.9535		0.8673		0.9894		0.6557
 41 	0.424		0.9643		0.8673		0.9828		0.6426
 42 	0.418		0.9633		0.8673		0.9844		0.6426
 43 	0.441		0.9615		0.8766		0.9861		0.6557
 44 	0.409		0.9658		0.8715		0.9815		0.6557
 45 	0.410		0.9653		0.8684		0.9817		0.6426
 46 	0.432		0.9625		0.8725		0.9889		0.6426
 47 	0.409		0.9668		0.8725		0.9858		0.6426
 48 	0.422		0.9649		0.8787		0.9844		0.6689
 49 	0.428		0.9635		0.8869		0.9879		0.6820
Best test SRCC 0.943612, PLCC 0.993611, KRCC 0.827833
Round 9
Epoch	Train_Loss	Train_SRCC	Test_SRCC	Test_PLCC	Test_KROCC
  0 	1.079		0.8194		0.9236		0.9615		0.7778
  1 	0.622		0.8941		0.9133		0.9594		0.7647
  2 	0.587		0.8912		0.8989		0.9583		0.7386
  3 	0.579		0.8894		0.9154		0.9611		0.7516
  4 	0.579		0.8880		0.9154		0.9599		0.7516
  5 	0.593		0.8959		0.9051		0.9596		0.7255
  6 	0.602		0.8913		0.8844		0.9613		0.6863
  7 	0.574		0.9011		0.9112		0.9632		0.7386
  8 	0.583		0.9009		0.9216		0.9631		0.7778
  9 	0.520		0.9236		0.9092		0.9626		0.7516
 10 	0.473		0.9322		0.9154		0.9631		0.7647
 11 	0.467		0.9357		0.9174		0.9618		0.7778
 12 	0.464		0.9382		0.9195		0.9637		0.7778
 13 	0.475		0.9384		0.8968		0.9615		0.7255
 14 	0.443		0.9421		0.9236		0.9647		0.7778
 15 	0.428		0.9425		0.9216		0.9642		0.7908
 16 	0.429		0.9473		0.9257		0.9606		0.7908
 17 	0.427		0.9455		0.9112		0.9635		0.7516
 18 	0.416		0.9478		0.9154		0.9638		0.7778
 19 	0.398		0.9522		0.9133		0.9618		0.7647
 20 	0.403		0.9548		0.9071		0.9587		0.7516
 21 	0.457		0.9432		0.9051		0.9633		0.7386
 22 	0.405		0.9547		0.8947		0.9610		0.7255
 23 	0.390		0.9535		0.8989		0.9641		0.7255
 24 	0.402		0.9544		0.8885		0.9626		0.7124
 25 	0.427		0.9496		0.8824		0.9649		0.6993
 26 	0.436		0.9497		0.8989		0.9602		0.7255
 27 	0.386		0.9564		0.8906		0.9625		0.7255
 28 	0.382		0.9570		0.8989		0.9588		0.7386
 29 	0.366		0.9613		0.8824		0.9609		0.6993
 30 	0.347		0.9606		0.8885		0.9611		0.7124
 31 	0.357		0.9627		0.8885		0.9614		0.7124
 32 	0.355		0.9619		0.9009		0.9643		0.7386
 33 	0.381		0.9564		0.8947		0.9649		0.7386
 34 	0.342		0.9631		0.9009		0.9655		0.7386
 35 	0.372		0.9607		0.8844		0.9654		0.7124
 36 	0.376		0.9611		0.8927		0.9621		0.7255
 37 	0.397		0.9559		0.8989		0.9626		0.7386
 38 	0.362		0.9607		0.8989		0.9613		0.7386
 39 	0.336		0.9646		0.8844		0.9641		0.7124
 40 	0.347		0.9638		0.8885		0.9618		0.7124
 41 	0.398		0.9559		0.8782		0.9612		0.6863
 42 	0.336		0.9635		0.8927		0.9610		0.7255
 43 	0.312		0.9682		0.8803		0.9598		0.6993
 44 	0.324		0.9676		0.8947		0.9621		0.7255
 45 	0.378		0.9580		0.8968		0.9617		0.7124
 46 	0.345		0.9633		0.8885		0.9645		0.6993
 47 	0.349		0.9645		0.8885		0.9644		0.7124
 48 	0.326		0.9680		0.8927		0.9566		0.7255
 49 	0.307		0.9683		0.8989		0.9599		0.7386
Best test SRCC 0.925697, PLCC 0.960615, KRCC 0.790850
Round 10
Epoch	Train_Loss	Train_SRCC	Test_SRCC	Test_PLCC	Test_KROCC
  0 	1.276		0.7542		0.8658		0.9852		0.6340
  1 	0.667		0.8851		0.8658		0.9874		0.6340
  2 	0.669		0.8826		0.8679		0.9856		0.6471
  3 	0.663		0.8833		0.8679		0.9874		0.6471
  4 	0.672		0.8847		0.8679		0.9863		0.6471
  5 	0.660		0.8826		0.8658		0.9863		0.6601
  6 	0.671		0.8933		0.8679		0.9864		0.6601
  7 	0.625		0.9058		0.8679		0.9872		0.6471
  8 	0.632		0.9032		0.9313		0.9872		0.7983
  9 	0.571		0.9138		0.8818		0.9867		0.6951
 10 	0.549		0.9171		0.8989		0.9878		0.7255
 11 	0.558		0.9189		0.8927		0.9846		0.6993
 12 	0.628		0.9143		0.8555		0.9861		0.6340
 13 	0.578		0.9199		0.9154		0.9877		0.7516
 14 	0.578		0.9149		0.8989		0.9871		0.7255
 15 	0.535		0.9283		0.8927		0.9885		0.7124
 16 	0.541		0.9322		0.9319		0.9890		0.7778
 17 	0.549		0.9291		0.9195		0.9889		0.7516
 18 	0.610		0.9248		0.8927		0.9846		0.7124
 19 	0.531		0.9386		0.8947		0.9883		0.7124
 20 	0.555		0.9345		0.8947		0.9885		0.7124
 21 	0.508		0.9385		0.8947		0.9876		0.7124
 22 	0.477		0.9479		0.9112		0.9879		0.7386
 23 	0.494		0.9448		0.9133		0.9857		0.7516
 24 	0.478		0.9489		0.8927		0.9879		0.6993
 25 	0.550		0.9346		0.9154		0.9884		0.7516
 26 	0.534		0.9441		0.9112		0.9869		0.7386
 27 	0.520		0.9407		0.8989		0.9883		0.7124
 28 	0.485		0.9483		0.9030		0.9885		0.7124
 29 	0.473		0.9500		0.9071		0.9850		0.7255
 30 	0.456		0.9515		0.8989		0.9837		0.6993
 31 	0.436		0.9581		0.9051		0.9852		0.7255
 32 	0.486		0.9495		0.8968		0.9865		0.7124
 33 	0.474		0.9516		0.9009		0.9842		0.7124
 34 	0.414		0.9618		0.9009		0.9791		0.7124
 35 	0.439		0.9587		0.9071		0.9839		0.7255
 36 	0.427		0.9584		0.9133		0.9804		0.7386
 37 	0.605		0.9230		0.9195		0.9886		0.7647
 38 	0.472		0.9510		0.9154		0.9871		0.7516
 39 	0.441		0.9558		0.9092		0.9848		0.7386
 40 	0.406		0.9630		0.9071		0.9836		0.7255
 41 	0.437		0.9575		0.9071		0.9866		0.7255
 42 	0.402		0.9637		0.8906		0.9766		0.6863
 43 	0.399		0.9637		0.9009		0.9837		0.7124
 44 	0.406		0.9635		0.8803		0.9802		0.6601
 45 	0.431		0.9580		0.9030		0.9859		0.7124
 46 	0.410		0.9630		0.9030		0.9778		0.7124
 47 	0.411		0.9624		0.8968		0.9795		0.6993
 48 	0.399		0.9634		0.9071		0.9840		0.7255
 49 	0.406		0.9649		0.9092		0.9840		0.7386
Best test SRCC 0.931889, PLCC 0.989035, KRCC 0.777778
[0.90299278 0.92252115 0.91331269 0.95818288 0.9380805  0.92816649
 0.97110423 0.9436121  0.92569659 0.93188854]
[0.96020657 0.98397784 0.97424312 0.97589507 0.98480798 0.95023996
 0.97686034 0.99361073 0.96061451 0.98903543]
[0.7254902  0.78291168 0.75163399 0.83934877 0.80392157 0.77891607
 0.88235294 0.82783272 0.79084967 0.77777778]
Testing mean SRCC 0.9336,	mean PLCC 0.9749,mean KRCC 0.7961
