JCSAN
Training and testing on CVIU dataset for 10 rounds...
Round 1
Epoch	Train_Loss	Train_SRCC	Test_SRCC	Test_PLCC	Test_KROCC
  0 	0.848		0.8150		0.8027		0.8828		0.6105
  1 	0.565		0.9366		0.8180		0.8919		0.6357
  2 	0.492		0.9518		0.8249		0.8888		0.6422
  3 	0.457		0.9580		0.8485		0.9047		0.6712
  4 	0.405		0.9658		0.8205		0.8896		0.6376
  5 	0.365		0.9717		0.8610		0.9030		0.6824
  6 	0.350		0.9747		0.8600		0.9096		0.6796
  7 	0.330		0.9768		0.8688		0.9112		0.6898
  8 	0.316		0.9790		0.8394		0.8918		0.6609
  9 	0.296		0.9809		0.8588		0.9051		0.6749
 10 	0.293		0.9812		0.8500		0.9005		0.6702
 11 	0.278		0.9830		0.8460		0.8998		0.6618
 12 	0.262		0.9847		0.8623		0.9111		0.6833
 13 	0.257		0.9850		0.8294		0.8943		0.6422
 14 	0.271		0.9838		0.8505		0.9037		0.6665
 15 	0.236		0.9872		0.8454		0.8995		0.6646
 16 	0.232		0.9877		0.8396		0.8901		0.6544
 17 	0.233		0.9876		0.8513		0.9039		0.6674
 18 	0.223		0.9886		0.8629		0.9103		0.6814
 19 	0.236		0.9874		0.8547		0.8972		0.6693
 20 	0.235		0.9874		0.8314		0.8864		0.6441
 21 	0.222		0.9884		0.8559		0.9007		0.6721
 22 	0.214		0.9894		0.8577		0.9044		0.6758
 23 	0.211		0.9895		0.8461		0.8933		0.6628
 24 	0.203		0.9900		0.8396		0.8940		0.6516
 25 	0.217		0.9889		0.8335		0.8916		0.6460
 26 	0.207		0.9897		0.8300		0.8892		0.6413
 27 	0.203		0.9903		0.8407		0.8874		0.6581
 28 	0.187		0.9915		0.8476		0.8996		0.6628
 29 	0.187		0.9913		0.8437		0.8957		0.6590
 30 	0.188		0.9911		0.8399		0.8938		0.6572
 31 	0.185		0.9915		0.8495		0.9033		0.6693
 32 	0.198		0.9908		0.8526		0.9046		0.6665
 33 	0.195		0.9907		0.8450		0.9006		0.6590
 34 	0.177		0.9921		0.8426		0.8990		0.6590
 35 	0.179		0.9918		0.8384		0.8891		0.6572
 36 	0.170		0.9925		0.8504		0.9033		0.6674
 37 	0.175		0.9924		0.8500		0.9008		0.6702
 38 	0.173		0.9925		0.8434		0.8977		0.6609
 39 	0.172		0.9926		0.8374		0.8933		0.6525
 40 	0.168		0.9928		0.8509		0.9043		0.6712
 41 	0.163		0.9932		0.8456		0.9034		0.6618
 42 	0.169		0.9926		0.8363		0.8952		0.6478
 43 	0.166		0.9927		0.8487		0.9016		0.6590
 44 	0.164		0.9931		0.8513		0.9007		0.6665
 45 	0.163		0.9931		0.8483		0.9024		0.6581
 46 	0.166		0.9927		0.8430		0.8935		0.6637
 47 	0.167		0.9928		0.8399		0.9006		0.6553
 48 	0.156		0.9936		0.8485		0.9032		0.6637
 49 	0.162		0.9933		0.8512		0.9024		0.6684
Best test SRCC 0.868827, PLCC 0.911155, KRCC 0.689849
Round 2
Epoch	Train_Loss	Train_SRCC	Test_SRCC	Test_PLCC	Test_KROCC
  0 	0.906		0.8151		0.9049		0.9226		0.7312
  1 	0.670		0.9137		0.8315		0.8643		0.6403
  2 	0.581		0.9362		0.8355		0.8613		0.6497
  3 	0.523		0.9486		0.8613		0.8765		0.6638
  4 	0.488		0.9552		0.8642		0.8862		0.6748
  5 	0.413		0.9675		0.8721		0.8948		0.6716
  6 	0.390		0.9711		0.8760		0.9015		0.6787
  7 	0.366		0.9735		0.8689		0.8947		0.6661
  8 	0.348		0.9758		0.8677		0.8875		0.6646
  9 	0.350		0.9764		0.8875		0.9094		0.6857
 10 	0.323		0.9791		0.8751		0.9035		0.6693
 11 	0.324		0.9793		0.8671		0.8907		0.6614
 12 	0.304		0.9812		0.8724		0.9013		0.6614
 13 	0.298		0.9817		0.8674		0.8923		0.6599
 14 	0.284		0.9834		0.8817		0.9098		0.6857
 15 	0.280		0.9834		0.8808		0.8994		0.6771
 16 	0.280		0.9837		0.8730		0.9022		0.6654
 17 	0.267		0.9853		0.8607		0.8955		0.6544
 18 	0.271		0.9846		0.8648		0.8968		0.6654
 19 	0.286		0.9833		0.8682		0.8977		0.6677
 20 	0.253		0.9867		0.8762		0.9033		0.6748
 21 	0.263		0.9857		0.8778		0.9083		0.6850
 22 	0.263		0.9863		0.8782		0.9069		0.6803
 23 	0.243		0.9877		0.8569		0.8890		0.6520
 24 	0.228		0.9889		0.8663		0.8957		0.6701
 25 	0.235		0.9881		0.8678		0.8899		0.6677
 26 	0.239		0.9882		0.8868		0.9147		0.6920
 27 	0.225		0.9892		0.8564		0.8882		0.6513
 28 	0.215		0.9901		0.8657		0.8987		0.6661
 29 	0.209		0.9903		0.8668		0.8982		0.6693
 30 	0.230		0.9888		0.8567		0.8813		0.6489
 31 	0.228		0.9892		0.8727		0.9003		0.6748
 32 	0.212		0.9903		0.8510		0.8842		0.6489
 33 	0.205		0.9908		0.8616		0.8908		0.6646
 34 	0.210		0.9903		0.8762		0.9004		0.6818
 35 	0.195		0.9919		0.8737		0.9014		0.6787
 36 	0.183		0.9924		0.8533		0.8806		0.6505
 37 	0.206		0.9911		0.8528		0.8812		0.6466
 38 	0.189		0.9919		0.8558		0.8879		0.6528
 39 	0.191		0.9918		0.8629		0.8929		0.6677
 40 	0.202		0.9910		0.8749		0.9043		0.6771
 41 	0.182		0.9925		0.8573		0.8890		0.6591
 42 	0.194		0.9917		0.8571		0.8923		0.6552
 43 	0.190		0.9921		0.8578		0.8914		0.6544
 44 	0.177		0.9933		0.8568		0.8866		0.6599
 45 	0.183		0.9927		0.8615		0.8937		0.6669
 46 	0.173		0.9932		0.8640		0.8929		0.6693
 47 	0.174		0.9933		0.8609		0.8954		0.6669
 48 	0.168		0.9931		0.8727		0.9055		0.6787
 49 	0.171		0.9934		0.8540		0.8877		0.6599
Best test SRCC 0.904891, PLCC 0.922636, KRCC 0.731192
Round 3
Epoch	Train_Loss	Train_SRCC	Test_SRCC	Test_PLCC	Test_KROCC
  0 	0.904		0.8279		0.9496		0.9439		0.8078
  1 	0.760		0.8806		0.9550		0.9571		0.8282
  2 	0.695		0.9006		0.9485		0.9554		0.8055
  3 	0.515		0.9491		0.9466		0.9531		0.8031
  4 	0.422		0.9665		0.9390		0.9444		0.7890
  5 	0.410		0.9681		0.9104		0.9151		0.7420
  6 	0.386		0.9717		0.9184		0.9255		0.7529
  7 	0.358		0.9753		0.9368		0.9311		0.7859
  8 	0.377		0.9728		0.9248		0.9288		0.7631
  9 	0.329		0.9785		0.9358		0.9369		0.7827
 10 	0.310		0.9809		0.9161		0.9276		0.7529
 11 	0.305		0.9817		0.9435		0.9444		0.7945
 12 	0.302		0.9823		0.9263		0.9336		0.7647
 13 	0.286		0.9835		0.9116		0.9234		0.7435
 14 	0.277		0.9847		0.9205		0.9315		0.7584
 15 	0.257		0.9862		0.9252		0.9314		0.7624
 16 	0.269		0.9855		0.9156		0.9278		0.7600
 17 	0.258		0.9866		0.9089		0.9206		0.7443
 18 	0.236		0.9884		0.9197		0.9319		0.7616
 19 	0.235		0.9877		0.9185		0.9263		0.7553
 20 	0.242		0.9881		0.9129		0.9236		0.7443
 21 	0.264		0.9854		0.8968		0.9158		0.7263
 22 	0.242		0.9880		0.9137		0.9242		0.7475
 23 	0.214		0.9901		0.9016		0.9171		0.7333
 24 	0.214		0.9899		0.9098		0.9202		0.7427
 25 	0.207		0.9903		0.9217		0.9305		0.7600
 26 	0.213		0.9902		0.9016		0.9175		0.7380
 27 	0.202		0.9909		0.9062		0.9194		0.7412
 28 	0.201		0.9914		0.8964		0.9138		0.7286
 29 	0.199		0.9913		0.9057		0.9148		0.7404
 30 	0.189		0.9919		0.8954		0.9160		0.7263
 31 	0.188		0.9916		0.9094		0.9210		0.7459
 32 	0.183		0.9925		0.9104		0.9210		0.7475
 33 	0.179		0.9926		0.8912		0.9077		0.7200
 34 	0.187		0.9921		0.8970		0.9150		0.7333
 35 	0.190		0.9922		0.9111		0.9226		0.7490
 36 	0.165		0.9934		0.9234		0.9310		0.7671
 37 	0.182		0.9921		0.9147		0.9267		0.7561
 38 	0.166		0.9933		0.9091		0.9194		0.7467
 39 	0.167		0.9931		0.9226		0.9289		0.7686
 40 	0.160		0.9938		0.9096		0.9237		0.7522
 41 	0.158		0.9938		0.8981		0.9165		0.7294
 42 	0.162		0.9935		0.9023		0.9173		0.7373
 43 	0.167		0.9934		0.8998		0.9150		0.7341
 44 	0.167		0.9932		0.9124		0.9225		0.7490
 45 	0.151		0.9945		0.9009		0.9144		0.7349
 46 	0.155		0.9942		0.9184		0.9244		0.7553
 47 	0.166		0.9935		0.9024		0.9178		0.7357
 48 	0.157		0.9938		0.9199		0.9252		0.7584
 49 	0.142		0.9947		0.9117		0.9189		0.7475
Best test SRCC 0.954960, PLCC 0.957082, KRCC 0.828238
Round 4
Epoch	Train_Loss	Train_SRCC	Test_SRCC	Test_PLCC	Test_KROCC
  0 	1.110		0.7426		0.8684		0.9077		0.6914
  1 	0.724		0.8997		0.8594		0.9059		0.6805
  2 	0.661		0.9172		0.8526		0.9053		0.6712
  3 	0.623		0.9278		0.8432		0.9009		0.6618
  4 	0.586		0.9373		0.8479		0.8980		0.6656
  5 	0.572		0.9404		0.8272		0.8870		0.6432
  6 	0.504		0.9530		0.7615		0.8499		0.5638
  7 	0.463		0.9614		0.7859		0.8648		0.5928
  8 	0.425		0.9672		0.8305		0.8894		0.6357
  9 	0.403		0.9702		0.8248		0.8842		0.6301
 10 	0.370		0.9750		0.7916		0.8643		0.5974
 11 	0.358		0.9772		0.7683		0.8527		0.5722
 12 	0.329		0.9799		0.7875		0.8590		0.5909
 13 	0.326		0.9807		0.8011		0.8699		0.6068
 14 	0.315		0.9815		0.7938		0.8692		0.5956
 15 	0.302		0.9828		0.8149		0.8758		0.6198
 16 	0.285		0.9845		0.7987		0.8714		0.6058
 17 	0.292		0.9840		0.8031		0.8769		0.6068
 18 	0.272		0.9857		0.7944		0.8695		0.5984
 19 	0.266		0.9865		0.8324		0.8877		0.6385
 20 	0.257		0.9873		0.8302		0.8934		0.6376
 21 	0.253		0.9871		0.8097		0.8812		0.6133
 22 	0.252		0.9878		0.8168		0.8801		0.6236
 23 	0.243		0.9886		0.8227		0.8862		0.6254
 24 	0.247		0.9886		0.8244		0.8819		0.6385
 25 	0.233		0.9893		0.8193		0.8837		0.6292
 26 	0.231		0.9894		0.8353		0.8895		0.6422
 27 	0.217		0.9908		0.8306		0.8874		0.6376
 28 	0.215		0.9903		0.8365		0.8879		0.6488
 29 	0.216		0.9910		0.8266		0.8854		0.6357
 30 	0.207		0.9911		0.8253		0.8918		0.6320
 31 	0.206		0.9913		0.8286		0.8842		0.6329
 32 	0.209		0.9914		0.8123		0.8732		0.6180
 33 	0.203		0.9920		0.7938		0.8651		0.6030
 34 	0.213		0.9914		0.8119		0.8744		0.6161
 35 	0.184		0.9932		0.8183		0.8818		0.6217
 36 	0.183		0.9932		0.8240		0.8888		0.6292
 37 	0.192		0.9925		0.8180		0.8740		0.6236
 38 	0.190		0.9929		0.8261		0.8833		0.6366
 39 	0.194		0.9927		0.8109		0.8750		0.6170
 40 	0.179		0.9937		0.8055		0.8729		0.6114
 41 	0.176		0.9938		0.8375		0.8939		0.6422
 42 	0.173		0.9939		0.8181		0.8768		0.6273
 43 	0.167		0.9944		0.8021		0.8703		0.6142
 44 	0.167		0.9942		0.8003		0.8641		0.6049
 45 	0.167		0.9945		0.8170		0.8763		0.6254
 46 	0.174		0.9941		0.8307		0.8867		0.6394
 47 	0.172		0.9939		0.8233		0.8756		0.6320
 48 	0.162		0.9946		0.8351		0.8907		0.6460
 49 	0.164		0.9946		0.8557		0.9003		0.6684
Best test SRCC 0.868356, PLCC 0.907685, KRCC 0.691410
Round 5
Epoch	Train_Loss	Train_SRCC	Test_SRCC	Test_PLCC	Test_KROCC
  0 	1.350		0.6411		0.8428		0.9252		0.6672
  1 	0.714		0.8983		0.8555		0.9252		0.6730
  2 	0.676		0.9119		0.8526		0.9248		0.6734
  3 	0.669		0.9144		0.8663		0.9232		0.6874
  4 	0.648		0.9173		0.8620		0.9223		0.6780
  5 	0.654		0.9171		0.8719		0.9242		0.6948
  6 	0.645		0.9195		0.8862		0.9239		0.7154
  7 	0.651		0.9175		0.8783		0.9252		0.7032
  8 	0.634		0.9216		0.8750		0.9219		0.6967
  9 	0.633		0.9264		0.8645		0.9267		0.6846
 10 	0.587		0.9378		0.8214		0.9065		0.6258
 11 	0.581		0.9389		0.8269		0.9082		0.6332
 12 	0.546		0.9464		0.8613		0.9250		0.6771
 13 	0.489		0.9562		0.8277		0.9016		0.6435
 14 	0.463		0.9597		0.8201		0.9028		0.6416
 15 	0.423		0.9675		0.8389		0.9110		0.6547
 16 	0.404		0.9704		0.7912		0.8935		0.6099
 17 	0.400		0.9710		0.7528		0.8600		0.5698
 18 	0.374		0.9745		0.7970		0.8878		0.6090
 19 	0.349		0.9774		0.8010		0.8890		0.6211
 20 	0.346		0.9770		0.7893		0.8801		0.5968
 21 	0.325		0.9802		0.7847		0.8898		0.5996
 22 	0.317		0.9811		0.8044		0.8863		0.6174
 23 	0.302		0.9824		0.7785		0.8783		0.5931
 24 	0.310		0.9817		0.7847		0.8753		0.6052
 25 	0.277		0.9855		0.7602		0.8654		0.5772
 26 	0.277		0.9854		0.8040		0.8913		0.6239
 27 	0.262		0.9868		0.7894		0.8694		0.6052
 28 	0.267		0.9863		0.8084		0.8911		0.6304
 29 	0.258		0.9871		0.7910		0.8864		0.6080
 30 	0.256		0.9870		0.7745		0.8695		0.5931
 31 	0.245		0.9881		0.7729		0.8733		0.5903
 32 	0.257		0.9870		0.7787		0.8706		0.6024
 33 	0.260		0.9872		0.7954		0.8821		0.6136
 34 	0.247		0.9882		0.7590		0.8633		0.5763
 35 	0.220		0.9900		0.7855		0.8745		0.5996
 36 	0.226		0.9898		0.7946		0.8854		0.6183
 37 	0.223		0.9899		0.7657		0.8568		0.5810
 38 	0.228		0.9894		0.7719		0.8689		0.5856
 39 	0.229		0.9897		0.7677		0.8654		0.5884
 40 	0.213		0.9906		0.7733		0.8717		0.5940
 41 	0.208		0.9910		0.7804		0.8731		0.6015
 42 	0.223		0.9901		0.7576		0.8495		0.5726
 43 	0.213		0.9904		0.7867		0.8766		0.6090
 44 	0.211		0.9908		0.7833		0.8756		0.6015
 45 	0.211		0.9910		0.7903		0.8752		0.6136
 46 	0.200		0.9918		0.7821		0.8725		0.6062
 47 	0.203		0.9913		0.7691		0.8674		0.5884
 48 	0.223		0.9902		0.7605		0.8560		0.5810
 49 	0.189		0.9927		0.7767		0.8709		0.5931
Best test SRCC 0.886249, PLCC 0.923921, KRCC 0.715353
Round 6
Epoch	Train_Loss	Train_SRCC	Test_SRCC	Test_PLCC	Test_KROCC
  0 	0.868		0.8210		0.9055		0.9228		0.7359
  1 	0.656		0.9029		0.8888		0.9135		0.7116
  2 	0.610		0.9179		0.8795		0.9032		0.6991
  3 	0.537		0.9404		0.8881		0.9110		0.7077
  4 	0.488		0.9502		0.8551		0.8770		0.6810
  5 	0.404		0.9664		0.8650		0.8944		0.6928
  6 	0.384		0.9703		0.8842		0.9070		0.7155
  7 	0.357		0.9732		0.8648		0.8919		0.6928
  8 	0.313		0.9799		0.8584		0.8876		0.6818
  9 	0.313		0.9797		0.8627		0.8901		0.6826
 10 	0.297		0.9815		0.8727		0.9049		0.6959
 11 	0.294		0.9811		0.8691		0.8994		0.6912
 12 	0.275		0.9834		0.8903		0.9128		0.7187
 13 	0.256		0.9859		0.8782		0.9034		0.7085
 14 	0.273		0.9839		0.8721		0.9024		0.6951
 15 	0.285		0.9827		0.8487		0.8837		0.6661
 16 	0.265		0.9847		0.8745		0.9033		0.7061
 17 	0.247		0.9862		0.8752		0.9040		0.7030
 18 	0.240		0.9870		0.8605		0.8905		0.6771
 19 	0.235		0.9877		0.8606		0.8920		0.6795
 20 	0.223		0.9883		0.8780		0.9009		0.7045
 21 	0.221		0.9887		0.8610		0.8947		0.6826
 22 	0.211		0.9901		0.8760		0.9019		0.6967
 23 	0.215		0.9891		0.8712		0.9028		0.6936
 24 	0.225		0.9887		0.8790		0.9027		0.7069
 25 	0.222		0.9888		0.8631		0.8940		0.6787
 26 	0.209		0.9894		0.8924		0.9188		0.7218
 27 	0.206		0.9900		0.8737		0.9018		0.6975
 28 	0.217		0.9892		0.8836		0.9119		0.7053
 29 	0.214		0.9899		0.8826		0.9147		0.7140
 30 	0.193		0.9914		0.8905		0.9187		0.7210
 31 	0.201		0.9904		0.8802		0.9062		0.7053
 32 	0.191		0.9913		0.8824		0.9083		0.7022
 33 	0.183		0.9920		0.8809		0.9059		0.6944
 34 	0.188		0.9910		0.8615		0.8959		0.6795
 35 	0.197		0.9905		0.8809		0.9095		0.7053
 36 	0.176		0.9922		0.8804		0.9061		0.7045
 37 	0.183		0.9920		0.8812		0.9072		0.7038
 38 	0.187		0.9917		0.8718		0.9017		0.6928
 39 	0.181		0.9919		0.8673		0.9008		0.6920
 40 	0.181		0.9918		0.8821		0.9072		0.7100
 41 	0.188		0.9915		0.8691		0.9038		0.6834
 42 	0.193		0.9909		0.8636		0.8961		0.6810
 43 	0.193		0.9912		0.8691		0.8996		0.6944
 44 	0.165		0.9929		0.8763		0.9059		0.7030
 45 	0.186		0.9920		0.8800		0.9082		0.7061
 46 	0.165		0.9930		0.8790		0.9072		0.7014
 47 	0.168		0.9930		0.8804		0.9041		0.7092
 48 	0.176		0.9924		0.8866		0.9131		0.7132
 49 	0.160		0.9931		0.8803		0.9067		0.6983
Best test SRCC 0.905502, PLCC 0.922795, KRCC 0.735894
Round 7
Epoch	Train_Loss	Train_SRCC	Test_SRCC	Test_PLCC	Test_KROCC
  0 	1.165		0.7523		0.9505		0.9613		0.8245
  1 	0.542		0.9368		0.9435		0.9571		0.8058
  2 	0.486		0.9486		0.9435		0.9512		0.8002
  3 	0.462		0.9544		0.9470		0.9561		0.8095
  4 	0.446		0.9582		0.9456		0.9516		0.8086
  5 	0.408		0.9643		0.9432		0.9494		0.8002
  6 	0.381		0.9695		0.9425		0.9446		0.7965
  7 	0.362		0.9717		0.9443		0.9462		0.8002
  8 	0.366		0.9714		0.9412		0.9477		0.7974
  9 	0.355		0.9725		0.9405		0.9447		0.7927
 10 	0.340		0.9746		0.9541		0.9560		0.8254
 11 	0.350		0.9732		0.9443		0.9466		0.8021
 12 	0.326		0.9768		0.9520		0.9508		0.8142
 13 	0.332		0.9763		0.9359		0.9383		0.7806
 14 	0.315		0.9781		0.9459		0.9507		0.8058
 15 	0.313		0.9780		0.9386		0.9348		0.7908
 16 	0.334		0.9754		0.9500		0.9527		0.8133
 17 	0.298		0.9801		0.9441		0.9434		0.8039
 18 	0.304		0.9792		0.9421		0.9441		0.8011
 19 	0.310		0.9786		0.9505		0.9511		0.8189
 20 	0.290		0.9810		0.9404		0.9385		0.7936
 21 	0.284		0.9815		0.9343		0.9359		0.7824
 22 	0.281		0.9821		0.9410		0.9455		0.7955
 23 	0.290		0.9807		0.9490		0.9535		0.8105
 24 	0.267		0.9834		0.9427		0.9494		0.7983
 25 	0.274		0.9833		0.9309		0.9376		0.7768
 26 	0.276		0.9829		0.9451		0.9438		0.7983
 27 	0.273		0.9833		0.9439		0.9476		0.7993
 28 	0.261		0.9843		0.9505		0.9512		0.8133
 29 	0.263		0.9843		0.9439		0.9426		0.8011
 30 	0.259		0.9848		0.9382		0.9365		0.7852
 31 	0.258		0.9847		0.9448		0.9498		0.8030
 32 	0.251		0.9857		0.9349		0.9350		0.7862
 33 	0.246		0.9861		0.9463		0.9465		0.8058
 34 	0.249		0.9856		0.9419		0.9453		0.7965
 35 	0.249		0.9859		0.9444		0.9451		0.7974
 36 	0.241		0.9870		0.9402		0.9407		0.7974
 37 	0.253		0.9855		0.9422		0.9419		0.7965
 38 	0.234		0.9875		0.9474		0.9481		0.8086
 39 	0.232		0.9876		0.9348		0.9361		0.7908
 40 	0.229		0.9878		0.9405		0.9428		0.7890
 41 	0.222		0.9887		0.9486		0.9518		0.8095
 42 	0.223		0.9883		0.9428		0.9482		0.7983
 43 	0.222		0.9886		0.9418		0.9451		0.7965
 44 	0.226		0.9885		0.9500		0.9474		0.8114
 45 	0.222		0.9886		0.9371		0.9373		0.7880
 46 	0.226		0.9884		0.9455		0.9472		0.8021
 47 	0.224		0.9888		0.9420		0.9382		0.7946
 48 	0.221		0.9891		0.9391		0.9410		0.7908
 49 	0.225		0.9884		0.9383		0.9414		0.7908
Best test SRCC 0.954143, PLCC 0.956021, KRCC 0.825429
Round 8
Epoch	Train_Loss	Train_SRCC	Test_SRCC	Test_PLCC	Test_KROCC
  0 	1.046		0.7652		0.9165		0.9141		0.7683
  1 	0.759		0.8762		0.9389		0.9153		0.8004
  2 	0.745		0.8785		0.9071		0.9210		0.7518
  3 	0.685		0.8992		0.8866		0.9033		0.7150
  4 	0.605		0.9233		0.8415		0.8594		0.6476
  5 	0.554		0.9373		0.8166		0.8264		0.6233
  6 	0.486		0.9533		0.8672		0.8813		0.6876
  7 	0.433		0.9638		0.8401		0.8565		0.6554
  8 	0.406		0.9689		0.8197		0.8352		0.6280
  9 	0.376		0.9729		0.8536		0.8737		0.6735
 10 	0.383		0.9726		0.8477		0.8633		0.6633
 11 	0.330		0.9792		0.8420		0.8520		0.6531
 12 	0.337		0.9784		0.8525		0.8678		0.6656
 13 	0.335		0.9788		0.8228		0.8411		0.6319
 14 	0.311		0.9816		0.8191		0.8376		0.6304
 15 	0.302		0.9825		0.8360		0.8486		0.6476
 16 	0.293		0.9830		0.8330		0.8525		0.6500
 17 	0.308		0.9815		0.8214		0.8380		0.6264
 18 	0.294		0.9832		0.8564		0.8722		0.6742
 19 	0.299		0.9826		0.8591		0.8776		0.6766
 20 	0.271		0.9856		0.8370		0.8482		0.6531
 21 	0.260		0.9869		0.8409		0.8446		0.6515
 22 	0.258		0.9867		0.8356		0.8458		0.6476
 23 	0.253		0.9871		0.8573		0.8681		0.6750
 24 	0.246		0.9882		0.8383		0.8486		0.6507
 25 	0.241		0.9886		0.8299		0.8393		0.6358
 26 	0.241		0.9888		0.8126		0.8289		0.6155
 27 	0.228		0.9894		0.8318		0.8385		0.6366
 28 	0.221		0.9900		0.8444		0.8551		0.6586
 29 	0.230		0.9894		0.8344		0.8578		0.6453
 30 	0.239		0.9888		0.8317		0.8441		0.6445
 31 	0.215		0.9906		0.8452		0.8554		0.6539
 32 	0.221		0.9901		0.8436		0.8638		0.6547
 33 	0.229		0.9894		0.8365		0.8500		0.6507
 34 	0.211		0.9907		0.8446		0.8577		0.6570
 35 	0.210		0.9910		0.8522		0.8627		0.6672
 36 	0.220		0.9902		0.8558		0.8631		0.6695
 37 	0.203		0.9916		0.8449		0.8544		0.6578
 38 	0.193		0.9924		0.8384		0.8498		0.6507
 39 	0.188		0.9925		0.8426		0.8558		0.6578
 40 	0.185		0.9927		0.8303		0.8448		0.6421
 41 	0.192		0.9925		0.8345		0.8556		0.6453
 42 	0.195		0.9921		0.8431		0.8559		0.6570
 43 	0.182		0.9931		0.8465		0.8559		0.6562
 44 	0.185		0.9929		0.8279		0.8440		0.6413
 45 	0.180		0.9931		0.8332		0.8455		0.6390
 46 	0.174		0.9936		0.8338		0.8422		0.6429
 47 	0.174		0.9935		0.8314		0.8430		0.6413
 48 	0.178		0.9936		0.8538		0.8587		0.6703
 49 	0.176		0.9936		0.8200		0.8327		0.6288
Best test SRCC 0.938940, PLCC 0.915300, KRCC 0.800393
Round 9
Epoch	Train_Loss	Train_SRCC	Test_SRCC	Test_PLCC	Test_KROCC
  0 	0.985		0.8074		0.9436		0.9227		0.7928
  1 	0.734		0.8929		0.9251		0.9189		0.7528
  2 	0.726		0.8969		0.9234		0.9203		0.7489
  3 	0.684		0.9076		0.9113		0.9135		0.7293
  4 	0.617		0.9254		0.9045		0.9054		0.7160
  5 	0.507		0.9506		0.9010		0.9011		0.7113
  6 	0.458		0.9611		0.8848		0.8906		0.6847
  7 	0.422		0.9677		0.8954		0.8973		0.7011
  8 	0.417		0.9685		0.8873		0.8880		0.6972
  9 	0.376		0.9738		0.8939		0.8944		0.7019
 10 	0.361		0.9762		0.8946		0.8957		0.7043
 11 	0.359		0.9761		0.8933		0.8942		0.7090
 12 	0.324		0.9804		0.8791		0.8861		0.6870
 13 	0.344		0.9786		0.8851		0.8876		0.6996
 14 	0.307		0.9823		0.9007		0.9072		0.7239
 15 	0.298		0.9839		0.9114		0.9093		0.7372
 16 	0.299		0.9833		0.8960		0.9017		0.7113
 17 	0.287		0.9849		0.8922		0.9006		0.7090
 18 	0.276		0.9859		0.8894		0.8974		0.7066
 19 	0.280		0.9851		0.8925		0.9013		0.7113
 20 	0.259		0.9876		0.8953		0.9017		0.7121
 21 	0.260		0.9875		0.9024		0.9085		0.7231
 22 	0.253		0.9880		0.9014		0.9158		0.7254
 23 	0.244		0.9885		0.9066		0.9133		0.7309
 24 	0.240		0.9886		0.8984		0.9070		0.7199
 25 	0.236		0.9893		0.9052		0.9204		0.7372
 26 	0.229		0.9899		0.9081		0.9196		0.7372
 27 	0.227		0.9899		0.9059		0.9177		0.7325
 28 	0.230		0.9901		0.9110		0.9217		0.7419
 29 	0.217		0.9910		0.9174		0.9263		0.7505
 30 	0.206		0.9915		0.9100		0.9243		0.7403
 31 	0.205		0.9916		0.9099		0.9246		0.7403
 32 	0.215		0.9910		0.9039		0.9203		0.7239
 33 	0.205		0.9917		0.9032		0.9231		0.7293
 34 	0.197		0.9922		0.9280		0.9335		0.7646
 35 	0.205		0.9919		0.9163		0.9305		0.7521
 36 	0.181		0.9934		0.9124		0.9261		0.7458
 37 	0.189		0.9929		0.9195		0.9305		0.7591
 38 	0.181		0.9935		0.9086		0.9179		0.7411
 39 	0.172		0.9938		0.9130		0.9234		0.7489
 40 	0.190		0.9924		0.9425		0.9428		0.7889
 41 	0.176		0.9934		0.9334		0.9395		0.7756
 42 	0.181		0.9933		0.9127		0.9262		0.7427
 43 	0.177		0.9935		0.9291		0.9376		0.7677
 44 	0.176		0.9938		0.9344		0.9376		0.7771
 45 	0.172		0.9938		0.9115		0.9206		0.7387
 46 	0.180		0.9936		0.9159		0.9255		0.7466
 47 	0.173		0.9938		0.9212		0.9317		0.7591
 48 	0.168		0.9940		0.9215		0.9332		0.7615
 49 	0.165		0.9944		0.9212		0.9309		0.7599
Best test SRCC 0.943627, PLCC 0.922737, KRCC 0.792793
Round 10
Epoch	Train_Loss	Train_SRCC	Test_SRCC	Test_PLCC	Test_KROCC
  0 	0.991		0.7742		0.9423		0.9488		0.7828
  1 	0.733		0.8857		0.8871		0.9469		0.7004
  2 	0.701		0.8975		0.9324		0.9489		0.7764
  3 	0.686		0.9025		0.9521		0.9547		0.8164
  4 	0.644		0.9140		0.9415		0.9550		0.7874
  5 	0.644		0.9162		0.9428		0.9529		0.7929
  6 	0.636		0.9173		0.9365		0.9501		0.7882
  7 	0.572		0.9329		0.8947		0.9314		0.7168
  8 	0.545		0.9409		0.8831		0.9242		0.7059
  9 	0.476		0.9552		0.8810		0.9185		0.7051
 10 	0.421		0.9652		0.8962		0.9275		0.7208
 11 	0.383		0.9719		0.8818		0.9210		0.6972
 12 	0.376		0.9722		0.9033		0.9389		0.7356
 13 	0.359		0.9742		0.8677		0.9111		0.6792
 14 	0.327		0.9776		0.8803		0.9198		0.6894
 15 	0.328		0.9778		0.8626		0.9090		0.6651
 16 	0.311		0.9801		0.8761		0.9246		0.6918
 17 	0.315		0.9798		0.8704		0.9150		0.6847
 18 	0.273		0.9843		0.8918		0.9350		0.7176
 19 	0.261		0.9854		0.8798		0.9241		0.6941
 20 	0.269		0.9846		0.8813		0.9256		0.7012
 21 	0.252		0.9863		0.8816		0.9257		0.7027
 22 	0.231		0.9882		0.8775		0.9255		0.6941
 23 	0.247		0.9864		0.8898		0.9267		0.7208
 24 	0.245		0.9868		0.8509		0.9120		0.6486
 25 	0.236		0.9882		0.8721		0.9229		0.6839
 26 	0.217		0.9897		0.8714		0.9250		0.6894
 27 	0.224		0.9890		0.8634		0.9167		0.6722
 28 	0.213		0.9901		0.8609		0.9142		0.6682
 29 	0.213		0.9900		0.8682		0.9199		0.6769
 30 	0.222		0.9892		0.8664		0.9150		0.6729
 31 	0.202		0.9916		0.8551		0.9083		0.6643
 32 	0.205		0.9910		0.8771		0.9258		0.7004
 33 	0.188		0.9921		0.8574		0.9085		0.6729
 34 	0.192		0.9922		0.8706		0.9178		0.6816
 35 	0.195		0.9921		0.8752		0.9246		0.6902
 36 	0.204		0.9912		0.8674		0.9144		0.6753
 37 	0.193		0.9921		0.8624		0.9133		0.6761
 38 	0.172		0.9934		0.8620		0.9113		0.6729
 39 	0.174		0.9935		0.8528		0.9071		0.6588
 40 	0.173		0.9935		0.8669		0.9120		0.6769
 41 	0.199		0.9920		0.8582		0.9038		0.6580
 42 	0.168		0.9939		0.8615		0.9093		0.6675
 43 	0.176		0.9931		0.8632		0.9176		0.6682
 44 	0.159		0.9945		0.8542		0.9066		0.6588
 45 	0.166		0.9938		0.8619		0.9161		0.6651
 46 	0.169		0.9939		0.8587		0.9096		0.6604
 47 	0.163		0.9942		0.8576		0.9092		0.6659
 48 	0.163		0.9944		0.8678		0.9186		0.6769
 49 	0.153		0.9942		0.8631		0.9100		0.6643
Best test SRCC 0.952140, PLCC 0.954697, KRCC 0.816384
[0.86882731 0.90489131 0.95495989 0.86835623 0.8862493  0.90550232
 0.95414262 0.93893958 0.9436271  0.95213976]
[0.91115493 0.92263605 0.9570818  0.90768492 0.92392138 0.92279467
 0.95602082 0.91530012 0.92273669 0.95469739]
[0.68984878 0.73119212 0.82823759 0.6914102  0.71535262 0.73589432
 0.82542923 0.80039253 0.79279334 0.81638379]
Testing mean SRCC 0.9178,	mean PLCC 0.9294,mean KRCC 0.7627
