Resnet50
Training and testing on CVIU dataset for 10 rounds...
Round 1
pre True
Epoch	Train_Loss	Train_SRCC	Test_SRCC	Test_PLCC	Test_KROCC
  0 	0.913		0.7946		0.8807		0.9167		0.7150
  1 	0.692		0.8930		0.8818		0.9172		0.7122
  2 	0.685		0.8942		0.8701		0.9191		0.6939
  3 	0.701		0.8923		0.8576		0.9129		0.6785
  4 	0.613		0.9228		0.8363		0.8896		0.6478
  5 	0.539		0.9415		0.8011		0.8716		0.6077
  6 	0.519		0.9471		0.7492		0.8418		0.5480
  7 	0.501		0.9500		0.8051		0.8637		0.6124
  8 	0.466		0.9573		0.7668		0.8474		0.5750
  9 	0.460		0.9593		0.7651		0.8455		0.5722
 10 	0.463		0.9579		0.7448		0.8461		0.5573
 11 	0.439		0.9620		0.7736		0.8521		0.5788
 12 	0.434		0.9621		0.7960		0.8663		0.6021
 13 	0.408		0.9673		0.7747		0.8540		0.5806
 14 	0.416		0.9645		0.7244		0.8236		0.5293
 15 	0.417		0.9649		0.8144		0.8789		0.6180
 16 	0.417		0.9651		0.8217		0.8826		0.6282
 17 	0.397		0.9679		0.7865		0.8582		0.5952
 18 	0.364		0.9737		0.8210		0.8884		0.6264
 19 	0.367		0.9727		0.7727		0.8522		0.5797
 20 	0.389		0.9694		0.7881		0.8627		0.5965
 21 	0.363		0.9733		0.8080		0.8738		0.6086
 22 	0.383		0.9705		0.8160		0.8829		0.6251
 23 	0.357		0.9745		0.7993		0.8714		0.6077
 24 	0.347		0.9759		0.7582		0.8474		0.5704
 25 	0.354		0.9746		0.8019		0.8740		0.6124
 26 	0.337		0.9768		0.7906		0.8703		0.6030
 27 	0.337		0.9771		0.7936		0.8717		0.6049
 28 	0.338		0.9769		0.7834		0.8659		0.5928
 29 	0.313		0.9800		0.7872		0.8700		0.5993
 30 	0.326		0.9784		0.7961		0.8766		0.6086
 31 	0.298		0.9815		0.8290		0.8905		0.6450
 32 	0.305		0.9809		0.8005		0.8798		0.6142
 33 	0.326		0.9780		0.8109		0.8833		0.6236
 34 	0.293		0.9818		0.8120		0.8766		0.6254
 35 	0.309		0.9798		0.8110		0.8826		0.6226
 36 	0.293		0.9822		0.8048		0.8753		0.6170
 37 	0.283		0.9833		0.8146		0.8839		0.6245
 38 	0.272		0.9845		0.8176		0.8848		0.6264
 39 	0.282		0.9832		0.7867		0.8719		0.6068
 40 	0.276		0.9837		0.7935		0.8783		0.6096
 41 	0.277		0.9837		0.8225		0.8909		0.6376
 42 	0.276		0.9841		0.8071		0.8787		0.6180
 43 	0.272		0.9838		0.8025		0.8770		0.6161
 44 	0.258		0.9860		0.7957		0.8780		0.6124
 45 	0.274		0.9843		0.8358		0.8981		0.6478
 46 	0.256		0.9862		0.7948		0.8703		0.6086
 47 	0.309		0.9804		0.8047		0.8865		0.6170
 48 	0.270		0.9849		0.7843		0.8679		0.5965
 49 	0.258		0.9859		0.7978		0.8758		0.6058
Best test SRCC 0.881823, PLCC 0.917231, KRCC 0.712249
Round 2
pre True
Epoch	Train_Loss	Train_SRCC	Test_SRCC	Test_PLCC	Test_KROCC
  0 	0.898		0.8331		0.9198		0.9294		0.7490
  1 	0.616		0.9309		0.8565		0.8835		0.6654
  2 	0.606		0.9327		0.8701		0.8838		0.6748
  3 	0.507		0.9521		0.8461		0.8723		0.6477
  4 	0.512		0.9511		0.8346		0.8667		0.6423
  5 	0.502		0.9530		0.8728		0.8786		0.6871
  6 	0.462		0.9597		0.8179		0.8450		0.6183
  7 	0.460		0.9616		0.8148		0.8286		0.6220
  8 	0.448		0.9630		0.7887		0.8316		0.5797
  9 	0.415		0.9672		0.8116		0.8412		0.6006
 10 	0.408		0.9694		0.7772		0.8181		0.5574
 11 	0.422		0.9672		0.7916		0.8297		0.5767
 12 	0.408		0.9697		0.7881		0.8216		0.5799
 13 	0.419		0.9673		0.7736		0.8103		0.5588
 14 	0.430		0.9657		0.8144		0.8442		0.6036
 15 	0.414		0.9676		0.7669		0.8044		0.5498
 16 	0.400		0.9701		0.7868		0.8264		0.5659
 17 	0.406		0.9696		0.8051		0.8304		0.6007
 18 	0.433		0.9652		0.8646		0.8810		0.6716
 19 	0.409		0.9699		0.7670		0.8130		0.5582
 20 	0.411		0.9693		0.8713		0.8895		0.6755
 21 	0.413		0.9684		0.8145		0.8521		0.6041
 22 	0.427		0.9654		0.8115		0.8501		0.6019
 23 	0.422		0.9687		0.8110		0.8330		0.6008
 24 	0.422		0.9667		0.7758		0.8126		0.5571
 25 	0.420		0.9684		0.8532		0.8755		0.6533
 26 	0.416		0.9678		0.8256		0.8426		0.6267
 27 	0.400		0.9699		0.8633		0.8817		0.6763
 28 	0.424		0.9664		0.7866		0.8201		0.5725
 29 	0.438		0.9636		0.8054		0.8372		0.5945
 30 	0.407		0.9681		0.8165		0.8345		0.6129
 31 	0.437		0.9640		0.8340		0.8585		0.6254
 32 	0.388		0.9711		0.8035		0.8287		0.5933
 33 	0.421		0.9668		0.7960		0.8231		0.5815
 34 	0.379		0.9727		0.8181		0.8444		0.6042
 35 	0.397		0.9703		0.7789		0.8063		0.5697
 36 	0.368		0.9746		0.7927		0.8149		0.5807
 37 	0.376		0.9737		0.7862		0.8182		0.5776
 38 	0.398		0.9711		0.7942		0.8190		0.5784
 39 	0.384		0.9723		0.7793		0.8066		0.5627
 40 	0.352		0.9763		0.7493		0.7937		0.5397
 41 	0.354		0.9758		0.8207		0.8385		0.6105
 42 	0.357		0.9752		0.7441		0.7855		0.5274
 43 	0.365		0.9752		0.7218		0.7838		0.5083
 44 	0.403		0.9699		0.7654		0.8048		0.5497
 45 	0.374		0.9729		0.7743		0.8194		0.5580
 46 	0.373		0.9736		0.7866		0.8298		0.5768
 47 	0.353		0.9763		0.8152		0.8436		0.6097
 48 	0.351		0.9766		0.7948		0.8276		0.5823
 49 	0.338		0.9786		0.7645		0.8107		0.5556
Best test SRCC 0.919826, PLCC 0.929411, KRCC 0.749020
Round 3
pre True
Epoch	Train_Loss	Train_SRCC	Test_SRCC	Test_PLCC	Test_KROCC
  0 	1.085		0.7890		0.9334		0.9361		0.7966
  1 	0.789		0.8708		0.9223		0.9369		0.7729
  2 	0.788		0.8705		0.9229		0.9377		0.7598
  3 	0.773		0.8758		0.9177		0.9351		0.7412
  4 	0.766		0.8800		0.9266		0.9351		0.7663
  5 	0.767		0.8782		0.9488		0.9356		0.8097
  6 	0.779		0.8766		0.9373		0.9362		0.7859
  7 	0.771		0.8765		0.9540		0.9375		0.8162
  8 	0.777		0.8724		0.9347		0.9362		0.7878
  9 	0.782		0.8701		0.9342		0.9355		0.7879
 10 	0.778		0.8727		0.9367		0.9356		0.7979
 11 	0.790		0.8683		0.8896		0.9389		0.7002
 12 	0.783		0.8713		0.9057		0.9340		0.7184
 13 	0.791		0.8686		0.9314		0.9327		0.7678
 14 	0.786		0.8690		0.9374		0.9358		0.7864
 15 	0.795		0.8671		0.9065		0.9365		0.7229
 16 	0.753		0.8819		0.9269		0.9352		0.7669
 17 	0.736		0.8889		0.9466		0.9421		0.8016
 18 	0.705		0.9000		0.8660		0.9101		0.6606
 19 	0.648		0.9182		0.8667		0.8930		0.6753
 20 	0.636		0.9202		0.8598		0.9016		0.6709
 21 	0.658		0.9165		0.9098		0.9280		0.7323
 22 	0.693		0.9062		0.8895		0.9193		0.7051
 23 	0.602		0.9315		0.8780		0.9040		0.6910
 24 	0.564		0.9410		0.8944		0.9179		0.7140
 25 	0.532		0.9473		0.8453		0.8845		0.6536
 26 	0.544		0.9464		0.8790		0.9019		0.6973
 27 	0.551		0.9447		0.8995		0.9177		0.7278
 28 	0.525		0.9506		0.8897		0.9074		0.6957
 29 	0.506		0.9534		0.8460		0.8786		0.6463
 30 	0.483		0.9576		0.8993		0.9107		0.7278
 31 	0.466		0.9603		0.8617		0.8864		0.6816
 32 	0.473		0.9589		0.8992		0.9191		0.7255
 33 	0.469		0.9597		0.8975		0.9126		0.7318
 34 	0.469		0.9604		0.8729		0.8993		0.6863
 35 	0.430		0.9658		0.8814		0.8998		0.7090
 36 	0.440		0.9647		0.8661		0.8915		0.6996
 37 	0.429		0.9663		0.8898		0.9077		0.7231
 38 	0.440		0.9642		0.8748		0.9017		0.7004
 39 	0.414		0.9685		0.8354		0.8740		0.6526
 40 	0.437		0.9655		0.9190		0.9289		0.7631
 41 	0.405		0.9700		0.8983		0.9142		0.7420
 42 	0.420		0.9671		0.8150		0.8589		0.6212
 43 	0.444		0.9642		0.8765		0.9064		0.7082
 44 	0.403		0.9701		0.8910		0.9087		0.7278
 45 	0.393		0.9710		0.9005		0.9130		0.7451
 46 	0.401		0.9700		0.8965		0.9148		0.7286
 47 	0.389		0.9713		0.8880		0.9068		0.7176
 48 	0.392		0.9707		0.9038		0.9152		0.7459
 49 	0.380		0.9731		0.9173		0.9227		0.7718
Best test SRCC 0.954035, PLCC 0.937545, KRCC 0.816240
Round 4
pre True
Epoch	Train_Loss	Train_SRCC	Test_SRCC	Test_PLCC	Test_KROCC
  0 	0.870		0.8398		0.8491		0.9085		0.6603
  1 	0.688		0.9095		0.8410		0.9060		0.6562
  2 	0.615		0.9306		0.8239		0.8835		0.6348
  3 	0.588		0.9366		0.8348		0.8974		0.6404
  4 	0.566		0.9431		0.8869		0.9206		0.7048
  5 	0.540		0.9481		0.8618		0.9058		0.6712
  6 	0.527		0.9509		0.9064		0.9291		0.7365
  7 	0.487		0.9569		0.8806		0.9162		0.7032
  8 	0.482		0.9585		0.8573		0.9056		0.6768
  9 	0.469		0.9615		0.9182		0.9421		0.7515
 10 	0.435		0.9663		0.9019		0.9303		0.7281
 11 	0.433		0.9677		0.9069		0.9381		0.7319
 12 	0.432		0.9669		0.9011		0.9309		0.7328
 13 	0.444		0.9654		0.9154		0.9354		0.7477
 14 	0.453		0.9619		0.8890		0.9282		0.7048
 15 	0.437		0.9666		0.9034		0.9313		0.7291
 16 	0.424		0.9676		0.9142		0.9405		0.7496
 17 	0.438		0.9665		0.8484		0.9061		0.6618
 18 	0.422		0.9685		0.9081		0.9353		0.7356
 19 	0.447		0.9643		0.9068		0.9275		0.7356
 20 	0.448		0.9629		0.8862		0.9318		0.7029
 21 	0.425		0.9665		0.8967		0.9300		0.7225
 22 	0.436		0.9669		0.8746		0.9231		0.6889
 23 	0.410		0.9690		0.8939		0.9296		0.7123
 24 	0.392		0.9722		0.8999		0.9337		0.7250
 25 	0.423		0.9669		0.8533		0.9071		0.6665
 26 	0.415		0.9690		0.8270		0.8903		0.6338
 27 	0.423		0.9681		0.8881		0.9235		0.7057
 28 	0.389		0.9722		0.8445		0.9024		0.6525
 29 	0.382		0.9741		0.8888		0.9261		0.7076
 30 	0.376		0.9747		0.9024		0.9332		0.7244
 31 	0.371		0.9750		0.8843		0.9212		0.6936
 32 	0.361		0.9763		0.8481		0.9094		0.6488
 33 	0.363		0.9763		0.8935		0.9270		0.7160
 34 	0.351		0.9781		0.8566		0.9160		0.6665
 35 	0.356		0.9774		0.8444		0.9105		0.6450
 36 	0.378		0.9742		0.8745		0.9172		0.6889
 37 	0.393		0.9711		0.8931		0.9321		0.7067
 38 	0.370		0.9751		0.8875		0.9279		0.6954
 39 	0.362		0.9760		0.8972		0.9302		0.7085
 40 	0.405		0.9712		0.9005		0.9311		0.7169
 41 	0.373		0.9754		0.8754		0.9168		0.6936
 42 	0.393		0.9724		0.8796		0.9245		0.6889
 43 	0.400		0.9715		0.9024		0.9292		0.7244
 44 	0.358		0.9765		0.9031		0.9343		0.7337
 45 	0.360		0.9763		0.9040		0.9314		0.7225
 46 	0.393		0.9718		0.8717		0.9222		0.6870
 47 	0.379		0.9738		0.8871		0.9292		0.7039
 48 	0.396		0.9716		0.8715		0.9221		0.6889
 49 	0.352		0.9775		0.8916		0.9312		0.7132
Best test SRCC 0.918178, PLCC 0.942121, KRCC 0.751459
Round 5
pre True
Epoch	Train_Loss	Train_SRCC	Test_SRCC	Test_PLCC	Test_KROCC
  0 	0.768		0.8797		0.8154		0.9004		0.6314
  1 	0.600		0.9342		0.8857		0.9302		0.7172
  2 	0.478		0.9601		0.9196		0.9438		0.7592
  3 	0.447		0.9651		0.8740		0.9242		0.6986
  4 	0.400		0.9718		0.9010		0.9438		0.7303
  5 	0.411		0.9700		0.8707		0.9272		0.6986
  6 	0.407		0.9705		0.8774		0.9289		0.7051
  7 	0.388		0.9727		0.9017		0.9393		0.7322
  8 	0.375		0.9756		0.8788		0.9330		0.7004
  9 	0.354		0.9779		0.9116		0.9474		0.7518
 10 	0.362		0.9766		0.9202		0.9499		0.7620
 11 	0.358		0.9775		0.9073		0.9438		0.7452
 12 	0.353		0.9767		0.8860		0.9378		0.7191
 13 	0.348		0.9784		0.9339		0.9564		0.7825
 14 	0.369		0.9752		0.8973		0.9426		0.7322
 15 	0.348		0.9781		0.8841		0.9393		0.7144
 16 	0.342		0.9783		0.8537		0.9227		0.6818
 17 	0.334		0.9797		0.8499		0.9233		0.6734
 18 	0.379		0.9738		0.9161		0.9471		0.7527
 19 	0.358		0.9755		0.8884		0.9352		0.7228
 20 	0.338		0.9788		0.9051		0.9437		0.7443
 21 	0.328		0.9808		0.9037		0.9432		0.7350
 22 	0.324		0.9804		0.9088		0.9443		0.7527
 23 	0.329		0.9804		0.8989		0.9434		0.7331
 24 	0.315		0.9822		0.9079		0.9459		0.7406
 25 	0.329		0.9800		0.9180		0.9505		0.7639
 26 	0.329		0.9804		0.9067		0.9470		0.7415
 27 	0.295		0.9840		0.9082		0.9438		0.7424
 28 	0.326		0.9801		0.8943		0.9382		0.7275
 29 	0.320		0.9817		0.9246		0.9518		0.7676
 30 	0.352		0.9769		0.9057		0.9394		0.7443
 31 	0.305		0.9830		0.8955		0.9371		0.7294
 32 	0.290		0.9847		0.8935		0.9342		0.7312
 33 	0.284		0.9854		0.9146		0.9484		0.7508
 34 	0.293		0.9840		0.9162		0.9530		0.7573
 35 	0.291		0.9842		0.8951		0.9406		0.7284
 36 	0.289		0.9848		0.9018		0.9466		0.7294
 37 	0.298		0.9836		0.8897		0.9377		0.7219
 38 	0.286		0.9853		0.9361		0.9604		0.7872
 39 	0.268		0.9868		0.8896		0.9358		0.7284
 40 	0.284		0.9857		0.9163		0.9487		0.7555
 41 	0.293		0.9844		0.8938		0.9395		0.7275
 42 	0.278		0.9861		0.8900		0.9416		0.7200
 43 	0.295		0.9841		0.9236		0.9538		0.7685
 44 	0.292		0.9833		0.8254		0.9099		0.6435
 45 	0.292		0.9844		0.9153		0.9503		0.7527
 46 	0.257		0.9879		0.8964		0.9390		0.7266
 47 	0.264		0.9870		0.9233		0.9489		0.7704
 48 	0.260		0.9875		0.9047		0.9430		0.7396
 49 	0.253		0.9879		0.9095		0.9431		0.7490
Best test SRCC 0.936058, PLCC 0.960434, KRCC 0.787215
Round 6
pre True
Epoch	Train_Loss	Train_SRCC	Test_SRCC	Test_PLCC	Test_KROCC
  0 	0.825		0.8417		0.8861		0.9179		0.7015
  1 	0.719		0.8830		0.8660		0.8993		0.6748
  2 	0.641		0.9119		0.8728		0.9064		0.6912
  3 	0.577		0.9330		0.8550		0.8799		0.6850
  4 	0.490		0.9519		0.8172		0.8576		0.6223
  5 	0.420		0.9649		0.8687		0.8985		0.6881
  6 	0.447		0.9601		0.8513		0.8864		0.6505
  7 	0.418		0.9655		0.8583		0.8838		0.6724
  8 	0.390		0.9701		0.8584		0.8889		0.6708
  9 	0.375		0.9705		0.8540		0.8844		0.6638
 10 	0.363		0.9727		0.8605		0.8866		0.6685
 11 	0.371		0.9725		0.8710		0.8987		0.6873
 12 	0.373		0.9718		0.8626		0.8907		0.6708
 13 	0.341		0.9767		0.8703		0.8989		0.6857
 14 	0.360		0.9701		0.8617		0.8911		0.6795
 15 	0.349		0.9751		0.8829		0.9050		0.7077
 16 	0.335		0.9778		0.8684		0.8957		0.6810
 17 	0.320		0.9795		0.8377		0.8690		0.6434
 18 	0.326		0.9790		0.8691		0.9001		0.6850
 19 	0.324		0.9781		0.8586		0.8898		0.6646
 20 	0.296		0.9826		0.8702		0.8944		0.6873
 21 	0.277		0.9847		0.8713		0.8998		0.6944
 22 	0.308		0.9801		0.8738		0.9017		0.6951
 23 	0.283		0.9837		0.8552		0.8854		0.6708
 24 	0.299		0.9811		0.8689		0.9040		0.6818
 25 	0.290		0.9814		0.8715		0.8949		0.6881
 26 	0.288		0.9816		0.8751		0.8997		0.6944
 27 	0.263		0.9852		0.8710		0.9024		0.6889
 28 	0.305		0.9795		0.8617		0.8898		0.6724
 29 	0.289		0.9827		0.8615		0.8937		0.6708
 30 	0.261		0.9857		0.8729		0.8962		0.6912
 31 	0.252		0.9865		0.8905		0.9079		0.7132
 32 	0.271		0.9838		0.8897		0.9115		0.7124
 33 	0.260		0.9848		0.8818		0.9012		0.7092
 34 	0.276		0.9829		0.8968		0.9141		0.7234
 35 	0.251		0.9858		0.8576		0.8854		0.6763
 36 	0.257		0.9853		0.8736		0.8990		0.6904
 37 	0.304		0.9800		0.8655		0.8955		0.6826
 38 	0.255		0.9848		0.8762		0.9043		0.6983
 39 	0.255		0.9861		0.8813		0.9048		0.7030
 40 	0.249		0.9870		0.8732		0.8989		0.6936
 41 	0.227		0.9892		0.8815		0.9068		0.7006
 42 	0.240		0.9885		0.8755		0.8999		0.6944
 43 	0.242		0.9881		0.8644		0.8939		0.6834
 44 	0.217		0.9902		0.8592		0.8896		0.6669
 45 	0.237		0.9884		0.8782		0.9023		0.6944
 46 	0.237		0.9884		0.8728		0.8952		0.6865
 47 	0.234		0.9890		0.8862		0.9119		0.7077
 48 	0.217		0.9903		0.8291		0.8599		0.6324
 49 	0.200		0.9916		0.8742		0.8997		0.6951
Best test SRCC 0.896755, PLCC 0.914054, KRCC 0.723355
Round 7
pre True
Epoch	Train_Loss	Train_SRCC	Test_SRCC	Test_PLCC	Test_KROCC
  0 	0.874		0.8109		0.9354		0.9600		0.7815
  1 	0.577		0.9301		0.9387		0.9582		0.7983
  2 	0.515		0.9430		0.9317		0.9439		0.7862
  3 	0.472		0.9535		0.9392		0.9601		0.8002
  4 	0.432		0.9620		0.9396		0.9594		0.8011
  5 	0.430		0.9609		0.9479		0.9614		0.8133
  6 	0.405		0.9653		0.9394		0.9533		0.7890
  7 	0.431		0.9610		0.9465		0.9570		0.8095
  8 	0.406		0.9655		0.9466		0.9589		0.8123
  9 	0.403		0.9654		0.9373		0.9528		0.7834
 10 	0.429		0.9619		0.9476		0.9564		0.8067
 11 	0.399		0.9669		0.9394		0.9528		0.7890
 12 	0.395		0.9678		0.9421		0.9608		0.7954
 13 	0.378		0.9704		0.9364		0.9537		0.7852
 14 	0.373		0.9718		0.9601		0.9658		0.8282
 15 	0.383		0.9703		0.9486		0.9626		0.8112
 16 	0.377		0.9697		0.9530		0.9580		0.8233
 17 	0.345		0.9753		0.9566		0.9633		0.8254
 18 	0.355		0.9734		0.9520		0.9594		0.8151
 19 	0.348		0.9745		0.9513		0.9582		0.8133
 20 	0.341		0.9757		0.9381		0.9490		0.7787
 21 	0.339		0.9745		0.9389		0.9534		0.7927
 22 	0.354		0.9732		0.9438		0.9564		0.7955
 23 	0.344		0.9744		0.9492		0.9615		0.8105
 24 	0.332		0.9763		0.9512		0.9580		0.8142
 25 	0.328		0.9773		0.9385		0.9601		0.7940
 26 	0.326		0.9770		0.9503		0.9570		0.8114
 27 	0.310		0.9789		0.9564		0.9640		0.8254
 28 	0.318		0.9782		0.9573		0.9667		0.8245
 29 	0.318		0.9778		0.9345		0.9516		0.7834
 30 	0.337		0.9743		0.9546		0.9606		0.8151
 31 	0.310		0.9791		0.9454		0.9578		0.8105
 32 	0.304		0.9798		0.9461		0.9573		0.8077
 33 	0.313		0.9784		0.9531		0.9629		0.8189
 34 	0.291		0.9813		0.9422		0.9516		0.7908
 35 	0.305		0.9796		0.9319		0.9496		0.7860
 36 	0.331		0.9762		0.9111		0.9405		0.7470
 37 	0.300		0.9795		0.9353		0.9581		0.7899
 38 	0.300		0.9800		0.9493		0.9628		0.8123
 39 	0.310		0.9779		0.9399		0.9506		0.7890
 40 	0.286		0.9821		0.9418		0.9495		0.7993
 41 	0.284		0.9823		0.9455		0.9499		0.7974
 42 	0.322		0.9776		0.9542		0.9610		0.8189
 43 	0.278		0.9832		0.9530		0.9574		0.8161
 44 	0.268		0.9840		0.9468		0.9551		0.8058
 45 	0.264		0.9846		0.9469		0.9592		0.8039
 46 	0.252		0.9858		0.9376		0.9539		0.7918
 47 	0.260		0.9845		0.9403		0.9477		0.7955
 48 	0.259		0.9852		0.9498		0.9553		0.8086
 49 	0.258		0.9850		0.9219		0.9382		0.7609
Best test SRCC 0.960093, PLCC 0.965803, KRCC 0.828234
Round 8
pre True
Epoch	Train_Loss	Train_SRCC	Test_SRCC	Test_PLCC	Test_KROCC
  0 	0.930		0.8010		0.9172		0.9146		0.7795
  1 	0.769		0.8724		0.8955		0.9140		0.7337
  2 	0.770		0.8729		0.9008		0.9121		0.7329
  3 	0.753		0.8770		0.8975		0.9152		0.7108
  4 	0.779		0.8698		0.8838		0.9153		0.6977
  5 	0.733		0.8874		0.9242		0.9180		0.7667
  6 	0.767		0.8738		0.9254		0.9143		0.7636
  7 	0.757		0.8743		0.9017		0.9126		0.7220
  8 	0.761		0.8728		0.9203		0.9153		0.7604
  9 	0.752		0.8749		0.8914		0.9073		0.7108
 10 	0.764		0.8733		0.9162		0.9163		0.7396
 11 	0.758		0.8755		0.8694		0.9163		0.6625
 12 	0.767		0.8721		0.8739		0.9118		0.6818
 13 	0.757		0.8745		0.8808		0.9164		0.6842
 14 	0.751		0.8734		0.8757		0.9162		0.6776
 15 	0.763		0.8729		0.9132		0.9147		0.7502
 16 	0.750		0.8733		0.8852		0.9166		0.6903
 17 	0.756		0.8727		0.8827		0.9114		0.6821
 18 	0.754		0.8740		0.9064		0.9083		0.7205
 19 	0.761		0.8742		0.8857		0.9119		0.7001
 20 	0.746		0.8820		0.8952		0.9172		0.7258
 21 	0.759		0.8741		0.9035		0.9143		0.7320
 22 	0.754		0.8751		0.9117		0.9165		0.7365
 23 	0.758		0.8726		0.9058		0.9142		0.7273
 24 	0.754		0.8740		0.9050		0.9163		0.7323
 25 	0.753		0.8748		0.9029		0.9119		0.7150
 26 	0.754		0.8743		0.9002		0.9141		0.7147
 27 	0.751		0.8752		0.9062		0.9082		0.7228
 28 	0.752		0.8746		0.9063		0.9105		0.7202
 29 	0.751		0.8750		0.9083		0.9124		0.7275
 30 	0.751		0.8745		0.8988		0.9114		0.7173
 31 	0.752		0.8738		0.9140		0.9158		0.7429
 32 	0.745		0.8751		0.9033		0.9109		0.7260
 33 	0.753		0.8740		0.9105		0.9138		0.7375
 34 	0.751		0.8749		0.9064		0.9093		0.7343
 35 	0.750		0.8735		0.8900		0.9125		0.7056
 36 	0.761		0.8738		0.9118		0.9140		0.7409
 37 	0.754		0.8746		0.9106		0.9136		0.7419
 38 	0.745		0.8756		0.8903		0.9035		0.7177
 39 	0.754		0.8760		0.9161		0.9133		0.7622
 40 	0.751		0.8739		0.9306		0.9108		0.7918
 41 	0.750		0.8735		0.9371		0.9154		0.7948
 42 	0.751		0.8747		0.9179		0.9118		0.7815
 43 	0.756		0.8734		0.9199		0.9138		0.7723
 44 	0.750		0.8755		0.9274		0.9122		0.7933
 45 	0.745		0.8765		0.9107		0.9149		0.7734
 46 	0.759		0.8732		0.9153		0.9132		0.7857
 47 	0.749		0.8761		0.9140		0.9149		0.7889
 48 	0.749		0.8739		0.9094		0.9140		0.7648
 49 	0.745		0.8751		0.9078		0.9147		0.7672
Best test SRCC 0.937145, PLCC 0.915419, KRCC 0.794807
Round 9
pre True
Epoch	Train_Loss	Train_SRCC	Test_SRCC	Test_PLCC	Test_KROCC
  0 	0.989		0.7887		0.9216		0.9212		0.7728
  1 	0.787		0.8712		0.9196		0.9195		0.7516
  2 	0.804		0.8708		0.9216		0.9199		0.7584
  3 	0.773		0.8824		0.9069		0.9115		0.7282
  4 	0.712		0.9034		0.9031		0.9005		0.7137
  5 	0.658		0.9168		0.9171		0.9169		0.7380
  6 	0.605		0.9318		0.8840		0.8864		0.6925
  7 	0.540		0.9489		0.9056		0.9104		0.7317
  8 	0.523		0.9518		0.8966		0.9001		0.7113
  9 	0.516		0.9536		0.8826		0.8899		0.6949
 10 	0.486		0.9588		0.8939		0.9016		0.7113
 11 	0.467		0.9621		0.8916		0.8918		0.7066
 12 	0.452		0.9644		0.8858		0.8957		0.6910
 13 	0.423		0.9685		0.9006		0.9048		0.7192
 14 	0.435		0.9663		0.8791		0.8900		0.6957
 15 	0.421		0.9686		0.8847		0.8959		0.6988
 16 	0.452		0.9647		0.9072		0.9121		0.7293
 17 	0.405		0.9713		0.8848		0.8941		0.6996
 18 	0.402		0.9711		0.8952		0.9062		0.7137
 19 	0.401		0.9724		0.8866		0.8953		0.7019
 20 	0.381		0.9739		0.9072		0.9113		0.7333
 21 	0.382		0.9739		0.9058		0.9066		0.7340
 22 	0.367		0.9761		0.9051		0.9091		0.7301
 23 	0.372		0.9756		0.9263		0.9234		0.7615
 24 	0.344		0.9790		0.9102		0.9151		0.7395
 25 	0.352		0.9777		0.9063		0.9128		0.7293
 26 	0.335		0.9800		0.9086		0.9077		0.7301
 27 	0.352		0.9771		0.8731		0.8849		0.6831
 28 	0.335		0.9797		0.9078		0.9095		0.7325
 29 	0.339		0.9793		0.9124		0.9149		0.7325
 30 	0.325		0.9812		0.9010		0.9058		0.7223
 31 	0.310		0.9826		0.9092		0.9155		0.7309
 32 	0.341		0.9795		0.9130		0.9128		0.7395
 33 	0.306		0.9831		0.9106		0.9141		0.7340
 34 	0.296		0.9841		0.9099		0.9140		0.7333
 35 	0.288		0.9848		0.9078		0.9126		0.7364
 36 	0.312		0.9828		0.9047		0.9070		0.7278
 37 	0.307		0.9830		0.9131		0.9164		0.7395
 38 	0.284		0.9855		0.9086		0.9097		0.7325
 39 	0.293		0.9847		0.9242		0.9208		0.7599
 40 	0.291		0.9849		0.9154		0.9176		0.7442
 41 	0.292		0.9844		0.9162		0.9190		0.7450
 42 	0.300		0.9835		0.9166		0.9195		0.7450
 43 	0.294		0.9844		0.9239		0.9238		0.7568
 44 	0.293		0.9840		0.9139		0.9158		0.7434
 45 	0.262		0.9872		0.9126		0.9164		0.7333
 46 	0.283		0.9852		0.9078		0.9161		0.7286
 47 	0.286		0.9854		0.9073		0.9144		0.7348
 48 	0.277		0.9861		0.9053		0.9085		0.7317
 49 	0.292		0.9848		0.9011		0.9072		0.7176
Best test SRCC 0.926262, PLCC 0.923358, KRCC 0.761458
Round 10
pre True
Epoch	Train_Loss	Train_SRCC	Test_SRCC	Test_PLCC	Test_KROCC
  0 	0.927		0.8117		0.9104		0.9361		0.7302
  1 	0.600		0.9310		0.9144		0.9423		0.7451
  2 	0.528		0.9487		0.9201		0.9447		0.7607
  3 	0.526		0.9479		0.9062		0.9355		0.7503
  4 	0.505		0.9510		0.8860		0.9359		0.7080
  5 	0.483		0.9544		0.9044		0.9303		0.7388
  6 	0.447		0.9605		0.8943		0.9266		0.7294
  7 	0.466		0.9572		0.9194		0.9436		0.7568
  8 	0.469		0.9571		0.9018		0.9308		0.7349
  9 	0.431		0.9644		0.9133		0.9378		0.7521
 10 	0.407		0.9685		0.9018		0.9309		0.7380
 11 	0.408		0.9685		0.9253		0.9455		0.7709
 12 	0.376		0.9728		0.9015		0.9269		0.7372
 13 	0.374		0.9725		0.9054		0.9343		0.7490
 14 	0.414		0.9644		0.9159		0.9362		0.7646
 15 	0.406		0.9687		0.8965		0.9279		0.7372
 16 	0.410		0.9678		0.8903		0.9242		0.7247
 17 	0.368		0.9737		0.9098		0.9406		0.7482
 18 	0.375		0.9736		0.9092		0.9373		0.7537
 19 	0.372		0.9751		0.9066		0.9293		0.7490
 20 	0.349		0.9778		0.9131		0.9386		0.7513
 21 	0.397		0.9692		0.8994		0.9308		0.7317
 22 	0.370		0.9738		0.8951		0.9309		0.7192
 23 	0.352		0.9768		0.8774		0.9190		0.7082
 24 	0.351		0.9763		0.9010		0.9272		0.7341
 25 	0.331		0.9786		0.8982		0.9288		0.7341
 26 	0.381		0.9721		0.9130		0.9416		0.7654
 27 	0.344		0.9778		0.8997		0.9337		0.7294
 28 	0.323		0.9802		0.9155		0.9442		0.7592
 29 	0.322		0.9804		0.9375		0.9527		0.7856
 30 	0.300		0.9828		0.9117		0.9339		0.7545
 31 	0.329		0.9793		0.9002		0.9355		0.7427
 32 	0.315		0.9809		0.8881		0.9262		0.7200
 33 	0.314		0.9814		0.9053		0.9351		0.7411
 34 	0.300		0.9831		0.8928		0.9285		0.7302
 35 	0.306		0.9824		0.8975		0.9323		0.7341
 36 	0.285		0.9847		0.9133		0.9421		0.7529
 37 	0.298		0.9826		0.9091		0.9360		0.7466
 38 	0.271		0.9862		0.8960		0.9356		0.7270
 39 	0.294		0.9834		0.8978		0.9349		0.7356
 40 	0.291		0.9835		0.9085		0.9361		0.7435
 41 	0.296		0.9831		0.9020		0.9361		0.7482
 42 	0.263		0.9864		0.9007		0.9305		0.7396
 43 	0.306		0.9818		0.9086		0.9339		0.7576
 44 	0.284		0.9843		0.9145		0.9402		0.7568
 45 	0.289		0.9835		0.9133		0.9388		0.7646
 46 	0.264		0.9861		0.9179		0.9410		0.7694
 47 	0.286		0.9835		0.9258		0.9434		0.7764
 48 	0.270		0.9861		0.9048		0.9349		0.7482
 49 	0.262		0.9865		0.9170		0.9323		0.7670
Best test SRCC 0.937491, PLCC 0.952700, KRCC 0.785575
[0.88182349 0.91982634 0.95403492 0.91817755 0.93605829 0.89675521
 0.9600927  0.93714517 0.9262618  0.93749096]
[0.91723111 0.9294113  0.93754529 0.94212086 0.96043435 0.91405443
 0.96580336 0.91541883 0.92335764 0.95269998]
[0.71224906 0.74901984 0.81624038 0.75145909 0.78721453 0.72335512
 0.82823363 0.79480727 0.76145764 0.78557525]
Testing mean SRCC 0.9268,	mean PLCC 0.9358,mean KRCC 0.7710
