Resnet50
Training and testing on QADS dataset for 10 rounds...
Round 1
pre True
Epoch	Train_Loss	Train_SRCC	Test_SRCC	Test_PLCC	Test_KROCC
  0 	0.268		0.5071		0.8024		0.7872		0.6210
  1 	0.160		0.7126		0.8988		0.8989		0.7258
  2 	0.119		0.8510		0.9377		0.9057		0.7944
  3 	0.119		0.8646		0.9157		0.9313		0.7621
  4 	0.097		0.9031		0.9230		0.9266		0.7702
  5 	0.078		0.9353		0.9098		0.9021		0.7460
  6 	0.087		0.9233		0.9212		0.9180		0.7823
  7 	0.087		0.9257		0.9238		0.9232		0.7702
  8 	0.088		0.9229		0.8959		0.8972		0.7137
  9 	0.068		0.9491		0.9025		0.8872		0.7298
 10 	0.093		0.9113		0.9142		0.9274		0.7500
 11 	0.091		0.9189		0.9234		0.9385		0.7621
 12 	0.064		0.9547		0.9348		0.9453		0.7823
 13 	0.065		0.9544		0.9351		0.9443		0.7903
 14 	0.067		0.9492		0.9267		0.9260		0.7702
 15 	0.065		0.9553		0.9142		0.9210		0.7460
 16 	0.061		0.9593		0.9223		0.9247		0.7581
 17 	0.068		0.9529		0.9234		0.9360		0.7621
 18 	0.058		0.9625		0.9340		0.9245		0.7742
 19 	0.060		0.9614		0.9150		0.9262		0.7419
 20 	0.057		0.9640		0.9208		0.9258		0.7581
 21 	0.056		0.9651		0.9201		0.9217		0.7500
 22 	0.070		0.9469		0.9205		0.9303		0.7621
 23 	0.063		0.9576		0.9370		0.9384		0.7984
 24 	0.061		0.9595		0.9003		0.9035		0.7097
 25 	0.051		0.9707		0.9205		0.9228		0.7379
 26 	0.055		0.9672		0.9271		0.9428		0.7661
 27 	0.051		0.9713		0.9073		0.9285		0.7339
 28 	0.063		0.9578		0.9223		0.9487		0.7621
 29 	0.062		0.9593		0.9285		0.9423		0.7742
 30 	0.046		0.9760		0.9051		0.9288		0.7379
 31 	0.051		0.9707		0.9080		0.9289		0.7460
 32 	0.056		0.9648		0.9084		0.9247		0.7419
 33 	0.056		0.9661		0.9252		0.9270		0.7742
 34 	0.059		0.9641		0.9197		0.9398		0.7621
 35 	0.050		0.9720		0.8955		0.9190		0.7177
 36 	0.046		0.9747		0.9194		0.9515		0.7581
 37 	0.052		0.9704		0.9186		0.9389		0.7540
 38 	0.048		0.9740		0.9362		0.9454		0.7863
 39 	0.041		0.9802		0.9051		0.9270		0.7298
 40 	0.043		0.9780		0.9124		0.9214		0.7419
 41 	0.041		0.9793		0.8992		0.9217		0.7177
 42 	0.039		0.9817		0.9190		0.9541		0.7581
 43 	0.047		0.9745		0.9164		0.9399		0.7621
 44 	0.038		0.9825		0.9168		0.9381		0.7581
 45 	0.042		0.9806		0.9109		0.9415		0.7460
 46 	0.041		0.9807		0.8783		0.8851		0.6855
 47 	0.045		0.9786		0.9109		0.9241		0.7460
 48 	0.048		0.9748		0.9175		0.9422		0.7742
 49 	0.046		0.9774		0.9142		0.9351		0.7460
Best test SRCC 0.937683, PLCC 0.905677, KRCC 0.794355
Round 2
pre True
Epoch	Train_Loss	Train_SRCC	Test_SRCC	Test_PLCC	Test_KROCC
  0 	0.373		0.4190		0.7589		0.7776		0.6171
  1 	0.149		0.7006		0.7708		0.7782		0.5930
  2 	0.157		0.6849		0.7270		0.7781		0.5103
  3 	0.157		0.6920		0.8826		0.8344		0.7147
  4 	0.106		0.8637		0.9186		0.8801		0.7821
  5 	0.096		0.8955		0.9173		0.8789		0.8051
  6 	0.088		0.9129		0.8904		0.8573		0.7359
  7 	0.075		0.9327		0.8379		0.8177		0.6487
  8 	0.095		0.9055		0.8685		0.8529		0.6923
  9 	0.073		0.9360		0.8334		0.8107		0.6282
 10 	0.080		0.9297		0.8707		0.8435		0.7077
 11 	0.066		0.9485		0.8818		0.8492		0.7154
 12 	0.068		0.9476		0.8773		0.8406		0.6949
 13 	0.074		0.9397		0.8433		0.8131		0.6410
 14 	0.072		0.9401		0.8989		0.8587		0.7462
 15 	0.071		0.9452		0.8799		0.8551		0.7051
 16 	0.093		0.9134		0.8923		0.8490		0.7359
 17 	0.064		0.9541		0.8983		0.8777		0.7359
 18 	0.058		0.9606		0.8792		0.8490		0.7026
 19 	0.066		0.9538		0.8747		0.8565		0.6974
 20 	0.065		0.9548		0.8756		0.8352		0.7051
 21 	0.078		0.9353		0.8617		0.8442		0.6872
 22 	0.074		0.9449		0.8480		0.8232		0.6564
 23 	0.069		0.9509		0.8659		0.8561		0.6872
 24 	0.066		0.9536		0.8634		0.8442		0.6667
 25 	0.072		0.9447		0.8585		0.8483		0.6641
 26 	0.069		0.9516		0.8629		0.8619		0.6667
 27 	0.057		0.9649		0.8417		0.8389		0.6487
 28 	0.071		0.9431		0.8552		0.8589		0.6564
 29 	0.062		0.9582		0.8507		0.8650		0.6513
 30 	0.066		0.9534		0.8916		0.8699		0.7205
 31 	0.065		0.9552		0.8278		0.8429		0.6462
 32 	0.064		0.9535		0.8510		0.8560		0.6667
 33 	0.070		0.9474		0.8480		0.8504		0.6590
 34 	0.057		0.9636		0.8908		0.8544		0.7282
 35 	0.055		0.9670		0.8235		0.8454		0.6103
 36 	0.059		0.9631		0.8495		0.8423		0.6641
 37 	0.078		0.9387		0.8368		0.8532		0.6410
 38 	0.071		0.9449		0.8550		0.8384		0.6846
 39 	0.064		0.9577		0.8809		0.8793		0.7026
 40 	0.067		0.9518		0.8450		0.8491		0.6538
 41 	0.072		0.9453		0.8371		0.8369		0.6308
 42 	0.065		0.9541		0.8649		0.8693		0.6846
 43 	0.066		0.9512		0.8341		0.8670		0.6256
 44 	0.051		0.9702		0.8330		0.8365		0.6231
 45 	0.058		0.9644		0.8523		0.8665		0.6590
 46 	0.057		0.9647		0.8420		0.8574		0.6308
 47 	0.055		0.9665		0.8503		0.8572		0.6487
 48 	0.055		0.9671		0.8621		0.8538		0.6795
 49 	0.073		0.9442		0.8767		0.8637		0.6897
Best test SRCC 0.918574, PLCC 0.880080, KRCC 0.782051
Round 3
pre True
Epoch	Train_Loss	Train_SRCC	Test_SRCC	Test_PLCC	Test_KROCC
  0 	0.288		0.5858		0.6901		0.6520		0.5231
  1 	0.159		0.7127		0.6045		0.6527		0.4383
  2 	0.156		0.7137		0.6594		0.6487		0.4636
  3 	0.144		0.7698		0.8079		0.7747		0.6349
  4 	0.105		0.8884		0.8517		0.8041		0.6878
  5 	0.077		0.9363		0.8456		0.8512		0.6825
  6 	0.082		0.9317		0.8462		0.8414		0.6667
  7 	0.068		0.9488		0.8369		0.8509		0.6349
  8 	0.065		0.9528		0.8254		0.8248		0.6508
  9 	0.061		0.9584		0.8413		0.8360		0.6508
 10 	0.059		0.9604		0.8407		0.8288		0.6667
 11 	0.060		0.9599		0.8703		0.8401		0.7302
 12 	0.057		0.9635		0.8424		0.8387		0.6772
 13 	0.057		0.9644		0.8446		0.8435		0.6878
 14 	0.060		0.9613		0.8369		0.8504		0.6614
 15 	0.054		0.9655		0.8484		0.8509		0.6772
 16 	0.053		0.9680		0.8298		0.8307		0.6614
 17 	0.051		0.9693		0.8533		0.8498		0.6984
 18 	0.051		0.9704		0.8539		0.8700		0.6825
 19 	0.055		0.9663		0.8396		0.8328		0.6561
 20 	0.049		0.9710		0.8440		0.8502		0.6825
 21 	0.048		0.9723		0.8643		0.8616		0.7090
 22 	0.050		0.9704		0.8522		0.8458		0.6825
 23 	0.049		0.9714		0.8528		0.8616		0.6931
 24 	0.060		0.9615		0.8495		0.8535		0.6825
 25 	0.055		0.9672		0.8577		0.8479		0.7037
 26 	0.047		0.9743		0.8577		0.8449		0.7196
 27 	0.048		0.9739		0.8473		0.8571		0.6772
 28 	0.051		0.9707		0.8522		0.8487		0.6878
 29 	0.049		0.9725		0.8265		0.8287		0.6508
 30 	0.058		0.9650		0.8358		0.8414		0.6508
 31 	0.044		0.9763		0.8560		0.8555		0.6878
 32 	0.053		0.9689		0.8615		0.8551		0.6984
 33 	0.049		0.9709		0.8407		0.8409		0.6772
 34 	0.052		0.9710		0.8358		0.8374		0.6614
 35 	0.052		0.9696		0.8270		0.8367		0.6349
 36 	0.052		0.9707		0.8484		0.8368		0.6825
 37 	0.045		0.9753		0.8336		0.8554		0.6614
 38 	0.044		0.9766		0.8336		0.8455		0.6667
 39 	0.041		0.9792		0.8347		0.8481		0.6667
 40 	0.053		0.9694		0.8577		0.8614		0.6931
 41 	0.043		0.9777		0.8495		0.8548		0.6878
 42 	0.044		0.9767		0.8664		0.8657		0.7249
 43 	0.045		0.9764		0.8615		0.8632		0.7196
 44 	0.046		0.9756		0.8774		0.8491		0.7460
 45 	0.039		0.9807		0.8582		0.8600		0.7143
 46 	0.044		0.9778		0.8632		0.8617		0.7196
 47 	0.047		0.9753		0.8681		0.8731		0.7249
 48 	0.046		0.9757		0.8402		0.8417		0.6825
 49 	0.040		0.9805		0.8402		0.8460		0.6825
Best test SRCC 0.877395, PLCC 0.849064, KRCC 0.746032
Round 4
pre True
Epoch	Train_Loss	Train_SRCC	Test_SRCC	Test_PLCC	Test_KROCC
  0 	0.285		0.5124		0.7351		0.7166		0.5360
  1 	0.155		0.7087		0.8407		0.7189		0.6497
  2 	0.153		0.7084		0.9032		0.7211		0.7357
  3 	0.127		0.8046		0.9128		0.8751		0.7463
  4 	0.085		0.9093		0.9201		0.8741		0.7653
  5 	0.083		0.9184		0.9305		0.9060		0.7970
  6 	0.078		0.9301		0.8943		0.8836		0.7273
  7 	0.072		0.9385		0.8822		0.8505		0.7082
  8 	0.070		0.9422		0.8758		0.8546		0.6998
  9 	0.064		0.9497		0.8820		0.8518		0.7125
 10 	0.060		0.9565		0.8516		0.8035		0.6808
 11 	0.071		0.9401		0.8830		0.8477		0.7040
 12 	0.061		0.9501		0.8424		0.8021		0.6638
 13 	0.060		0.9517		0.9109		0.8805		0.7484
 14 	0.056		0.9610		0.9002		0.8801		0.7273
 15 	0.051		0.9660		0.8905		0.8717		0.7019
 16 	0.059		0.9580		0.8879		0.8508		0.7104
 17 	0.059		0.9578		0.9071		0.8800		0.7400
 18 	0.052		0.9657		0.8706		0.8485		0.6998
 19 	0.061		0.9546		0.8898		0.8613		0.7125
 20 	0.053		0.9659		0.9195		0.8984		0.7611
 21 	0.057		0.9614		0.9094		0.8832		0.7505
 22 	0.056		0.9618		0.9150		0.8884		0.7611
 23 	0.055		0.9639		0.8664		0.8488		0.6871
 24 	0.053		0.9657		0.8822		0.8570		0.6977
 25 	0.051		0.9671		0.9150		0.9077		0.7442
 26 	0.047		0.9711		0.8936		0.8639		0.7125
 27 	0.062		0.9582		0.9015		0.8775		0.7252
 28 	0.044		0.9743		0.8911		0.8745		0.7125
 29 	0.045		0.9749		0.8957		0.8581		0.7357
 30 	0.049		0.9679		0.9125		0.8781		0.7590
 31 	0.046		0.9729		0.9075		0.8709		0.7463
 32 	0.046		0.9731		0.9067		0.8804		0.7505
 33 	0.046		0.9731		0.8879		0.8583		0.7209
 34 	0.047		0.9736		0.8885		0.8554		0.7188
 35 	0.048		0.9718		0.8891		0.8472		0.7125
 36 	0.057		0.9609		0.8493		0.8255		0.6660
 37 	0.049		0.9713		0.8677		0.8470		0.6808
 38 	0.041		0.9773		0.9067		0.8918		0.7442
 39 	0.040		0.9789		0.8956		0.8803		0.7273
 40 	0.044		0.9758		0.9089		0.8857		0.7505
 41 	0.045		0.9751		0.8864		0.8686		0.7125
 42 	0.043		0.9761		0.9092		0.8859		0.7463
 43 	0.048		0.9723		0.9113		0.8936		0.7505
 44 	0.044		0.9763		0.9192		0.8898		0.7696
 45 	0.040		0.9788		0.8877		0.8600		0.7146
 46 	0.039		0.9792		0.9173		0.8924		0.7569
 47 	0.039		0.9795		0.9056		0.8813		0.7336
 48 	0.040		0.9794		0.8565		0.8300		0.6723
 49 	0.049		0.9711		0.9226		0.9017		0.7632
Best test SRCC 0.930514, PLCC 0.905964, KRCC 0.797040
Round 5
pre True
Epoch	Train_Loss	Train_SRCC	Test_SRCC	Test_PLCC	Test_KROCC
  0 	0.264		0.5369		0.6141		0.6720		0.4591
  1 	0.163		0.6894		0.7058		0.6750		0.5333
  2 	0.154		0.7025		0.7236		0.6754		0.5651
  3 	0.138		0.7791		0.7939		0.7291		0.6263
  4 	0.131		0.8069		0.8200		0.8049		0.6656
  5 	0.099		0.8835		0.8114		0.8097		0.6518
  6 	0.093		0.8970		0.8091		0.8121		0.6550
  7 	0.079		0.9219		0.8225		0.8247		0.6868
  8 	0.081		0.9190		0.8130		0.7958		0.6614
  9 	0.078		0.9236		0.8366		0.8272		0.6857
 10 	0.080		0.9209		0.8208		0.7990		0.6825
 11 	0.071		0.9341		0.8237		0.8100		0.6857
 12 	0.073		0.9318		0.8391		0.8233		0.6984
 13 	0.076		0.9280		0.8234		0.8117		0.6921
 14 	0.087		0.9138		0.8543		0.8348		0.7079
 15 	0.076		0.9262		0.8324		0.8151		0.6889
 16 	0.069		0.9401		0.8811		0.8594		0.7365
 17 	0.070		0.9387		0.8716		0.8526		0.7111
 18 	0.065		0.9465		0.8852		0.8594		0.7270
 19 	0.065		0.9488		0.8541		0.8337		0.6952
 20 	0.067		0.9480		0.8988		0.8697		0.7778
 21 	0.074		0.9391		0.9030		0.8747		0.7556
 22 	0.070		0.9387		0.8607		0.8393		0.7048
 23 	0.057		0.9587		0.8067		0.8025		0.6857
 24 	0.055		0.9602		0.8667		0.8258		0.7079
 25 	0.062		0.9557		0.8214		0.8190		0.6921
 26 	0.057		0.9607		0.8548		0.8325		0.7175
 27 	0.070		0.9459		0.8860		0.8629		0.7492
 28 	0.068		0.9479		0.8422		0.8223		0.6952
 29 	0.065		0.9522		0.8901		0.8526		0.7492
 30 	0.054		0.9646		0.8901		0.8604		0.7460
 31 	0.062		0.9557		0.8607		0.8477		0.7270
 32 	0.050		0.9685		0.8569		0.8368		0.7079
 33 	0.054		0.9649		0.8826		0.8612		0.7460
 34 	0.044		0.9745		0.9050		0.8766		0.7746
 35 	0.053		0.9663		0.9403		0.9002		0.8095
 36 	0.052		0.9679		0.8865		0.8709		0.7651
 37 	0.064		0.9545		0.8983		0.8744		0.7556
 38 	0.055		0.9649		0.8921		0.8706		0.7429
 39 	0.055		0.9644		0.9230		0.8922		0.7968
 40 	0.046		0.9734		0.9194		0.8957		0.7619
 41 	0.058		0.9600		0.9300		0.9050		0.7841
 42 	0.049		0.9708		0.9084		0.9000		0.7841
 43 	0.051		0.9693		0.8754		0.8703		0.7333
 44 	0.050		0.9693		0.9287		0.9001		0.7841
 45 	0.041		0.9771		0.8811		0.8537		0.7333
 46 	0.046		0.9735		0.8932		0.8478		0.7429
 47 	0.058		0.9618		0.8677		0.8435		0.7238
 48 	0.046		0.9732		0.8718		0.8588		0.7302
 49 	0.053		0.9673		0.9035		0.8849		0.7556
Best test SRCC 0.940283, PLCC 0.900244, KRCC 0.809524
Round 6
pre True
Epoch	Train_Loss	Train_SRCC	Test_SRCC	Test_PLCC	Test_KROCC
  0 	0.270		0.5988		0.7268		0.7159		0.5154
  1 	0.136		0.7875		0.8880		0.9164		0.6872
  2 	0.090		0.9057		0.9583		0.9750		0.8385
  3 	0.082		0.9207		0.9563		0.9671		0.8282
  4 	0.081		0.9231		0.9313		0.9547		0.7795
  5 	0.074		0.9366		0.9330		0.9560		0.7769
  6 	0.070		0.9407		0.9557		0.9682		0.8205
  7 	0.058		0.9562		0.9432		0.9403		0.7974
  8 	0.068		0.9428		0.9141		0.9393		0.7385
  9 	0.054		0.9614		0.9529		0.9654		0.8179
 10 	0.056		0.9603		0.9154		0.9373		0.7359
 11 	0.049		0.9675		0.9186		0.9452		0.7436
 12 	0.048		0.9687		0.9261		0.9311		0.7590
 13 	0.045		0.9725		0.9338		0.9451		0.7821
 14 	0.045		0.9711		0.9278		0.9426		0.7590
 15 	0.048		0.9685		0.9270		0.9398		0.7692
 16 	0.049		0.9655		0.9118		0.9300		0.7333
 17 	0.054		0.9639		0.9225		0.9457		0.7590
 18 	0.046		0.9700		0.9529		0.9622		0.8077
 19 	0.047		0.9689		0.9396		0.9471		0.7821
 20 	0.047		0.9676		0.9045		0.9112		0.7308
 21 	0.044		0.9736		0.9454		0.9583		0.7949
 22 	0.043		0.9734		0.9186		0.9475		0.7410
 23 	0.041		0.9761		0.9203		0.9340		0.7615
 24 	0.042		0.9745		0.9383		0.9508		0.7846
 25 	0.043		0.9740		0.9514		0.9676		0.8128
 26 	0.047		0.9688		0.9411		0.9521		0.7821
 27 	0.042		0.9760		0.9193		0.9475		0.7385
 28 	0.041		0.9752		0.8861		0.9052		0.6923
 29 	0.042		0.9761		0.9019		0.9223		0.7026
 30 	0.044		0.9728		0.9364		0.9507		0.7718
 31 	0.050		0.9652		0.9432		0.9528		0.7923
 32 	0.042		0.9760		0.9477		0.9627		0.7949
 33 	0.042		0.9754		0.9188		0.9419		0.7308
 34 	0.040		0.9782		0.9364		0.9462		0.7821
 35 	0.039		0.9789		0.9328		0.9495		0.7667
 36 	0.042		0.9757		0.9332		0.9486		0.7590
 37 	0.040		0.9781		0.9159		0.9333		0.7359
 38 	0.037		0.9806		0.9368		0.9430		0.7872
 39 	0.039		0.9793		0.9315		0.9523		0.7538
 40 	0.046		0.9739		0.9308		0.9465		0.7692
 41 	0.035		0.9814		0.9227		0.9400		0.7410
 42 	0.035		0.9818		0.9358		0.9535		0.7718
 43 	0.036		0.9808		0.9328		0.9453		0.7513
 44 	0.038		0.9797		0.9212		0.9424		0.7436
 45 	0.036		0.9810		0.9480		0.9542		0.7769
 46 	0.040		0.9784		0.9478		0.9553		0.7846
 47 	0.037		0.9816		0.9437		0.9526		0.7923
 48 	0.035		0.9820		0.9276		0.9435		0.7538
 49 	0.034		0.9833		0.9321		0.9458		0.7667
Best test SRCC 0.958349, PLCC 0.974969, KRCC 0.838462
Round 7
pre True
Epoch	Train_Loss	Train_SRCC	Test_SRCC	Test_PLCC	Test_KROCC
  0 	0.220		0.5978		0.8565		0.8206		0.6667
  1 	0.128		0.7961		0.9512		0.9635		0.8154
  2 	0.100		0.8907		0.9392		0.9449		0.7795
  3 	0.091		0.9054		0.9700		0.9848		0.8590
  4 	0.071		0.9383		0.9773		0.9813		0.8821
  5 	0.075		0.9359		0.9642		0.9685		0.8410
  6 	0.070		0.9413		0.9841		0.9840		0.9128
  7 	0.060		0.9558		0.9724		0.9854		0.8744
  8 	0.063		0.9539		0.9803		0.9850		0.8897
  9 	0.051		0.9670		0.9895		0.9909		0.9308
 10 	0.063		0.9538		0.9839		0.9851		0.9026
 11 	0.055		0.9622		0.9644		0.9704		0.8462
 12 	0.057		0.9593		0.9698		0.9767		0.8667
 13 	0.050		0.9661		0.9775		0.9848		0.8897
 14 	0.053		0.9645		0.9797		0.9814		0.8872
 15 	0.055		0.9611		0.9690		0.9754		0.8590
 16 	0.046		0.9719		0.9827		0.9807		0.9077
 17 	0.043		0.9747		0.9561		0.9712		0.8205
 18 	0.047		0.9719		0.9792		0.9877		0.8872
 19 	0.046		0.9726		0.9692		0.9750		0.8590
 20 	0.043		0.9756		0.9831		0.9835		0.9051
 21 	0.045		0.9743		0.9501		0.9640		0.8128
 22 	0.043		0.9757		0.9745		0.9848		0.8692
 23 	0.041		0.9778		0.9726		0.9797		0.8769
 24 	0.042		0.9772		0.9715		0.9783		0.8641
 25 	0.035		0.9828		0.9799		0.9832		0.8923
 26 	0.042		0.9775		0.9704		0.9808		0.8667
 27 	0.047		0.9738		0.9807		0.9831		0.8923
 28 	0.045		0.9734		0.9572		0.9799		0.8154
 29 	0.042		0.9765		0.9704		0.9808		0.8692
 30 	0.037		0.9816		0.9644		0.9772		0.8436
 31 	0.037		0.9814		0.9670		0.9782		0.8487
 32 	0.044		0.9766		0.9447		0.9553		0.7949
 33 	0.042		0.9762		0.9364		0.9615		0.7846
 34 	0.040		0.9775		0.9636		0.9737		0.8359
 35 	0.048		0.9709		0.9559		0.9753		0.8128
 36 	0.039		0.9793		0.9486		0.9621		0.7974
 37 	0.044		0.9771		0.9630		0.9734		0.8385
 38 	0.038		0.9808		0.9662		0.9791		0.8462
 39 	0.036		0.9823		0.9570		0.9713		0.8205
 40 	0.037		0.9820		0.9788		0.9845		0.9000
 41 	0.035		0.9822		0.9765		0.9848		0.8846
 42 	0.033		0.9857		0.9638		0.9727		0.8487
 43 	0.031		0.9851		0.9497		0.9643		0.8000
 44 	0.042		0.9781		0.9645		0.9700		0.8359
 45 	0.039		0.9808		0.9711		0.9746		0.8615
 46 	0.038		0.9814		0.9617		0.9787		0.8282
 47 	0.031		0.9869		0.9598		0.9685		0.8333
 48 	0.043		0.9789		0.9538		0.9726		0.8128
 49 	0.037		0.9793		0.9492		0.9653		0.8077
Best test SRCC 0.989493, PLCC 0.990870, KRCC 0.930769
Round 8
pre True
Epoch	Train_Loss	Train_SRCC	Test_SRCC	Test_PLCC	Test_KROCC
  0 	0.223		0.5794		0.7769		0.8209		0.5683
  1 	0.167		0.6865		0.8368		0.8179		0.6487
  2 	0.158		0.7191		0.9374		0.9524		0.7838
  3 	0.106		0.8728		0.9413		0.9613		0.7846
  4 	0.086		0.9135		0.9486		0.9585		0.8128
  5 	0.086		0.9149		0.9568		0.9562		0.8308
  6 	0.077		0.9290		0.9356		0.9249		0.7897
  7 	0.070		0.9371		0.9233		0.9253		0.7590
  8 	0.066		0.9463		0.9343		0.9402		0.7744
  9 	0.060		0.9545		0.9148		0.9191		0.7436
 10 	0.065		0.9476		0.9477		0.9654		0.7949
 11 	0.068		0.9462		0.9432		0.9314		0.7974
 12 	0.057		0.9583		0.9002		0.9067		0.7103
 13 	0.054		0.9626		0.9546		0.9622		0.8231
 14 	0.054		0.9614		0.9531		0.9624		0.8256
 15 	0.053		0.9647		0.9546		0.9639		0.8077
 16 	0.059		0.9568		0.9349		0.9469		0.7744
 17 	0.053		0.9643		0.9257		0.9210		0.7769
 18 	0.048		0.9699		0.9418		0.9640		0.7897
 19 	0.048		0.9703		0.9069		0.9094		0.7231
 20 	0.048		0.9713		0.9261		0.9384		0.7590
 21 	0.047		0.9725		0.8940		0.9069		0.7179
 22 	0.046		0.9729		0.8921		0.9069		0.7077
 23 	0.047		0.9698		0.9032		0.9083		0.7282
 24 	0.043		0.9752		0.9383		0.9454		0.7872
 25 	0.051		0.9669		0.8983		0.9156		0.7282
 26 	0.048		0.9700		0.9334		0.9394		0.7718
 27 	0.043		0.9754		0.8936		0.9023		0.7077
 28 	0.049		0.9699		0.9171		0.9264		0.7436
 29 	0.048		0.9717		0.9306		0.9470		0.7590
 30 	0.048		0.9707		0.9167		0.9034		0.7538
 31 	0.046		0.9729		0.9024		0.9148		0.7154
 32 	0.042		0.9757		0.9205		0.9163		0.7410
 33 	0.045		0.9734		0.9184		0.9396		0.7487
 34 	0.043		0.9754		0.8758		0.8646		0.6974
 35 	0.058		0.9539		0.9340		0.9226		0.7872
 36 	0.053		0.9645		0.8666		0.8700		0.6821
 37 	0.044		0.9742		0.9158		0.9392		0.7538
 38 	0.044		0.9756		0.8927		0.9055		0.7154
 39 	0.047		0.9734		0.9159		0.9320		0.7462
 40 	0.046		0.9743		0.9045		0.9303		0.7282
 41 	0.044		0.9753		0.8777		0.8964		0.6974
 42 	0.044		0.9746		0.8921		0.9141		0.7154
 43 	0.042		0.9766		0.9250		0.9444		0.7513
 44 	0.047		0.9727		0.9008		0.9187		0.7051
 45 	0.037		0.9817		0.9060		0.9167		0.7282
 46 	0.040		0.9791		0.9210		0.9414		0.7615
 47 	0.043		0.9768		0.9385		0.9562		0.7872
 48 	0.039		0.9801		0.8854		0.8939		0.7154
 49 	0.039		0.9803		0.9167		0.9441		0.7359
Best test SRCC 0.956848, PLCC 0.956237, KRCC 0.830769
Round 9
pre True
Epoch	Train_Loss	Train_SRCC	Test_SRCC	Test_PLCC	Test_KROCC
  0 	0.276		0.4873		0.8886		0.8975		0.7097
  1 	0.171		0.6749		0.9373		0.8957		0.7903
  2 	0.153		0.7399		0.9626		0.9596		0.8548
  3 	0.092		0.9056		0.9674		0.9706		0.8710
  4 	0.087		0.9176		0.9758		0.9765		0.8750
  5 	0.081		0.9265		0.9703		0.9737		0.8629
  6 	0.075		0.9368		0.9608		0.9623		0.8468
  7 	0.075		0.9387		0.9776		0.9811		0.8952
  8 	0.067		0.9498		0.9560		0.9651		0.8387
  9 	0.072		0.9409		0.9663		0.9753		0.8629
 10 	0.084		0.9253		0.9787		0.9851		0.8831
 11 	0.066		0.9523		0.9740		0.9802		0.8750
 12 	0.068		0.9489		0.9802		0.9857		0.8871
 13 	0.074		0.9410		0.9839		0.9906		0.9113
 14 	0.060		0.9593		0.9824		0.9900		0.9032
 15 	0.059		0.9599		0.9721		0.9783		0.8710
 16 	0.059		0.9615		0.9762		0.9819		0.8669
 17 	0.052		0.9681		0.9780		0.9833		0.8831
 18 	0.051		0.9679		0.9828		0.9862		0.8992
 19 	0.053		0.9678		0.9787		0.9796		0.8871
 20 	0.062		0.9583		0.9839		0.9796		0.9073
 21 	0.053		0.9670		0.9674		0.9751		0.8629
 22 	0.052		0.9696		0.9795		0.9838		0.8952
 23 	0.056		0.9661		0.9828		0.9892		0.9032
 24 	0.060		0.9612		0.9802		0.9843		0.8911
 25 	0.054		0.9647		0.9718		0.9794		0.8710
 26 	0.047		0.9731		0.9798		0.9840		0.8911
 27 	0.057		0.9636		0.9703		0.9764		0.8508
 28 	0.047		0.9737		0.9802		0.9828		0.8911
 29 	0.044		0.9768		0.9798		0.9872		0.8831
 30 	0.044		0.9770		0.9776		0.9826		0.8790
 31 	0.049		0.9735		0.9791		0.9848		0.8831
 32 	0.040		0.9804		0.9758		0.9793		0.8831
 33 	0.049		0.9722		0.9765		0.9802		0.8750
 34 	0.042		0.9789		0.9820		0.9836		0.9032
 35 	0.047		0.9753		0.9824		0.9840		0.9032
 36 	0.049		0.9722		0.9835		0.9858		0.9073
 37 	0.043		0.9775		0.9780		0.9831		0.8790
 38 	0.041		0.9798		0.9802		0.9863		0.9032
 39 	0.043		0.9786		0.9809		0.9823		0.8952
 40 	0.047		0.9746		0.9820		0.9796		0.8952
 41 	0.049		0.9729		0.9696		0.9761		0.8589
 42 	0.047		0.9749		0.9872		0.9884		0.9153
 43 	0.041		0.9796		0.9820		0.9861		0.8952
 44 	0.050		0.9728		0.9842		0.9854		0.9153
 45 	0.046		0.9761		0.9806		0.9816		0.8911
 46 	0.044		0.9778		0.9791		0.9874		0.8831
 47 	0.046		0.9760		0.9732		0.9745		0.8710
 48 	0.040		0.9807		0.9828		0.9865		0.9032
 49 	0.045		0.9762		0.9828		0.9847		0.8992
Best test SRCC 0.987170, PLCC 0.988366, KRCC 0.915323
Round 10
pre True
Epoch	Train_Loss	Train_SRCC	Test_SRCC	Test_PLCC	Test_KROCC
  0 	0.261		0.5274		0.8203		0.7872		0.6286
  1 	0.157		0.7148		0.8528		0.8555		0.6413
  2 	0.112		0.8713		0.9346		0.9175		0.7746
  3 	0.072		0.9400		0.9359		0.9212		0.7714
  4 	0.087		0.9210		0.8921		0.8956		0.7143
  5 	0.095		0.9070		0.8955		0.9050		0.7016
  6 	0.066		0.9490		0.8837		0.9004		0.6889
  7 	0.072		0.9411		0.9076		0.8983		0.7238
  8 	0.075		0.9395		0.9187		0.9099		0.7270
  9 	0.069		0.9482		0.8947		0.8997		0.6921
 10 	0.057		0.9600		0.8934		0.9074		0.6952
 11 	0.070		0.9496		0.8901		0.8847		0.6794
 12 	0.076		0.9373		0.8788		0.8935		0.6889
 13 	0.058		0.9603		0.9179		0.9135		0.7429
 14 	0.070		0.9515		0.9017		0.8835		0.7079
 15 	0.056		0.9635		0.9161		0.9043		0.7333
 16 	0.058		0.9621		0.8633		0.8765		0.6603
 17 	0.057		0.9632		0.8770		0.8986		0.6762
 18 	0.067		0.9499		0.9045		0.9101		0.7175
 19 	0.055		0.9658		0.8857		0.8939		0.6825
 20 	0.058		0.9623		0.9055		0.9008		0.7175
 21 	0.063		0.9539		0.8937		0.9026		0.6952
 22 	0.056		0.9636		0.9063		0.9089		0.7206
 23 	0.054		0.9673		0.8731		0.8763		0.6762
 24 	0.051		0.9685		0.9112		0.9029		0.7333
 25 	0.050		0.9710		0.8625		0.8699		0.6476
 26 	0.055		0.9651		0.8654		0.8837		0.6730
 27 	0.057		0.9630		0.8546		0.8822		0.6444
 28 	0.049		0.9716		0.8777		0.8818		0.6762
 29 	0.050		0.9705		0.8739		0.8769		0.6635
 30 	0.052		0.9695		0.8577		0.8778		0.6540
 31 	0.056		0.9645		0.8808		0.8856		0.6921
 32 	0.066		0.9543		0.9032		0.8909		0.7079
 33 	0.050		0.9706		0.8963		0.9058		0.6857
 34 	0.057		0.9647		0.8950		0.8869		0.6952
 35 	0.061		0.9614		0.8463		0.8653		0.6476
 36 	0.062		0.9598		0.9024		0.8998		0.6984
 37 	0.048		0.9733		0.8867		0.8921		0.6857
 38 	0.050		0.9722		0.8898		0.8986		0.6825
 39 	0.048		0.9724		0.8988		0.9113		0.6921
 40 	0.045		0.9757		0.8726		0.8723		0.6762
 41 	0.048		0.9722		0.9122		0.8965		0.7333
 42 	0.053		0.9689		0.8950		0.8846		0.7143
 43 	0.054		0.9676		0.8870		0.8916		0.6857
 44 	0.044		0.9767		0.8880		0.8884		0.6952
 45 	0.043		0.9777		0.9097		0.9011		0.7302
 46 	0.046		0.9752		0.8965		0.8939		0.7143
 47 	0.045		0.9765		0.8839		0.8758		0.6921
 48 	0.062		0.9602		0.9001		0.8879		0.7175
 49 	0.049		0.9732		0.9050		0.9113		0.7175
Best test SRCC 0.935907, PLCC 0.921230, KRCC 0.771429
[0.93768328 0.91857411 0.87739464 0.93051445 0.94028314 0.95834897
 0.98949343 0.95684803 0.98717009 0.93590734]
[0.90567708 0.88008045 0.84906381 0.90596439 0.90024433 0.97496882
 0.99087036 0.95623686 0.9883662  0.92123006]
[0.79435484 0.78205128 0.74603175 0.79704017 0.80952381 0.83846154
 0.93076923 0.83076923 0.91532258 0.77142857]
Testing mean SRCC 0.9432,	mean PLCC 0.9273,mean KRCC 0.8216
